running egg_info
writing ../../build/hand_pack/hand_pack.egg-info/PKG-INFO
writing dependency_links to ../../build/hand_pack/hand_pack.egg-info/dependency_links.txt
writing entry points to ../../build/hand_pack/hand_pack.egg-info/entry_points.txt
writing requirements to ../../build/hand_pack/hand_pack.egg-info/requires.txt
writing top-level names to ../../build/hand_pack/hand_pack.egg-info/top_level.txt
reading manifest file '../../build/hand_pack/hand_pack.egg-info/SOURCES.txt'
writing manifest file '../../build/hand_pack/hand_pack.egg-info/SOURCES.txt'
running build
running build_py
running install
running install_lib
running install_data
copying urdf/ar10.urdf -> /home/lucas-pc/RoboticArm/install/hand_pack/share/hand_pack/urdf
copying urdf/meshes/30mm_3_hole.STL -> /home/lucas-pc/RoboticArm/install/hand_pack/share/hand_pack/urdf/meshes
copying urdf/meshes/wrist_support-right.STL -> /home/lucas-pc/RoboticArm/install/hand_pack/share/hand_pack/urdf/meshes
copying urdf/meshes/wrist_plate.STL -> /home/lucas-pc/RoboticArm/install/hand_pack/share/hand_pack/urdf/meshes
copying urdf/meshes/Thumb_3-Rev2.STL -> /home/lucas-pc/RoboticArm/install/hand_pack/share/hand_pack/urdf/meshes
copying urdf/meshes/45mm_3_hole.STL -> /home/lucas-pc/RoboticArm/install/hand_pack/share/hand_pack/urdf/meshes
copying urdf/meshes/Palm-RIGHT.STL -> /home/lucas-pc/RoboticArm/install/hand_pack/share/hand_pack/urdf/meshes
copying urdf/meshes/Thumb_2.STL -> /home/lucas-pc/RoboticArm/install/hand_pack/share/hand_pack/urdf/meshes
copying urdf/meshes/Thumb_1.STL -> /home/lucas-pc/RoboticArm/install/hand_pack/share/hand_pack/urdf/meshes
running install_egg_info
removing '/home/lucas-pc/RoboticArm/install/hand_pack/lib/python3.10/site-packages/hand_pack-0.0.0-py3.10.egg-info' (and everything under it)
Copying ../../build/hand_pack/hand_pack.egg-info to /home/lucas-pc/RoboticArm/install/hand_pack/lib/python3.10/site-packages/hand_pack-0.0.0-py3.10.egg-info
running install_scripts
Installing hand_node script to /home/lucas-pc/RoboticArm/install/hand_pack/lib/hand_pack
writing list of installed files to '/home/lucas-pc/RoboticArm/build/hand_pack/install.log'
