[1.018s] Invoking command in '/home/lucas-pc/RoboticArm/src/hand_pack': PS1=\[\033[01;32m\]\u@\h\[\033[00m\]:\[\033[01;34m\]\w\[\033[01;91m\]$(parse_git_branch)\[\033[00m\]$ PYTHONPATH=/home/lucas-pc/RoboticArm/build/hand_pack/prefix_override:/usr/lib/python3/dist-packages/colcon_core/task/python/colcon_distutils_commands:/home/lucas-pc/RoboticArm/install/hand_pack/lib/python3.10/site-packages:${PYTHONPATH} /usr/bin/python3 -W ignore:setup.py install is deprecated -W ignore:easy_install command is deprecated setup.py egg_info --egg-base ../../build/hand_pack build --build-base /home/lucas-pc/RoboticArm/build/hand_pack/build install --record /home/lucas-pc/RoboticArm/build/hand_pack/install.log --single-version-externally-managed install_data
[1.402s] running egg_info
[1.402s] writing ../../build/hand_pack/hand_pack.egg-info/PKG-INFO
[1.402s] writing dependency_links to ../../build/hand_pack/hand_pack.egg-info/dependency_links.txt
[1.402s] writing entry points to ../../build/hand_pack/hand_pack.egg-info/entry_points.txt
[1.402s] writing requirements to ../../build/hand_pack/hand_pack.egg-info/requires.txt
[1.402s] writing top-level names to ../../build/hand_pack/hand_pack.egg-info/top_level.txt
[1.404s] reading manifest file '../../build/hand_pack/hand_pack.egg-info/SOURCES.txt'
[1.404s] writing manifest file '../../build/hand_pack/hand_pack.egg-info/SOURCES.txt'
[1.405s] running build
[1.405s] running build_py
[1.405s] running install
[1.405s] running install_lib
[1.407s] running install_data
[1.407s] copying urdf/ar10.urdf -> /home/lucas-pc/RoboticArm/install/hand_pack/share/hand_pack/urdf
[1.408s] copying urdf/meshes/30mm_3_hole.STL -> /home/lucas-pc/RoboticArm/install/hand_pack/share/hand_pack/urdf/meshes
[1.408s] copying urdf/meshes/wrist_support-right.STL -> /home/lucas-pc/RoboticArm/install/hand_pack/share/hand_pack/urdf/meshes
[1.408s] copying urdf/meshes/wrist_plate.STL -> /home/lucas-pc/RoboticArm/install/hand_pack/share/hand_pack/urdf/meshes
[1.408s] copying urdf/meshes/Thumb_3-Rev2.STL -> /home/lucas-pc/RoboticArm/install/hand_pack/share/hand_pack/urdf/meshes
[1.408s] copying urdf/meshes/45mm_3_hole.STL -> /home/lucas-pc/RoboticArm/install/hand_pack/share/hand_pack/urdf/meshes
[1.408s] copying urdf/meshes/Palm-RIGHT.STL -> /home/lucas-pc/RoboticArm/install/hand_pack/share/hand_pack/urdf/meshes
[1.409s] copying urdf/meshes/Thumb_2.STL -> /home/lucas-pc/RoboticArm/install/hand_pack/share/hand_pack/urdf/meshes
[1.409s] copying urdf/meshes/Thumb_1.STL -> /home/lucas-pc/RoboticArm/install/hand_pack/share/hand_pack/urdf/meshes
[1.409s] running install_egg_info
[1.411s] removing '/home/lucas-pc/RoboticArm/install/hand_pack/lib/python3.10/site-packages/hand_pack-0.0.0-py3.10.egg-info' (and everything under it)
[1.412s] Copying ../../build/hand_pack/hand_pack.egg-info to /home/lucas-pc/RoboticArm/install/hand_pack/lib/python3.10/site-packages/hand_pack-0.0.0-py3.10.egg-info
[1.412s] running install_scripts
[1.442s] Installing hand_node script to /home/lucas-pc/RoboticArm/install/hand_pack/lib/hand_pack
[1.442s] writing list of installed files to '/home/lucas-pc/RoboticArm/build/hand_pack/install.log'
[1.456s] Invoked command in '/home/lucas-pc/RoboticArm/src/hand_pack' returned '0': PS1=\[\033[01;32m\]\u@\h\[\033[00m\]:\[\033[01;34m\]\w\[\033[01;91m\]$(parse_git_branch)\[\033[00m\]$ PYTHONPATH=/home/lucas-pc/RoboticArm/build/hand_pack/prefix_override:/usr/lib/python3/dist-packages/colcon_core/task/python/colcon_distutils_commands:/home/lucas-pc/RoboticArm/install/hand_pack/lib/python3.10/site-packages:${PYTHONPATH} /usr/bin/python3 -W ignore:setup.py install is deprecated -W ignore:easy_install command is deprecated setup.py egg_info --egg-base ../../build/hand_pack build --build-base /home/lucas-pc/RoboticArm/build/hand_pack/build install --record /home/lucas-pc/RoboticArm/build/hand_pack/install.log --single-version-externally-managed install_data
