[1.077s] Invoking command in '/home/lucas-pc/RoboticArm/src/hand_pack': PS1=\[\033[01;32m\]\u@\h\[\033[00m\]:\[\033[01;34m\]\w\[\033[01;91m\]$(parse_git_branch)\[\033[00m\]$ PYTHONPATH=/home/lucas-pc/RoboticArm/build/hand_pack/prefix_override:/usr/lib/python3/dist-packages/colcon_core/task/python/colcon_distutils_commands:/home/lucas-pc/RoboticArm/install/hand_pack/lib/python3.10/site-packages:${PYTHONPATH} /usr/bin/python3 -W ignore:setup.py install is deprecated -W ignore:easy_install command is deprecated setup.py egg_info --egg-base ../../build/hand_pack build --build-base /home/lucas-pc/RoboticArm/build/hand_pack/build install --record /home/lucas-pc/RoboticArm/build/hand_pack/install.log --single-version-externally-managed install_data
[1.479s] running egg_info
[1.480s] creating ../../build/hand_pack/hand_pack.egg-info
[1.480s] writing ../../build/hand_pack/hand_pack.egg-info/PKG-INFO
[1.480s] writing dependency_links to ../../build/hand_pack/hand_pack.egg-info/dependency_links.txt
[1.480s] writing entry points to ../../build/hand_pack/hand_pack.egg-info/entry_points.txt
[1.480s] writing requirements to ../../build/hand_pack/hand_pack.egg-info/requires.txt
[1.480s] writing top-level names to ../../build/hand_pack/hand_pack.egg-info/top_level.txt
[1.480s] writing manifest file '../../build/hand_pack/hand_pack.egg-info/SOURCES.txt'
[1.482s] reading manifest file '../../build/hand_pack/hand_pack.egg-info/SOURCES.txt'
[1.482s] writing manifest file '../../build/hand_pack/hand_pack.egg-info/SOURCES.txt'
[1.482s] running build
[1.482s] running build_py
[1.482s] creating /home/lucas-pc/RoboticArm/build/hand_pack/build
[1.482s] creating /home/lucas-pc/RoboticArm/build/hand_pack/build/lib
[1.483s] creating /home/lucas-pc/RoboticArm/build/hand_pack/build/lib/hand_pack
[1.483s] copying hand_pack/hand_node.py -> /home/lucas-pc/RoboticArm/build/hand_pack/build/lib/hand_pack
[1.483s] copying hand_pack/__init__.py -> /home/lucas-pc/RoboticArm/build/hand_pack/build/lib/hand_pack
[1.483s] running install
[1.483s] running install_lib
[1.484s] creating /home/lucas-pc/RoboticArm/install/hand_pack/lib/python3.10/site-packages/hand_pack
[1.484s] copying /home/lucas-pc/RoboticArm/build/hand_pack/build/lib/hand_pack/hand_node.py -> /home/lucas-pc/RoboticArm/install/hand_pack/lib/python3.10/site-packages/hand_pack
[1.484s] copying /home/lucas-pc/RoboticArm/build/hand_pack/build/lib/hand_pack/__init__.py -> /home/lucas-pc/RoboticArm/install/hand_pack/lib/python3.10/site-packages/hand_pack
[1.485s] byte-compiling /home/lucas-pc/RoboticArm/install/hand_pack/lib/python3.10/site-packages/hand_pack/hand_node.py to hand_node.cpython-310.pyc
[1.486s] byte-compiling /home/lucas-pc/RoboticArm/install/hand_pack/lib/python3.10/site-packages/hand_pack/__init__.py to __init__.cpython-310.pyc
[1.486s] running install_data
[1.486s] creating /home/lucas-pc/RoboticArm/install/hand_pack/share/ament_index
[1.486s] creating /home/lucas-pc/RoboticArm/install/hand_pack/share/ament_index/resource_index
[1.486s] creating /home/lucas-pc/RoboticArm/install/hand_pack/share/ament_index/resource_index/packages
[1.486s] copying resource/hand_pack -> /home/lucas-pc/RoboticArm/install/hand_pack/share/ament_index/resource_index/packages
[1.486s] copying package.xml -> /home/lucas-pc/RoboticArm/install/hand_pack/share/hand_pack
[1.486s] creating /home/lucas-pc/RoboticArm/install/hand_pack/share/hand_pack/launch
[1.486s] copying launch/sim.launch.py -> /home/lucas-pc/RoboticArm/install/hand_pack/share/hand_pack/launch
[1.487s] copying launch/display.launch.py -> /home/lucas-pc/RoboticArm/install/hand_pack/share/hand_pack/launch
[1.487s] creating /home/lucas-pc/RoboticArm/install/hand_pack/share/hand_pack/worlds
[1.487s] copying worlds/ure.wbt -> /home/lucas-pc/RoboticArm/install/hand_pack/share/hand_pack/worlds
[1.487s] creating /home/lucas-pc/RoboticArm/install/hand_pack/share/hand_pack/urdf
[1.487s] copying urdf/linear_covvi_hand_left.urdf -> /home/lucas-pc/RoboticArm/install/hand_pack/share/hand_pack/urdf
[1.487s] copying urdf/linear_covvi_hand_right.urdf -> /home/lucas-pc/RoboticArm/install/hand_pack/share/hand_pack/urdf
[1.487s] copying urdf/linear_covvi_hand_right_scaled.urdf -> /home/lucas-pc/RoboticArm/install/hand_pack/share/hand_pack/urdf
[1.487s] creating /home/lucas-pc/RoboticArm/install/hand_pack/share/hand_pack/urdf/linear_meshes
[1.487s] copying urdf/linear_meshes/right_base_link.STL -> /home/lucas-pc/RoboticArm/install/hand_pack/share/hand_pack/urdf/linear_meshes
[1.490s] copying urdf/linear_meshes/right_middle_link.STL -> /home/lucas-pc/RoboticArm/install/hand_pack/share/hand_pack/urdf/linear_meshes
[1.490s] copying urdf/linear_meshes/right_middle_follower.STL -> /home/lucas-pc/RoboticArm/install/hand_pack/share/hand_pack/urdf/linear_meshes
[1.490s] copying urdf/linear_meshes/right_thumb_link.STL -> /home/lucas-pc/RoboticArm/install/hand_pack/share/hand_pack/urdf/linear_meshes
[1.490s] copying urdf/linear_meshes/right_thumb_distal.STL -> /home/lucas-pc/RoboticArm/install/hand_pack/share/hand_pack/urdf/linear_meshes
[1.492s] copying urdf/linear_meshes/right_ring_follower.STL -> /home/lucas-pc/RoboticArm/install/hand_pack/share/hand_pack/urdf/linear_meshes
[1.492s] copying urdf/linear_meshes/right_ring_distal.STL -> /home/lucas-pc/RoboticArm/install/hand_pack/share/hand_pack/urdf/linear_meshes
[1.493s] copying urdf/linear_meshes/right_little_link.STL -> /home/lucas-pc/RoboticArm/install/hand_pack/share/hand_pack/urdf/linear_meshes
[1.493s] copying urdf/linear_meshes/right_index_follower.STL -> /home/lucas-pc/RoboticArm/install/hand_pack/share/hand_pack/urdf/linear_meshes
[1.493s] copying urdf/linear_meshes/right_index_proximal.STL -> /home/lucas-pc/RoboticArm/install/hand_pack/share/hand_pack/urdf/linear_meshes
[1.494s] copying urdf/linear_meshes/right_ring_proximal.STL -> /home/lucas-pc/RoboticArm/install/hand_pack/share/hand_pack/urdf/linear_meshes
[1.495s] copying urdf/linear_meshes/right_ring_knuckle.STL -> /home/lucas-pc/RoboticArm/install/hand_pack/share/hand_pack/urdf/linear_meshes
[1.495s] copying urdf/linear_meshes/right_index_knuckle.STL -> /home/lucas-pc/RoboticArm/install/hand_pack/share/hand_pack/urdf/linear_meshes
[1.496s] copying urdf/linear_meshes/right_middle_distal.STL -> /home/lucas-pc/RoboticArm/install/hand_pack/share/hand_pack/urdf/linear_meshes
[1.497s] copying urdf/linear_meshes/right_little_knuckle.STL -> /home/lucas-pc/RoboticArm/install/hand_pack/share/hand_pack/urdf/linear_meshes
[1.497s] copying urdf/linear_meshes/right_thumb_chassis.STL -> /home/lucas-pc/RoboticArm/install/hand_pack/share/hand_pack/urdf/linear_meshes
[1.498s] copying urdf/linear_meshes/right_index_distal.STL -> /home/lucas-pc/RoboticArm/install/hand_pack/share/hand_pack/urdf/linear_meshes
[1.499s] copying urdf/linear_meshes/right_ring_link.STL -> /home/lucas-pc/RoboticArm/install/hand_pack/share/hand_pack/urdf/linear_meshes
[1.499s] copying urdf/linear_meshes/right_little_follower.STL -> /home/lucas-pc/RoboticArm/install/hand_pack/share/hand_pack/urdf/linear_meshes
[1.499s] copying urdf/linear_meshes/right_lisa.STL -> /home/lucas-pc/RoboticArm/install/hand_pack/share/hand_pack/urdf/linear_meshes
[1.499s] copying urdf/linear_meshes/right_thumb_follower.STL -> /home/lucas-pc/RoboticArm/install/hand_pack/share/hand_pack/urdf/linear_meshes
[1.499s] copying urdf/linear_meshes/right_little_proximal.STL -> /home/lucas-pc/RoboticArm/install/hand_pack/share/hand_pack/urdf/linear_meshes
[1.500s] copying urdf/linear_meshes/right_thumb_proximal.STL -> /home/lucas-pc/RoboticArm/install/hand_pack/share/hand_pack/urdf/linear_meshes
[1.501s] copying urdf/linear_meshes/right_middle_proximal.STL -> /home/lucas-pc/RoboticArm/install/hand_pack/share/hand_pack/urdf/linear_meshes
[1.501s] copying urdf/linear_meshes/right_middle_knuckle.STL -> /home/lucas-pc/RoboticArm/install/hand_pack/share/hand_pack/urdf/linear_meshes
[1.502s] copying urdf/linear_meshes/right_index_link.STL -> /home/lucas-pc/RoboticArm/install/hand_pack/share/hand_pack/urdf/linear_meshes
[1.502s] copying urdf/linear_meshes/right_little_distal.STL -> /home/lucas-pc/RoboticArm/install/hand_pack/share/hand_pack/urdf/linear_meshes
[1.503s] running install_egg_info
[1.506s] Copying ../../build/hand_pack/hand_pack.egg-info to /home/lucas-pc/RoboticArm/install/hand_pack/lib/python3.10/site-packages/hand_pack-0.0.0-py3.10.egg-info
[1.507s] running install_scripts
[1.537s] Installing hand_controller script to /home/lucas-pc/RoboticArm/install/hand_pack/lib/hand_pack
[1.538s] Installing hand_node script to /home/lucas-pc/RoboticArm/install/hand_pack/lib/hand_pack
[1.538s] writing list of installed files to '/home/lucas-pc/RoboticArm/build/hand_pack/install.log'
[1.556s] Invoked command in '/home/lucas-pc/RoboticArm/src/hand_pack' returned '0': PS1=\[\033[01;32m\]\u@\h\[\033[00m\]:\[\033[01;34m\]\w\[\033[01;91m\]$(parse_git_branch)\[\033[00m\]$ PYTHONPATH=/home/lucas-pc/RoboticArm/build/hand_pack/prefix_override:/usr/lib/python3/dist-packages/colcon_core/task/python/colcon_distutils_commands:/home/lucas-pc/RoboticArm/install/hand_pack/lib/python3.10/site-packages:${PYTHONPATH} /usr/bin/python3 -W ignore:setup.py install is deprecated -W ignore:easy_install command is deprecated setup.py egg_info --egg-base ../../build/hand_pack build --build-base /home/lucas-pc/RoboticArm/build/hand_pack/build install --record /home/lucas-pc/RoboticArm/build/hand_pack/install.log --single-version-externally-managed install_data
