[0.075s] DEBUG:colcon:Command line arguments: ['/usr/bin/colcon', 'build', '--packages-select', 'hand_pack']
[0.075s] DEBUG:colcon:Parsed command line arguments: Namespace(log_base=None, log_level=None, verb_name='build', build_base='build', install_base='install', merge_install=False, symlink_install=False, test_result_base=None, continue_on_error=False, executor='parallel', parallel_workers=24, event_handlers=None, ignore_user_meta=False, metas=['./colcon.meta'], base_paths=['.'], packages_ignore=None, packages_ignore_regex=None, paths=None, packages_up_to=None, packages_up_to_regex=None, packages_above=None, packages_above_and_dependencies=None, packages_above_depth=None, packages_select_by_dep=None, packages_skip_by_dep=None, packages_skip_up_to=None, packages_select_build_failed=False, packages_skip_build_finished=False, packages_select_test_failures=False, packages_skip_test_passed=False, packages_select=['hand_pack'], packages_skip=None, packages_select_regex=None, packages_skip_regex=None, packages_start=None, packages_end=None, allow_overriding=[], cmake_args=None, cmake_target=None, cmake_target_skip_unavailable=False, cmake_clean_cache=False, cmake_clean_first=False, cmake_force_configure=False, ament_cmake_args=None, catkin_cmake_args=None, catkin_skip_building_tests=False, verb_parser=<colcon_defaults.argument_parser.defaults.DefaultArgumentsDecorator object at 0x7d37c8658130>, verb_extension=<colcon_core.verb.build.BuildVerb object at 0x7d37c861bbe0>, main=<bound method BuildVerb.main of <colcon_core.verb.build.BuildVerb object at 0x7d37c861bbe0>>)
[0.197s] Level 1:colcon.colcon_core.package_discovery:discover_packages(colcon_meta) check parameters
[0.197s] Level 1:colcon.colcon_core.package_discovery:discover_packages(recursive) check parameters
[0.197s] Level 1:colcon.colcon_core.package_discovery:discover_packages(ignore) check parameters
[0.197s] Level 1:colcon.colcon_core.package_discovery:discover_packages(path) check parameters
[0.197s] Level 1:colcon.colcon_core.package_discovery:discover_packages(colcon_meta) discover
[0.197s] Level 1:colcon.colcon_core.package_discovery:discover_packages(recursive) discover
[0.197s] INFO:colcon.colcon_core.package_discovery:Crawling recursively for packages in '/home/lucas-lpc/RoboticArm'
[0.197s] Level 1:colcon.colcon_core.package_identification:_identify(.) by extensions ['ignore', 'ignore_ament_install']
[0.197s] Level 1:colcon.colcon_core.package_identification:_identify(.) by extension 'ignore'
[0.197s] Level 1:colcon.colcon_core.package_identification:_identify(.) by extension 'ignore_ament_install'
[0.197s] Level 1:colcon.colcon_core.package_identification:_identify(.) by extensions ['colcon_pkg']
[0.197s] Level 1:colcon.colcon_core.package_identification:_identify(.) by extension 'colcon_pkg'
[0.197s] Level 1:colcon.colcon_core.package_identification:_identify(.) by extensions ['colcon_meta']
[0.197s] Level 1:colcon.colcon_core.package_identification:_identify(.) by extension 'colcon_meta'
[0.197s] Level 1:colcon.colcon_core.package_identification:_identify(.) by extensions ['ros']
[0.197s] Level 1:colcon.colcon_core.package_identification:_identify(.) by extension 'ros'
[0.205s] Level 1:colcon.colcon_core.package_identification:_identify(.) by extensions ['cmake', 'python']
[0.205s] Level 1:colcon.colcon_core.package_identification:_identify(.) by extension 'cmake'
[0.205s] Level 1:colcon.colcon_core.package_identification:_identify(.) by extension 'python'
[0.205s] Level 1:colcon.colcon_core.package_identification:_identify(.) by extensions ['python_setup_py']
[0.205s] Level 1:colcon.colcon_core.package_identification:_identify(.) by extension 'python_setup_py'
[0.205s] Level 1:colcon.colcon_core.package_identification:_identify(TCC) by extensions ['ignore', 'ignore_ament_install']
[0.205s] Level 1:colcon.colcon_core.package_identification:_identify(TCC) by extension 'ignore'
[0.205s] Level 1:colcon.colcon_core.package_identification:_identify(TCC) by extension 'ignore_ament_install'
[0.205s] Level 1:colcon.colcon_core.package_identification:_identify(TCC) by extensions ['colcon_pkg']
[0.205s] Level 1:colcon.colcon_core.package_identification:_identify(TCC) by extension 'colcon_pkg'
[0.205s] Level 1:colcon.colcon_core.package_identification:_identify(TCC) by extensions ['colcon_meta']
[0.205s] Level 1:colcon.colcon_core.package_identification:_identify(TCC) by extension 'colcon_meta'
[0.205s] Level 1:colcon.colcon_core.package_identification:_identify(TCC) by extensions ['ros']
[0.205s] Level 1:colcon.colcon_core.package_identification:_identify(TCC) by extension 'ros'
[0.206s] Level 1:colcon.colcon_core.package_identification:_identify(TCC) by extensions ['cmake', 'python']
[0.206s] Level 1:colcon.colcon_core.package_identification:_identify(TCC) by extension 'cmake'
[0.206s] Level 1:colcon.colcon_core.package_identification:_identify(TCC) by extension 'python'
[0.206s] Level 1:colcon.colcon_core.package_identification:_identify(TCC) by extensions ['python_setup_py']
[0.206s] Level 1:colcon.colcon_core.package_identification:_identify(TCC) by extension 'python_setup_py'
[0.206s] Level 1:colcon.colcon_core.package_identification:_identify(TCC/Referências) by extensions ['ignore', 'ignore_ament_install']
[0.206s] Level 1:colcon.colcon_core.package_identification:_identify(TCC/Referências) by extension 'ignore'
[0.206s] Level 1:colcon.colcon_core.package_identification:_identify(TCC/Referências) by extension 'ignore_ament_install'
[0.206s] Level 1:colcon.colcon_core.package_identification:_identify(TCC/Referências) by extensions ['colcon_pkg']
[0.206s] Level 1:colcon.colcon_core.package_identification:_identify(TCC/Referências) by extension 'colcon_pkg'
[0.206s] Level 1:colcon.colcon_core.package_identification:_identify(TCC/Referências) by extensions ['colcon_meta']
[0.206s] Level 1:colcon.colcon_core.package_identification:_identify(TCC/Referências) by extension 'colcon_meta'
[0.206s] Level 1:colcon.colcon_core.package_identification:_identify(TCC/Referências) by extensions ['ros']
[0.206s] Level 1:colcon.colcon_core.package_identification:_identify(TCC/Referências) by extension 'ros'
[0.206s] Level 1:colcon.colcon_core.package_identification:_identify(TCC/Referências) by extensions ['cmake', 'python']
[0.206s] Level 1:colcon.colcon_core.package_identification:_identify(TCC/Referências) by extension 'cmake'
[0.206s] Level 1:colcon.colcon_core.package_identification:_identify(TCC/Referências) by extension 'python'
[0.206s] Level 1:colcon.colcon_core.package_identification:_identify(TCC/Referências) by extensions ['python_setup_py']
[0.206s] Level 1:colcon.colcon_core.package_identification:_identify(TCC/Referências) by extension 'python_setup_py'
[0.206s] Level 1:colcon.colcon_core.package_identification:_identify(TCC/matlab) by extensions ['ignore', 'ignore_ament_install']
[0.206s] Level 1:colcon.colcon_core.package_identification:_identify(TCC/matlab) by extension 'ignore'
[0.206s] Level 1:colcon.colcon_core.package_identification:_identify(TCC/matlab) by extension 'ignore_ament_install'
[0.206s] Level 1:colcon.colcon_core.package_identification:_identify(TCC/matlab) by extensions ['colcon_pkg']
[0.206s] Level 1:colcon.colcon_core.package_identification:_identify(TCC/matlab) by extension 'colcon_pkg'
[0.206s] Level 1:colcon.colcon_core.package_identification:_identify(TCC/matlab) by extensions ['colcon_meta']
[0.206s] Level 1:colcon.colcon_core.package_identification:_identify(TCC/matlab) by extension 'colcon_meta'
[0.206s] Level 1:colcon.colcon_core.package_identification:_identify(TCC/matlab) by extensions ['ros']
[0.207s] Level 1:colcon.colcon_core.package_identification:_identify(TCC/matlab) by extension 'ros'
[0.207s] Level 1:colcon.colcon_core.package_identification:_identify(TCC/matlab) by extensions ['cmake', 'python']
[0.207s] Level 1:colcon.colcon_core.package_identification:_identify(TCC/matlab) by extension 'cmake'
[0.207s] Level 1:colcon.colcon_core.package_identification:_identify(TCC/matlab) by extension 'python'
[0.207s] Level 1:colcon.colcon_core.package_identification:_identify(TCC/matlab) by extensions ['python_setup_py']
[0.207s] Level 1:colcon.colcon_core.package_identification:_identify(TCC/matlab) by extension 'python_setup_py'
[0.207s] Level 1:colcon.colcon_core.package_identification:_identify(TCC/matlab/covvi_urdf) by extensions ['ignore', 'ignore_ament_install']
[0.207s] Level 1:colcon.colcon_core.package_identification:_identify(TCC/matlab/covvi_urdf) by extension 'ignore'
[0.207s] Level 1:colcon.colcon_core.package_identification:_identify(TCC/matlab/covvi_urdf) by extension 'ignore_ament_install'
[0.207s] Level 1:colcon.colcon_core.package_identification:_identify(TCC/matlab/covvi_urdf) by extensions ['colcon_pkg']
[0.207s] Level 1:colcon.colcon_core.package_identification:_identify(TCC/matlab/covvi_urdf) by extension 'colcon_pkg'
[0.207s] Level 1:colcon.colcon_core.package_identification:_identify(TCC/matlab/covvi_urdf) by extensions ['colcon_meta']
[0.207s] Level 1:colcon.colcon_core.package_identification:_identify(TCC/matlab/covvi_urdf) by extension 'colcon_meta'
[0.207s] Level 1:colcon.colcon_core.package_identification:_identify(TCC/matlab/covvi_urdf) by extensions ['ros']
[0.207s] Level 1:colcon.colcon_core.package_identification:_identify(TCC/matlab/covvi_urdf) by extension 'ros'
[0.207s] Level 1:colcon.colcon_core.package_identification:_identify(TCC/matlab/covvi_urdf) by extensions ['cmake', 'python']
[0.207s] Level 1:colcon.colcon_core.package_identification:_identify(TCC/matlab/covvi_urdf) by extension 'cmake'
[0.207s] Level 1:colcon.colcon_core.package_identification:_identify(TCC/matlab/covvi_urdf) by extension 'python'
[0.207s] Level 1:colcon.colcon_core.package_identification:_identify(TCC/matlab/covvi_urdf) by extensions ['python_setup_py']
[0.207s] Level 1:colcon.colcon_core.package_identification:_identify(TCC/matlab/covvi_urdf) by extension 'python_setup_py'
[0.207s] Level 1:colcon.colcon_core.package_identification:_identify(TCC/matlab/covvi_urdf/linear_meshes) by extensions ['ignore', 'ignore_ament_install']
[0.207s] Level 1:colcon.colcon_core.package_identification:_identify(TCC/matlab/covvi_urdf/linear_meshes) by extension 'ignore'
[0.207s] Level 1:colcon.colcon_core.package_identification:_identify(TCC/matlab/covvi_urdf/linear_meshes) by extension 'ignore_ament_install'
[0.207s] Level 1:colcon.colcon_core.package_identification:_identify(TCC/matlab/covvi_urdf/linear_meshes) by extensions ['colcon_pkg']
[0.207s] Level 1:colcon.colcon_core.package_identification:_identify(TCC/matlab/covvi_urdf/linear_meshes) by extension 'colcon_pkg'
[0.207s] Level 1:colcon.colcon_core.package_identification:_identify(TCC/matlab/covvi_urdf/linear_meshes) by extensions ['colcon_meta']
[0.208s] Level 1:colcon.colcon_core.package_identification:_identify(TCC/matlab/covvi_urdf/linear_meshes) by extension 'colcon_meta'
[0.208s] Level 1:colcon.colcon_core.package_identification:_identify(TCC/matlab/covvi_urdf/linear_meshes) by extensions ['ros']
[0.208s] Level 1:colcon.colcon_core.package_identification:_identify(TCC/matlab/covvi_urdf/linear_meshes) by extension 'ros'
[0.208s] Level 1:colcon.colcon_core.package_identification:_identify(TCC/matlab/covvi_urdf/linear_meshes) by extensions ['cmake', 'python']
[0.208s] Level 1:colcon.colcon_core.package_identification:_identify(TCC/matlab/covvi_urdf/linear_meshes) by extension 'cmake'
[0.208s] Level 1:colcon.colcon_core.package_identification:_identify(TCC/matlab/covvi_urdf/linear_meshes) by extension 'python'
[0.208s] Level 1:colcon.colcon_core.package_identification:_identify(TCC/matlab/covvi_urdf/linear_meshes) by extensions ['python_setup_py']
[0.208s] Level 1:colcon.colcon_core.package_identification:_identify(TCC/matlab/covvi_urdf/linear_meshes) by extension 'python_setup_py'
[0.208s] Level 1:colcon.colcon_core.package_identification:_identify(TCC/matlab/covvi_urdf/urdf) by extensions ['ignore', 'ignore_ament_install']
[0.208s] Level 1:colcon.colcon_core.package_identification:_identify(TCC/matlab/covvi_urdf/urdf) by extension 'ignore'
[0.208s] Level 1:colcon.colcon_core.package_identification:_identify(TCC/matlab/covvi_urdf/urdf) by extension 'ignore_ament_install'
[0.208s] Level 1:colcon.colcon_core.package_identification:_identify(TCC/matlab/covvi_urdf/urdf) by extensions ['colcon_pkg']
[0.208s] Level 1:colcon.colcon_core.package_identification:_identify(TCC/matlab/covvi_urdf/urdf) by extension 'colcon_pkg'
[0.208s] Level 1:colcon.colcon_core.package_identification:_identify(TCC/matlab/covvi_urdf/urdf) by extensions ['colcon_meta']
[0.208s] Level 1:colcon.colcon_core.package_identification:_identify(TCC/matlab/covvi_urdf/urdf) by extension 'colcon_meta'
[0.208s] Level 1:colcon.colcon_core.package_identification:_identify(TCC/matlab/covvi_urdf/urdf) by extensions ['ros']
[0.208s] Level 1:colcon.colcon_core.package_identification:_identify(TCC/matlab/covvi_urdf/urdf) by extension 'ros'
[0.208s] Level 1:colcon.colcon_core.package_identification:_identify(TCC/matlab/covvi_urdf/urdf) by extensions ['cmake', 'python']
[0.208s] Level 1:colcon.colcon_core.package_identification:_identify(TCC/matlab/covvi_urdf/urdf) by extension 'cmake'
[0.208s] Level 1:colcon.colcon_core.package_identification:_identify(TCC/matlab/covvi_urdf/urdf) by extension 'python'
[0.208s] Level 1:colcon.colcon_core.package_identification:_identify(TCC/matlab/covvi_urdf/urdf) by extensions ['python_setup_py']
[0.208s] Level 1:colcon.colcon_core.package_identification:_identify(TCC/matlab/covvi_urdf/urdf) by extension 'python_setup_py'
[0.208s] Level 1:colcon.colcon_core.package_identification:_identify(TCC/matlab/ur_e_description) by extensions ['ignore', 'ignore_ament_install']
[0.208s] Level 1:colcon.colcon_core.package_identification:_identify(TCC/matlab/ur_e_description) by extension 'ignore'
[0.208s] Level 1:colcon.colcon_core.package_identification:_identify(TCC/matlab/ur_e_description) by extension 'ignore_ament_install'
[0.208s] Level 1:colcon.colcon_core.package_identification:_identify(TCC/matlab/ur_e_description) by extensions ['colcon_pkg']
[0.208s] Level 1:colcon.colcon_core.package_identification:_identify(TCC/matlab/ur_e_description) by extension 'colcon_pkg'
[0.209s] Level 1:colcon.colcon_core.package_identification:_identify(TCC/matlab/ur_e_description) by extensions ['colcon_meta']
[0.209s] Level 1:colcon.colcon_core.package_identification:_identify(TCC/matlab/ur_e_description) by extension 'colcon_meta'
[0.209s] Level 1:colcon.colcon_core.package_identification:_identify(TCC/matlab/ur_e_description) by extensions ['ros']
[0.209s] Level 1:colcon.colcon_core.package_identification:_identify(TCC/matlab/ur_e_description) by extension 'ros'
[0.209s] Level 1:colcon.colcon_core.package_identification:_identify(TCC/matlab/ur_e_description) by extensions ['cmake', 'python']
[0.209s] Level 1:colcon.colcon_core.package_identification:_identify(TCC/matlab/ur_e_description) by extension 'cmake'
[0.209s] Level 1:colcon.colcon_core.package_identification:_identify(TCC/matlab/ur_e_description) by extension 'python'
[0.209s] Level 1:colcon.colcon_core.package_identification:_identify(TCC/matlab/ur_e_description) by extensions ['python_setup_py']
[0.209s] Level 1:colcon.colcon_core.package_identification:_identify(TCC/matlab/ur_e_description) by extension 'python_setup_py'
[0.209s] Level 1:colcon.colcon_core.package_identification:_identify(TCC/matlab/ur_e_description/meshes) by extensions ['ignore', 'ignore_ament_install']
[0.209s] Level 1:colcon.colcon_core.package_identification:_identify(TCC/matlab/ur_e_description/meshes) by extension 'ignore'
[0.209s] Level 1:colcon.colcon_core.package_identification:_identify(TCC/matlab/ur_e_description/meshes) by extension 'ignore_ament_install'
[0.209s] Level 1:colcon.colcon_core.package_identification:_identify(TCC/matlab/ur_e_description/meshes) by extensions ['colcon_pkg']
[0.209s] Level 1:colcon.colcon_core.package_identification:_identify(TCC/matlab/ur_e_description/meshes) by extension 'colcon_pkg'
[0.209s] Level 1:colcon.colcon_core.package_identification:_identify(TCC/matlab/ur_e_description/meshes) by extensions ['colcon_meta']
[0.209s] Level 1:colcon.colcon_core.package_identification:_identify(TCC/matlab/ur_e_description/meshes) by extension 'colcon_meta'
[0.209s] Level 1:colcon.colcon_core.package_identification:_identify(TCC/matlab/ur_e_description/meshes) by extensions ['ros']
[0.209s] Level 1:colcon.colcon_core.package_identification:_identify(TCC/matlab/ur_e_description/meshes) by extension 'ros'
[0.209s] Level 1:colcon.colcon_core.package_identification:_identify(TCC/matlab/ur_e_description/meshes) by extensions ['cmake', 'python']
[0.209s] Level 1:colcon.colcon_core.package_identification:_identify(TCC/matlab/ur_e_description/meshes) by extension 'cmake'
[0.209s] Level 1:colcon.colcon_core.package_identification:_identify(TCC/matlab/ur_e_description/meshes) by extension 'python'
[0.209s] Level 1:colcon.colcon_core.package_identification:_identify(TCC/matlab/ur_e_description/meshes) by extensions ['python_setup_py']
[0.209s] Level 1:colcon.colcon_core.package_identification:_identify(TCC/matlab/ur_e_description/meshes) by extension 'python_setup_py'
[0.209s] Level 1:colcon.colcon_core.package_identification:_identify(TCC/matlab/ur_e_description/meshes/ur10e) by extensions ['ignore', 'ignore_ament_install']
[0.210s] Level 1:colcon.colcon_core.package_identification:_identify(TCC/matlab/ur_e_description/meshes/ur10e) by extension 'ignore'
[0.210s] Level 1:colcon.colcon_core.package_identification:_identify(TCC/matlab/ur_e_description/meshes/ur10e) by extension 'ignore_ament_install'
[0.210s] Level 1:colcon.colcon_core.package_identification:_identify(TCC/matlab/ur_e_description/meshes/ur10e) by extensions ['colcon_pkg']
[0.210s] Level 1:colcon.colcon_core.package_identification:_identify(TCC/matlab/ur_e_description/meshes/ur10e) by extension 'colcon_pkg'
[0.210s] Level 1:colcon.colcon_core.package_identification:_identify(TCC/matlab/ur_e_description/meshes/ur10e) by extensions ['colcon_meta']
[0.210s] Level 1:colcon.colcon_core.package_identification:_identify(TCC/matlab/ur_e_description/meshes/ur10e) by extension 'colcon_meta'
[0.210s] Level 1:colcon.colcon_core.package_identification:_identify(TCC/matlab/ur_e_description/meshes/ur10e) by extensions ['ros']
[0.210s] Level 1:colcon.colcon_core.package_identification:_identify(TCC/matlab/ur_e_description/meshes/ur10e) by extension 'ros'
[0.210s] Level 1:colcon.colcon_core.package_identification:_identify(TCC/matlab/ur_e_description/meshes/ur10e) by extensions ['cmake', 'python']
[0.210s] Level 1:colcon.colcon_core.package_identification:_identify(TCC/matlab/ur_e_description/meshes/ur10e) by extension 'cmake'
[0.210s] Level 1:colcon.colcon_core.package_identification:_identify(TCC/matlab/ur_e_description/meshes/ur10e) by extension 'python'
[0.210s] Level 1:colcon.colcon_core.package_identification:_identify(TCC/matlab/ur_e_description/meshes/ur10e) by extensions ['python_setup_py']
[0.210s] Level 1:colcon.colcon_core.package_identification:_identify(TCC/matlab/ur_e_description/meshes/ur10e) by extension 'python_setup_py'
[0.210s] Level 1:colcon.colcon_core.package_identification:_identify(TCC/matlab/ur_e_description/meshes/ur10e/collision) by extensions ['ignore', 'ignore_ament_install']
[0.210s] Level 1:colcon.colcon_core.package_identification:_identify(TCC/matlab/ur_e_description/meshes/ur10e/collision) by extension 'ignore'
[0.210s] Level 1:colcon.colcon_core.package_identification:_identify(TCC/matlab/ur_e_description/meshes/ur10e/collision) by extension 'ignore_ament_install'
[0.210s] Level 1:colcon.colcon_core.package_identification:_identify(TCC/matlab/ur_e_description/meshes/ur10e/collision) by extensions ['colcon_pkg']
[0.210s] Level 1:colcon.colcon_core.package_identification:_identify(TCC/matlab/ur_e_description/meshes/ur10e/collision) by extension 'colcon_pkg'
[0.210s] Level 1:colcon.colcon_core.package_identification:_identify(TCC/matlab/ur_e_description/meshes/ur10e/collision) by extensions ['colcon_meta']
[0.210s] Level 1:colcon.colcon_core.package_identification:_identify(TCC/matlab/ur_e_description/meshes/ur10e/collision) by extension 'colcon_meta'
[0.210s] Level 1:colcon.colcon_core.package_identification:_identify(TCC/matlab/ur_e_description/meshes/ur10e/collision) by extensions ['ros']
[0.210s] Level 1:colcon.colcon_core.package_identification:_identify(TCC/matlab/ur_e_description/meshes/ur10e/collision) by extension 'ros'
[0.210s] Level 1:colcon.colcon_core.package_identification:_identify(TCC/matlab/ur_e_description/meshes/ur10e/collision) by extensions ['cmake', 'python']
[0.210s] Level 1:colcon.colcon_core.package_identification:_identify(TCC/matlab/ur_e_description/meshes/ur10e/collision) by extension 'cmake'
[0.210s] Level 1:colcon.colcon_core.package_identification:_identify(TCC/matlab/ur_e_description/meshes/ur10e/collision) by extension 'python'
[0.210s] Level 1:colcon.colcon_core.package_identification:_identify(TCC/matlab/ur_e_description/meshes/ur10e/collision) by extensions ['python_setup_py']
[0.210s] Level 1:colcon.colcon_core.package_identification:_identify(TCC/matlab/ur_e_description/meshes/ur10e/collision) by extension 'python_setup_py'
[0.211s] Level 1:colcon.colcon_core.package_identification:_identify(TCC/matlab/ur_e_description/meshes/ur10e/visual) by extensions ['ignore', 'ignore_ament_install']
[0.211s] Level 1:colcon.colcon_core.package_identification:_identify(TCC/matlab/ur_e_description/meshes/ur10e/visual) by extension 'ignore'
[0.211s] Level 1:colcon.colcon_core.package_identification:_identify(TCC/matlab/ur_e_description/meshes/ur10e/visual) by extension 'ignore_ament_install'
[0.211s] Level 1:colcon.colcon_core.package_identification:_identify(TCC/matlab/ur_e_description/meshes/ur10e/visual) by extensions ['colcon_pkg']
[0.211s] Level 1:colcon.colcon_core.package_identification:_identify(TCC/matlab/ur_e_description/meshes/ur10e/visual) by extension 'colcon_pkg'
[0.211s] Level 1:colcon.colcon_core.package_identification:_identify(TCC/matlab/ur_e_description/meshes/ur10e/visual) by extensions ['colcon_meta']
[0.211s] Level 1:colcon.colcon_core.package_identification:_identify(TCC/matlab/ur_e_description/meshes/ur10e/visual) by extension 'colcon_meta'
[0.211s] Level 1:colcon.colcon_core.package_identification:_identify(TCC/matlab/ur_e_description/meshes/ur10e/visual) by extensions ['ros']
[0.211s] Level 1:colcon.colcon_core.package_identification:_identify(TCC/matlab/ur_e_description/meshes/ur10e/visual) by extension 'ros'
[0.211s] Level 1:colcon.colcon_core.package_identification:_identify(TCC/matlab/ur_e_description/meshes/ur10e/visual) by extensions ['cmake', 'python']
[0.211s] Level 1:colcon.colcon_core.package_identification:_identify(TCC/matlab/ur_e_description/meshes/ur10e/visual) by extension 'cmake'
[0.211s] Level 1:colcon.colcon_core.package_identification:_identify(TCC/matlab/ur_e_description/meshes/ur10e/visual) by extension 'python'
[0.211s] Level 1:colcon.colcon_core.package_identification:_identify(TCC/matlab/ur_e_description/meshes/ur10e/visual) by extensions ['python_setup_py']
[0.211s] Level 1:colcon.colcon_core.package_identification:_identify(TCC/matlab/ur_e_description/meshes/ur10e/visual) by extension 'python_setup_py'
[0.211s] Level 1:colcon.colcon_core.package_identification:_identify(TCC/matlab/ur_e_description/meshes/ur16e) by extensions ['ignore', 'ignore_ament_install']
[0.211s] Level 1:colcon.colcon_core.package_identification:_identify(TCC/matlab/ur_e_description/meshes/ur16e) by extension 'ignore'
[0.211s] Level 1:colcon.colcon_core.package_identification:_identify(TCC/matlab/ur_e_description/meshes/ur16e) by extension 'ignore_ament_install'
[0.211s] Level 1:colcon.colcon_core.package_identification:_identify(TCC/matlab/ur_e_description/meshes/ur16e) by extensions ['colcon_pkg']
[0.211s] Level 1:colcon.colcon_core.package_identification:_identify(TCC/matlab/ur_e_description/meshes/ur16e) by extension 'colcon_pkg'
[0.211s] Level 1:colcon.colcon_core.package_identification:_identify(TCC/matlab/ur_e_description/meshes/ur16e) by extensions ['colcon_meta']
[0.211s] Level 1:colcon.colcon_core.package_identification:_identify(TCC/matlab/ur_e_description/meshes/ur16e) by extension 'colcon_meta'
[0.211s] Level 1:colcon.colcon_core.package_identification:_identify(TCC/matlab/ur_e_description/meshes/ur16e) by extensions ['ros']
[0.211s] Level 1:colcon.colcon_core.package_identification:_identify(TCC/matlab/ur_e_description/meshes/ur16e) by extension 'ros'
[0.211s] Level 1:colcon.colcon_core.package_identification:_identify(TCC/matlab/ur_e_description/meshes/ur16e) by extensions ['cmake', 'python']
[0.212s] Level 1:colcon.colcon_core.package_identification:_identify(TCC/matlab/ur_e_description/meshes/ur16e) by extension 'cmake'
[0.212s] Level 1:colcon.colcon_core.package_identification:_identify(TCC/matlab/ur_e_description/meshes/ur16e) by extension 'python'
[0.212s] Level 1:colcon.colcon_core.package_identification:_identify(TCC/matlab/ur_e_description/meshes/ur16e) by extensions ['python_setup_py']
[0.212s] Level 1:colcon.colcon_core.package_identification:_identify(TCC/matlab/ur_e_description/meshes/ur16e) by extension 'python_setup_py'
[0.212s] Level 1:colcon.colcon_core.package_identification:_identify(TCC/matlab/ur_e_description/meshes/ur16e/collision) by extensions ['ignore', 'ignore_ament_install']
[0.212s] Level 1:colcon.colcon_core.package_identification:_identify(TCC/matlab/ur_e_description/meshes/ur16e/collision) by extension 'ignore'
[0.212s] Level 1:colcon.colcon_core.package_identification:_identify(TCC/matlab/ur_e_description/meshes/ur16e/collision) by extension 'ignore_ament_install'
[0.212s] Level 1:colcon.colcon_core.package_identification:_identify(TCC/matlab/ur_e_description/meshes/ur16e/collision) by extensions ['colcon_pkg']
[0.212s] Level 1:colcon.colcon_core.package_identification:_identify(TCC/matlab/ur_e_description/meshes/ur16e/collision) by extension 'colcon_pkg'
[0.212s] Level 1:colcon.colcon_core.package_identification:_identify(TCC/matlab/ur_e_description/meshes/ur16e/collision) by extensions ['colcon_meta']
[0.212s] Level 1:colcon.colcon_core.package_identification:_identify(TCC/matlab/ur_e_description/meshes/ur16e/collision) by extension 'colcon_meta'
[0.212s] Level 1:colcon.colcon_core.package_identification:_identify(TCC/matlab/ur_e_description/meshes/ur16e/collision) by extensions ['ros']
[0.212s] Level 1:colcon.colcon_core.package_identification:_identify(TCC/matlab/ur_e_description/meshes/ur16e/collision) by extension 'ros'
[0.212s] Level 1:colcon.colcon_core.package_identification:_identify(TCC/matlab/ur_e_description/meshes/ur16e/collision) by extensions ['cmake', 'python']
[0.212s] Level 1:colcon.colcon_core.package_identification:_identify(TCC/matlab/ur_e_description/meshes/ur16e/collision) by extension 'cmake'
[0.212s] Level 1:colcon.colcon_core.package_identification:_identify(TCC/matlab/ur_e_description/meshes/ur16e/collision) by extension 'python'
[0.212s] Level 1:colcon.colcon_core.package_identification:_identify(TCC/matlab/ur_e_description/meshes/ur16e/collision) by extensions ['python_setup_py']
[0.212s] Level 1:colcon.colcon_core.package_identification:_identify(TCC/matlab/ur_e_description/meshes/ur16e/collision) by extension 'python_setup_py'
[0.212s] Level 1:colcon.colcon_core.package_identification:_identify(TCC/matlab/ur_e_description/meshes/ur16e/visual) by extensions ['ignore', 'ignore_ament_install']
[0.212s] Level 1:colcon.colcon_core.package_identification:_identify(TCC/matlab/ur_e_description/meshes/ur16e/visual) by extension 'ignore'
[0.212s] Level 1:colcon.colcon_core.package_identification:_identify(TCC/matlab/ur_e_description/meshes/ur16e/visual) by extension 'ignore_ament_install'
[0.212s] Level 1:colcon.colcon_core.package_identification:_identify(TCC/matlab/ur_e_description/meshes/ur16e/visual) by extensions ['colcon_pkg']
[0.212s] Level 1:colcon.colcon_core.package_identification:_identify(TCC/matlab/ur_e_description/meshes/ur16e/visual) by extension 'colcon_pkg'
[0.212s] Level 1:colcon.colcon_core.package_identification:_identify(TCC/matlab/ur_e_description/meshes/ur16e/visual) by extensions ['colcon_meta']
[0.212s] Level 1:colcon.colcon_core.package_identification:_identify(TCC/matlab/ur_e_description/meshes/ur16e/visual) by extension 'colcon_meta'
[0.212s] Level 1:colcon.colcon_core.package_identification:_identify(TCC/matlab/ur_e_description/meshes/ur16e/visual) by extensions ['ros']
[0.212s] Level 1:colcon.colcon_core.package_identification:_identify(TCC/matlab/ur_e_description/meshes/ur16e/visual) by extension 'ros'
[0.213s] Level 1:colcon.colcon_core.package_identification:_identify(TCC/matlab/ur_e_description/meshes/ur16e/visual) by extensions ['cmake', 'python']
[0.213s] Level 1:colcon.colcon_core.package_identification:_identify(TCC/matlab/ur_e_description/meshes/ur16e/visual) by extension 'cmake'
[0.213s] Level 1:colcon.colcon_core.package_identification:_identify(TCC/matlab/ur_e_description/meshes/ur16e/visual) by extension 'python'
[0.213s] Level 1:colcon.colcon_core.package_identification:_identify(TCC/matlab/ur_e_description/meshes/ur16e/visual) by extensions ['python_setup_py']
[0.213s] Level 1:colcon.colcon_core.package_identification:_identify(TCC/matlab/ur_e_description/meshes/ur16e/visual) by extension 'python_setup_py'
[0.213s] Level 1:colcon.colcon_core.package_identification:_identify(TCC/matlab/ur_e_description/meshes/ur3e) by extensions ['ignore', 'ignore_ament_install']
[0.213s] Level 1:colcon.colcon_core.package_identification:_identify(TCC/matlab/ur_e_description/meshes/ur3e) by extension 'ignore'
[0.213s] Level 1:colcon.colcon_core.package_identification:_identify(TCC/matlab/ur_e_description/meshes/ur3e) by extension 'ignore_ament_install'
[0.213s] Level 1:colcon.colcon_core.package_identification:_identify(TCC/matlab/ur_e_description/meshes/ur3e) by extensions ['colcon_pkg']
[0.213s] Level 1:colcon.colcon_core.package_identification:_identify(TCC/matlab/ur_e_description/meshes/ur3e) by extension 'colcon_pkg'
[0.213s] Level 1:colcon.colcon_core.package_identification:_identify(TCC/matlab/ur_e_description/meshes/ur3e) by extensions ['colcon_meta']
[0.213s] Level 1:colcon.colcon_core.package_identification:_identify(TCC/matlab/ur_e_description/meshes/ur3e) by extension 'colcon_meta'
[0.213s] Level 1:colcon.colcon_core.package_identification:_identify(TCC/matlab/ur_e_description/meshes/ur3e) by extensions ['ros']
[0.213s] Level 1:colcon.colcon_core.package_identification:_identify(TCC/matlab/ur_e_description/meshes/ur3e) by extension 'ros'
[0.213s] Level 1:colcon.colcon_core.package_identification:_identify(TCC/matlab/ur_e_description/meshes/ur3e) by extensions ['cmake', 'python']
[0.213s] Level 1:colcon.colcon_core.package_identification:_identify(TCC/matlab/ur_e_description/meshes/ur3e) by extension 'cmake'
[0.213s] Level 1:colcon.colcon_core.package_identification:_identify(TCC/matlab/ur_e_description/meshes/ur3e) by extension 'python'
[0.213s] Level 1:colcon.colcon_core.package_identification:_identify(TCC/matlab/ur_e_description/meshes/ur3e) by extensions ['python_setup_py']
[0.213s] Level 1:colcon.colcon_core.package_identification:_identify(TCC/matlab/ur_e_description/meshes/ur3e) by extension 'python_setup_py'
[0.213s] Level 1:colcon.colcon_core.package_identification:_identify(TCC/matlab/ur_e_description/meshes/ur3e/collision) by extensions ['ignore', 'ignore_ament_install']
[0.213s] Level 1:colcon.colcon_core.package_identification:_identify(TCC/matlab/ur_e_description/meshes/ur3e/collision) by extension 'ignore'
[0.213s] Level 1:colcon.colcon_core.package_identification:_identify(TCC/matlab/ur_e_description/meshes/ur3e/collision) by extension 'ignore_ament_install'
[0.213s] Level 1:colcon.colcon_core.package_identification:_identify(TCC/matlab/ur_e_description/meshes/ur3e/collision) by extensions ['colcon_pkg']
[0.213s] Level 1:colcon.colcon_core.package_identification:_identify(TCC/matlab/ur_e_description/meshes/ur3e/collision) by extension 'colcon_pkg'
[0.213s] Level 1:colcon.colcon_core.package_identification:_identify(TCC/matlab/ur_e_description/meshes/ur3e/collision) by extensions ['colcon_meta']
[0.213s] Level 1:colcon.colcon_core.package_identification:_identify(TCC/matlab/ur_e_description/meshes/ur3e/collision) by extension 'colcon_meta'
[0.214s] Level 1:colcon.colcon_core.package_identification:_identify(TCC/matlab/ur_e_description/meshes/ur3e/collision) by extensions ['ros']
[0.214s] Level 1:colcon.colcon_core.package_identification:_identify(TCC/matlab/ur_e_description/meshes/ur3e/collision) by extension 'ros'
[0.214s] Level 1:colcon.colcon_core.package_identification:_identify(TCC/matlab/ur_e_description/meshes/ur3e/collision) by extensions ['cmake', 'python']
[0.214s] Level 1:colcon.colcon_core.package_identification:_identify(TCC/matlab/ur_e_description/meshes/ur3e/collision) by extension 'cmake'
[0.214s] Level 1:colcon.colcon_core.package_identification:_identify(TCC/matlab/ur_e_description/meshes/ur3e/collision) by extension 'python'
[0.214s] Level 1:colcon.colcon_core.package_identification:_identify(TCC/matlab/ur_e_description/meshes/ur3e/collision) by extensions ['python_setup_py']
[0.214s] Level 1:colcon.colcon_core.package_identification:_identify(TCC/matlab/ur_e_description/meshes/ur3e/collision) by extension 'python_setup_py'
[0.214s] Level 1:colcon.colcon_core.package_identification:_identify(TCC/matlab/ur_e_description/meshes/ur3e/visual) by extensions ['ignore', 'ignore_ament_install']
[0.214s] Level 1:colcon.colcon_core.package_identification:_identify(TCC/matlab/ur_e_description/meshes/ur3e/visual) by extension 'ignore'
[0.214s] Level 1:colcon.colcon_core.package_identification:_identify(TCC/matlab/ur_e_description/meshes/ur3e/visual) by extension 'ignore_ament_install'
[0.214s] Level 1:colcon.colcon_core.package_identification:_identify(TCC/matlab/ur_e_description/meshes/ur3e/visual) by extensions ['colcon_pkg']
[0.214s] Level 1:colcon.colcon_core.package_identification:_identify(TCC/matlab/ur_e_description/meshes/ur3e/visual) by extension 'colcon_pkg'
[0.214s] Level 1:colcon.colcon_core.package_identification:_identify(TCC/matlab/ur_e_description/meshes/ur3e/visual) by extensions ['colcon_meta']
[0.214s] Level 1:colcon.colcon_core.package_identification:_identify(TCC/matlab/ur_e_description/meshes/ur3e/visual) by extension 'colcon_meta'
[0.214s] Level 1:colcon.colcon_core.package_identification:_identify(TCC/matlab/ur_e_description/meshes/ur3e/visual) by extensions ['ros']
[0.214s] Level 1:colcon.colcon_core.package_identification:_identify(TCC/matlab/ur_e_description/meshes/ur3e/visual) by extension 'ros'
[0.214s] Level 1:colcon.colcon_core.package_identification:_identify(TCC/matlab/ur_e_description/meshes/ur3e/visual) by extensions ['cmake', 'python']
[0.214s] Level 1:colcon.colcon_core.package_identification:_identify(TCC/matlab/ur_e_description/meshes/ur3e/visual) by extension 'cmake'
[0.214s] Level 1:colcon.colcon_core.package_identification:_identify(TCC/matlab/ur_e_description/meshes/ur3e/visual) by extension 'python'
[0.214s] Level 1:colcon.colcon_core.package_identification:_identify(TCC/matlab/ur_e_description/meshes/ur3e/visual) by extensions ['python_setup_py']
[0.214s] Level 1:colcon.colcon_core.package_identification:_identify(TCC/matlab/ur_e_description/meshes/ur3e/visual) by extension 'python_setup_py'
[0.214s] Level 1:colcon.colcon_core.package_identification:_identify(TCC/matlab/ur_e_description/meshes/ur5e) by extensions ['ignore', 'ignore_ament_install']
[0.214s] Level 1:colcon.colcon_core.package_identification:_identify(TCC/matlab/ur_e_description/meshes/ur5e) by extension 'ignore'
[0.214s] Level 1:colcon.colcon_core.package_identification:_identify(TCC/matlab/ur_e_description/meshes/ur5e) by extension 'ignore_ament_install'
[0.214s] Level 1:colcon.colcon_core.package_identification:_identify(TCC/matlab/ur_e_description/meshes/ur5e) by extensions ['colcon_pkg']
[0.214s] Level 1:colcon.colcon_core.package_identification:_identify(TCC/matlab/ur_e_description/meshes/ur5e) by extension 'colcon_pkg'
[0.215s] Level 1:colcon.colcon_core.package_identification:_identify(TCC/matlab/ur_e_description/meshes/ur5e) by extensions ['colcon_meta']
[0.215s] Level 1:colcon.colcon_core.package_identification:_identify(TCC/matlab/ur_e_description/meshes/ur5e) by extension 'colcon_meta'
[0.215s] Level 1:colcon.colcon_core.package_identification:_identify(TCC/matlab/ur_e_description/meshes/ur5e) by extensions ['ros']
[0.215s] Level 1:colcon.colcon_core.package_identification:_identify(TCC/matlab/ur_e_description/meshes/ur5e) by extension 'ros'
[0.215s] Level 1:colcon.colcon_core.package_identification:_identify(TCC/matlab/ur_e_description/meshes/ur5e) by extensions ['cmake', 'python']
[0.215s] Level 1:colcon.colcon_core.package_identification:_identify(TCC/matlab/ur_e_description/meshes/ur5e) by extension 'cmake'
[0.215s] Level 1:colcon.colcon_core.package_identification:_identify(TCC/matlab/ur_e_description/meshes/ur5e) by extension 'python'
[0.215s] Level 1:colcon.colcon_core.package_identification:_identify(TCC/matlab/ur_e_description/meshes/ur5e) by extensions ['python_setup_py']
[0.215s] Level 1:colcon.colcon_core.package_identification:_identify(TCC/matlab/ur_e_description/meshes/ur5e) by extension 'python_setup_py'
[0.215s] Level 1:colcon.colcon_core.package_identification:_identify(TCC/matlab/ur_e_description/meshes/ur5e/collision) by extensions ['ignore', 'ignore_ament_install']
[0.215s] Level 1:colcon.colcon_core.package_identification:_identify(TCC/matlab/ur_e_description/meshes/ur5e/collision) by extension 'ignore'
[0.215s] Level 1:colcon.colcon_core.package_identification:_identify(TCC/matlab/ur_e_description/meshes/ur5e/collision) by extension 'ignore_ament_install'
[0.215s] Level 1:colcon.colcon_core.package_identification:_identify(TCC/matlab/ur_e_description/meshes/ur5e/collision) by extensions ['colcon_pkg']
[0.215s] Level 1:colcon.colcon_core.package_identification:_identify(TCC/matlab/ur_e_description/meshes/ur5e/collision) by extension 'colcon_pkg'
[0.215s] Level 1:colcon.colcon_core.package_identification:_identify(TCC/matlab/ur_e_description/meshes/ur5e/collision) by extensions ['colcon_meta']
[0.215s] Level 1:colcon.colcon_core.package_identification:_identify(TCC/matlab/ur_e_description/meshes/ur5e/collision) by extension 'colcon_meta'
[0.215s] Level 1:colcon.colcon_core.package_identification:_identify(TCC/matlab/ur_e_description/meshes/ur5e/collision) by extensions ['ros']
[0.215s] Level 1:colcon.colcon_core.package_identification:_identify(TCC/matlab/ur_e_description/meshes/ur5e/collision) by extension 'ros'
[0.215s] Level 1:colcon.colcon_core.package_identification:_identify(TCC/matlab/ur_e_description/meshes/ur5e/collision) by extensions ['cmake', 'python']
[0.215s] Level 1:colcon.colcon_core.package_identification:_identify(TCC/matlab/ur_e_description/meshes/ur5e/collision) by extension 'cmake'
[0.215s] Level 1:colcon.colcon_core.package_identification:_identify(TCC/matlab/ur_e_description/meshes/ur5e/collision) by extension 'python'
[0.215s] Level 1:colcon.colcon_core.package_identification:_identify(TCC/matlab/ur_e_description/meshes/ur5e/collision) by extensions ['python_setup_py']
[0.215s] Level 1:colcon.colcon_core.package_identification:_identify(TCC/matlab/ur_e_description/meshes/ur5e/collision) by extension 'python_setup_py'
[0.215s] Level 1:colcon.colcon_core.package_identification:_identify(TCC/matlab/ur_e_description/meshes/ur5e/visual) by extensions ['ignore', 'ignore_ament_install']
[0.215s] Level 1:colcon.colcon_core.package_identification:_identify(TCC/matlab/ur_e_description/meshes/ur5e/visual) by extension 'ignore'
[0.215s] Level 1:colcon.colcon_core.package_identification:_identify(TCC/matlab/ur_e_description/meshes/ur5e/visual) by extension 'ignore_ament_install'
[0.216s] Level 1:colcon.colcon_core.package_identification:_identify(TCC/matlab/ur_e_description/meshes/ur5e/visual) by extensions ['colcon_pkg']
[0.216s] Level 1:colcon.colcon_core.package_identification:_identify(TCC/matlab/ur_e_description/meshes/ur5e/visual) by extension 'colcon_pkg'
[0.216s] Level 1:colcon.colcon_core.package_identification:_identify(TCC/matlab/ur_e_description/meshes/ur5e/visual) by extensions ['colcon_meta']
[0.216s] Level 1:colcon.colcon_core.package_identification:_identify(TCC/matlab/ur_e_description/meshes/ur5e/visual) by extension 'colcon_meta'
[0.216s] Level 1:colcon.colcon_core.package_identification:_identify(TCC/matlab/ur_e_description/meshes/ur5e/visual) by extensions ['ros']
[0.216s] Level 1:colcon.colcon_core.package_identification:_identify(TCC/matlab/ur_e_description/meshes/ur5e/visual) by extension 'ros'
[0.216s] Level 1:colcon.colcon_core.package_identification:_identify(TCC/matlab/ur_e_description/meshes/ur5e/visual) by extensions ['cmake', 'python']
[0.216s] Level 1:colcon.colcon_core.package_identification:_identify(TCC/matlab/ur_e_description/meshes/ur5e/visual) by extension 'cmake'
[0.216s] Level 1:colcon.colcon_core.package_identification:_identify(TCC/matlab/ur_e_description/meshes/ur5e/visual) by extension 'python'
[0.216s] Level 1:colcon.colcon_core.package_identification:_identify(TCC/matlab/ur_e_description/meshes/ur5e/visual) by extensions ['python_setup_py']
[0.216s] Level 1:colcon.colcon_core.package_identification:_identify(TCC/matlab/ur_e_description/meshes/ur5e/visual) by extension 'python_setup_py'
[0.216s] Level 1:colcon.colcon_core.package_identification:_identify(TCC/matlab/ur_e_description/urdf) by extensions ['ignore', 'ignore_ament_install']
[0.216s] Level 1:colcon.colcon_core.package_identification:_identify(TCC/matlab/ur_e_description/urdf) by extension 'ignore'
[0.216s] Level 1:colcon.colcon_core.package_identification:_identify(TCC/matlab/ur_e_description/urdf) by extension 'ignore_ament_install'
[0.216s] Level 1:colcon.colcon_core.package_identification:_identify(TCC/matlab/ur_e_description/urdf) by extensions ['colcon_pkg']
[0.216s] Level 1:colcon.colcon_core.package_identification:_identify(TCC/matlab/ur_e_description/urdf) by extension 'colcon_pkg'
[0.216s] Level 1:colcon.colcon_core.package_identification:_identify(TCC/matlab/ur_e_description/urdf) by extensions ['colcon_meta']
[0.216s] Level 1:colcon.colcon_core.package_identification:_identify(TCC/matlab/ur_e_description/urdf) by extension 'colcon_meta'
[0.216s] Level 1:colcon.colcon_core.package_identification:_identify(TCC/matlab/ur_e_description/urdf) by extensions ['ros']
[0.216s] Level 1:colcon.colcon_core.package_identification:_identify(TCC/matlab/ur_e_description/urdf) by extension 'ros'
[0.216s] Level 1:colcon.colcon_core.package_identification:_identify(TCC/matlab/ur_e_description/urdf) by extensions ['cmake', 'python']
[0.216s] Level 1:colcon.colcon_core.package_identification:_identify(TCC/matlab/ur_e_description/urdf) by extension 'cmake'
[0.216s] Level 1:colcon.colcon_core.package_identification:_identify(TCC/matlab/ur_e_description/urdf) by extension 'python'
[0.216s] Level 1:colcon.colcon_core.package_identification:_identify(TCC/matlab/ur_e_description/urdf) by extensions ['python_setup_py']
[0.216s] Level 1:colcon.colcon_core.package_identification:_identify(TCC/matlab/ur_e_description/urdf) by extension 'python_setup_py'
[0.216s] Level 1:colcon.colcon_core.package_identification:_identify(build) by extensions ['ignore', 'ignore_ament_install']
[0.216s] Level 1:colcon.colcon_core.package_identification:_identify(build) by extension 'ignore'
[0.216s] Level 1:colcon.colcon_core.package_identification:_identify(build) ignored
[0.217s] Level 1:colcon.colcon_core.package_identification:_identify(install) by extensions ['ignore', 'ignore_ament_install']
[0.217s] Level 1:colcon.colcon_core.package_identification:_identify(install) by extension 'ignore'
[0.217s] Level 1:colcon.colcon_core.package_identification:_identify(install) ignored
[0.217s] Level 1:colcon.colcon_core.package_identification:_identify(log) by extensions ['ignore', 'ignore_ament_install']
[0.217s] Level 1:colcon.colcon_core.package_identification:_identify(log) by extension 'ignore'
[0.217s] Level 1:colcon.colcon_core.package_identification:_identify(log) ignored
[0.217s] Level 1:colcon.colcon_core.package_identification:_identify(src) by extensions ['ignore', 'ignore_ament_install']
[0.217s] Level 1:colcon.colcon_core.package_identification:_identify(src) by extension 'ignore'
[0.217s] Level 1:colcon.colcon_core.package_identification:_identify(src) by extension 'ignore_ament_install'
[0.217s] Level 1:colcon.colcon_core.package_identification:_identify(src) by extensions ['colcon_pkg']
[0.217s] Level 1:colcon.colcon_core.package_identification:_identify(src) by extension 'colcon_pkg'
[0.217s] Level 1:colcon.colcon_core.package_identification:_identify(src) by extensions ['colcon_meta']
[0.217s] Level 1:colcon.colcon_core.package_identification:_identify(src) by extension 'colcon_meta'
[0.217s] Level 1:colcon.colcon_core.package_identification:_identify(src) by extensions ['ros']
[0.217s] Level 1:colcon.colcon_core.package_identification:_identify(src) by extension 'ros'
[0.217s] Level 1:colcon.colcon_core.package_identification:_identify(src) by extensions ['cmake', 'python']
[0.217s] Level 1:colcon.colcon_core.package_identification:_identify(src) by extension 'cmake'
[0.217s] Level 1:colcon.colcon_core.package_identification:_identify(src) by extension 'python'
[0.217s] Level 1:colcon.colcon_core.package_identification:_identify(src) by extensions ['python_setup_py']
[0.217s] Level 1:colcon.colcon_core.package_identification:_identify(src) by extension 'python_setup_py'
[0.217s] Level 1:colcon.colcon_core.package_identification:_identify(src/hand_pack) by extensions ['ignore', 'ignore_ament_install']
[0.217s] Level 1:colcon.colcon_core.package_identification:_identify(src/hand_pack) by extension 'ignore'
[0.218s] Level 1:colcon.colcon_core.package_identification:_identify(src/hand_pack) by extension 'ignore_ament_install'
[0.218s] Level 1:colcon.colcon_core.package_identification:_identify(src/hand_pack) by extensions ['colcon_pkg']
[0.218s] Level 1:colcon.colcon_core.package_identification:_identify(src/hand_pack) by extension 'colcon_pkg'
[0.218s] Level 1:colcon.colcon_core.package_identification:_identify(src/hand_pack) by extensions ['colcon_meta']
[0.218s] Level 1:colcon.colcon_core.package_identification:_identify(src/hand_pack) by extension 'colcon_meta'
[0.218s] Level 1:colcon.colcon_core.package_identification:_identify(src/hand_pack) by extensions ['ros']
[0.218s] Level 1:colcon.colcon_core.package_identification:_identify(src/hand_pack) by extension 'ros'
[0.219s] DEBUG:colcon.colcon_core.package_identification:Package 'src/hand_pack' with type 'ros.ament_python' and name 'hand_pack'
[0.219s] Level 1:colcon.colcon_core.package_identification:_identify(src/ur_description) by extensions ['ignore', 'ignore_ament_install']
[0.219s] Level 1:colcon.colcon_core.package_identification:_identify(src/ur_description) by extension 'ignore'
[0.219s] Level 1:colcon.colcon_core.package_identification:_identify(src/ur_description) by extension 'ignore_ament_install'
[0.220s] Level 1:colcon.colcon_core.package_identification:_identify(src/ur_description) by extensions ['colcon_pkg']
[0.220s] Level 1:colcon.colcon_core.package_identification:_identify(src/ur_description) by extension 'colcon_pkg'
[0.220s] Level 1:colcon.colcon_core.package_identification:_identify(src/ur_description) by extensions ['colcon_meta']
[0.220s] Level 1:colcon.colcon_core.package_identification:_identify(src/ur_description) by extension 'colcon_meta'
[0.220s] Level 1:colcon.colcon_core.package_identification:_identify(src/ur_description) by extensions ['ros']
[0.220s] Level 1:colcon.colcon_core.package_identification:_identify(src/ur_description) by extension 'ros'
[0.220s] DEBUG:colcon.colcon_core.package_identification:Package 'src/ur_description' with type 'ros.ament_cmake' and name 'ur_description'
[0.220s] Level 1:colcon.colcon_core.package_discovery:discover_packages(recursive) using defaults
[0.220s] Level 1:colcon.colcon_core.package_discovery:discover_packages(ignore) discover
[0.220s] Level 1:colcon.colcon_core.package_discovery:discover_packages(ignore) using defaults
[0.220s] Level 1:colcon.colcon_core.package_discovery:discover_packages(path) discover
[0.220s] Level 1:colcon.colcon_core.package_discovery:discover_packages(path) using defaults
[0.234s] INFO:colcon.colcon_core.package_selection:Skipping not selected package 'ur_description' in 'src/ur_description'
[0.234s] Level 1:colcon.colcon_core.package_discovery:discover_packages(prefix_path) check parameters
[0.234s] Level 1:colcon.colcon_core.package_discovery:discover_packages(prefix_path) discover
[0.235s] WARNING:colcon.colcon_core.prefix_path.colcon:The path '/home/lucas-lpc/RoboticArm/src/hand_pack/urdf/install' in the environment variable COLCON_PREFIX_PATH doesn't exist
[0.235s] WARNING:colcon.colcon_ros.prefix_path.ament:The path '/home/lucas-lpc/RoboticArm/install/ur_description' in the environment variable AMENT_PREFIX_PATH doesn't exist
[0.235s] WARNING:colcon.colcon_ros.prefix_path.ament:The path '/home/lucas-lpc/RoboticArm/install/hand_pack' in the environment variable AMENT_PREFIX_PATH doesn't exist
[0.235s] WARNING:colcon.colcon_ros.prefix_path.catkin:The path '/home/lucas-lpc/RoboticArm/install/ur_description' in the environment variable CMAKE_PREFIX_PATH doesn't exist
[0.236s] DEBUG:colcon.colcon_installed_package_information.package_discovery:Found 0 installed packages in /home/lucas-lpc/RoboticArm/install
[0.237s] DEBUG:colcon.colcon_installed_package_information.package_discovery:Found 326 installed packages in /opt/ros/humble
[0.244s] Level 1:colcon.colcon_core.package_discovery:discover_packages(prefix_path) using defaults
[0.274s] Level 5:colcon.colcon_core.verb:set package 'hand_pack' build argument 'cmake_args' from command line to 'None'
[0.274s] Level 5:colcon.colcon_core.verb:set package 'hand_pack' build argument 'cmake_target' from command line to 'None'
[0.274s] Level 5:colcon.colcon_core.verb:set package 'hand_pack' build argument 'cmake_target_skip_unavailable' from command line to 'False'
[0.274s] Level 5:colcon.colcon_core.verb:set package 'hand_pack' build argument 'cmake_clean_cache' from command line to 'False'
[0.274s] Level 5:colcon.colcon_core.verb:set package 'hand_pack' build argument 'cmake_clean_first' from command line to 'False'
[0.274s] Level 5:colcon.colcon_core.verb:set package 'hand_pack' build argument 'cmake_force_configure' from command line to 'False'
[0.274s] Level 5:colcon.colcon_core.verb:set package 'hand_pack' build argument 'ament_cmake_args' from command line to 'None'
[0.274s] Level 5:colcon.colcon_core.verb:set package 'hand_pack' build argument 'catkin_cmake_args' from command line to 'None'
[0.274s] Level 5:colcon.colcon_core.verb:set package 'hand_pack' build argument 'catkin_skip_building_tests' from command line to 'False'
[0.274s] DEBUG:colcon.colcon_core.verb:Building package 'hand_pack' with the following arguments: {'ament_cmake_args': None, 'build_base': '/home/lucas-lpc/RoboticArm/build/hand_pack', 'catkin_cmake_args': None, 'catkin_skip_building_tests': False, 'cmake_args': None, 'cmake_clean_cache': False, 'cmake_clean_first': False, 'cmake_force_configure': False, 'cmake_target': None, 'cmake_target_skip_unavailable': False, 'install_base': '/home/lucas-lpc/RoboticArm/install/hand_pack', 'merge_install': False, 'path': '/home/lucas-lpc/RoboticArm/src/hand_pack', 'symlink_install': False, 'test_result_base': None}
[0.274s] INFO:colcon.colcon_core.executor:Executing jobs using 'parallel' executor
[0.275s] DEBUG:colcon.colcon_parallel_executor.executor.parallel:run_until_complete
[0.275s] INFO:colcon.colcon_ros.task.ament_python.build:Building ROS package in '/home/lucas-lpc/RoboticArm/src/hand_pack' with build type 'ament_python'
[0.275s] Level 1:colcon.colcon_core.shell:create_environment_hook('hand_pack', 'ament_prefix_path')
[0.277s] INFO:colcon.colcon_core.plugin_system:Skipping extension 'colcon_core.shell.bat': Not used on non-Windows systems
[0.277s] INFO:colcon.colcon_core.shell:Creating environment hook '/home/lucas-lpc/RoboticArm/install/hand_pack/share/hand_pack/hook/ament_prefix_path.ps1'
[0.277s] INFO:colcon.colcon_core.shell:Creating environment descriptor '/home/lucas-lpc/RoboticArm/install/hand_pack/share/hand_pack/hook/ament_prefix_path.dsv'
[0.278s] INFO:colcon.colcon_core.shell:Creating environment hook '/home/lucas-lpc/RoboticArm/install/hand_pack/share/hand_pack/hook/ament_prefix_path.sh'
[0.278s] INFO:colcon.colcon_core.shell:Skip shell extension 'powershell' for command environment: Not usable outside of PowerShell
[0.278s] DEBUG:colcon.colcon_core.shell:Skip shell extension 'dsv' for command environment
[0.454s] INFO:colcon.colcon_core.task.python.build:Building Python package in '/home/lucas-lpc/RoboticArm/src/hand_pack'
[0.455s] INFO:colcon.colcon_core.shell:Skip shell extension 'powershell' for command environment: Not usable outside of PowerShell
[0.455s] DEBUG:colcon.colcon_core.shell:Skip shell extension 'dsv' for command environment
[0.708s] DEBUG:colcon.colcon_core.event_handler.log_command:Invoking command in '/home/lucas-lpc/RoboticArm/src/hand_pack': PS1=\[\e[32m\]\u@\h\[\e[m\]:\[\e[34m\]\w\[\e[31m\]$(parse_git_branch)\[\e[m\]$ PYTHONPATH=/home/lucas-lpc/RoboticArm/build/hand_pack/prefix_override:/usr/lib/python3/dist-packages/colcon_core/task/python/colcon_distutils_commands:/home/lucas-lpc/RoboticArm/install/hand_pack/lib/python3.10/site-packages:${PYTHONPATH} /usr/bin/python3 -W ignore:setup.py install is deprecated -W ignore:easy_install command is deprecated setup.py egg_info --egg-base ../../build/hand_pack build --build-base /home/lucas-lpc/RoboticArm/build/hand_pack/build install --record /home/lucas-lpc/RoboticArm/build/hand_pack/install.log --single-version-externally-managed install_data
[0.934s] DEBUG:colcon.colcon_core.event_handler.log_command:Invoked command in '/home/lucas-lpc/RoboticArm/src/hand_pack' returned '0': PS1=\[\e[32m\]\u@\h\[\e[m\]:\[\e[34m\]\w\[\e[31m\]$(parse_git_branch)\[\e[m\]$ PYTHONPATH=/home/lucas-lpc/RoboticArm/build/hand_pack/prefix_override:/usr/lib/python3/dist-packages/colcon_core/task/python/colcon_distutils_commands:/home/lucas-lpc/RoboticArm/install/hand_pack/lib/python3.10/site-packages:${PYTHONPATH} /usr/bin/python3 -W ignore:setup.py install is deprecated -W ignore:easy_install command is deprecated setup.py egg_info --egg-base ../../build/hand_pack build --build-base /home/lucas-lpc/RoboticArm/build/hand_pack/build install --record /home/lucas-lpc/RoboticArm/build/hand_pack/install.log --single-version-externally-managed install_data
[0.935s] Level 1:colcon.colcon_core.environment:checking '/home/lucas-lpc/RoboticArm/install/hand_pack' for CMake module files
[0.936s] Level 1:colcon.colcon_core.environment:checking '/home/lucas-lpc/RoboticArm/install/hand_pack' for CMake config files
[0.936s] Level 1:colcon.colcon_core.environment:checking '/home/lucas-lpc/RoboticArm/install/hand_pack/lib'
[0.937s] Level 1:colcon.colcon_core.environment:checking '/home/lucas-lpc/RoboticArm/install/hand_pack/bin'
[0.937s] Level 1:colcon.colcon_core.environment:checking '/home/lucas-lpc/RoboticArm/install/hand_pack/lib/pkgconfig/hand_pack.pc'
[0.937s] Level 1:colcon.colcon_core.environment:checking '/home/lucas-lpc/RoboticArm/install/hand_pack/lib/python3.10/site-packages'
[0.937s] Level 1:colcon.colcon_core.shell:create_environment_hook('hand_pack', 'pythonpath')
[0.937s] INFO:colcon.colcon_core.shell:Creating environment hook '/home/lucas-lpc/RoboticArm/install/hand_pack/share/hand_pack/hook/pythonpath.ps1'
[0.937s] INFO:colcon.colcon_core.shell:Creating environment descriptor '/home/lucas-lpc/RoboticArm/install/hand_pack/share/hand_pack/hook/pythonpath.dsv'
[0.938s] INFO:colcon.colcon_core.shell:Creating environment hook '/home/lucas-lpc/RoboticArm/install/hand_pack/share/hand_pack/hook/pythonpath.sh'
[0.938s] Level 1:colcon.colcon_core.environment:checking '/home/lucas-lpc/RoboticArm/install/hand_pack/bin'
[0.938s] Level 1:colcon.colcon_core.environment:create_environment_scripts_only(hand_pack)
[0.939s] INFO:colcon.colcon_core.shell:Creating package script '/home/lucas-lpc/RoboticArm/install/hand_pack/share/hand_pack/package.ps1'
[0.939s] INFO:colcon.colcon_core.shell:Creating package descriptor '/home/lucas-lpc/RoboticArm/install/hand_pack/share/hand_pack/package.dsv'
[0.940s] INFO:colcon.colcon_core.shell:Creating package script '/home/lucas-lpc/RoboticArm/install/hand_pack/share/hand_pack/package.sh'
[0.940s] INFO:colcon.colcon_core.shell:Creating package script '/home/lucas-lpc/RoboticArm/install/hand_pack/share/hand_pack/package.bash'
[0.941s] INFO:colcon.colcon_core.shell:Creating package script '/home/lucas-lpc/RoboticArm/install/hand_pack/share/hand_pack/package.zsh'
[0.941s] Level 1:colcon.colcon_core.environment:create_file_with_runtime_dependencies(/home/lucas-lpc/RoboticArm/install/hand_pack/share/colcon-core/packages/hand_pack)
[0.941s] DEBUG:colcon.colcon_parallel_executor.executor.parallel:closing loop
[0.942s] DEBUG:colcon.colcon_parallel_executor.executor.parallel:loop closed
[0.942s] DEBUG:colcon.colcon_parallel_executor.executor.parallel:run_until_complete finished with '0'
[0.942s] DEBUG:colcon.colcon_core.event_reactor:joining thread
[0.946s] INFO:colcon.colcon_core.plugin_system:Skipping extension 'colcon_notification.desktop_notification.terminal_notifier': Not used on non-Darwin systems
[0.946s] INFO:colcon.colcon_core.plugin_system:Skipping extension 'colcon_notification.desktop_notification.win32': Not used on non-Windows systems
[0.946s] INFO:colcon.colcon_notification.desktop_notification:Sending desktop notification using 'notify2'
[0.957s] DEBUG:colcon.colcon_core.event_reactor:joined thread
[0.957s] INFO:colcon.colcon_core.shell:Creating prefix script '/home/lucas-lpc/RoboticArm/install/local_setup.ps1'
[0.958s] INFO:colcon.colcon_core.shell:Creating prefix util module '/home/lucas-lpc/RoboticArm/install/_local_setup_util_ps1.py'
[0.959s] INFO:colcon.colcon_core.shell:Creating prefix chain script '/home/lucas-lpc/RoboticArm/install/setup.ps1'
[0.960s] INFO:colcon.colcon_core.shell:Creating prefix script '/home/lucas-lpc/RoboticArm/install/local_setup.sh'
[0.960s] INFO:colcon.colcon_core.shell:Creating prefix util module '/home/lucas-lpc/RoboticArm/install/_local_setup_util_sh.py'
[0.960s] INFO:colcon.colcon_core.shell:Creating prefix chain script '/home/lucas-lpc/RoboticArm/install/setup.sh'
[0.961s] INFO:colcon.colcon_core.shell:Creating prefix script '/home/lucas-lpc/RoboticArm/install/local_setup.bash'
[0.961s] INFO:colcon.colcon_core.shell:Creating prefix chain script '/home/lucas-lpc/RoboticArm/install/setup.bash'
[0.962s] INFO:colcon.colcon_core.shell:Creating prefix script '/home/lucas-lpc/RoboticArm/install/local_setup.zsh'
[0.962s] INFO:colcon.colcon_core.shell:Creating prefix chain script '/home/lucas-lpc/RoboticArm/install/setup.zsh'
