[0.440s] Invoking command in '/home/biolab-linux/RoboticArm/build/hand_pack': PYTHONPATH=/home/biolab-linux/RoboticArm/build/hand_pack/prefix_override:/usr/lib/python3/dist-packages/colcon_core/task/python/colcon_distutils_commands:/home/biolab-linux/RoboticArm/install/hand_pack/lib/python3.10/site-packages:${PYTHONPATH} /usr/bin/python3 -W ignore:setup.py install is deprecated -W ignore:easy_install command is deprecated setup.py develop --uninstall --editable --build-directory /home/biolab-linux/RoboticArm/build/hand_pack/build
[0.621s] running develop
[0.733s] Removing /home/biolab-linux/RoboticArm/install/hand_pack/lib/python3.10/site-packages/hand-pack.egg-link (link to .)
[0.757s] Invoked command in '/home/biolab-linux/RoboticArm/build/hand_pack' returned '0': PYTHONPATH=/home/biolab-linux/RoboticArm/build/hand_pack/prefix_override:/usr/lib/python3/dist-packages/colcon_core/task/python/colcon_distutils_commands:/home/biolab-linux/RoboticArm/install/hand_pack/lib/python3.10/site-packages:${PYTHONPATH} /usr/bin/python3 -W ignore:setup.py install is deprecated -W ignore:easy_install command is deprecated setup.py develop --uninstall --editable --build-directory /home/biolab-linux/RoboticArm/build/hand_pack/build
[0.758s] Invoking command in '/home/biolab-linux/RoboticArm/src/hand_pack': PYTHONPATH=/home/biolab-linux/RoboticArm/build/hand_pack/prefix_override:/usr/lib/python3/dist-packages/colcon_core/task/python/colcon_distutils_commands:/home/biolab-linux/RoboticArm/install/hand_pack/lib/python3.10/site-packages:${PYTHONPATH} /usr/bin/python3 -W ignore:setup.py install is deprecated -W ignore:easy_install command is deprecated setup.py egg_info --egg-base ../../build/hand_pack build --build-base /home/biolab-linux/RoboticArm/build/hand_pack/build install --record /home/biolab-linux/RoboticArm/build/hand_pack/install.log --single-version-externally-managed install_data --force
[0.930s] running egg_info
[0.930s] writing ../../build/hand_pack/hand_pack.egg-info/PKG-INFO
[0.930s] writing dependency_links to ../../build/hand_pack/hand_pack.egg-info/dependency_links.txt
[0.930s] writing entry points to ../../build/hand_pack/hand_pack.egg-info/entry_points.txt
[0.931s] writing requirements to ../../build/hand_pack/hand_pack.egg-info/requires.txt
[0.931s] writing top-level names to ../../build/hand_pack/hand_pack.egg-info/top_level.txt
[0.932s] reading manifest file '../../build/hand_pack/hand_pack.egg-info/SOURCES.txt'
[0.932s] writing manifest file '../../build/hand_pack/hand_pack.egg-info/SOURCES.txt'
[0.933s] running build
[0.933s] running build_py
[0.933s] creating /home/biolab-linux/RoboticArm/build/hand_pack/build
[0.933s] creating /home/biolab-linux/RoboticArm/build/hand_pack/build/lib
[0.933s] creating /home/biolab-linux/RoboticArm/build/hand_pack/build/lib/hand_pack
[0.933s] copying hand_pack/__init__.py -> /home/biolab-linux/RoboticArm/build/hand_pack/build/lib/hand_pack
[0.933s] copying hand_pack/hand_node.py -> /home/biolab-linux/RoboticArm/build/hand_pack/build/lib/hand_pack
[0.933s] running install
[0.933s] running install_lib
[0.934s] creating /home/biolab-linux/RoboticArm/install/hand_pack/lib/python3.10/site-packages/hand_pack
[0.934s] copying /home/biolab-linux/RoboticArm/build/hand_pack/build/lib/hand_pack/__init__.py -> /home/biolab-linux/RoboticArm/install/hand_pack/lib/python3.10/site-packages/hand_pack
[0.934s] copying /home/biolab-linux/RoboticArm/build/hand_pack/build/lib/hand_pack/hand_node.py -> /home/biolab-linux/RoboticArm/install/hand_pack/lib/python3.10/site-packages/hand_pack
[0.934s] byte-compiling /home/biolab-linux/RoboticArm/install/hand_pack/lib/python3.10/site-packages/hand_pack/__init__.py to __init__.cpython-310.pyc
[0.935s] byte-compiling /home/biolab-linux/RoboticArm/install/hand_pack/lib/python3.10/site-packages/hand_pack/hand_node.py to hand_node.cpython-310.pyc
[0.935s] running install_data
[0.935s] copying resource/hand_pack -> /home/biolab-linux/RoboticArm/install/hand_pack/share/ament_index/resource_index/packages
[0.935s] copying package.xml -> /home/biolab-linux/RoboticArm/install/hand_pack/share/hand_pack
[0.935s] copying launch/display.launch.py -> /home/biolab-linux/RoboticArm/install/hand_pack/share/hand_pack/launch
[0.935s] copying urdf/hj_hand_gazebo.xacro -> /home/biolab-linux/RoboticArm/install/hand_pack/share/hand_pack/urdf
[0.935s] copying urdf/combined_robot.urdf.xacro -> /home/biolab-linux/RoboticArm/install/hand_pack/share/hand_pack/urdf
[0.936s] copying urdf/hj_hand_world.urdf.xacro -> /home/biolab-linux/RoboticArm/install/hand_pack/share/hand_pack/urdf
[0.936s] copying urdf/hj_hand_transmission.xacro -> /home/biolab-linux/RoboticArm/install/hand_pack/share/hand_pack/urdf
[0.936s] copying urdf/hand.xacro -> /home/biolab-linux/RoboticArm/install/hand_pack/share/hand_pack/urdf
[0.937s] copying urdf/mesh/F03_AL_link_hand_wrist_part.stl -> /home/biolab-linux/RoboticArm/install/hand_pack/share/hand_pack/urdf/mesh
[0.937s] copying urdf/mesh/F03_AL_link_DIP.stl -> /home/biolab-linux/RoboticArm/install/hand_pack/share/hand_pack/urdf/mesh
[0.938s] copying urdf/mesh/F03_Finger_base.stl -> /home/biolab-linux/RoboticArm/install/hand_pack/share/hand_pack/urdf/mesh
[0.938s] copying urdf/mesh/F01_AL_link_hand.stl -> /home/biolab-linux/RoboticArm/install/hand_pack/share/hand_pack/urdf/mesh
[0.944s] copying urdf/mesh/F01_AL_link_hand_down.stl -> /home/biolab-linux/RoboticArm/install/hand_pack/share/hand_pack/urdf/mesh
[0.946s] copying urdf/mesh/F03_Thumb_joint.stl -> /home/biolab-linux/RoboticArm/install/hand_pack/share/hand_pack/urdf/mesh
[0.947s] copying urdf/mesh/F03_AL_palm.stl -> /home/biolab-linux/RoboticArm/install/hand_pack/share/hand_pack/urdf/mesh
[0.947s] copying urdf/mesh/F03_Thumb_base.stl -> /home/biolab-linux/RoboticArm/install/hand_pack/share/hand_pack/urdf/mesh
[0.948s] copying urdf/mesh/F03_AL_link_PIP.stl -> /home/biolab-linux/RoboticArm/install/hand_pack/share/hand_pack/urdf/mesh
[0.948s] copying urdf/mesh/F03_AL_link_MCP.stl -> /home/biolab-linux/RoboticArm/install/hand_pack/share/hand_pack/urdf/mesh
[0.949s] running install_egg_info
[0.950s] Copying ../../build/hand_pack/hand_pack.egg-info to /home/biolab-linux/RoboticArm/install/hand_pack/lib/python3.10/site-packages/hand_pack-0.0.1-py3.10.egg-info
[0.951s] running install_scripts
[0.966s] Installing hand_node script to /home/biolab-linux/RoboticArm/install/hand_pack/lib/hand_pack
[0.966s] writing list of installed files to '/home/biolab-linux/RoboticArm/build/hand_pack/install.log'
[0.986s] Invoked command in '/home/biolab-linux/RoboticArm/src/hand_pack' returned '0': PYTHONPATH=/home/biolab-linux/RoboticArm/build/hand_pack/prefix_override:/usr/lib/python3/dist-packages/colcon_core/task/python/colcon_distutils_commands:/home/biolab-linux/RoboticArm/install/hand_pack/lib/python3.10/site-packages:${PYTHONPATH} /usr/bin/python3 -W ignore:setup.py install is deprecated -W ignore:easy_install command is deprecated setup.py egg_info --egg-base ../../build/hand_pack build --build-base /home/biolab-linux/RoboticArm/build/hand_pack/build install --record /home/biolab-linux/RoboticArm/build/hand_pack/install.log --single-version-externally-managed install_data --force
