[0.975s] Invoking command in '/home/lucas-pc/RoboticArm/src/hand_pack': PYTHONPATH=/home/lucas-pc/RoboticArm/build/hand_pack/prefix_override:/usr/lib/python3/dist-packages/colcon_core/task/python/colcon_distutils_commands:/home/lucas-pc/RoboticArm/install/hand_pack/lib/python3.10/site-packages:${PYTHONPATH} /usr/bin/python3 -W ignore:setup.py install is deprecated -W ignore:easy_install command is deprecated setup.py egg_info --egg-base ../../build/hand_pack build --build-base /home/lucas-pc/RoboticArm/build/hand_pack/build install --record /home/lucas-pc/RoboticArm/build/hand_pack/install.log --single-version-externally-managed install_data
[1.347s] running egg_info
[1.348s] creating ../../build/hand_pack/hand_pack.egg-info
[1.348s] writing ../../build/hand_pack/hand_pack.egg-info/PKG-INFO
[1.348s] writing dependency_links to ../../build/hand_pack/hand_pack.egg-info/dependency_links.txt
[1.348s] writing entry points to ../../build/hand_pack/hand_pack.egg-info/entry_points.txt
[1.348s] writing requirements to ../../build/hand_pack/hand_pack.egg-info/requires.txt
[1.348s] writing top-level names to ../../build/hand_pack/hand_pack.egg-info/top_level.txt
[1.348s] writing manifest file '../../build/hand_pack/hand_pack.egg-info/SOURCES.txt'
[1.349s] reading manifest file '../../build/hand_pack/hand_pack.egg-info/SOURCES.txt'
[1.350s] writing manifest file '../../build/hand_pack/hand_pack.egg-info/SOURCES.txt'
[1.350s] running build
[1.350s] running build_py
[1.350s] creating /home/lucas-pc/RoboticArm/build/hand_pack/build
[1.350s] creating /home/lucas-pc/RoboticArm/build/hand_pack/build/lib
[1.350s] creating /home/lucas-pc/RoboticArm/build/hand_pack/build/lib/hand_pack
[1.350s] copying hand_pack/hand_node.py -> /home/lucas-pc/RoboticArm/build/hand_pack/build/lib/hand_pack
[1.350s] copying hand_pack/__init__.py -> /home/lucas-pc/RoboticArm/build/hand_pack/build/lib/hand_pack
[1.351s] running install
[1.351s] running install_lib
[1.351s] creating /home/lucas-pc/RoboticArm/install/hand_pack/lib/python3.10/site-packages/hand_pack
[1.351s] copying /home/lucas-pc/RoboticArm/build/hand_pack/build/lib/hand_pack/hand_node.py -> /home/lucas-pc/RoboticArm/install/hand_pack/lib/python3.10/site-packages/hand_pack
[1.351s] copying /home/lucas-pc/RoboticArm/build/hand_pack/build/lib/hand_pack/__init__.py -> /home/lucas-pc/RoboticArm/install/hand_pack/lib/python3.10/site-packages/hand_pack
[1.353s] byte-compiling /home/lucas-pc/RoboticArm/install/hand_pack/lib/python3.10/site-packages/hand_pack/hand_node.py to hand_node.cpython-310.pyc
[1.353s] byte-compiling /home/lucas-pc/RoboticArm/install/hand_pack/lib/python3.10/site-packages/hand_pack/__init__.py to __init__.cpython-310.pyc
[1.353s] running install_data
[1.353s] creating /home/lucas-pc/RoboticArm/install/hand_pack/share/ament_index
[1.353s] creating /home/lucas-pc/RoboticArm/install/hand_pack/share/ament_index/resource_index
[1.354s] creating /home/lucas-pc/RoboticArm/install/hand_pack/share/ament_index/resource_index/packages
[1.354s] copying resource/hand_pack -> /home/lucas-pc/RoboticArm/install/hand_pack/share/ament_index/resource_index/packages
[1.354s] copying package.xml -> /home/lucas-pc/RoboticArm/install/hand_pack/share/hand_pack
[1.354s] running install_egg_info
[1.356s] Copying ../../build/hand_pack/hand_pack.egg-info to /home/lucas-pc/RoboticArm/install/hand_pack/lib/python3.10/site-packages/hand_pack-0.0.0-py3.10.egg-info
[1.357s] running install_scripts
[1.386s] Installing hand_node script to /home/lucas-pc/RoboticArm/install/hand_pack/lib/hand_pack
[1.386s] writing list of installed files to '/home/lucas-pc/RoboticArm/build/hand_pack/install.log'
[1.402s] Invoked command in '/home/lucas-pc/RoboticArm/src/hand_pack' returned '0': PYTHONPATH=/home/lucas-pc/RoboticArm/build/hand_pack/prefix_override:/usr/lib/python3/dist-packages/colcon_core/task/python/colcon_distutils_commands:/home/lucas-pc/RoboticArm/install/hand_pack/lib/python3.10/site-packages:${PYTHONPATH} /usr/bin/python3 -W ignore:setup.py install is deprecated -W ignore:easy_install command is deprecated setup.py egg_info --egg-base ../../build/hand_pack build --build-base /home/lucas-pc/RoboticArm/build/hand_pack/build install --record /home/lucas-pc/RoboticArm/build/hand_pack/install.log --single-version-externally-managed install_data
