[1.064s] Invoking command in '/home/lucas-pc/RoboticArm/src/hand_pack': PS1=\[\033[01;32m\]\u@\h\[\033[00m\]:\[\033[01;34m\]\w\[\033[01;91m\]$(parse_git_branch)\[\033[00m\]$ PYTHONPATH=/home/lucas-pc/RoboticArm/build/hand_pack/prefix_override:/usr/lib/python3/dist-packages/colcon_core/task/python/colcon_distutils_commands:/home/lucas-pc/RoboticArm/install/hand_pack/lib/python3.10/site-packages:${PYTHONPATH} /usr/bin/python3 -W ignore:setup.py install is deprecated -W ignore:easy_install command is deprecated setup.py egg_info --egg-base ../../build/hand_pack build --build-base /home/lucas-pc/RoboticArm/build/hand_pack/build install --record /home/lucas-pc/RoboticArm/build/hand_pack/install.log --single-version-externally-managed install_data
[1.468s] running egg_info
[1.469s] writing ../../build/hand_pack/hand_pack.egg-info/PKG-INFO
[1.469s] writing dependency_links to ../../build/hand_pack/hand_pack.egg-info/dependency_links.txt
[1.469s] writing entry points to ../../build/hand_pack/hand_pack.egg-info/entry_points.txt
[1.469s] writing requirements to ../../build/hand_pack/hand_pack.egg-info/requires.txt
[1.469s] writing top-level names to ../../build/hand_pack/hand_pack.egg-info/top_level.txt
[1.470s] reading manifest file '../../build/hand_pack/hand_pack.egg-info/SOURCES.txt'
[1.471s] writing manifest file '../../build/hand_pack/hand_pack.egg-info/SOURCES.txt'
[1.471s] running build
[1.471s] running install
[1.471s] running install_data
[1.472s] running install_egg_info
[1.475s] removing '/home/lucas-pc/RoboticArm/install/hand_pack/lib/python3.10/site-packages/hand_pack-0.0.0-py3.10.egg-info' (and everything under it)
[1.475s] Copying ../../build/hand_pack/hand_pack.egg-info to /home/lucas-pc/RoboticArm/install/hand_pack/lib/python3.10/site-packages/hand_pack-0.0.0-py3.10.egg-info
[1.476s] running install_scripts
[1.506s] Installing hand_controller script to /home/lucas-pc/RoboticArm/install/hand_pack/lib/hand_pack
[1.506s] Installing hand_node script to /home/lucas-pc/RoboticArm/install/hand_pack/lib/hand_pack
[1.507s] writing list of installed files to '/home/lucas-pc/RoboticArm/build/hand_pack/install.log'
[1.522s] Invoked command in '/home/lucas-pc/RoboticArm/src/hand_pack' returned '0': PS1=\[\033[01;32m\]\u@\h\[\033[00m\]:\[\033[01;34m\]\w\[\033[01;91m\]$(parse_git_branch)\[\033[00m\]$ PYTHONPATH=/home/lucas-pc/RoboticArm/build/hand_pack/prefix_override:/usr/lib/python3/dist-packages/colcon_core/task/python/colcon_distutils_commands:/home/lucas-pc/RoboticArm/install/hand_pack/lib/python3.10/site-packages:${PYTHONPATH} /usr/bin/python3 -W ignore:setup.py install is deprecated -W ignore:easy_install command is deprecated setup.py egg_info --egg-base ../../build/hand_pack build --build-base /home/lucas-pc/RoboticArm/build/hand_pack/build install --record /home/lucas-pc/RoboticArm/build/hand_pack/install.log --single-version-externally-managed install_data
