[0.411s] Invoking command in '/home/biolab-linux/RoboticArm/build/hand_pack': PYTHONPATH=/home/biolab-linux/RoboticArm/build/hand_pack/prefix_override:/usr/lib/python3/dist-packages/colcon_core/task/python/colcon_distutils_commands:/home/biolab-linux/RoboticArm/install/hand_pack/lib/python3.10/site-packages:${PYTHONPATH} /usr/bin/python3 -W ignore:setup.py install is deprecated -W ignore:easy_install command is deprecated setup.py develop --editable --build-directory /home/biolab-linux/RoboticArm/build/hand_pack/build --no-deps symlink_data
[0.593s] running develop
[0.705s] running egg_info
[0.705s] creating hand_pack.egg-info
[0.705s] writing hand_pack.egg-info/PKG-INFO
[0.705s] writing dependency_links to hand_pack.egg-info/dependency_links.txt
[0.706s] writing entry points to hand_pack.egg-info/entry_points.txt
[0.706s] writing requirements to hand_pack.egg-info/requires.txt
[0.706s] writing top-level names to hand_pack.egg-info/top_level.txt
[0.706s] writing manifest file 'hand_pack.egg-info/SOURCES.txt'
[0.707s] reading manifest file 'hand_pack.egg-info/SOURCES.txt'
[0.707s] writing manifest file 'hand_pack.egg-info/SOURCES.txt'
[0.708s] running build_ext
[0.708s] Creating /home/biolab-linux/RoboticArm/install/hand_pack/lib/python3.10/site-packages/hand-pack.egg-link (link to .)
[0.709s] Installing hand_node script to /home/biolab-linux/RoboticArm/install/hand_pack/lib/hand_pack
[0.709s] 
[0.709s] Installed /home/biolab-linux/RoboticArm/build/hand_pack
[0.709s] running symlink_data
[0.709s] creating /home/biolab-linux/RoboticArm/install/hand_pack/share/ament_index
[0.709s] creating /home/biolab-linux/RoboticArm/install/hand_pack/share/ament_index/resource_index
[0.710s] creating /home/biolab-linux/RoboticArm/install/hand_pack/share/ament_index/resource_index/packages
[0.710s] symbolically linking /home/biolab-linux/RoboticArm/build/hand_pack/resource/hand_pack -> /home/biolab-linux/RoboticArm/install/hand_pack/share/ament_index/resource_index/packages
[0.710s] symbolically linking /home/biolab-linux/RoboticArm/build/hand_pack/package.xml -> /home/biolab-linux/RoboticArm/install/hand_pack/share/hand_pack
[0.710s] creating /home/biolab-linux/RoboticArm/install/hand_pack/share/hand_pack/launch
[0.710s] symbolically linking /home/biolab-linux/RoboticArm/build/hand_pack/launch/display.launch.py -> /home/biolab-linux/RoboticArm/install/hand_pack/share/hand_pack/launch
[0.710s] creating /home/biolab-linux/RoboticArm/install/hand_pack/share/hand_pack/urdf
[0.710s] symbolically linking /home/biolab-linux/RoboticArm/build/hand_pack/urdf/hj_hand_gazebo.xacro -> /home/biolab-linux/RoboticArm/install/hand_pack/share/hand_pack/urdf
[0.710s] symbolically linking /home/biolab-linux/RoboticArm/build/hand_pack/urdf/combined_robot.urdf.xacro -> /home/biolab-linux/RoboticArm/install/hand_pack/share/hand_pack/urdf
[0.710s] symbolically linking /home/biolab-linux/RoboticArm/build/hand_pack/urdf/hj_hand_world.urdf.xacro -> /home/biolab-linux/RoboticArm/install/hand_pack/share/hand_pack/urdf
[0.710s] symbolically linking /home/biolab-linux/RoboticArm/build/hand_pack/urdf/hj_hand_transmission.xacro -> /home/biolab-linux/RoboticArm/install/hand_pack/share/hand_pack/urdf
[0.710s] symbolically linking /home/biolab-linux/RoboticArm/build/hand_pack/urdf/hand.xacro -> /home/biolab-linux/RoboticArm/install/hand_pack/share/hand_pack/urdf
[0.711s] creating /home/biolab-linux/RoboticArm/install/hand_pack/share/hand_pack/urdf/mesh
[0.711s] symbolically linking /home/biolab-linux/RoboticArm/build/hand_pack/urdf/mesh/F03_AL_link_hand_wrist_part.stl -> /home/biolab-linux/RoboticArm/install/hand_pack/share/hand_pack/urdf/mesh
[0.711s] symbolically linking /home/biolab-linux/RoboticArm/build/hand_pack/urdf/mesh/F03_AL_link_DIP.stl -> /home/biolab-linux/RoboticArm/install/hand_pack/share/hand_pack/urdf/mesh
[0.711s] symbolically linking /home/biolab-linux/RoboticArm/build/hand_pack/urdf/mesh/F03_Finger_base.stl -> /home/biolab-linux/RoboticArm/install/hand_pack/share/hand_pack/urdf/mesh
[0.711s] symbolically linking /home/biolab-linux/RoboticArm/build/hand_pack/urdf/mesh/F01_AL_link_hand.stl -> /home/biolab-linux/RoboticArm/install/hand_pack/share/hand_pack/urdf/mesh
[0.711s] symbolically linking /home/biolab-linux/RoboticArm/build/hand_pack/urdf/mesh/F01_AL_link_hand_down.stl -> /home/biolab-linux/RoboticArm/install/hand_pack/share/hand_pack/urdf/mesh
[0.711s] symbolically linking /home/biolab-linux/RoboticArm/build/hand_pack/urdf/mesh/F03_Thumb_joint.stl -> /home/biolab-linux/RoboticArm/install/hand_pack/share/hand_pack/urdf/mesh
[0.711s] symbolically linking /home/biolab-linux/RoboticArm/build/hand_pack/urdf/mesh/F03_AL_palm.stl -> /home/biolab-linux/RoboticArm/install/hand_pack/share/hand_pack/urdf/mesh
[0.711s] symbolically linking /home/biolab-linux/RoboticArm/build/hand_pack/urdf/mesh/F03_Thumb_base.stl -> /home/biolab-linux/RoboticArm/install/hand_pack/share/hand_pack/urdf/mesh
[0.711s] symbolically linking /home/biolab-linux/RoboticArm/build/hand_pack/urdf/mesh/F03_AL_link_PIP.stl -> /home/biolab-linux/RoboticArm/install/hand_pack/share/hand_pack/urdf/mesh
[0.711s] symbolically linking /home/biolab-linux/RoboticArm/build/hand_pack/urdf/mesh/F03_AL_link_MCP.stl -> /home/biolab-linux/RoboticArm/install/hand_pack/share/hand_pack/urdf/mesh
[0.732s] Invoked command in '/home/biolab-linux/RoboticArm/build/hand_pack' returned '0': PYTHONPATH=/home/biolab-linux/RoboticArm/build/hand_pack/prefix_override:/usr/lib/python3/dist-packages/colcon_core/task/python/colcon_distutils_commands:/home/biolab-linux/RoboticArm/install/hand_pack/lib/python3.10/site-packages:${PYTHONPATH} /usr/bin/python3 -W ignore:setup.py install is deprecated -W ignore:easy_install command is deprecated setup.py develop --editable --build-directory /home/biolab-linux/RoboticArm/build/hand_pack/build --no-deps symlink_data
