[1.005s] Invoking command in '/home/lucas-pc/RoboticArm/src/hand_pack': PS1=\[\033[01;32m\]\u@\h\[\033[00m\]:\[\033[01;34m\]\w\[\033[01;91m\]$(parse_git_branch)\[\033[00m\]$ PYTHONPATH=/home/lucas-pc/RoboticArm/build/hand_pack/prefix_override:/usr/lib/python3/dist-packages/colcon_core/task/python/colcon_distutils_commands:/home/lucas-pc/RoboticArm/install/hand_pack/lib/python3.10/site-packages:${PYTHONPATH} /usr/bin/python3 -W ignore:setup.py install is deprecated -W ignore:easy_install command is deprecated setup.py egg_info --egg-base ../../build/hand_pack build --build-base /home/lucas-pc/RoboticArm/build/hand_pack/build install --record /home/lucas-pc/RoboticArm/build/hand_pack/install.log --single-version-externally-managed install_data
[1.399s] running egg_info
[1.399s] writing ../../build/hand_pack/hand_pack.egg-info/PKG-INFO
[1.399s] writing dependency_links to ../../build/hand_pack/hand_pack.egg-info/dependency_links.txt
[1.400s] writing entry points to ../../build/hand_pack/hand_pack.egg-info/entry_points.txt
[1.400s] writing requirements to ../../build/hand_pack/hand_pack.egg-info/requires.txt
[1.400s] writing top-level names to ../../build/hand_pack/hand_pack.egg-info/top_level.txt
[1.401s] reading manifest file '../../build/hand_pack/hand_pack.egg-info/SOURCES.txt'
[1.402s] writing manifest file '../../build/hand_pack/hand_pack.egg-info/SOURCES.txt'
[1.402s] running build
[1.402s] running build_py
[1.402s] running install
[1.403s] running install_lib
[1.405s] running install_data
[1.405s] copying urdf/linear_meshes/right_base_link.STL -> /home/lucas-pc/RoboticArm/install/hand_pack/share/hand_pack/urdf/meshes
[1.408s] copying urdf/linear_meshes/right_middle_link.STL -> /home/lucas-pc/RoboticArm/install/hand_pack/share/hand_pack/urdf/meshes
[1.408s] copying urdf/linear_meshes/right_middle_follower.STL -> /home/lucas-pc/RoboticArm/install/hand_pack/share/hand_pack/urdf/meshes
[1.408s] copying urdf/linear_meshes/right_thumb_link.STL -> /home/lucas-pc/RoboticArm/install/hand_pack/share/hand_pack/urdf/meshes
[1.409s] copying urdf/linear_meshes/right_thumb_distal.STL -> /home/lucas-pc/RoboticArm/install/hand_pack/share/hand_pack/urdf/meshes
[1.410s] copying urdf/linear_meshes/right_ring_follower.STL -> /home/lucas-pc/RoboticArm/install/hand_pack/share/hand_pack/urdf/meshes
[1.410s] copying urdf/linear_meshes/right_ring_distal.STL -> /home/lucas-pc/RoboticArm/install/hand_pack/share/hand_pack/urdf/meshes
[1.412s] copying urdf/linear_meshes/right_little_link.STL -> /home/lucas-pc/RoboticArm/install/hand_pack/share/hand_pack/urdf/meshes
[1.412s] copying urdf/linear_meshes/right_index_follower.STL -> /home/lucas-pc/RoboticArm/install/hand_pack/share/hand_pack/urdf/meshes
[1.412s] copying urdf/linear_meshes/right_index_proximal.STL -> /home/lucas-pc/RoboticArm/install/hand_pack/share/hand_pack/urdf/meshes
[1.413s] copying urdf/linear_meshes/right_ring_proximal.STL -> /home/lucas-pc/RoboticArm/install/hand_pack/share/hand_pack/urdf/meshes
[1.414s] copying urdf/linear_meshes/right_ring_knuckle.STL -> /home/lucas-pc/RoboticArm/install/hand_pack/share/hand_pack/urdf/meshes
[1.414s] copying urdf/linear_meshes/right_index_knuckle.STL -> /home/lucas-pc/RoboticArm/install/hand_pack/share/hand_pack/urdf/meshes
[1.415s] copying urdf/linear_meshes/right_middle_distal.STL -> /home/lucas-pc/RoboticArm/install/hand_pack/share/hand_pack/urdf/meshes
[1.416s] copying urdf/linear_meshes/right_little_knuckle.STL -> /home/lucas-pc/RoboticArm/install/hand_pack/share/hand_pack/urdf/meshes
[1.417s] copying urdf/linear_meshes/right_thumb_chassis.STL -> /home/lucas-pc/RoboticArm/install/hand_pack/share/hand_pack/urdf/meshes
[1.417s] copying urdf/linear_meshes/right_index_distal.STL -> /home/lucas-pc/RoboticArm/install/hand_pack/share/hand_pack/urdf/meshes
[1.418s] copying urdf/linear_meshes/right_ring_link.STL -> /home/lucas-pc/RoboticArm/install/hand_pack/share/hand_pack/urdf/meshes
[1.419s] copying urdf/linear_meshes/right_little_follower.STL -> /home/lucas-pc/RoboticArm/install/hand_pack/share/hand_pack/urdf/meshes
[1.419s] copying urdf/linear_meshes/right_lisa.STL -> /home/lucas-pc/RoboticArm/install/hand_pack/share/hand_pack/urdf/meshes
[1.419s] copying urdf/linear_meshes/right_thumb_follower.STL -> /home/lucas-pc/RoboticArm/install/hand_pack/share/hand_pack/urdf/meshes
[1.419s] copying urdf/linear_meshes/right_little_proximal.STL -> /home/lucas-pc/RoboticArm/install/hand_pack/share/hand_pack/urdf/meshes
[1.420s] copying urdf/linear_meshes/right_thumb_proximal.STL -> /home/lucas-pc/RoboticArm/install/hand_pack/share/hand_pack/urdf/meshes
[1.421s] copying urdf/linear_meshes/right_middle_proximal.STL -> /home/lucas-pc/RoboticArm/install/hand_pack/share/hand_pack/urdf/meshes
[1.421s] copying urdf/linear_meshes/right_middle_knuckle.STL -> /home/lucas-pc/RoboticArm/install/hand_pack/share/hand_pack/urdf/meshes
[1.422s] copying urdf/linear_meshes/right_index_link.STL -> /home/lucas-pc/RoboticArm/install/hand_pack/share/hand_pack/urdf/meshes
[1.422s] copying urdf/linear_meshes/right_little_distal.STL -> /home/lucas-pc/RoboticArm/install/hand_pack/share/hand_pack/urdf/meshes
[1.423s] running install_egg_info
[1.426s] removing '/home/lucas-pc/RoboticArm/install/hand_pack/lib/python3.10/site-packages/hand_pack-0.0.0-py3.10.egg-info' (and everything under it)
[1.427s] Copying ../../build/hand_pack/hand_pack.egg-info to /home/lucas-pc/RoboticArm/install/hand_pack/lib/python3.10/site-packages/hand_pack-0.0.0-py3.10.egg-info
[1.427s] running install_scripts
[1.458s] Installing hand_node script to /home/lucas-pc/RoboticArm/install/hand_pack/lib/hand_pack
[1.458s] writing list of installed files to '/home/lucas-pc/RoboticArm/build/hand_pack/install.log'
[1.473s] Invoked command in '/home/lucas-pc/RoboticArm/src/hand_pack' returned '0': PS1=\[\033[01;32m\]\u@\h\[\033[00m\]:\[\033[01;34m\]\w\[\033[01;91m\]$(parse_git_branch)\[\033[00m\]$ PYTHONPATH=/home/lucas-pc/RoboticArm/build/hand_pack/prefix_override:/usr/lib/python3/dist-packages/colcon_core/task/python/colcon_distutils_commands:/home/lucas-pc/RoboticArm/install/hand_pack/lib/python3.10/site-packages:${PYTHONPATH} /usr/bin/python3 -W ignore:setup.py install is deprecated -W ignore:easy_install command is deprecated setup.py egg_info --egg-base ../../build/hand_pack build --build-base /home/lucas-pc/RoboticArm/build/hand_pack/build install --record /home/lucas-pc/RoboticArm/build/hand_pack/install.log --single-version-externally-managed install_data
