[0.184s] DEBUG:colcon:Command line arguments: ['/usr/bin/colcon', 'build']
[0.184s] DEBUG:colcon:Parsed command line arguments: Namespace(log_base=None, log_level=None, verb_name='build', build_base='build', install_base='install', merge_install=False, symlink_install=False, test_result_base=None, continue_on_error=False, executor='parallel', parallel_workers=12, event_handlers=None, ignore_user_meta=False, metas=['./colcon.meta'], base_paths=['.'], packages_ignore=None, packages_ignore_regex=None, paths=None, packages_up_to=None, packages_up_to_regex=None, packages_above=None, packages_above_and_dependencies=None, packages_above_depth=None, packages_select_by_dep=None, packages_skip_by_dep=None, packages_skip_up_to=None, packages_select_build_failed=False, packages_skip_build_finished=False, packages_select_test_failures=False, packages_skip_test_passed=False, packages_select=None, packages_skip=None, packages_select_regex=None, packages_skip_regex=None, packages_start=None, packages_end=None, allow_overriding=[], cmake_args=None, cmake_target=None, cmake_target_skip_unavailable=False, cmake_clean_cache=False, cmake_clean_first=False, cmake_force_configure=False, ament_cmake_args=None, catkin_cmake_args=None, catkin_skip_building_tests=False, mixin_files=None, mixin=None, verb_parser=<colcon_mixin.mixin.mixin_argument.MixinArgumentDecorator object at 0x7c9c39b69a50>, verb_extension=<colcon_core.verb.build.BuildVerb object at 0x7c9c39b694b0>, main=<bound method BuildVerb.main of <colcon_core.verb.build.BuildVerb object at 0x7c9c39b694b0>>, mixin_verb=('build',))
[0.364s] Level 1:colcon.colcon_core.package_discovery:discover_packages(colcon_meta) check parameters
[0.365s] Level 1:colcon.colcon_core.package_discovery:discover_packages(recursive) check parameters
[0.365s] Level 1:colcon.colcon_core.package_discovery:discover_packages(ignore) check parameters
[0.365s] Level 1:colcon.colcon_core.package_discovery:discover_packages(path) check parameters
[0.365s] Level 1:colcon.colcon_core.package_discovery:discover_packages(colcon_meta) discover
[0.365s] Level 1:colcon.colcon_core.package_discovery:discover_packages(recursive) discover
[0.365s] INFO:colcon.colcon_core.package_discovery:Crawling recursively for packages in '/home/biolab-linux/RoboticArm'
[0.365s] Level 1:colcon.colcon_core.package_identification:_identify(.) by extensions ['ignore', 'ignore_ament_install']
[0.365s] Level 1:colcon.colcon_core.package_identification:_identify(.) by extension 'ignore'
[0.365s] Level 1:colcon.colcon_core.package_identification:_identify(.) by extension 'ignore_ament_install'
[0.365s] Level 1:colcon.colcon_core.package_identification:_identify(.) by extensions ['colcon_pkg']
[0.365s] Level 1:colcon.colcon_core.package_identification:_identify(.) by extension 'colcon_pkg'
[0.365s] Level 1:colcon.colcon_core.package_identification:_identify(.) by extensions ['colcon_meta']
[0.365s] Level 1:colcon.colcon_core.package_identification:_identify(.) by extension 'colcon_meta'
[0.365s] Level 1:colcon.colcon_core.package_identification:_identify(.) by extensions ['ros']
[0.365s] Level 1:colcon.colcon_core.package_identification:_identify(.) by extension 'ros'
[0.373s] Level 1:colcon.colcon_core.package_identification:_identify(.) by extensions ['cmake', 'python']
[0.373s] Level 1:colcon.colcon_core.package_identification:_identify(.) by extension 'cmake'
[0.373s] Level 1:colcon.colcon_core.package_identification:_identify(.) by extension 'python'
[0.374s] Level 1:colcon.colcon_core.package_identification:_identify(.) by extensions ['python_setup_py']
[0.374s] Level 1:colcon.colcon_core.package_identification:_identify(.) by extension 'python_setup_py'
[0.374s] Level 1:colcon.colcon_core.package_identification:_identify(TCC) by extensions ['ignore', 'ignore_ament_install']
[0.374s] Level 1:colcon.colcon_core.package_identification:_identify(TCC) by extension 'ignore'
[0.374s] Level 1:colcon.colcon_core.package_identification:_identify(TCC) by extension 'ignore_ament_install'
[0.374s] Level 1:colcon.colcon_core.package_identification:_identify(TCC) by extensions ['colcon_pkg']
[0.374s] Level 1:colcon.colcon_core.package_identification:_identify(TCC) by extension 'colcon_pkg'
[0.374s] Level 1:colcon.colcon_core.package_identification:_identify(TCC) by extensions ['colcon_meta']
[0.374s] Level 1:colcon.colcon_core.package_identification:_identify(TCC) by extension 'colcon_meta'
[0.374s] Level 1:colcon.colcon_core.package_identification:_identify(TCC) by extensions ['ros']
[0.374s] Level 1:colcon.colcon_core.package_identification:_identify(TCC) by extension 'ros'
[0.374s] Level 1:colcon.colcon_core.package_identification:_identify(TCC) by extensions ['cmake', 'python']
[0.374s] Level 1:colcon.colcon_core.package_identification:_identify(TCC) by extension 'cmake'
[0.374s] Level 1:colcon.colcon_core.package_identification:_identify(TCC) by extension 'python'
[0.374s] Level 1:colcon.colcon_core.package_identification:_identify(TCC) by extensions ['python_setup_py']
[0.374s] Level 1:colcon.colcon_core.package_identification:_identify(TCC) by extension 'python_setup_py'
[0.374s] Level 1:colcon.colcon_core.package_identification:_identify(TCC/Referências) by extensions ['ignore', 'ignore_ament_install']
[0.374s] Level 1:colcon.colcon_core.package_identification:_identify(TCC/Referências) by extension 'ignore'
[0.374s] Level 1:colcon.colcon_core.package_identification:_identify(TCC/Referências) by extension 'ignore_ament_install'
[0.375s] Level 1:colcon.colcon_core.package_identification:_identify(TCC/Referências) by extensions ['colcon_pkg']
[0.375s] Level 1:colcon.colcon_core.package_identification:_identify(TCC/Referências) by extension 'colcon_pkg'
[0.375s] Level 1:colcon.colcon_core.package_identification:_identify(TCC/Referências) by extensions ['colcon_meta']
[0.375s] Level 1:colcon.colcon_core.package_identification:_identify(TCC/Referências) by extension 'colcon_meta'
[0.375s] Level 1:colcon.colcon_core.package_identification:_identify(TCC/Referências) by extensions ['ros']
[0.375s] Level 1:colcon.colcon_core.package_identification:_identify(TCC/Referências) by extension 'ros'
[0.375s] Level 1:colcon.colcon_core.package_identification:_identify(TCC/Referências) by extensions ['cmake', 'python']
[0.375s] Level 1:colcon.colcon_core.package_identification:_identify(TCC/Referências) by extension 'cmake'
[0.375s] Level 1:colcon.colcon_core.package_identification:_identify(TCC/Referências) by extension 'python'
[0.375s] Level 1:colcon.colcon_core.package_identification:_identify(TCC/Referências) by extensions ['python_setup_py']
[0.375s] Level 1:colcon.colcon_core.package_identification:_identify(TCC/Referências) by extension 'python_setup_py'
[0.375s] Level 1:colcon.colcon_core.package_identification:_identify(build) by extensions ['ignore', 'ignore_ament_install']
[0.375s] Level 1:colcon.colcon_core.package_identification:_identify(build) by extension 'ignore'
[0.375s] Level 1:colcon.colcon_core.package_identification:_identify(build) ignored
[0.375s] Level 1:colcon.colcon_core.package_identification:_identify(install) by extensions ['ignore', 'ignore_ament_install']
[0.375s] Level 1:colcon.colcon_core.package_identification:_identify(install) by extension 'ignore'
[0.375s] Level 1:colcon.colcon_core.package_identification:_identify(install) ignored
[0.375s] Level 1:colcon.colcon_core.package_identification:_identify(log) by extensions ['ignore', 'ignore_ament_install']
[0.375s] Level 1:colcon.colcon_core.package_identification:_identify(log) by extension 'ignore'
[0.375s] Level 1:colcon.colcon_core.package_identification:_identify(log) ignored
[0.376s] Level 1:colcon.colcon_core.package_identification:_identify(src) by extensions ['ignore', 'ignore_ament_install']
[0.376s] Level 1:colcon.colcon_core.package_identification:_identify(src) by extension 'ignore'
[0.376s] Level 1:colcon.colcon_core.package_identification:_identify(src) by extension 'ignore_ament_install'
[0.376s] Level 1:colcon.colcon_core.package_identification:_identify(src) by extensions ['colcon_pkg']
[0.376s] Level 1:colcon.colcon_core.package_identification:_identify(src) by extension 'colcon_pkg'
[0.376s] Level 1:colcon.colcon_core.package_identification:_identify(src) by extensions ['colcon_meta']
[0.376s] Level 1:colcon.colcon_core.package_identification:_identify(src) by extension 'colcon_meta'
[0.376s] Level 1:colcon.colcon_core.package_identification:_identify(src) by extensions ['ros']
[0.376s] Level 1:colcon.colcon_core.package_identification:_identify(src) by extension 'ros'
[0.376s] Level 1:colcon.colcon_core.package_identification:_identify(src) by extensions ['cmake', 'python']
[0.376s] Level 1:colcon.colcon_core.package_identification:_identify(src) by extension 'cmake'
[0.376s] Level 1:colcon.colcon_core.package_identification:_identify(src) by extension 'python'
[0.376s] Level 1:colcon.colcon_core.package_identification:_identify(src) by extensions ['python_setup_py']
[0.376s] Level 1:colcon.colcon_core.package_identification:_identify(src) by extension 'python_setup_py'
[0.376s] Level 1:colcon.colcon_core.package_identification:_identify(src/build) by extensions ['ignore', 'ignore_ament_install']
[0.377s] Level 1:colcon.colcon_core.package_identification:_identify(src/build) by extension 'ignore'
[0.377s] Level 1:colcon.colcon_core.package_identification:_identify(src/build) ignored
[0.377s] Level 1:colcon.colcon_core.package_identification:_identify(src/hand_pack) by extensions ['ignore', 'ignore_ament_install']
[0.377s] Level 1:colcon.colcon_core.package_identification:_identify(src/hand_pack) by extension 'ignore'
[0.377s] Level 1:colcon.colcon_core.package_identification:_identify(src/hand_pack) by extension 'ignore_ament_install'
[0.377s] Level 1:colcon.colcon_core.package_identification:_identify(src/hand_pack) by extensions ['colcon_pkg']
[0.377s] Level 1:colcon.colcon_core.package_identification:_identify(src/hand_pack) by extension 'colcon_pkg'
[0.377s] Level 1:colcon.colcon_core.package_identification:_identify(src/hand_pack) by extensions ['colcon_meta']
[0.377s] Level 1:colcon.colcon_core.package_identification:_identify(src/hand_pack) by extension 'colcon_meta'
[0.377s] Level 1:colcon.colcon_core.package_identification:_identify(src/hand_pack) by extensions ['ros']
[0.377s] Level 1:colcon.colcon_core.package_identification:_identify(src/hand_pack) by extension 'ros'
[0.379s] DEBUG:colcon.colcon_core.package_identification:Package 'src/hand_pack' with type 'ros.ament_python' and name 'hand_pack'
[0.379s] Level 1:colcon.colcon_core.package_identification:_identify(src/install) by extensions ['ignore', 'ignore_ament_install']
[0.379s] Level 1:colcon.colcon_core.package_identification:_identify(src/install) by extension 'ignore'
[0.379s] Level 1:colcon.colcon_core.package_identification:_identify(src/install) ignored
[0.380s] Level 1:colcon.colcon_core.package_identification:_identify(src/log) by extensions ['ignore', 'ignore_ament_install']
[0.380s] Level 1:colcon.colcon_core.package_identification:_identify(src/log) by extension 'ignore'
[0.380s] Level 1:colcon.colcon_core.package_identification:_identify(src/log) ignored
[0.380s] Level 1:colcon.colcon_core.package_identification:_identify(src/ur_description) by extensions ['ignore', 'ignore_ament_install']
[0.380s] Level 1:colcon.colcon_core.package_identification:_identify(src/ur_description) by extension 'ignore'
[0.380s] Level 1:colcon.colcon_core.package_identification:_identify(src/ur_description) by extension 'ignore_ament_install'
[0.380s] Level 1:colcon.colcon_core.package_identification:_identify(src/ur_description) by extensions ['colcon_pkg']
[0.380s] Level 1:colcon.colcon_core.package_identification:_identify(src/ur_description) by extension 'colcon_pkg'
[0.380s] Level 1:colcon.colcon_core.package_identification:_identify(src/ur_description) by extensions ['colcon_meta']
[0.380s] Level 1:colcon.colcon_core.package_identification:_identify(src/ur_description) by extension 'colcon_meta'
[0.380s] Level 1:colcon.colcon_core.package_identification:_identify(src/ur_description) by extensions ['ros']
[0.380s] Level 1:colcon.colcon_core.package_identification:_identify(src/ur_description) by extension 'ros'
[0.381s] DEBUG:colcon.colcon_core.package_identification:Package 'src/ur_description' with type 'ros.ament_cmake' and name 'ur_description'
[0.381s] Level 1:colcon.colcon_core.package_discovery:discover_packages(recursive) using defaults
[0.381s] Level 1:colcon.colcon_core.package_discovery:discover_packages(ignore) discover
[0.381s] Level 1:colcon.colcon_core.package_discovery:discover_packages(ignore) using defaults
[0.381s] Level 1:colcon.colcon_core.package_discovery:discover_packages(path) discover
[0.381s] Level 1:colcon.colcon_core.package_discovery:discover_packages(path) using defaults
[0.407s] Level 1:colcon.colcon_core.package_discovery:discover_packages(prefix_path) check parameters
[0.408s] Level 1:colcon.colcon_core.package_discovery:discover_packages(prefix_path) discover
[0.410s] DEBUG:colcon.colcon_installed_package_information.package_discovery:Found 311 installed packages in /opt/ros/humble
[0.411s] Level 1:colcon.colcon_core.package_discovery:discover_packages(prefix_path) using defaults
[0.440s] Level 5:colcon.colcon_core.verb:set package 'hand_pack' build argument 'cmake_args' from command line to 'None'
[0.440s] Level 5:colcon.colcon_core.verb:set package 'hand_pack' build argument 'cmake_target' from command line to 'None'
[0.440s] Level 5:colcon.colcon_core.verb:set package 'hand_pack' build argument 'cmake_target_skip_unavailable' from command line to 'False'
[0.440s] Level 5:colcon.colcon_core.verb:set package 'hand_pack' build argument 'cmake_clean_cache' from command line to 'False'
[0.440s] Level 5:colcon.colcon_core.verb:set package 'hand_pack' build argument 'cmake_clean_first' from command line to 'False'
[0.440s] Level 5:colcon.colcon_core.verb:set package 'hand_pack' build argument 'cmake_force_configure' from command line to 'False'
[0.440s] Level 5:colcon.colcon_core.verb:set package 'hand_pack' build argument 'ament_cmake_args' from command line to 'None'
[0.440s] Level 5:colcon.colcon_core.verb:set package 'hand_pack' build argument 'catkin_cmake_args' from command line to 'None'
[0.440s] Level 5:colcon.colcon_core.verb:set package 'hand_pack' build argument 'catkin_skip_building_tests' from command line to 'False'
[0.440s] DEBUG:colcon.colcon_core.verb:Building package 'hand_pack' with the following arguments: {'ament_cmake_args': None, 'build_base': '/home/biolab-linux/RoboticArm/build/hand_pack', 'catkin_cmake_args': None, 'catkin_skip_building_tests': False, 'cmake_args': None, 'cmake_clean_cache': False, 'cmake_clean_first': False, 'cmake_force_configure': False, 'cmake_target': None, 'cmake_target_skip_unavailable': False, 'install_base': '/home/biolab-linux/RoboticArm/install/hand_pack', 'merge_install': False, 'path': '/home/biolab-linux/RoboticArm/src/hand_pack', 'symlink_install': False, 'test_result_base': None}
[0.441s] Level 5:colcon.colcon_core.verb:set package 'ur_description' build argument 'cmake_args' from command line to 'None'
[0.441s] Level 5:colcon.colcon_core.verb:set package 'ur_description' build argument 'cmake_target' from command line to 'None'
[0.441s] Level 5:colcon.colcon_core.verb:set package 'ur_description' build argument 'cmake_target_skip_unavailable' from command line to 'False'
[0.441s] Level 5:colcon.colcon_core.verb:set package 'ur_description' build argument 'cmake_clean_cache' from command line to 'False'
[0.441s] Level 5:colcon.colcon_core.verb:set package 'ur_description' build argument 'cmake_clean_first' from command line to 'False'
[0.441s] Level 5:colcon.colcon_core.verb:set package 'ur_description' build argument 'cmake_force_configure' from command line to 'False'
[0.441s] Level 5:colcon.colcon_core.verb:set package 'ur_description' build argument 'ament_cmake_args' from command line to 'None'
[0.441s] Level 5:colcon.colcon_core.verb:set package 'ur_description' build argument 'catkin_cmake_args' from command line to 'None'
[0.441s] Level 5:colcon.colcon_core.verb:set package 'ur_description' build argument 'catkin_skip_building_tests' from command line to 'False'
[0.441s] DEBUG:colcon.colcon_core.verb:Building package 'ur_description' with the following arguments: {'ament_cmake_args': None, 'build_base': '/home/biolab-linux/RoboticArm/build/ur_description', 'catkin_cmake_args': None, 'catkin_skip_building_tests': False, 'cmake_args': None, 'cmake_clean_cache': False, 'cmake_clean_first': False, 'cmake_force_configure': False, 'cmake_target': None, 'cmake_target_skip_unavailable': False, 'install_base': '/home/biolab-linux/RoboticArm/install/ur_description', 'merge_install': False, 'path': '/home/biolab-linux/RoboticArm/src/ur_description', 'symlink_install': False, 'test_result_base': None}
[0.441s] INFO:colcon.colcon_core.executor:Executing jobs using 'parallel' executor
[0.442s] DEBUG:colcon.colcon_parallel_executor.executor.parallel:run_until_complete
[0.442s] INFO:colcon.colcon_ros.task.ament_python.build:Building ROS package in '/home/biolab-linux/RoboticArm/src/hand_pack' with build type 'ament_python'
[0.442s] Level 1:colcon.colcon_core.shell:create_environment_hook('hand_pack', 'ament_prefix_path')
[0.445s] INFO:colcon.colcon_core.plugin_system:Skipping extension 'colcon_core.shell.bat': Not used on non-Windows systems
[0.445s] INFO:colcon.colcon_core.shell:Creating environment hook '/home/biolab-linux/RoboticArm/install/hand_pack/share/hand_pack/hook/ament_prefix_path.ps1'
[0.446s] INFO:colcon.colcon_core.shell:Creating environment descriptor '/home/biolab-linux/RoboticArm/install/hand_pack/share/hand_pack/hook/ament_prefix_path.dsv'
[0.447s] INFO:colcon.colcon_core.shell:Creating environment hook '/home/biolab-linux/RoboticArm/install/hand_pack/share/hand_pack/hook/ament_prefix_path.sh'
[0.448s] INFO:colcon.colcon_core.shell:Skip shell extension 'powershell' for command environment: Not usable outside of PowerShell
[0.448s] DEBUG:colcon.colcon_core.shell:Skip shell extension 'dsv' for command environment
[0.450s] INFO:colcon.colcon_ros.task.ament_cmake.build:Building ROS package in '/home/biolab-linux/RoboticArm/src/ur_description' with build type 'ament_cmake'
[0.450s] INFO:colcon.colcon_cmake.task.cmake.build:Building CMake package in '/home/biolab-linux/RoboticArm/src/ur_description'
[0.451s] INFO:colcon.colcon_core.shell:Skip shell extension 'powershell' for command environment: Not usable outside of PowerShell
[0.451s] DEBUG:colcon.colcon_core.shell:Skip shell extension 'dsv' for command environment
[0.646s] INFO:colcon.colcon_core.task.python.build:Building Python package in '/home/biolab-linux/RoboticArm/src/hand_pack'
[0.647s] INFO:colcon.colcon_core.shell:Skip shell extension 'powershell' for command environment: Not usable outside of PowerShell
[0.647s] DEBUG:colcon.colcon_core.shell:Skip shell extension 'dsv' for command environment
[0.652s] DEBUG:colcon.colcon_core.event_handler.log_command:Invoking command in '/home/biolab-linux/RoboticArm/build/ur_description': CMAKE_PREFIX_PATH=/opt/ros/humble /usr/bin/cmake --build /home/biolab-linux/RoboticArm/build/ur_description -- -j12 -l12
[0.689s] DEBUG:colcon.colcon_core.event_handler.log_command:Invoked command in '/home/biolab-linux/RoboticArm/build/ur_description' returned '0': CMAKE_PREFIX_PATH=/opt/ros/humble /usr/bin/cmake --build /home/biolab-linux/RoboticArm/build/ur_description -- -j12 -l12
[0.693s] DEBUG:colcon.colcon_core.event_handler.log_command:Invoking command in '/home/biolab-linux/RoboticArm/build/ur_description': CMAKE_PREFIX_PATH=/opt/ros/humble /usr/bin/cmake --install /home/biolab-linux/RoboticArm/build/ur_description
[0.733s] Level 1:colcon.colcon_core.environment:create_environment_scripts_only(ur_description)
[0.733s] DEBUG:colcon.colcon_core.event_handler.log_command:Invoked command in '/home/biolab-linux/RoboticArm/build/ur_description' returned '0': CMAKE_PREFIX_PATH=/opt/ros/humble /usr/bin/cmake --install /home/biolab-linux/RoboticArm/build/ur_description
[0.738s] Level 1:colcon.colcon_core.environment:checking '/home/biolab-linux/RoboticArm/install/ur_description' for CMake module files
[0.738s] Level 1:colcon.colcon_core.environment:checking '/home/biolab-linux/RoboticArm/install/ur_description' for CMake config files
[0.740s] Level 1:colcon.colcon_core.shell:create_environment_hook('ur_description', 'cmake_prefix_path')
[0.740s] INFO:colcon.colcon_core.shell:Creating environment hook '/home/biolab-linux/RoboticArm/install/ur_description/share/ur_description/hook/cmake_prefix_path.ps1'
[0.741s] INFO:colcon.colcon_core.shell:Creating environment descriptor '/home/biolab-linux/RoboticArm/install/ur_description/share/ur_description/hook/cmake_prefix_path.dsv'
[0.741s] INFO:colcon.colcon_core.shell:Creating environment hook '/home/biolab-linux/RoboticArm/install/ur_description/share/ur_description/hook/cmake_prefix_path.sh'
[0.742s] Level 1:colcon.colcon_core.environment:checking '/home/biolab-linux/RoboticArm/install/ur_description/bin'
[0.742s] Level 1:colcon.colcon_core.environment:checking '/home/biolab-linux/RoboticArm/install/ur_description/lib/pkgconfig/ur_description.pc'
[0.742s] Level 1:colcon.colcon_core.environment:checking '/home/biolab-linux/RoboticArm/install/ur_description/lib/python3.10/site-packages'
[0.743s] Level 1:colcon.colcon_core.environment:checking '/home/biolab-linux/RoboticArm/install/ur_description/bin'
[0.743s] INFO:colcon.colcon_core.shell:Creating package script '/home/biolab-linux/RoboticArm/install/ur_description/share/ur_description/package.ps1'
[0.744s] INFO:colcon.colcon_core.shell:Creating package descriptor '/home/biolab-linux/RoboticArm/install/ur_description/share/ur_description/package.dsv'
[0.745s] INFO:colcon.colcon_core.shell:Creating package script '/home/biolab-linux/RoboticArm/install/ur_description/share/ur_description/package.sh'
[0.746s] INFO:colcon.colcon_core.shell:Creating package script '/home/biolab-linux/RoboticArm/install/ur_description/share/ur_description/package.bash'
[0.746s] INFO:colcon.colcon_core.shell:Creating package script '/home/biolab-linux/RoboticArm/install/ur_description/share/ur_description/package.zsh'
[0.747s] Level 1:colcon.colcon_core.environment:create_file_with_runtime_dependencies(/home/biolab-linux/RoboticArm/install/ur_description/share/colcon-core/packages/ur_description)
[0.748s] Level 1:colcon.colcon_core.environment:create_environment_scripts_only(ur_description)
[0.748s] Level 1:colcon.colcon_core.environment:checking '/home/biolab-linux/RoboticArm/install/ur_description' for CMake module files
[0.748s] Level 1:colcon.colcon_core.environment:checking '/home/biolab-linux/RoboticArm/install/ur_description' for CMake config files
[0.749s] Level 1:colcon.colcon_core.shell:create_environment_hook('ur_description', 'cmake_prefix_path')
[0.749s] INFO:colcon.colcon_core.shell:Creating environment hook '/home/biolab-linux/RoboticArm/install/ur_description/share/ur_description/hook/cmake_prefix_path.ps1'
[0.749s] INFO:colcon.colcon_core.shell:Creating environment descriptor '/home/biolab-linux/RoboticArm/install/ur_description/share/ur_description/hook/cmake_prefix_path.dsv'
[0.750s] INFO:colcon.colcon_core.shell:Creating environment hook '/home/biolab-linux/RoboticArm/install/ur_description/share/ur_description/hook/cmake_prefix_path.sh'
[0.750s] Level 1:colcon.colcon_core.environment:checking '/home/biolab-linux/RoboticArm/install/ur_description/bin'
[0.750s] Level 1:colcon.colcon_core.environment:checking '/home/biolab-linux/RoboticArm/install/ur_description/lib/pkgconfig/ur_description.pc'
[0.750s] Level 1:colcon.colcon_core.environment:checking '/home/biolab-linux/RoboticArm/install/ur_description/lib/python3.10/site-packages'
[0.750s] Level 1:colcon.colcon_core.environment:checking '/home/biolab-linux/RoboticArm/install/ur_description/bin'
[0.750s] INFO:colcon.colcon_core.shell:Creating package script '/home/biolab-linux/RoboticArm/install/ur_description/share/ur_description/package.ps1'
[0.751s] INFO:colcon.colcon_core.shell:Creating package descriptor '/home/biolab-linux/RoboticArm/install/ur_description/share/ur_description/package.dsv'
[0.751s] INFO:colcon.colcon_core.shell:Creating package script '/home/biolab-linux/RoboticArm/install/ur_description/share/ur_description/package.sh'
[0.751s] INFO:colcon.colcon_core.shell:Creating package script '/home/biolab-linux/RoboticArm/install/ur_description/share/ur_description/package.bash'
[0.752s] INFO:colcon.colcon_core.shell:Creating package script '/home/biolab-linux/RoboticArm/install/ur_description/share/ur_description/package.zsh'
[0.752s] Level 1:colcon.colcon_core.environment:create_file_with_runtime_dependencies(/home/biolab-linux/RoboticArm/install/ur_description/share/colcon-core/packages/ur_description)
[0.983s] DEBUG:colcon.colcon_core.event_handler.log_command:Invoking command in '/home/biolab-linux/RoboticArm/src/hand_pack': PYTHONPATH=/home/biolab-linux/RoboticArm/build/hand_pack/prefix_override:/usr/lib/python3/dist-packages/colcon_core/task/python/colcon_distutils_commands:/home/biolab-linux/RoboticArm/install/hand_pack/lib/python3.10/site-packages:${PYTHONPATH} /usr/bin/python3 -W ignore:setup.py install is deprecated -W ignore:easy_install command is deprecated setup.py egg_info --egg-base ../../build/hand_pack build --build-base /home/biolab-linux/RoboticArm/build/hand_pack/build install --record /home/biolab-linux/RoboticArm/build/hand_pack/install.log --single-version-externally-managed install_data
[1.201s] Level 1:colcon.colcon_core.environment:checking '/home/biolab-linux/RoboticArm/install/hand_pack' for CMake module files
[1.201s] Level 1:colcon.colcon_core.environment:checking '/home/biolab-linux/RoboticArm/install/hand_pack' for CMake config files
[1.202s] DEBUG:colcon.colcon_core.event_handler.log_command:Invoked command in '/home/biolab-linux/RoboticArm/src/hand_pack' returned '0': PYTHONPATH=/home/biolab-linux/RoboticArm/build/hand_pack/prefix_override:/usr/lib/python3/dist-packages/colcon_core/task/python/colcon_distutils_commands:/home/biolab-linux/RoboticArm/install/hand_pack/lib/python3.10/site-packages:${PYTHONPATH} /usr/bin/python3 -W ignore:setup.py install is deprecated -W ignore:easy_install command is deprecated setup.py egg_info --egg-base ../../build/hand_pack build --build-base /home/biolab-linux/RoboticArm/build/hand_pack/build install --record /home/biolab-linux/RoboticArm/build/hand_pack/install.log --single-version-externally-managed install_data
[1.204s] Level 1:colcon.colcon_core.environment:checking '/home/biolab-linux/RoboticArm/install/hand_pack/lib'
[1.204s] Level 1:colcon.colcon_core.environment:checking '/home/biolab-linux/RoboticArm/install/hand_pack/bin'
[1.204s] Level 1:colcon.colcon_core.environment:checking '/home/biolab-linux/RoboticArm/install/hand_pack/lib/pkgconfig/hand_pack.pc'
[1.204s] Level 1:colcon.colcon_core.environment:checking '/home/biolab-linux/RoboticArm/install/hand_pack/lib/python3.10/site-packages'
[1.204s] Level 1:colcon.colcon_core.shell:create_environment_hook('hand_pack', 'pythonpath')
[1.204s] INFO:colcon.colcon_core.shell:Creating environment hook '/home/biolab-linux/RoboticArm/install/hand_pack/share/hand_pack/hook/pythonpath.ps1'
[1.205s] INFO:colcon.colcon_core.shell:Creating environment descriptor '/home/biolab-linux/RoboticArm/install/hand_pack/share/hand_pack/hook/pythonpath.dsv'
[1.205s] INFO:colcon.colcon_core.shell:Creating environment hook '/home/biolab-linux/RoboticArm/install/hand_pack/share/hand_pack/hook/pythonpath.sh'
[1.205s] Level 1:colcon.colcon_core.environment:checking '/home/biolab-linux/RoboticArm/install/hand_pack/bin'
[1.206s] Level 1:colcon.colcon_core.environment:create_environment_scripts_only(hand_pack)
[1.206s] INFO:colcon.colcon_core.shell:Creating package script '/home/biolab-linux/RoboticArm/install/hand_pack/share/hand_pack/package.ps1'
[1.206s] INFO:colcon.colcon_core.shell:Creating package descriptor '/home/biolab-linux/RoboticArm/install/hand_pack/share/hand_pack/package.dsv'
[1.206s] INFO:colcon.colcon_core.shell:Creating package script '/home/biolab-linux/RoboticArm/install/hand_pack/share/hand_pack/package.sh'
[1.207s] INFO:colcon.colcon_core.shell:Creating package script '/home/biolab-linux/RoboticArm/install/hand_pack/share/hand_pack/package.bash'
[1.207s] INFO:colcon.colcon_core.shell:Creating package script '/home/biolab-linux/RoboticArm/install/hand_pack/share/hand_pack/package.zsh'
[1.207s] Level 1:colcon.colcon_core.environment:create_file_with_runtime_dependencies(/home/biolab-linux/RoboticArm/install/hand_pack/share/colcon-core/packages/hand_pack)
[1.207s] DEBUG:colcon.colcon_parallel_executor.executor.parallel:closing loop
[1.208s] DEBUG:colcon.colcon_parallel_executor.executor.parallel:loop closed
[1.208s] DEBUG:colcon.colcon_parallel_executor.executor.parallel:run_until_complete finished with '0'
[1.208s] DEBUG:colcon.colcon_core.event_reactor:joining thread
[1.213s] INFO:colcon.colcon_core.plugin_system:Skipping extension 'colcon_notification.desktop_notification.terminal_notifier': Not used on non-Darwin systems
[1.213s] INFO:colcon.colcon_core.plugin_system:Skipping extension 'colcon_notification.desktop_notification.win32': Not used on non-Windows systems
[1.213s] INFO:colcon.colcon_notification.desktop_notification:Sending desktop notification using 'notify2'
[1.222s] DEBUG:colcon.colcon_core.event_reactor:joined thread
[1.222s] INFO:colcon.colcon_core.shell:Creating prefix script '/home/biolab-linux/RoboticArm/install/local_setup.ps1'
[1.223s] INFO:colcon.colcon_core.shell:Creating prefix util module '/home/biolab-linux/RoboticArm/install/_local_setup_util_ps1.py'
[1.225s] INFO:colcon.colcon_core.shell:Creating prefix chain script '/home/biolab-linux/RoboticArm/install/setup.ps1'
[1.226s] INFO:colcon.colcon_core.shell:Creating prefix script '/home/biolab-linux/RoboticArm/install/local_setup.sh'
[1.227s] INFO:colcon.colcon_core.shell:Creating prefix util module '/home/biolab-linux/RoboticArm/install/_local_setup_util_sh.py'
[1.227s] INFO:colcon.colcon_core.shell:Creating prefix chain script '/home/biolab-linux/RoboticArm/install/setup.sh'
[1.228s] INFO:colcon.colcon_core.shell:Creating prefix script '/home/biolab-linux/RoboticArm/install/local_setup.bash'
[1.229s] INFO:colcon.colcon_core.shell:Creating prefix chain script '/home/biolab-linux/RoboticArm/install/setup.bash'
[1.230s] INFO:colcon.colcon_core.shell:Creating prefix script '/home/biolab-linux/RoboticArm/install/local_setup.zsh'
[1.231s] INFO:colcon.colcon_core.shell:Creating prefix chain script '/home/biolab-linux/RoboticArm/install/setup.zsh'
