[0.177s] DEBUG:colcon:Command line arguments: ['/usr/bin/colcon', 'build', '--symlink-install']
[0.177s] DEBUG:colcon:Parsed command line arguments: Namespace(log_base=None, log_level=None, verb_name='build', build_base='build', install_base='install', merge_install=False, symlink_install=True, test_result_base=None, continue_on_error=False, executor='parallel', parallel_workers=24, event_handlers=None, ignore_user_meta=False, metas=['./colcon.meta'], base_paths=['.'], packages_ignore=None, packages_ignore_regex=None, paths=None, packages_up_to=None, packages_up_to_regex=None, packages_above=None, packages_above_and_dependencies=None, packages_above_depth=None, packages_select_by_dep=None, packages_skip_by_dep=None, packages_skip_up_to=None, packages_select_build_failed=False, packages_skip_build_finished=False, packages_select_test_failures=False, packages_skip_test_passed=False, packages_select=None, packages_skip=None, packages_select_regex=None, packages_skip_regex=None, packages_start=None, packages_end=None, allow_overriding=[], cmake_args=None, cmake_target=None, cmake_target_skip_unavailable=False, cmake_clean_cache=False, cmake_clean_first=False, cmake_force_configure=False, ament_cmake_args=None, catkin_cmake_args=None, catkin_skip_building_tests=False, mixin_files=None, mixin=None, verb_parser=<colcon_mixin.mixin.mixin_argument.MixinArgumentDecorator object at 0x70cfb1392080>, verb_extension=<colcon_core.verb.build.BuildVerb object at 0x70cfb1391900>, main=<bound method BuildVerb.main of <colcon_core.verb.build.BuildVerb object at 0x70cfb1391900>>, mixin_verb=('build',))
[0.382s] Level 1:colcon.colcon_core.package_discovery:discover_packages(colcon_meta) check parameters
[0.382s] Level 1:colcon.colcon_core.package_discovery:discover_packages(recursive) check parameters
[0.382s] Level 1:colcon.colcon_core.package_discovery:discover_packages(ignore) check parameters
[0.382s] Level 1:colcon.colcon_core.package_discovery:discover_packages(path) check parameters
[0.382s] Level 1:colcon.colcon_core.package_discovery:discover_packages(colcon_meta) discover
[0.382s] Level 1:colcon.colcon_core.package_discovery:discover_packages(recursive) discover
[0.382s] INFO:colcon.colcon_core.package_discovery:Crawling recursively for packages in '/home/lucas-pc/RoboticArm'
[0.382s] Level 1:colcon.colcon_core.package_identification:_identify(.) by extensions ['ignore', 'ignore_ament_install']
[0.382s] Level 1:colcon.colcon_core.package_identification:_identify(.) by extension 'ignore'
[0.382s] Level 1:colcon.colcon_core.package_identification:_identify(.) by extension 'ignore_ament_install'
[0.382s] Level 1:colcon.colcon_core.package_identification:_identify(.) by extensions ['colcon_pkg']
[0.382s] Level 1:colcon.colcon_core.package_identification:_identify(.) by extension 'colcon_pkg'
[0.382s] Level 1:colcon.colcon_core.package_identification:_identify(.) by extensions ['colcon_meta']
[0.382s] Level 1:colcon.colcon_core.package_identification:_identify(.) by extension 'colcon_meta'
[0.382s] Level 1:colcon.colcon_core.package_identification:_identify(.) by extensions ['ros']
[0.382s] Level 1:colcon.colcon_core.package_identification:_identify(.) by extension 'ros'
[0.391s] Level 1:colcon.colcon_core.package_identification:_identify(.) by extensions ['cmake', 'python']
[0.391s] Level 1:colcon.colcon_core.package_identification:_identify(.) by extension 'cmake'
[0.391s] Level 1:colcon.colcon_core.package_identification:_identify(.) by extension 'python'
[0.391s] Level 1:colcon.colcon_core.package_identification:_identify(.) by extensions ['python_setup_py']
[0.391s] Level 1:colcon.colcon_core.package_identification:_identify(.) by extension 'python_setup_py'
[0.391s] Level 1:colcon.colcon_core.package_identification:_identify(TCC) by extensions ['ignore', 'ignore_ament_install']
[0.391s] Level 1:colcon.colcon_core.package_identification:_identify(TCC) by extension 'ignore'
[0.391s] Level 1:colcon.colcon_core.package_identification:_identify(TCC) by extension 'ignore_ament_install'
[0.392s] Level 1:colcon.colcon_core.package_identification:_identify(TCC) by extensions ['colcon_pkg']
[0.392s] Level 1:colcon.colcon_core.package_identification:_identify(TCC) by extension 'colcon_pkg'
[0.392s] Level 1:colcon.colcon_core.package_identification:_identify(TCC) by extensions ['colcon_meta']
[0.392s] Level 1:colcon.colcon_core.package_identification:_identify(TCC) by extension 'colcon_meta'
[0.392s] Level 1:colcon.colcon_core.package_identification:_identify(TCC) by extensions ['ros']
[0.392s] Level 1:colcon.colcon_core.package_identification:_identify(TCC) by extension 'ros'
[0.392s] Level 1:colcon.colcon_core.package_identification:_identify(TCC) by extensions ['cmake', 'python']
[0.392s] Level 1:colcon.colcon_core.package_identification:_identify(TCC) by extension 'cmake'
[0.392s] Level 1:colcon.colcon_core.package_identification:_identify(TCC) by extension 'python'
[0.392s] Level 1:colcon.colcon_core.package_identification:_identify(TCC) by extensions ['python_setup_py']
[0.392s] Level 1:colcon.colcon_core.package_identification:_identify(TCC) by extension 'python_setup_py'
[0.392s] Level 1:colcon.colcon_core.package_identification:_identify(TCC/Referências) by extensions ['ignore', 'ignore_ament_install']
[0.392s] Level 1:colcon.colcon_core.package_identification:_identify(TCC/Referências) by extension 'ignore'
[0.392s] Level 1:colcon.colcon_core.package_identification:_identify(TCC/Referências) by extension 'ignore_ament_install'
[0.392s] Level 1:colcon.colcon_core.package_identification:_identify(TCC/Referências) by extensions ['colcon_pkg']
[0.392s] Level 1:colcon.colcon_core.package_identification:_identify(TCC/Referências) by extension 'colcon_pkg'
[0.392s] Level 1:colcon.colcon_core.package_identification:_identify(TCC/Referências) by extensions ['colcon_meta']
[0.392s] Level 1:colcon.colcon_core.package_identification:_identify(TCC/Referências) by extension 'colcon_meta'
[0.392s] Level 1:colcon.colcon_core.package_identification:_identify(TCC/Referências) by extensions ['ros']
[0.392s] Level 1:colcon.colcon_core.package_identification:_identify(TCC/Referências) by extension 'ros'
[0.392s] Level 1:colcon.colcon_core.package_identification:_identify(TCC/Referências) by extensions ['cmake', 'python']
[0.392s] Level 1:colcon.colcon_core.package_identification:_identify(TCC/Referências) by extension 'cmake'
[0.392s] Level 1:colcon.colcon_core.package_identification:_identify(TCC/Referências) by extension 'python'
[0.392s] Level 1:colcon.colcon_core.package_identification:_identify(TCC/Referências) by extensions ['python_setup_py']
[0.392s] Level 1:colcon.colcon_core.package_identification:_identify(TCC/Referências) by extension 'python_setup_py'
[0.392s] Level 1:colcon.colcon_core.package_identification:_identify(build) by extensions ['ignore', 'ignore_ament_install']
[0.392s] Level 1:colcon.colcon_core.package_identification:_identify(build) by extension 'ignore'
[0.393s] Level 1:colcon.colcon_core.package_identification:_identify(build) ignored
[0.393s] Level 1:colcon.colcon_core.package_identification:_identify(install) by extensions ['ignore', 'ignore_ament_install']
[0.393s] Level 1:colcon.colcon_core.package_identification:_identify(install) by extension 'ignore'
[0.393s] Level 1:colcon.colcon_core.package_identification:_identify(install) ignored
[0.393s] Level 1:colcon.colcon_core.package_identification:_identify(log) by extensions ['ignore', 'ignore_ament_install']
[0.393s] Level 1:colcon.colcon_core.package_identification:_identify(log) by extension 'ignore'
[0.393s] Level 1:colcon.colcon_core.package_identification:_identify(log) ignored
[0.393s] Level 1:colcon.colcon_core.package_identification:_identify(src) by extensions ['ignore', 'ignore_ament_install']
[0.393s] Level 1:colcon.colcon_core.package_identification:_identify(src) by extension 'ignore'
[0.393s] Level 1:colcon.colcon_core.package_identification:_identify(src) by extension 'ignore_ament_install'
[0.393s] Level 1:colcon.colcon_core.package_identification:_identify(src) by extensions ['colcon_pkg']
[0.393s] Level 1:colcon.colcon_core.package_identification:_identify(src) by extension 'colcon_pkg'
[0.393s] Level 1:colcon.colcon_core.package_identification:_identify(src) by extensions ['colcon_meta']
[0.393s] Level 1:colcon.colcon_core.package_identification:_identify(src) by extension 'colcon_meta'
[0.393s] Level 1:colcon.colcon_core.package_identification:_identify(src) by extensions ['ros']
[0.393s] Level 1:colcon.colcon_core.package_identification:_identify(src) by extension 'ros'
[0.393s] Level 1:colcon.colcon_core.package_identification:_identify(src) by extensions ['cmake', 'python']
[0.393s] Level 1:colcon.colcon_core.package_identification:_identify(src) by extension 'cmake'
[0.393s] Level 1:colcon.colcon_core.package_identification:_identify(src) by extension 'python'
[0.393s] Level 1:colcon.colcon_core.package_identification:_identify(src) by extensions ['python_setup_py']
[0.393s] Level 1:colcon.colcon_core.package_identification:_identify(src) by extension 'python_setup_py'
[0.393s] Level 1:colcon.colcon_core.package_identification:_identify(src/hand_pack) by extensions ['ignore', 'ignore_ament_install']
[0.393s] Level 1:colcon.colcon_core.package_identification:_identify(src/hand_pack) by extension 'ignore'
[0.394s] Level 1:colcon.colcon_core.package_identification:_identify(src/hand_pack) by extension 'ignore_ament_install'
[0.394s] Level 1:colcon.colcon_core.package_identification:_identify(src/hand_pack) by extensions ['colcon_pkg']
[0.394s] Level 1:colcon.colcon_core.package_identification:_identify(src/hand_pack) by extension 'colcon_pkg'
[0.394s] Level 1:colcon.colcon_core.package_identification:_identify(src/hand_pack) by extensions ['colcon_meta']
[0.394s] Level 1:colcon.colcon_core.package_identification:_identify(src/hand_pack) by extension 'colcon_meta'
[0.394s] Level 1:colcon.colcon_core.package_identification:_identify(src/hand_pack) by extensions ['ros']
[0.394s] Level 1:colcon.colcon_core.package_identification:_identify(src/hand_pack) by extension 'ros'
[0.395s] DEBUG:colcon.colcon_core.package_identification:Package 'src/hand_pack' with type 'ros.ament_python' and name 'hand_pack'
[0.395s] Level 1:colcon.colcon_core.package_discovery:discover_packages(recursive) using defaults
[0.395s] Level 1:colcon.colcon_core.package_discovery:discover_packages(ignore) discover
[0.395s] Level 1:colcon.colcon_core.package_discovery:discover_packages(ignore) using defaults
[0.395s] Level 1:colcon.colcon_core.package_discovery:discover_packages(path) discover
[0.395s] Level 1:colcon.colcon_core.package_discovery:discover_packages(path) using defaults
[0.427s] Level 1:colcon.colcon_core.package_discovery:discover_packages(prefix_path) check parameters
[0.428s] Level 1:colcon.colcon_core.package_discovery:discover_packages(prefix_path) discover
[0.428s] WARNING:colcon.colcon_ros.prefix_path.ament:The path '/home/lucas-pc/RoboticArm/install/ur_description' in the environment variable AMENT_PREFIX_PATH doesn't exist
[0.437s] WARNING:colcon.colcon_ros.prefix_path.catkin:The path '/home/lucas-pc/RoboticArm/install/ur_description' in the environment variable CMAKE_PREFIX_PATH doesn't exist
[0.438s] DEBUG:colcon.colcon_installed_package_information.package_discovery:Found 1 installed packages in /home/lucas-pc/RoboticArm/install
[0.445s] DEBUG:colcon.colcon_installed_package_information.package_discovery:Found 346 installed packages in /home/lucas-pc/ros2_humble/install
[0.446s] DEBUG:colcon.colcon_installed_package_information.package_discovery:Found 0 installed packages in /home/lucas-pc/ros2_ws/install
[0.447s] DEBUG:colcon.colcon_installed_package_information.package_discovery:Found 203 installed packages in /opt/ros/humble
[0.452s] Level 1:colcon.colcon_core.package_discovery:discover_packages(prefix_path) using defaults
[0.489s] Level 5:colcon.colcon_core.verb:set package 'hand_pack' build argument 'cmake_args' from command line to 'None'
[0.489s] Level 5:colcon.colcon_core.verb:set package 'hand_pack' build argument 'cmake_target' from command line to 'None'
[0.489s] Level 5:colcon.colcon_core.verb:set package 'hand_pack' build argument 'cmake_target_skip_unavailable' from command line to 'False'
[0.489s] Level 5:colcon.colcon_core.verb:set package 'hand_pack' build argument 'cmake_clean_cache' from command line to 'False'
[0.489s] Level 5:colcon.colcon_core.verb:set package 'hand_pack' build argument 'cmake_clean_first' from command line to 'False'
[0.489s] Level 5:colcon.colcon_core.verb:set package 'hand_pack' build argument 'cmake_force_configure' from command line to 'False'
[0.489s] Level 5:colcon.colcon_core.verb:set package 'hand_pack' build argument 'ament_cmake_args' from command line to 'None'
[0.489s] Level 5:colcon.colcon_core.verb:set package 'hand_pack' build argument 'catkin_cmake_args' from command line to 'None'
[0.489s] Level 5:colcon.colcon_core.verb:set package 'hand_pack' build argument 'catkin_skip_building_tests' from command line to 'False'
[0.489s] DEBUG:colcon.colcon_core.verb:Building package 'hand_pack' with the following arguments: {'ament_cmake_args': None, 'build_base': '/home/lucas-pc/RoboticArm/build/hand_pack', 'catkin_cmake_args': None, 'catkin_skip_building_tests': False, 'cmake_args': None, 'cmake_clean_cache': False, 'cmake_clean_first': False, 'cmake_force_configure': False, 'cmake_target': None, 'cmake_target_skip_unavailable': False, 'install_base': '/home/lucas-pc/RoboticArm/install/hand_pack', 'merge_install': False, 'path': '/home/lucas-pc/RoboticArm/src/hand_pack', 'symlink_install': True, 'test_result_base': None}
[0.489s] INFO:colcon.colcon_core.executor:Executing jobs using 'parallel' executor
[0.490s] DEBUG:colcon.colcon_parallel_executor.executor.parallel:run_until_complete
[0.490s] INFO:colcon.colcon_ros.task.ament_python.build:Building ROS package in '/home/lucas-pc/RoboticArm/src/hand_pack' with build type 'ament_python'
[0.490s] Level 1:colcon.colcon_core.shell:create_environment_hook('hand_pack', 'ament_prefix_path')
[0.495s] INFO:colcon.colcon_core.plugin_system:Skipping extension 'colcon_core.shell.bat': Not used on non-Windows systems
[0.495s] INFO:colcon.colcon_core.shell:Creating environment hook '/home/lucas-pc/RoboticArm/install/hand_pack/share/hand_pack/hook/ament_prefix_path.ps1'
[0.495s] INFO:colcon.colcon_core.shell:Creating environment descriptor '/home/lucas-pc/RoboticArm/install/hand_pack/share/hand_pack/hook/ament_prefix_path.dsv'
[0.496s] INFO:colcon.colcon_core.shell:Creating environment hook '/home/lucas-pc/RoboticArm/install/hand_pack/share/hand_pack/hook/ament_prefix_path.sh'
[0.496s] INFO:colcon.colcon_core.shell:Skip shell extension 'powershell' for command environment: Not usable outside of PowerShell
[0.496s] DEBUG:colcon.colcon_core.shell:Skip shell extension 'dsv' for command environment
[0.925s] INFO:colcon.colcon_core.task.python.build:Building Python package in '/home/lucas-pc/RoboticArm/src/hand_pack'
[0.926s] INFO:colcon.colcon_core.shell:Skip shell extension 'powershell' for command environment: Not usable outside of PowerShell
[0.926s] DEBUG:colcon.colcon_core.shell:Skip shell extension 'dsv' for command environment
[1.503s] DEBUG:colcon.colcon_core.event_handler.log_command:Invoking command in '/home/lucas-pc/RoboticArm/build/hand_pack': PS1=\[\033[01;32m\]\u@\h\[\033[00m\]:\[\033[01;34m\]\w\[\033[01;91m\]$(parse_git_branch)\[\033[00m\]$ PYTHONPATH=/home/lucas-pc/RoboticArm/build/hand_pack/prefix_override:/usr/lib/python3/dist-packages/colcon_core/task/python/colcon_distutils_commands:/home/lucas-pc/RoboticArm/install/hand_pack/lib/python3.10/site-packages:${PYTHONPATH} /usr/bin/python3 -W ignore:setup.py install is deprecated -W ignore:easy_install command is deprecated setup.py develop --editable --build-directory /home/lucas-pc/RoboticArm/build/hand_pack/build --no-deps symlink_data
[2.177s] Level 1:colcon.colcon_core.shell:create_environment_hook('hand_pack', 'pythonpath_develop')
[2.177s] INFO:colcon.colcon_core.shell:Creating environment hook '/home/lucas-pc/RoboticArm/build/hand_pack/share/hand_pack/hook/pythonpath_develop.ps1'
[2.178s] DEBUG:colcon.colcon_core.event_handler.log_command:Invoked command in '/home/lucas-pc/RoboticArm/build/hand_pack' returned '0': PS1=\[\033[01;32m\]\u@\h\[\033[00m\]:\[\033[01;34m\]\w\[\033[01;91m\]$(parse_git_branch)\[\033[00m\]$ PYTHONPATH=/home/lucas-pc/RoboticArm/build/hand_pack/prefix_override:/usr/lib/python3/dist-packages/colcon_core/task/python/colcon_distutils_commands:/home/lucas-pc/RoboticArm/install/hand_pack/lib/python3.10/site-packages:${PYTHONPATH} /usr/bin/python3 -W ignore:setup.py install is deprecated -W ignore:easy_install command is deprecated setup.py develop --editable --build-directory /home/lucas-pc/RoboticArm/build/hand_pack/build --no-deps symlink_data
[2.178s] INFO:colcon.colcon_core.shell:Creating environment descriptor '/home/lucas-pc/RoboticArm/build/hand_pack/share/hand_pack/hook/pythonpath_develop.dsv'
[2.178s] INFO:colcon.colcon_core.shell:Creating environment hook '/home/lucas-pc/RoboticArm/build/hand_pack/share/hand_pack/hook/pythonpath_develop.sh'
[2.183s] Level 1:colcon.colcon_core.environment:checking '/home/lucas-pc/RoboticArm/install/hand_pack' for CMake module files
[2.183s] Level 1:colcon.colcon_core.environment:checking '/home/lucas-pc/RoboticArm/install/hand_pack' for CMake config files
[2.184s] Level 1:colcon.colcon_core.environment:checking '/home/lucas-pc/RoboticArm/install/hand_pack/lib'
[2.184s] Level 1:colcon.colcon_core.environment:checking '/home/lucas-pc/RoboticArm/install/hand_pack/bin'
[2.184s] Level 1:colcon.colcon_core.environment:checking '/home/lucas-pc/RoboticArm/install/hand_pack/lib/pkgconfig/hand_pack.pc'
[2.184s] Level 1:colcon.colcon_core.environment:checking '/home/lucas-pc/RoboticArm/install/hand_pack/lib/python3.10/site-packages'
[2.184s] Level 1:colcon.colcon_core.shell:create_environment_hook('hand_pack', 'pythonpath')
[2.184s] INFO:colcon.colcon_core.shell:Creating environment hook '/home/lucas-pc/RoboticArm/install/hand_pack/share/hand_pack/hook/pythonpath.ps1'
[2.185s] INFO:colcon.colcon_core.shell:Creating environment descriptor '/home/lucas-pc/RoboticArm/install/hand_pack/share/hand_pack/hook/pythonpath.dsv'
[2.185s] INFO:colcon.colcon_core.shell:Creating environment hook '/home/lucas-pc/RoboticArm/install/hand_pack/share/hand_pack/hook/pythonpath.sh'
[2.185s] Level 1:colcon.colcon_core.environment:checking '/home/lucas-pc/RoboticArm/install/hand_pack/bin'
[2.185s] Level 1:colcon.colcon_core.environment:create_environment_scripts_only(hand_pack)
[2.185s] INFO:colcon.colcon_core.shell:Creating package script '/home/lucas-pc/RoboticArm/install/hand_pack/share/hand_pack/package.ps1'
[2.186s] INFO:colcon.colcon_core.shell:Creating package descriptor '/home/lucas-pc/RoboticArm/install/hand_pack/share/hand_pack/package.dsv'
[2.187s] INFO:colcon.colcon_core.shell:Creating package script '/home/lucas-pc/RoboticArm/install/hand_pack/share/hand_pack/package.sh'
[2.187s] INFO:colcon.colcon_core.shell:Creating package script '/home/lucas-pc/RoboticArm/install/hand_pack/share/hand_pack/package.bash'
[2.187s] INFO:colcon.colcon_core.shell:Creating package script '/home/lucas-pc/RoboticArm/install/hand_pack/share/hand_pack/package.zsh'
[2.188s] Level 1:colcon.colcon_core.environment:create_file_with_runtime_dependencies(/home/lucas-pc/RoboticArm/install/hand_pack/share/colcon-core/packages/hand_pack)
[2.188s] DEBUG:colcon.colcon_parallel_executor.executor.parallel:closing loop
[2.188s] DEBUG:colcon.colcon_parallel_executor.executor.parallel:loop closed
[2.188s] DEBUG:colcon.colcon_parallel_executor.executor.parallel:run_until_complete finished with '0'
[2.188s] DEBUG:colcon.colcon_core.event_reactor:joining thread
[2.198s] INFO:colcon.colcon_core.plugin_system:Skipping extension 'colcon_notification.desktop_notification.terminal_notifier': Not used on non-Darwin systems
[2.198s] INFO:colcon.colcon_core.plugin_system:Skipping extension 'colcon_notification.desktop_notification.win32': Not used on non-Windows systems
[2.198s] INFO:colcon.colcon_notification.desktop_notification:Sending desktop notification using 'notify2'
[2.205s] DEBUG:colcon.colcon_core.event_reactor:joined thread
[2.205s] INFO:colcon.colcon_core.shell:Creating prefix script '/home/lucas-pc/RoboticArm/install/local_setup.ps1'
[2.206s] INFO:colcon.colcon_core.shell:Creating prefix util module '/home/lucas-pc/RoboticArm/install/_local_setup_util_ps1.py'
[2.207s] INFO:colcon.colcon_core.shell:Creating prefix chain script '/home/lucas-pc/RoboticArm/install/setup.ps1'
[2.217s] INFO:colcon.colcon_core.shell:Creating prefix script '/home/lucas-pc/RoboticArm/install/local_setup.sh'
[2.217s] INFO:colcon.colcon_core.shell:Creating prefix util module '/home/lucas-pc/RoboticArm/install/_local_setup_util_sh.py'
[2.217s] INFO:colcon.colcon_core.shell:Creating prefix chain script '/home/lucas-pc/RoboticArm/install/setup.sh'
[2.227s] INFO:colcon.colcon_core.shell:Creating prefix script '/home/lucas-pc/RoboticArm/install/local_setup.bash'
[2.228s] INFO:colcon.colcon_core.shell:Creating prefix chain script '/home/lucas-pc/RoboticArm/install/setup.bash'
[2.237s] INFO:colcon.colcon_core.shell:Creating prefix script '/home/lucas-pc/RoboticArm/install/local_setup.zsh'
[2.238s] INFO:colcon.colcon_core.shell:Creating prefix chain script '/home/lucas-pc/RoboticArm/install/setup.zsh'
