[1.072s] Invoking command in '/home/lucas-pc/RoboticArm/build/hand_pack': PYTHONPATH=/home/lucas-pc/RoboticArm/build/hand_pack/prefix_override:/usr/lib/python3/dist-packages/colcon_core/task/python/colcon_distutils_commands:/home/lucas-pc/RoboticArm/install/hand_pack/lib/python3.10/site-packages:${PYTHONPATH} /usr/bin/python3 -W ignore:setup.py install is deprecated -W ignore:easy_install command is deprecated setup.py develop --editable --build-directory /home/lucas-pc/RoboticArm/build/hand_pack/build --no-deps symlink_data
[1.484s] running develop
[1.729s] running egg_info
[1.729s] creating hand_pack.egg-info
[1.729s] writing hand_pack.egg-info/PKG-INFO
[1.730s] writing dependency_links to hand_pack.egg-info/dependency_links.txt
[1.730s] writing entry points to hand_pack.egg-info/entry_points.txt
[1.730s] writing requirements to hand_pack.egg-info/requires.txt
[1.730s] writing top-level names to hand_pack.egg-info/top_level.txt
[1.730s] writing manifest file 'hand_pack.egg-info/SOURCES.txt'
[1.731s] reading manifest file 'hand_pack.egg-info/SOURCES.txt'
[1.732s] writing manifest file 'hand_pack.egg-info/SOURCES.txt'
[1.735s] running build_ext
[1.735s] Creating /home/lucas-pc/RoboticArm/install/hand_pack/lib/python3.10/site-packages/hand-pack.egg-link (link to .)
[1.736s] Installing hand_node script to /home/lucas-pc/RoboticArm/install/hand_pack/lib/hand_pack
[1.736s] 
[1.736s] Installed /home/lucas-pc/RoboticArm/build/hand_pack
[1.736s] running symlink_data
[1.736s] creating /home/lucas-pc/RoboticArm/install/hand_pack/share/ament_index
[1.736s] creating /home/lucas-pc/RoboticArm/install/hand_pack/share/ament_index/resource_index
[1.736s] creating /home/lucas-pc/RoboticArm/install/hand_pack/share/ament_index/resource_index/packages
[1.736s] symbolically linking /home/lucas-pc/RoboticArm/build/hand_pack/resource/hand_pack -> /home/lucas-pc/RoboticArm/install/hand_pack/share/ament_index/resource_index/packages
[1.736s] symbolically linking /home/lucas-pc/RoboticArm/build/hand_pack/package.xml -> /home/lucas-pc/RoboticArm/install/hand_pack/share/hand_pack
[1.737s] creating /home/lucas-pc/RoboticArm/install/hand_pack/share/hand_pack/launch
[1.737s] symbolically linking /home/lucas-pc/RoboticArm/build/hand_pack/launch/display.launch.py -> /home/lucas-pc/RoboticArm/install/hand_pack/share/hand_pack/launch
[1.737s] creating /home/lucas-pc/RoboticArm/install/hand_pack/share/hand_pack/urdf
[1.737s] symbolically linking /home/lucas-pc/RoboticArm/build/hand_pack/urdf/hj_hand_transmission.xacro -> /home/lucas-pc/RoboticArm/install/hand_pack/share/hand_pack/urdf
[1.737s] symbolically linking /home/lucas-pc/RoboticArm/build/hand_pack/urdf/hj_hand_world.urdf.xacro -> /home/lucas-pc/RoboticArm/install/hand_pack/share/hand_pack/urdf
[1.737s] symbolically linking /home/lucas-pc/RoboticArm/build/hand_pack/urdf/combined_robot.urdf.xacro -> /home/lucas-pc/RoboticArm/install/hand_pack/share/hand_pack/urdf
[1.737s] symbolically linking /home/lucas-pc/RoboticArm/build/hand_pack/urdf/hj_hand_gazebo.xacro -> /home/lucas-pc/RoboticArm/install/hand_pack/share/hand_pack/urdf
[1.737s] symbolically linking /home/lucas-pc/RoboticArm/build/hand_pack/urdf/hand.xacro -> /home/lucas-pc/RoboticArm/install/hand_pack/share/hand_pack/urdf
[1.737s] creating /home/lucas-pc/RoboticArm/install/hand_pack/share/hand_pack/urdf/mesh
[1.737s] symbolically linking /home/lucas-pc/RoboticArm/build/hand_pack/urdf/mesh/F03_AL_link_DIP.stl -> /home/lucas-pc/RoboticArm/install/hand_pack/share/hand_pack/urdf/mesh
[1.737s] symbolically linking /home/lucas-pc/RoboticArm/build/hand_pack/urdf/mesh/F03_AL_link_MCP.stl -> /home/lucas-pc/RoboticArm/install/hand_pack/share/hand_pack/urdf/mesh
[1.737s] symbolically linking /home/lucas-pc/RoboticArm/build/hand_pack/urdf/mesh/F03_AL_link_PIP.stl -> /home/lucas-pc/RoboticArm/install/hand_pack/share/hand_pack/urdf/mesh
[1.737s] symbolically linking /home/lucas-pc/RoboticArm/build/hand_pack/urdf/mesh/F03_AL_link_hand_wrist_part.stl -> /home/lucas-pc/RoboticArm/install/hand_pack/share/hand_pack/urdf/mesh
[1.737s] symbolically linking /home/lucas-pc/RoboticArm/build/hand_pack/urdf/mesh/F01_AL_link_hand.stl -> /home/lucas-pc/RoboticArm/install/hand_pack/share/hand_pack/urdf/mesh
[1.737s] symbolically linking /home/lucas-pc/RoboticArm/build/hand_pack/urdf/mesh/F01_AL_link_hand_down.stl -> /home/lucas-pc/RoboticArm/install/hand_pack/share/hand_pack/urdf/mesh
[1.737s] symbolically linking /home/lucas-pc/RoboticArm/build/hand_pack/urdf/mesh/F03_Finger_base.stl -> /home/lucas-pc/RoboticArm/install/hand_pack/share/hand_pack/urdf/mesh
[1.737s] symbolically linking /home/lucas-pc/RoboticArm/build/hand_pack/urdf/mesh/F03_AL_palm.stl -> /home/lucas-pc/RoboticArm/install/hand_pack/share/hand_pack/urdf/mesh
[1.737s] symbolically linking /home/lucas-pc/RoboticArm/build/hand_pack/urdf/mesh/F03_Thumb_base.stl -> /home/lucas-pc/RoboticArm/install/hand_pack/share/hand_pack/urdf/mesh
[1.738s] symbolically linking /home/lucas-pc/RoboticArm/build/hand_pack/urdf/mesh/F03_Thumb_joint.stl -> /home/lucas-pc/RoboticArm/install/hand_pack/share/hand_pack/urdf/mesh
[1.753s] Invoked command in '/home/lucas-pc/RoboticArm/build/hand_pack' returned '0': PYTHONPATH=/home/lucas-pc/RoboticArm/build/hand_pack/prefix_override:/usr/lib/python3/dist-packages/colcon_core/task/python/colcon_distutils_commands:/home/lucas-pc/RoboticArm/install/hand_pack/lib/python3.10/site-packages:${PYTHONPATH} /usr/bin/python3 -W ignore:setup.py install is deprecated -W ignore:easy_install command is deprecated setup.py develop --editable --build-directory /home/lucas-pc/RoboticArm/build/hand_pack/build --no-deps symlink_data
