running develop
Removing /home/lucas-pc/RoboticArm/install/hand_pack/lib/python3.10/site-packages/hand-pack.egg-link (link to .)
running egg_info
writing ../../build/hand_pack/hand_pack.egg-info/PKG-INFO
writing dependency_links to ../../build/hand_pack/hand_pack.egg-info/dependency_links.txt
writing entry points to ../../build/hand_pack/hand_pack.egg-info/entry_points.txt
writing requirements to ../../build/hand_pack/hand_pack.egg-info/requires.txt
writing top-level names to ../../build/hand_pack/hand_pack.egg-info/top_level.txt
reading manifest file '../../build/hand_pack/hand_pack.egg-info/SOURCES.txt'
writing manifest file '../../build/hand_pack/hand_pack.egg-info/SOURCES.txt'
running build
running build_py
running install
running install_lib
creating /home/lucas-pc/RoboticArm/install/hand_pack/lib/python3.10/site-packages/hand_pack
copying /home/lucas-pc/RoboticArm/build/hand_pack/build/lib/hand_pack/hand_node.py -> /home/lucas-pc/RoboticArm/install/hand_pack/lib/python3.10/site-packages/hand_pack
copying /home/lucas-pc/RoboticArm/build/hand_pack/build/lib/hand_pack/__init__.py -> /home/lucas-pc/RoboticArm/install/hand_pack/lib/python3.10/site-packages/hand_pack
byte-compiling /home/lucas-pc/RoboticArm/install/hand_pack/lib/python3.10/site-packages/hand_pack/hand_node.py to hand_node.cpython-310.pyc
byte-compiling /home/lucas-pc/RoboticArm/install/hand_pack/lib/python3.10/site-packages/hand_pack/__init__.py to __init__.cpython-310.pyc
running install_data
copying resource/hand_pack -> /home/lucas-pc/RoboticArm/install/hand_pack/share/ament_index/resource_index/packages
copying package.xml -> /home/lucas-pc/RoboticArm/install/hand_pack/share/hand_pack
copying launch/display.launch.py -> /home/lucas-pc/RoboticArm/install/hand_pack/share/hand_pack/launch
copying urdf/hj_hand_transmission.xacro -> /home/lucas-pc/RoboticArm/install/hand_pack/share/hand_pack/urdf
copying urdf/hj_hand_world.urdf.xacro -> /home/lucas-pc/RoboticArm/install/hand_pack/share/hand_pack/urdf
copying urdf/hj_hand_gazebo.xacro -> /home/lucas-pc/RoboticArm/install/hand_pack/share/hand_pack/urdf
copying urdf/hand.xacro -> /home/lucas-pc/RoboticArm/install/hand_pack/share/hand_pack/urdf
running install_egg_info
Copying ../../build/hand_pack/hand_pack.egg-info to /home/lucas-pc/RoboticArm/install/hand_pack/lib/python3.10/site-packages/hand_pack-0.0.0-py3.10.egg-info
running install_scripts
Installing hand_node script to /home/lucas-pc/RoboticArm/install/hand_pack/lib/hand_pack
writing list of installed files to '/home/lucas-pc/RoboticArm/build/hand_pack/install.log'
