[0.988s] Invoking command in '/home/lucas-pc/RoboticArm/build/hand_pack': PYTHONPATH=/home/lucas-pc/RoboticArm/build/hand_pack/prefix_override:/usr/lib/python3/dist-packages/colcon_core/task/python/colcon_distutils_commands:/home/lucas-pc/RoboticArm/install/hand_pack/lib/python3.10/site-packages:${PYTHONPATH} /usr/bin/python3 -W ignore:setup.py install is deprecated -W ignore:easy_install command is deprecated setup.py develop --uninstall --editable --build-directory /home/lucas-pc/RoboticArm/build/hand_pack/build
[1.394s] running develop
[1.616s] Removing /home/lucas-pc/RoboticArm/install/hand_pack/lib/python3.10/site-packages/hand-pack.egg-link (link to .)
[1.632s] Invoked command in '/home/lucas-pc/RoboticArm/build/hand_pack' returned '0': PYTHONPATH=/home/lucas-pc/RoboticArm/build/hand_pack/prefix_override:/usr/lib/python3/dist-packages/colcon_core/task/python/colcon_distutils_commands:/home/lucas-pc/RoboticArm/install/hand_pack/lib/python3.10/site-packages:${PYTHONPATH} /usr/bin/python3 -W ignore:setup.py install is deprecated -W ignore:easy_install command is deprecated setup.py develop --uninstall --editable --build-directory /home/lucas-pc/RoboticArm/build/hand_pack/build
[1.633s] Invoking command in '/home/lucas-pc/RoboticArm/src/hand_pack': PYTHONPATH=/home/lucas-pc/RoboticArm/build/hand_pack/prefix_override:/usr/lib/python3/dist-packages/colcon_core/task/python/colcon_distutils_commands:/home/lucas-pc/RoboticArm/install/hand_pack/lib/python3.10/site-packages:${PYTHONPATH} /usr/bin/python3 -W ignore:setup.py install is deprecated -W ignore:easy_install command is deprecated setup.py egg_info --egg-base ../../build/hand_pack build --build-base /home/lucas-pc/RoboticArm/build/hand_pack/build install --record /home/lucas-pc/RoboticArm/build/hand_pack/install.log --single-version-externally-managed install_data --force
[2.010s] running egg_info
[2.010s] writing ../../build/hand_pack/hand_pack.egg-info/PKG-INFO
[2.010s] writing dependency_links to ../../build/hand_pack/hand_pack.egg-info/dependency_links.txt
[2.010s] writing entry points to ../../build/hand_pack/hand_pack.egg-info/entry_points.txt
[2.011s] writing requirements to ../../build/hand_pack/hand_pack.egg-info/requires.txt
[2.011s] writing top-level names to ../../build/hand_pack/hand_pack.egg-info/top_level.txt
[2.012s] reading manifest file '../../build/hand_pack/hand_pack.egg-info/SOURCES.txt'
[2.012s] writing manifest file '../../build/hand_pack/hand_pack.egg-info/SOURCES.txt'
[2.013s] running build
[2.013s] running build_py
[2.013s] running install
[2.013s] running install_lib
[2.013s] creating /home/lucas-pc/RoboticArm/install/hand_pack/lib/python3.10/site-packages/hand_pack
[2.013s] copying /home/lucas-pc/RoboticArm/build/hand_pack/build/lib/hand_pack/hand_node.py -> /home/lucas-pc/RoboticArm/install/hand_pack/lib/python3.10/site-packages/hand_pack
[2.014s] copying /home/lucas-pc/RoboticArm/build/hand_pack/build/lib/hand_pack/__init__.py -> /home/lucas-pc/RoboticArm/install/hand_pack/lib/python3.10/site-packages/hand_pack
[2.015s] byte-compiling /home/lucas-pc/RoboticArm/install/hand_pack/lib/python3.10/site-packages/hand_pack/hand_node.py to hand_node.cpython-310.pyc
[2.016s] byte-compiling /home/lucas-pc/RoboticArm/install/hand_pack/lib/python3.10/site-packages/hand_pack/__init__.py to __init__.cpython-310.pyc
[2.016s] running install_data
[2.016s] copying resource/hand_pack -> /home/lucas-pc/RoboticArm/install/hand_pack/share/ament_index/resource_index/packages
[2.016s] copying package.xml -> /home/lucas-pc/RoboticArm/install/hand_pack/share/hand_pack
[2.016s] copying launch/display.launch.py -> /home/lucas-pc/RoboticArm/install/hand_pack/share/hand_pack/launch
[2.016s] copying urdf/hj_hand_transmission.xacro -> /home/lucas-pc/RoboticArm/install/hand_pack/share/hand_pack/urdf
[2.016s] copying urdf/hj_hand_world.urdf.xacro -> /home/lucas-pc/RoboticArm/install/hand_pack/share/hand_pack/urdf
[2.016s] copying urdf/hj_hand_gazebo.xacro -> /home/lucas-pc/RoboticArm/install/hand_pack/share/hand_pack/urdf
[2.016s] copying urdf/hand.xacro -> /home/lucas-pc/RoboticArm/install/hand_pack/share/hand_pack/urdf
[2.016s] running install_egg_info
[2.019s] Copying ../../build/hand_pack/hand_pack.egg-info to /home/lucas-pc/RoboticArm/install/hand_pack/lib/python3.10/site-packages/hand_pack-0.0.0-py3.10.egg-info
[2.020s] running install_scripts
[2.049s] Installing hand_node script to /home/lucas-pc/RoboticArm/install/hand_pack/lib/hand_pack
[2.049s] writing list of installed files to '/home/lucas-pc/RoboticArm/build/hand_pack/install.log'
[2.064s] Invoked command in '/home/lucas-pc/RoboticArm/src/hand_pack' returned '0': PYTHONPATH=/home/lucas-pc/RoboticArm/build/hand_pack/prefix_override:/usr/lib/python3/dist-packages/colcon_core/task/python/colcon_distutils_commands:/home/lucas-pc/RoboticArm/install/hand_pack/lib/python3.10/site-packages:${PYTHONPATH} /usr/bin/python3 -W ignore:setup.py install is deprecated -W ignore:easy_install command is deprecated setup.py egg_info --egg-base ../../build/hand_pack build --build-base /home/lucas-pc/RoboticArm/build/hand_pack/build install --record /home/lucas-pc/RoboticArm/build/hand_pack/install.log --single-version-externally-managed install_data --force
