[1.148s] Invoking command in '/home/lucas-pc/RoboticArm/src/hand_pack': PYTHONPATH=/home/lucas-pc/RoboticArm/build/hand_pack/prefix_override:/usr/lib/python3/dist-packages/colcon_core/task/python/colcon_distutils_commands:/home/lucas-pc/RoboticArm/install/hand_pack/lib/python3.10/site-packages:${PYTHONPATH} /usr/bin/python3 -W ignore:setup.py install is deprecated -W ignore:easy_install command is deprecated setup.py egg_info --egg-base ../../build/hand_pack build --build-base /home/lucas-pc/RoboticArm/build/hand_pack/build install --record /home/lucas-pc/RoboticArm/build/hand_pack/install.log --single-version-externally-managed install_data
[1.528s] running egg_info
[1.528s] writing ../../build/hand_pack/hand_pack.egg-info/PKG-INFO
[1.530s] writing dependency_links to ../../build/hand_pack/hand_pack.egg-info/dependency_links.txt
[1.530s] writing entry points to ../../build/hand_pack/hand_pack.egg-info/entry_points.txt
[1.530s] writing requirements to ../../build/hand_pack/hand_pack.egg-info/requires.txt
[1.530s] writing top-level names to ../../build/hand_pack/hand_pack.egg-info/top_level.txt
[1.532s] reading manifest file '../../build/hand_pack/hand_pack.egg-info/SOURCES.txt'
[1.533s] writing manifest file '../../build/hand_pack/hand_pack.egg-info/SOURCES.txt'
[1.533s] running build
[1.533s] running build_py
[1.534s] running install
[1.534s] running install_lib
[1.537s] running install_data
[1.538s] running install_egg_info
[1.540s] removing '/home/lucas-pc/RoboticArm/install/hand_pack/lib/python3.10/site-packages/hand_pack-0.0.1-py3.10.egg-info' (and everything under it)
[1.541s] Copying ../../build/hand_pack/hand_pack.egg-info to /home/lucas-pc/RoboticArm/install/hand_pack/lib/python3.10/site-packages/hand_pack-0.0.1-py3.10.egg-info
[1.542s] running install_scripts
[1.570s] Installing hand_node script to /home/lucas-pc/RoboticArm/install/hand_pack/lib/hand_pack
[1.571s] writing list of installed files to '/home/lucas-pc/RoboticArm/build/hand_pack/install.log'
[1.583s] Invoked command in '/home/lucas-pc/RoboticArm/src/hand_pack' returned '0': PYTHONPATH=/home/lucas-pc/RoboticArm/build/hand_pack/prefix_override:/usr/lib/python3/dist-packages/colcon_core/task/python/colcon_distutils_commands:/home/lucas-pc/RoboticArm/install/hand_pack/lib/python3.10/site-packages:${PYTHONPATH} /usr/bin/python3 -W ignore:setup.py install is deprecated -W ignore:easy_install command is deprecated setup.py egg_info --egg-base ../../build/hand_pack build --build-base /home/lucas-pc/RoboticArm/build/hand_pack/build install --record /home/lucas-pc/RoboticArm/build/hand_pack/install.log --single-version-externally-managed install_data
