[0.908s] Invoking command in '/home/lucas-pc/RoboticArm/roboticarm': PYTHONPATH=/home/lucas-pc/RoboticArm/roboticarm/build/roboticarm/prefix_override:/usr/lib/python3/dist-packages/colcon_core/task/python/colcon_distutils_commands:/home/lucas-pc/RoboticArm/roboticarm/install/roboticarm/lib/python3.10/site-packages:${PYTHONPATH} /usr/bin/python3 -W ignore:setup.py install is deprecated -W ignore:easy_install command is deprecated setup.py egg_info --egg-base build/roboticarm build --build-base /home/lucas-pc/RoboticArm/roboticarm/build/roboticarm/build install --record /home/lucas-pc/RoboticArm/roboticarm/build/roboticarm/install.log --single-version-externally-managed install_data
[1.268s] running egg_info
[1.268s] creating build/roboticarm/roboticarm.egg-info
[1.268s] writing build/roboticarm/roboticarm.egg-info/PKG-INFO
[1.268s] writing dependency_links to build/roboticarm/roboticarm.egg-info/dependency_links.txt
[1.268s] writing entry points to build/roboticarm/roboticarm.egg-info/entry_points.txt
[1.268s] writing requirements to build/roboticarm/roboticarm.egg-info/requires.txt
[1.269s] writing top-level names to build/roboticarm/roboticarm.egg-info/top_level.txt
[1.269s] writing manifest file 'build/roboticarm/roboticarm.egg-info/SOURCES.txt'
[1.270s] reading manifest file 'build/roboticarm/roboticarm.egg-info/SOURCES.txt'
[1.270s] writing manifest file 'build/roboticarm/roboticarm.egg-info/SOURCES.txt'
[1.270s] running build
[1.270s] running build_py
[1.270s] creating /home/lucas-pc/RoboticArm/roboticarm/build/roboticarm/build
[1.270s] creating /home/lucas-pc/RoboticArm/roboticarm/build/roboticarm/build/lib
[1.270s] creating /home/lucas-pc/RoboticArm/roboticarm/build/roboticarm/build/lib/roboticarm
[1.270s] copying roboticarm/__init__.py -> /home/lucas-pc/RoboticArm/roboticarm/build/roboticarm/build/lib/roboticarm
[1.271s] running install
[1.271s] running install_lib
[1.272s] creating /home/lucas-pc/RoboticArm/roboticarm/install/roboticarm/lib/python3.10/site-packages/roboticarm
[1.272s] copying /home/lucas-pc/RoboticArm/roboticarm/build/roboticarm/build/lib/roboticarm/__init__.py -> /home/lucas-pc/RoboticArm/roboticarm/install/roboticarm/lib/python3.10/site-packages/roboticarm
[1.273s] byte-compiling /home/lucas-pc/RoboticArm/roboticarm/install/roboticarm/lib/python3.10/site-packages/roboticarm/__init__.py to __init__.cpython-310.pyc
[1.274s] running install_data
[1.274s] creating /home/lucas-pc/RoboticArm/roboticarm/install/roboticarm/share/ament_index
[1.274s] creating /home/lucas-pc/RoboticArm/roboticarm/install/roboticarm/share/ament_index/resource_index
[1.274s] creating /home/lucas-pc/RoboticArm/roboticarm/install/roboticarm/share/ament_index/resource_index/packages
[1.274s] copying resource/roboticarm -> /home/lucas-pc/RoboticArm/roboticarm/install/roboticarm/share/ament_index/resource_index/packages
[1.274s] copying package.xml -> /home/lucas-pc/RoboticArm/roboticarm/install/roboticarm/share/roboticarm
[1.274s] running install_egg_info
[1.276s] Copying build/roboticarm/roboticarm.egg-info to /home/lucas-pc/RoboticArm/roboticarm/install/roboticarm/lib/python3.10/site-packages/roboticarm-0.0.0-py3.10.egg-info
[1.277s] running install_scripts
[1.306s] writing list of installed files to '/home/lucas-pc/RoboticArm/roboticarm/build/roboticarm/install.log'
[1.321s] Invoked command in '/home/lucas-pc/RoboticArm/roboticarm' returned '0': PYTHONPATH=/home/lucas-pc/RoboticArm/roboticarm/build/roboticarm/prefix_override:/usr/lib/python3/dist-packages/colcon_core/task/python/colcon_distutils_commands:/home/lucas-pc/RoboticArm/roboticarm/install/roboticarm/lib/python3.10/site-packages:${PYTHONPATH} /usr/bin/python3 -W ignore:setup.py install is deprecated -W ignore:easy_install command is deprecated setup.py egg_info --egg-base build/roboticarm build --build-base /home/lucas-pc/RoboticArm/roboticarm/build/roboticarm/build install --record /home/lucas-pc/RoboticArm/roboticarm/build/roboticarm/install.log --single-version-externally-managed install_data
