/home/lucas-lpc/RoboticArm/install/hand_pack/lib/python3.10/site-packages/hand_pack/hand_gui.py
/home/lucas-lpc/RoboticArm/install/hand_pack/lib/python3.10/site-packages/hand_pack/hand_node.py
/home/lucas-lpc/RoboticArm/install/hand_pack/lib/python3.10/site-packages/hand_pack/__init__.py
/home/lucas-lpc/RoboticArm/install/hand_pack/lib/python3.10/site-packages/hand_pack/__pycache__/hand_gui.cpython-310.pyc
/home/lucas-lpc/RoboticArm/install/hand_pack/lib/python3.10/site-packages/hand_pack/__pycache__/hand_node.cpython-310.pyc
/home/lucas-lpc/RoboticArm/install/hand_pack/lib/python3.10/site-packages/hand_pack/__pycache__/__init__.cpython-310.pyc
/home/lucas-lpc/RoboticArm/install/hand_pack/share/ament_index/resource_index/packages/hand_pack
/home/lucas-lpc/RoboticArm/install/hand_pack/share/hand_pack/package.xml
/home/lucas-lpc/RoboticArm/install/hand_pack/share/hand_pack/launch/display.launch.py
/home/lucas-lpc/RoboticArm/install/hand_pack/share/hand_pack/launch/hand_gazebo.launch.py
/home/lucas-lpc/RoboticArm/install/hand_pack/share/hand_pack/launch/spawn_hand.launch.xml
/home/lucas-lpc/RoboticArm/install/hand_pack/share/hand_pack/urdf/linear_covvi_hand_right.urdf
/home/lucas-lpc/RoboticArm/install/hand_pack/share/hand_pack/urdf/linear_covvi_hand_gazebo.urdf
/home/lucas-lpc/RoboticArm/install/hand_pack/share/hand_pack/urdf/linear_meshes/right_thumb_link.STL
/home/lucas-lpc/RoboticArm/install/hand_pack/share/hand_pack/urdf/linear_meshes/right_thumb_distal.STL
/home/lucas-lpc/RoboticArm/install/hand_pack/share/hand_pack/urdf/linear_meshes/right_little_proximal.STL
/home/lucas-lpc/RoboticArm/install/hand_pack/share/hand_pack/urdf/linear_meshes/right_little_distal.STL
/home/lucas-lpc/RoboticArm/install/hand_pack/share/hand_pack/urdf/linear_meshes/right_ring_knuckle.STL
/home/lucas-lpc/RoboticArm/install/hand_pack/share/hand_pack/urdf/linear_meshes/right_ring_follower.STL
/home/lucas-lpc/RoboticArm/install/hand_pack/share/hand_pack/urdf/linear_meshes/right_thumb_proximal.STL
/home/lucas-lpc/RoboticArm/install/hand_pack/share/hand_pack/urdf/linear_meshes/right_middle_link.STL
/home/lucas-lpc/RoboticArm/install/hand_pack/share/hand_pack/urdf/linear_meshes/right_little_follower.STL
/home/lucas-lpc/RoboticArm/install/hand_pack/share/hand_pack/urdf/linear_meshes/right_thumb_follower.STL
/home/lucas-lpc/RoboticArm/install/hand_pack/share/hand_pack/urdf/linear_meshes/right_index_link.STL
/home/lucas-lpc/RoboticArm/install/hand_pack/share/hand_pack/urdf/linear_meshes/right_middle_knuckle.STL
/home/lucas-lpc/RoboticArm/install/hand_pack/share/hand_pack/urdf/linear_meshes/right_ring_proximal.STL
/home/lucas-lpc/RoboticArm/install/hand_pack/share/hand_pack/urdf/linear_meshes/right_thumb_chassis.STL
/home/lucas-lpc/RoboticArm/install/hand_pack/share/hand_pack/urdf/linear_meshes/right_middle_proximal.STL
/home/lucas-lpc/RoboticArm/install/hand_pack/share/hand_pack/urdf/linear_meshes/right_base_link.STL
/home/lucas-lpc/RoboticArm/install/hand_pack/share/hand_pack/urdf/linear_meshes/right_index_follower.STL
/home/lucas-lpc/RoboticArm/install/hand_pack/share/hand_pack/urdf/linear_meshes/right_little_knuckle.STL
/home/lucas-lpc/RoboticArm/install/hand_pack/share/hand_pack/urdf/linear_meshes/right_lisa.STL
/home/lucas-lpc/RoboticArm/install/hand_pack/share/hand_pack/urdf/linear_meshes/right_index_distal.STL
/home/lucas-lpc/RoboticArm/install/hand_pack/share/hand_pack/urdf/linear_meshes/right_little_link.STL
/home/lucas-lpc/RoboticArm/install/hand_pack/share/hand_pack/urdf/linear_meshes/right_index_proximal.STL
/home/lucas-lpc/RoboticArm/install/hand_pack/share/hand_pack/urdf/linear_meshes/right_middle_follower.STL
/home/lucas-lpc/RoboticArm/install/hand_pack/share/hand_pack/urdf/linear_meshes/right_ring_distal.STL
/home/lucas-lpc/RoboticArm/install/hand_pack/share/hand_pack/urdf/linear_meshes/right_index_knuckle.STL
/home/lucas-lpc/RoboticArm/install/hand_pack/share/hand_pack/urdf/linear_meshes/right_middle_distal.STL
/home/lucas-lpc/RoboticArm/install/hand_pack/share/hand_pack/urdf/linear_meshes/right_ring_link.STL
/home/lucas-lpc/RoboticArm/install/hand_pack/share/hand_pack/worlds/base_hand.world
/home/lucas-lpc/RoboticArm/install/hand_pack/share/hand_pack/config/hand_controller.yaml
/home/lucas-lpc/RoboticArm/install/hand_pack/lib/python3.10/site-packages/hand_pack-0.0.1-py3.10.egg-info/entry_points.txt
/home/lucas-lpc/RoboticArm/install/hand_pack/lib/python3.10/site-packages/hand_pack-0.0.1-py3.10.egg-info/dependency_links.txt
/home/lucas-lpc/RoboticArm/install/hand_pack/lib/python3.10/site-packages/hand_pack-0.0.1-py3.10.egg-info/top_level.txt
/home/lucas-lpc/RoboticArm/install/hand_pack/lib/python3.10/site-packages/hand_pack-0.0.1-py3.10.egg-info/requires.txt
/home/lucas-lpc/RoboticArm/install/hand_pack/lib/python3.10/site-packages/hand_pack-0.0.1-py3.10.egg-info/SOURCES.txt
/home/lucas-lpc/RoboticArm/install/hand_pack/lib/python3.10/site-packages/hand_pack-0.0.1-py3.10.egg-info/zip-safe
/home/lucas-lpc/RoboticArm/install/hand_pack/lib/python3.10/site-packages/hand_pack-0.0.1-py3.10.egg-info/PKG-INFO
/home/lucas-lpc/RoboticArm/install/hand_pack/lib/hand_pack/hand_gui
