running develop
running egg_info
creating hand_pack.egg-info
writing hand_pack.egg-info/PKG-INFO
writing dependency_links to hand_pack.egg-info/dependency_links.txt
writing entry points to hand_pack.egg-info/entry_points.txt
writing requirements to hand_pack.egg-info/requires.txt
writing top-level names to hand_pack.egg-info/top_level.txt
writing manifest file 'hand_pack.egg-info/SOURCES.txt'
reading manifest file 'hand_pack.egg-info/SOURCES.txt'
writing manifest file 'hand_pack.egg-info/SOURCES.txt'
running build_ext
Creating /home/biolab-linux/RoboticArm/install/hand_pack/lib/python3.10/site-packages/hand-pack.egg-link (link to .)
Installing hand_node script to /home/biolab-linux/RoboticArm/install/hand_pack/lib/hand_pack

Installed /home/biolab-linux/RoboticArm/build/hand_pack
running symlink_data
creating /home/biolab-linux/RoboticArm/install/hand_pack/share/ament_index
creating /home/biolab-linux/RoboticArm/install/hand_pack/share/ament_index/resource_index
creating /home/biolab-linux/RoboticArm/install/hand_pack/share/ament_index/resource_index/packages
symbolically linking /home/biolab-linux/RoboticArm/build/hand_pack/resource/hand_pack -> /home/biolab-linux/RoboticArm/install/hand_pack/share/ament_index/resource_index/packages
symbolically linking /home/biolab-linux/RoboticArm/build/hand_pack/package.xml -> /home/biolab-linux/RoboticArm/install/hand_pack/share/hand_pack
creating /home/biolab-linux/RoboticArm/install/hand_pack/share/hand_pack/launch
symbolically linking /home/biolab-linux/RoboticArm/build/hand_pack/launch/display.launch.py -> /home/biolab-linux/RoboticArm/install/hand_pack/share/hand_pack/launch
creating /home/biolab-linux/RoboticArm/install/hand_pack/share/hand_pack/urdf
symbolically linking /home/biolab-linux/RoboticArm/build/hand_pack/urdf/hj_hand_gazebo.xacro -> /home/biolab-linux/RoboticArm/install/hand_pack/share/hand_pack/urdf
symbolically linking /home/biolab-linux/RoboticArm/build/hand_pack/urdf/combined_robot.urdf.xacro -> /home/biolab-linux/RoboticArm/install/hand_pack/share/hand_pack/urdf
symbolically linking /home/biolab-linux/RoboticArm/build/hand_pack/urdf/hj_hand_world.urdf.xacro -> /home/biolab-linux/RoboticArm/install/hand_pack/share/hand_pack/urdf
symbolically linking /home/biolab-linux/RoboticArm/build/hand_pack/urdf/hj_hand_transmission.xacro -> /home/biolab-linux/RoboticArm/install/hand_pack/share/hand_pack/urdf
symbolically linking /home/biolab-linux/RoboticArm/build/hand_pack/urdf/hand.xacro -> /home/biolab-linux/RoboticArm/install/hand_pack/share/hand_pack/urdf
creating /home/biolab-linux/RoboticArm/install/hand_pack/share/hand_pack/urdf/mesh
symbolically linking /home/biolab-linux/RoboticArm/build/hand_pack/urdf/mesh/F03_AL_link_hand_wrist_part.stl -> /home/biolab-linux/RoboticArm/install/hand_pack/share/hand_pack/urdf/mesh
symbolically linking /home/biolab-linux/RoboticArm/build/hand_pack/urdf/mesh/F03_AL_link_DIP.stl -> /home/biolab-linux/RoboticArm/install/hand_pack/share/hand_pack/urdf/mesh
symbolically linking /home/biolab-linux/RoboticArm/build/hand_pack/urdf/mesh/F03_Finger_base.stl -> /home/biolab-linux/RoboticArm/install/hand_pack/share/hand_pack/urdf/mesh
symbolically linking /home/biolab-linux/RoboticArm/build/hand_pack/urdf/mesh/F01_AL_link_hand.stl -> /home/biolab-linux/RoboticArm/install/hand_pack/share/hand_pack/urdf/mesh
symbolically linking /home/biolab-linux/RoboticArm/build/hand_pack/urdf/mesh/F01_AL_link_hand_down.stl -> /home/biolab-linux/RoboticArm/install/hand_pack/share/hand_pack/urdf/mesh
symbolically linking /home/biolab-linux/RoboticArm/build/hand_pack/urdf/mesh/F03_Thumb_joint.stl -> /home/biolab-linux/RoboticArm/install/hand_pack/share/hand_pack/urdf/mesh
symbolically linking /home/biolab-linux/RoboticArm/build/hand_pack/urdf/mesh/F03_AL_palm.stl -> /home/biolab-linux/RoboticArm/install/hand_pack/share/hand_pack/urdf/mesh
symbolically linking /home/biolab-linux/RoboticArm/build/hand_pack/urdf/mesh/F03_Thumb_base.stl -> /home/biolab-linux/RoboticArm/install/hand_pack/share/hand_pack/urdf/mesh
symbolically linking /home/biolab-linux/RoboticArm/build/hand_pack/urdf/mesh/F03_AL_link_PIP.stl -> /home/biolab-linux/RoboticArm/install/hand_pack/share/hand_pack/urdf/mesh
symbolically linking /home/biolab-linux/RoboticArm/build/hand_pack/urdf/mesh/F03_AL_link_MCP.stl -> /home/biolab-linux/RoboticArm/install/hand_pack/share/hand_pack/urdf/mesh
