[0.179s] Invoking command in '/home/biolab-linux/RoboticArm/build/ur_description': CMAKE_PREFIX_PATH=/opt/ros/humble /usr/bin/cmake /home/biolab-linux/RoboticArm/src/ur_description -DAMENT_CMAKE_SYMLINK_INSTALL=1 -DCMAKE_INSTALL_PREFIX=/home/biolab-linux/RoboticArm/install/ur_description
[0.242s] -- The C compiler identification is GNU 11.4.0
[0.307s] -- The CXX compiler identification is GNU 11.4.0
[0.313s] -- Detecting C compiler ABI info
[0.369s] -- Detecting C compiler ABI info - done
[0.374s] -- Check for working C compiler: /usr/bin/cc - skipped
[0.374s] -- Detecting C compile features
[0.374s] -- Detecting C compile features - done
[0.376s] -- Detecting CXX compiler ABI info
[0.442s] -- Detecting CXX compiler ABI info - done
[0.450s] -- Check for working CXX compiler: /usr/bin/c++ - skipped
[0.451s] -- Detecting CXX compile features
[0.451s] -- Detecting CXX compile features - done
[0.453s] -- Found ament_cmake: 1.3.11 (/opt/ros/humble/share/ament_cmake/cmake)
[0.562s] -- Found Python3: /usr/bin/python3 (found version "3.10.12") found components: Interpreter 
[0.610s] -- Override CMake install command with custom implementation using symlinks instead of copying resources
[0.632s] -- Found ament_cmake_pytest: 1.3.11 (/opt/ros/humble/share/ament_cmake_pytest/cmake)
[1.119s] -- Configuring done
[1.121s] -- Generating done
[1.123s] -- Build files have been written to: /home/biolab-linux/RoboticArm/build/ur_description
[1.127s] Invoked command in '/home/biolab-linux/RoboticArm/build/ur_description' returned '0': CMAKE_PREFIX_PATH=/opt/ros/humble /usr/bin/cmake /home/biolab-linux/RoboticArm/src/ur_description -DAMENT_CMAKE_SYMLINK_INSTALL=1 -DCMAKE_INSTALL_PREFIX=/home/biolab-linux/RoboticArm/install/ur_description
[1.128s] Invoking command in '/home/biolab-linux/RoboticArm/build/ur_description': CMAKE_PREFIX_PATH=/opt/ros/humble /usr/bin/cmake --build /home/biolab-linux/RoboticArm/build/ur_description -- -j12 -l12
[1.158s] Invoked command in '/home/biolab-linux/RoboticArm/build/ur_description' returned '0': CMAKE_PREFIX_PATH=/opt/ros/humble /usr/bin/cmake --build /home/biolab-linux/RoboticArm/build/ur_description -- -j12 -l12
[1.165s] Invoking command in '/home/biolab-linux/RoboticArm/build/ur_description': CMAKE_PREFIX_PATH=/opt/ros/humble /usr/bin/cmake --install /home/biolab-linux/RoboticArm/build/ur_description
[1.171s] -- Install configuration: ""
[1.171s] -- Execute custom install script
[1.172s] -- Symlinking: /home/biolab-linux/RoboticArm/install/ur_description/share/ur_description/config/initial_positions.yaml
[1.179s] -- Symlinking: /home/biolab-linux/RoboticArm/install/ur_description/share/ur_description/config/ur10/default_kinematics.yaml
[1.185s] -- Symlinking: /home/biolab-linux/RoboticArm/install/ur_description/share/ur_description/config/ur10/joint_limits.yaml
[1.192s] -- Symlinking: /home/biolab-linux/RoboticArm/install/ur_description/share/ur_description/config/ur10/physical_parameters.yaml
[1.198s] -- Symlinking: /home/biolab-linux/RoboticArm/install/ur_description/share/ur_description/config/ur10/visual_parameters.yaml
[1.205s] -- Symlinking: /home/biolab-linux/RoboticArm/install/ur_description/share/ur_description/config/ur10e/default_kinematics.yaml
[1.211s] -- Symlinking: /home/biolab-linux/RoboticArm/install/ur_description/share/ur_description/config/ur10e/joint_limits.yaml
[1.217s] -- Symlinking: /home/biolab-linux/RoboticArm/install/ur_description/share/ur_description/config/ur10e/physical_parameters.yaml
[1.224s] -- Symlinking: /home/biolab-linux/RoboticArm/install/ur_description/share/ur_description/config/ur10e/visual_parameters.yaml
[1.231s] -- Symlinking: /home/biolab-linux/RoboticArm/install/ur_description/share/ur_description/config/ur16e/default_kinematics.yaml
[1.237s] -- Symlinking: /home/biolab-linux/RoboticArm/install/ur_description/share/ur_description/config/ur16e/joint_limits.yaml
[1.244s] -- Symlinking: /home/biolab-linux/RoboticArm/install/ur_description/share/ur_description/config/ur16e/physical_parameters.yaml
[1.250s] -- Symlinking: /home/biolab-linux/RoboticArm/install/ur_description/share/ur_description/config/ur16e/visual_parameters.yaml
[1.257s] -- Symlinking: /home/biolab-linux/RoboticArm/install/ur_description/share/ur_description/config/ur20/default_kinematics.yaml
[1.263s] -- Symlinking: /home/biolab-linux/RoboticArm/install/ur_description/share/ur_description/config/ur20/joint_limits.yaml
[1.270s] -- Symlinking: /home/biolab-linux/RoboticArm/install/ur_description/share/ur_description/config/ur20/physical_parameters.yaml
[1.276s] -- Symlinking: /home/biolab-linux/RoboticArm/install/ur_description/share/ur_description/config/ur20/visual_parameters.yaml
[1.282s] -- Symlinking: /home/biolab-linux/RoboticArm/install/ur_description/share/ur_description/config/ur3/default_kinematics.yaml
[1.289s] -- Symlinking: /home/biolab-linux/RoboticArm/install/ur_description/share/ur_description/config/ur3/joint_limits.yaml
[1.296s] -- Symlinking: /home/biolab-linux/RoboticArm/install/ur_description/share/ur_description/config/ur3/physical_parameters.yaml
[1.302s] -- Symlinking: /home/biolab-linux/RoboticArm/install/ur_description/share/ur_description/config/ur3/visual_parameters.yaml
[1.309s] -- Symlinking: /home/biolab-linux/RoboticArm/install/ur_description/share/ur_description/config/ur30/default_kinematics.yaml
[1.315s] -- Symlinking: /home/biolab-linux/RoboticArm/install/ur_description/share/ur_description/config/ur30/joint_limits.yaml
[1.322s] -- Symlinking: /home/biolab-linux/RoboticArm/install/ur_description/share/ur_description/config/ur30/physical_parameters.yaml
[1.328s] -- Symlinking: /home/biolab-linux/RoboticArm/install/ur_description/share/ur_description/config/ur30/visual_parameters.yaml
[1.335s] -- Symlinking: /home/biolab-linux/RoboticArm/install/ur_description/share/ur_description/config/ur3e/default_kinematics.yaml
[1.342s] -- Symlinking: /home/biolab-linux/RoboticArm/install/ur_description/share/ur_description/config/ur3e/joint_limits.yaml
[1.348s] -- Symlinking: /home/biolab-linux/RoboticArm/install/ur_description/share/ur_description/config/ur3e/physical_parameters.yaml
[1.355s] -- Symlinking: /home/biolab-linux/RoboticArm/install/ur_description/share/ur_description/config/ur3e/visual_parameters.yaml
[1.361s] -- Symlinking: /home/biolab-linux/RoboticArm/install/ur_description/share/ur_description/config/ur5/default_kinematics.yaml
[1.368s] -- Symlinking: /home/biolab-linux/RoboticArm/install/ur_description/share/ur_description/config/ur5/joint_limits.yaml
[1.374s] -- Symlinking: /home/biolab-linux/RoboticArm/install/ur_description/share/ur_description/config/ur5/physical_parameters.yaml
[1.380s] -- Symlinking: /home/biolab-linux/RoboticArm/install/ur_description/share/ur_description/config/ur5/visual_parameters.yaml
[1.387s] -- Symlinking: /home/biolab-linux/RoboticArm/install/ur_description/share/ur_description/config/ur5e/default_kinematics.yaml
[1.393s] -- Symlinking: /home/biolab-linux/RoboticArm/install/ur_description/share/ur_description/config/ur5e/joint_limits.yaml
[1.399s] -- Symlinking: /home/biolab-linux/RoboticArm/install/ur_description/share/ur_description/config/ur5e/physical_parameters.yaml
[1.406s] -- Symlinking: /home/biolab-linux/RoboticArm/install/ur_description/share/ur_description/config/ur5e/visual_parameters.yaml
[1.412s] -- Symlinking: /home/biolab-linux/RoboticArm/install/ur_description/share/ur_description/launch/view_ur.launch.py
[1.420s] -- Symlinking: /home/biolab-linux/RoboticArm/install/ur_description/share/ur_description/meshes/ur10/collision/base.stl
[1.426s] -- Symlinking: /home/biolab-linux/RoboticArm/install/ur_description/share/ur_description/meshes/ur10/collision/forearm.stl
[1.433s] -- Symlinking: /home/biolab-linux/RoboticArm/install/ur_description/share/ur_description/meshes/ur10/collision/shoulder.stl
[1.439s] -- Symlinking: /home/biolab-linux/RoboticArm/install/ur_description/share/ur_description/meshes/ur10/collision/upperarm.stl
[1.446s] -- Symlinking: /home/biolab-linux/RoboticArm/install/ur_description/share/ur_description/meshes/ur10/collision/wrist1.stl
[1.452s] -- Symlinking: /home/biolab-linux/RoboticArm/install/ur_description/share/ur_description/meshes/ur10/collision/wrist2.stl
[1.458s] -- Symlinking: /home/biolab-linux/RoboticArm/install/ur_description/share/ur_description/meshes/ur10/collision/wrist3.stl
[1.465s] -- Symlinking: /home/biolab-linux/RoboticArm/install/ur_description/share/ur_description/meshes/ur10/visual/base.dae
[1.472s] -- Symlinking: /home/biolab-linux/RoboticArm/install/ur_description/share/ur_description/meshes/ur10/visual/forearm.dae
[1.478s] -- Symlinking: /home/biolab-linux/RoboticArm/install/ur_description/share/ur_description/meshes/ur10/visual/shoulder.dae
[1.485s] -- Symlinking: /home/biolab-linux/RoboticArm/install/ur_description/share/ur_description/meshes/ur10/visual/upperarm.dae
[1.491s] -- Symlinking: /home/biolab-linux/RoboticArm/install/ur_description/share/ur_description/meshes/ur10/visual/wrist1.dae
[1.498s] -- Symlinking: /home/biolab-linux/RoboticArm/install/ur_description/share/ur_description/meshes/ur10/visual/wrist2.dae
[1.504s] -- Symlinking: /home/biolab-linux/RoboticArm/install/ur_description/share/ur_description/meshes/ur10/visual/wrist3.dae
[1.511s] -- Symlinking: /home/biolab-linux/RoboticArm/install/ur_description/share/ur_description/meshes/ur10e/collision/base.stl
[1.518s] -- Symlinking: /home/biolab-linux/RoboticArm/install/ur_description/share/ur_description/meshes/ur10e/collision/forearm.stl
[1.524s] -- Symlinking: /home/biolab-linux/RoboticArm/install/ur_description/share/ur_description/meshes/ur10e/collision/shoulder.stl
[1.531s] -- Symlinking: /home/biolab-linux/RoboticArm/install/ur_description/share/ur_description/meshes/ur10e/collision/upperarm.stl
[1.538s] -- Symlinking: /home/biolab-linux/RoboticArm/install/ur_description/share/ur_description/meshes/ur10e/collision/wrist1.stl
[1.544s] -- Symlinking: /home/biolab-linux/RoboticArm/install/ur_description/share/ur_description/meshes/ur10e/collision/wrist2.stl
[1.551s] -- Symlinking: /home/biolab-linux/RoboticArm/install/ur_description/share/ur_description/meshes/ur10e/collision/wrist3.stl
[1.557s] -- Symlinking: /home/biolab-linux/RoboticArm/install/ur_description/share/ur_description/meshes/ur10e/visual/base.dae
[1.564s] -- Symlinking: /home/biolab-linux/RoboticArm/install/ur_description/share/ur_description/meshes/ur10e/visual/forearm.dae
[1.570s] -- Symlinking: /home/biolab-linux/RoboticArm/install/ur_description/share/ur_description/meshes/ur10e/visual/shoulder.dae
[1.576s] -- Symlinking: /home/biolab-linux/RoboticArm/install/ur_description/share/ur_description/meshes/ur10e/visual/upperarm.dae
[1.583s] -- Symlinking: /home/biolab-linux/RoboticArm/install/ur_description/share/ur_description/meshes/ur10e/visual/wrist1.dae
[1.590s] -- Symlinking: /home/biolab-linux/RoboticArm/install/ur_description/share/ur_description/meshes/ur10e/visual/wrist2.dae
[1.596s] -- Symlinking: /home/biolab-linux/RoboticArm/install/ur_description/share/ur_description/meshes/ur10e/visual/wrist3.dae
[1.603s] -- Symlinking: /home/biolab-linux/RoboticArm/install/ur_description/share/ur_description/meshes/ur16e/collision/forearm.stl
[1.610s] -- Symlinking: /home/biolab-linux/RoboticArm/install/ur_description/share/ur_description/meshes/ur16e/collision/upperarm.stl
[1.617s] -- Symlinking: /home/biolab-linux/RoboticArm/install/ur_description/share/ur_description/meshes/ur16e/visual/forearm.dae
[1.623s] -- Symlinking: /home/biolab-linux/RoboticArm/install/ur_description/share/ur_description/meshes/ur16e/visual/upperarm.dae
[1.630s] -- Symlinking: /home/biolab-linux/RoboticArm/install/ur_description/share/ur_description/meshes/ur20/LICENSE.txt
[1.637s] -- Symlinking: /home/biolab-linux/RoboticArm/install/ur_description/share/ur_description/meshes/ur20/collision/base.stl
[1.643s] -- Symlinking: /home/biolab-linux/RoboticArm/install/ur_description/share/ur_description/meshes/ur20/collision/forearm.stl
[1.649s] -- Symlinking: /home/biolab-linux/RoboticArm/install/ur_description/share/ur_description/meshes/ur20/collision/shoulder.stl
[1.656s] -- Symlinking: /home/biolab-linux/RoboticArm/install/ur_description/share/ur_description/meshes/ur20/collision/upperarm.stl
[1.663s] -- Symlinking: /home/biolab-linux/RoboticArm/install/ur_description/share/ur_description/meshes/ur20/collision/wrist1.stl
[1.669s] -- Symlinking: /home/biolab-linux/RoboticArm/install/ur_description/share/ur_description/meshes/ur20/collision/wrist2.stl
[1.676s] -- Symlinking: /home/biolab-linux/RoboticArm/install/ur_description/share/ur_description/meshes/ur20/collision/wrist3.stl
[1.682s] -- Symlinking: /home/biolab-linux/RoboticArm/install/ur_description/share/ur_description/meshes/ur20/visual/UR20_DIFF_8bit_2K.png
[1.689s] -- Symlinking: /home/biolab-linux/RoboticArm/install/ur_description/share/ur_description/meshes/ur20/visual/base.dae
[1.695s] -- Symlinking: /home/biolab-linux/RoboticArm/install/ur_description/share/ur_description/meshes/ur20/visual/forearm.dae
[1.702s] -- Symlinking: /home/biolab-linux/RoboticArm/install/ur_description/share/ur_description/meshes/ur20/visual/shoulder.dae
[1.708s] -- Symlinking: /home/biolab-linux/RoboticArm/install/ur_description/share/ur_description/meshes/ur20/visual/upperarm.dae
[1.715s] -- Symlinking: /home/biolab-linux/RoboticArm/install/ur_description/share/ur_description/meshes/ur20/visual/wrist1.dae
[1.721s] -- Symlinking: /home/biolab-linux/RoboticArm/install/ur_description/share/ur_description/meshes/ur20/visual/wrist2.dae
[1.728s] -- Symlinking: /home/biolab-linux/RoboticArm/install/ur_description/share/ur_description/meshes/ur20/visual/wrist3.dae
[1.735s] -- Symlinking: /home/biolab-linux/RoboticArm/install/ur_description/share/ur_description/meshes/ur3/collision/base.stl
[1.742s] -- Symlinking: /home/biolab-linux/RoboticArm/install/ur_description/share/ur_description/meshes/ur3/collision/forearm.stl
[1.748s] -- Symlinking: /home/biolab-linux/RoboticArm/install/ur_description/share/ur_description/meshes/ur3/collision/shoulder.stl
[1.756s] -- Symlinking: /home/biolab-linux/RoboticArm/install/ur_description/share/ur_description/meshes/ur3/collision/upperarm.stl
[1.762s] -- Symlinking: /home/biolab-linux/RoboticArm/install/ur_description/share/ur_description/meshes/ur3/collision/wrist1.stl
[1.770s] -- Symlinking: /home/biolab-linux/RoboticArm/install/ur_description/share/ur_description/meshes/ur3/collision/wrist2.stl
[1.776s] -- Symlinking: /home/biolab-linux/RoboticArm/install/ur_description/share/ur_description/meshes/ur3/collision/wrist3.stl
[1.783s] -- Symlinking: /home/biolab-linux/RoboticArm/install/ur_description/share/ur_description/meshes/ur3/visual/base.dae
[1.790s] -- Symlinking: /home/biolab-linux/RoboticArm/install/ur_description/share/ur_description/meshes/ur3/visual/forearm.dae
[1.797s] -- Symlinking: /home/biolab-linux/RoboticArm/install/ur_description/share/ur_description/meshes/ur3/visual/shoulder.dae
[1.804s] -- Symlinking: /home/biolab-linux/RoboticArm/install/ur_description/share/ur_description/meshes/ur3/visual/upperarm.dae
[1.811s] -- Symlinking: /home/biolab-linux/RoboticArm/install/ur_description/share/ur_description/meshes/ur3/visual/wrist1.dae
[1.818s] -- Symlinking: /home/biolab-linux/RoboticArm/install/ur_description/share/ur_description/meshes/ur3/visual/wrist2.dae
[1.825s] -- Symlinking: /home/biolab-linux/RoboticArm/install/ur_description/share/ur_description/meshes/ur3/visual/wrist3.dae
[1.832s] -- Symlinking: /home/biolab-linux/RoboticArm/install/ur_description/share/ur_description/meshes/ur30/LICENSE.txt
[1.839s] -- Symlinking: /home/biolab-linux/RoboticArm/install/ur_description/share/ur_description/meshes/ur30/collision/forearm.stl
[1.846s] -- Symlinking: /home/biolab-linux/RoboticArm/install/ur_description/share/ur_description/meshes/ur30/collision/upperarm.stl
[1.853s] -- Symlinking: /home/biolab-linux/RoboticArm/install/ur_description/share/ur_description/meshes/ur30/visual/UR30_DIFF_8bit_2K.png
[1.859s] -- Symlinking: /home/biolab-linux/RoboticArm/install/ur_description/share/ur_description/meshes/ur30/visual/forearm.dae
[1.866s] -- Symlinking: /home/biolab-linux/RoboticArm/install/ur_description/share/ur_description/meshes/ur30/visual/upperarm.dae
[1.873s] -- Symlinking: /home/biolab-linux/RoboticArm/install/ur_description/share/ur_description/meshes/ur3e/collision/base.stl
[1.880s] -- Symlinking: /home/biolab-linux/RoboticArm/install/ur_description/share/ur_description/meshes/ur3e/collision/forearm.stl
[1.886s] -- Symlinking: /home/biolab-linux/RoboticArm/install/ur_description/share/ur_description/meshes/ur3e/collision/shoulder.stl
[1.893s] -- Symlinking: /home/biolab-linux/RoboticArm/install/ur_description/share/ur_description/meshes/ur3e/collision/upperarm.stl
[1.900s] -- Symlinking: /home/biolab-linux/RoboticArm/install/ur_description/share/ur_description/meshes/ur3e/collision/wrist1.stl
[1.906s] -- Symlinking: /home/biolab-linux/RoboticArm/install/ur_description/share/ur_description/meshes/ur3e/collision/wrist2.stl
[1.912s] -- Symlinking: /home/biolab-linux/RoboticArm/install/ur_description/share/ur_description/meshes/ur3e/collision/wrist3.stl
[1.919s] -- Symlinking: /home/biolab-linux/RoboticArm/install/ur_description/share/ur_description/meshes/ur3e/visual/base.dae
[1.926s] -- Symlinking: /home/biolab-linux/RoboticArm/install/ur_description/share/ur_description/meshes/ur3e/visual/forearm.dae
[1.933s] -- Symlinking: /home/biolab-linux/RoboticArm/install/ur_description/share/ur_description/meshes/ur3e/visual/shoulder.dae
[1.939s] -- Symlinking: /home/biolab-linux/RoboticArm/install/ur_description/share/ur_description/meshes/ur3e/visual/upperarm.dae
[1.946s] -- Symlinking: /home/biolab-linux/RoboticArm/install/ur_description/share/ur_description/meshes/ur3e/visual/wrist1.dae
[1.952s] -- Symlinking: /home/biolab-linux/RoboticArm/install/ur_description/share/ur_description/meshes/ur3e/visual/wrist2.dae
[1.959s] -- Symlinking: /home/biolab-linux/RoboticArm/install/ur_description/share/ur_description/meshes/ur3e/visual/wrist3.dae
[1.966s] -- Symlinking: /home/biolab-linux/RoboticArm/install/ur_description/share/ur_description/meshes/ur5/collision/base.stl
[1.972s] -- Symlinking: /home/biolab-linux/RoboticArm/install/ur_description/share/ur_description/meshes/ur5/collision/forearm.stl
[1.979s] -- Symlinking: /home/biolab-linux/RoboticArm/install/ur_description/share/ur_description/meshes/ur5/collision/shoulder.stl
[1.985s] -- Symlinking: /home/biolab-linux/RoboticArm/install/ur_description/share/ur_description/meshes/ur5/collision/upperarm.stl
[1.992s] -- Symlinking: /home/biolab-linux/RoboticArm/install/ur_description/share/ur_description/meshes/ur5/collision/wrist1.stl
[1.998s] -- Symlinking: /home/biolab-linux/RoboticArm/install/ur_description/share/ur_description/meshes/ur5/collision/wrist2.stl
[2.005s] -- Symlinking: /home/biolab-linux/RoboticArm/install/ur_description/share/ur_description/meshes/ur5/collision/wrist3.stl
[2.011s] -- Symlinking: /home/biolab-linux/RoboticArm/install/ur_description/share/ur_description/meshes/ur5/visual/base.dae
[2.017s] -- Symlinking: /home/biolab-linux/RoboticArm/install/ur_description/share/ur_description/meshes/ur5/visual/forearm.dae
[2.024s] -- Symlinking: /home/biolab-linux/RoboticArm/install/ur_description/share/ur_description/meshes/ur5/visual/shoulder.dae
[2.031s] -- Symlinking: /home/biolab-linux/RoboticArm/install/ur_description/share/ur_description/meshes/ur5/visual/upperarm.dae
[2.038s] -- Symlinking: /home/biolab-linux/RoboticArm/install/ur_description/share/ur_description/meshes/ur5/visual/wrist1.dae
[2.044s] -- Symlinking: /home/biolab-linux/RoboticArm/install/ur_description/share/ur_description/meshes/ur5/visual/wrist2.dae
[2.051s] -- Symlinking: /home/biolab-linux/RoboticArm/install/ur_description/share/ur_description/meshes/ur5/visual/wrist3.dae
[2.057s] -- Symlinking: /home/biolab-linux/RoboticArm/install/ur_description/share/ur_description/meshes/ur5e/collision/base.stl
[2.064s] -- Symlinking: /home/biolab-linux/RoboticArm/install/ur_description/share/ur_description/meshes/ur5e/collision/forearm.stl
[2.070s] -- Symlinking: /home/biolab-linux/RoboticArm/install/ur_description/share/ur_description/meshes/ur5e/collision/shoulder.stl
[2.077s] -- Symlinking: /home/biolab-linux/RoboticArm/install/ur_description/share/ur_description/meshes/ur5e/collision/upperarm.stl
[2.083s] -- Symlinking: /home/biolab-linux/RoboticArm/install/ur_description/share/ur_description/meshes/ur5e/collision/wrist1.stl
[2.090s] -- Symlinking: /home/biolab-linux/RoboticArm/install/ur_description/share/ur_description/meshes/ur5e/collision/wrist2.stl
[2.096s] -- Symlinking: /home/biolab-linux/RoboticArm/install/ur_description/share/ur_description/meshes/ur5e/collision/wrist3.stl
[2.103s] -- Symlinking: /home/biolab-linux/RoboticArm/install/ur_description/share/ur_description/meshes/ur5e/visual/base.dae
[2.110s] -- Symlinking: /home/biolab-linux/RoboticArm/install/ur_description/share/ur_description/meshes/ur5e/visual/forearm.dae
[2.117s] -- Symlinking: /home/biolab-linux/RoboticArm/install/ur_description/share/ur_description/meshes/ur5e/visual/shoulder.dae
[2.124s] -- Symlinking: /home/biolab-linux/RoboticArm/install/ur_description/share/ur_description/meshes/ur5e/visual/upperarm.dae
[2.130s] -- Symlinking: /home/biolab-linux/RoboticArm/install/ur_description/share/ur_description/meshes/ur5e/visual/wrist1.dae
[2.137s] -- Symlinking: /home/biolab-linux/RoboticArm/install/ur_description/share/ur_description/meshes/ur5e/visual/wrist2.dae
[2.143s] -- Symlinking: /home/biolab-linux/RoboticArm/install/ur_description/share/ur_description/meshes/ur5e/visual/wrist3.dae
[2.150s] -- Symlinking: /home/biolab-linux/RoboticArm/install/ur_description/share/ur_description/rviz/view_robot.rviz
[2.157s] -- Symlinking: /home/biolab-linux/RoboticArm/install/ur_description/share/ur_description/urdf/inc/ur_common.xacro
[2.163s] -- Symlinking: /home/biolab-linux/RoboticArm/install/ur_description/share/ur_description/urdf/inc/ur_joint_control.xacro
[2.170s] -- Symlinking: /home/biolab-linux/RoboticArm/install/ur_description/share/ur_description/urdf/inc/ur_sensors.xacro
[2.176s] -- Symlinking: /home/biolab-linux/RoboticArm/install/ur_description/share/ur_description/urdf/inc/ur_transmissions.xacro
[2.183s] -- Symlinking: /home/biolab-linux/RoboticArm/install/ur_description/share/ur_description/urdf/ros2_control_mock_hardware.xacro
[2.189s] -- Symlinking: /home/biolab-linux/RoboticArm/install/ur_description/share/ur_description/urdf/ur.urdf.xacro
[2.196s] -- Symlinking: /home/biolab-linux/RoboticArm/install/ur_description/share/ur_description/urdf/ur_macro.xacro
[2.202s] -- Symlinking: /home/biolab-linux/RoboticArm/install/ur_description/share/ur_description/urdf/ur_mocked.urdf.xacro
[2.209s] -- Symlinking: /home/biolab-linux/RoboticArm/install/ur_description/share/ur_description/test/test_ur_urdf_xacro.py
[2.215s] -- Symlinking: /home/biolab-linux/RoboticArm/install/ur_description/share/ur_description/test/test_view_ur_launch.py
[2.223s] -- Symlinking: /home/biolab-linux/RoboticArm/install/ur_description/share/ament_index/resource_index/package_run_dependencies/ur_description
[2.230s] -- Symlinking: /home/biolab-linux/RoboticArm/install/ur_description/share/ament_index/resource_index/parent_prefix_path/ur_description
[2.237s] -- Symlinking: /home/biolab-linux/RoboticArm/install/ur_description/share/ur_description/environment/ament_prefix_path.sh
[2.243s] -- Symlinking: /home/biolab-linux/RoboticArm/install/ur_description/share/ur_description/environment/ament_prefix_path.dsv
[2.250s] -- Symlinking: /home/biolab-linux/RoboticArm/install/ur_description/share/ur_description/environment/path.sh
[2.257s] -- Symlinking: /home/biolab-linux/RoboticArm/install/ur_description/share/ur_description/environment/path.dsv
[2.264s] -- Symlinking: /home/biolab-linux/RoboticArm/install/ur_description/share/ur_description/local_setup.bash
[2.271s] -- Symlinking: /home/biolab-linux/RoboticArm/install/ur_description/share/ur_description/local_setup.sh
[2.277s] -- Symlinking: /home/biolab-linux/RoboticArm/install/ur_description/share/ur_description/local_setup.zsh
[2.284s] -- Symlinking: /home/biolab-linux/RoboticArm/install/ur_description/share/ur_description/local_setup.dsv
[2.291s] -- Symlinking: /home/biolab-linux/RoboticArm/install/ur_description/share/ur_description/package.dsv
[2.298s] -- Symlinking: /home/biolab-linux/RoboticArm/install/ur_description/share/ament_index/resource_index/packages/ur_description
[2.304s] -- Symlinking: /home/biolab-linux/RoboticArm/install/ur_description/share/ur_description/cmake/ur_descriptionConfig.cmake
[2.311s] -- Symlinking: /home/biolab-linux/RoboticArm/install/ur_description/share/ur_description/cmake/ur_descriptionConfig-version.cmake
[2.317s] -- Symlinking: /home/biolab-linux/RoboticArm/install/ur_description/share/ur_description/package.xml
[2.326s] Invoked command in '/home/biolab-linux/RoboticArm/build/ur_description' returned '0': CMAKE_PREFIX_PATH=/opt/ros/humble /usr/bin/cmake --install /home/biolab-linux/RoboticArm/build/ur_description
