[1.034s] Invoking command in '/home/lucas-pc/RoboticArm/build/hand_pack': PYTHONPATH=/home/lucas-pc/RoboticArm/build/hand_pack/prefix_override:/usr/lib/python3/dist-packages/colcon_core/task/python/colcon_distutils_commands:/home/lucas-pc/RoboticArm/install/hand_pack/lib/python3.10/site-packages:${PYTHONPATH} /usr/bin/python3 -W ignore:setup.py install is deprecated -W ignore:easy_install command is deprecated setup.py develop --uninstall --editable --build-directory /home/lucas-pc/RoboticArm/build/hand_pack/build
[1.450s] running develop
[1.682s] Removing /home/lucas-pc/RoboticArm/install/hand_pack/lib/python3.10/site-packages/hand-pack.egg-link (link to .)
[1.698s] Invoked command in '/home/lucas-pc/RoboticArm/build/hand_pack' returned '0': PYTHONPATH=/home/lucas-pc/RoboticArm/build/hand_pack/prefix_override:/usr/lib/python3/dist-packages/colcon_core/task/python/colcon_distutils_commands:/home/lucas-pc/RoboticArm/install/hand_pack/lib/python3.10/site-packages:${PYTHONPATH} /usr/bin/python3 -W ignore:setup.py install is deprecated -W ignore:easy_install command is deprecated setup.py develop --uninstall --editable --build-directory /home/lucas-pc/RoboticArm/build/hand_pack/build
[1.699s] Invoking command in '/home/lucas-pc/RoboticArm/src/hand_pack': PYTHONPATH=/home/lucas-pc/RoboticArm/build/hand_pack/prefix_override:/usr/lib/python3/dist-packages/colcon_core/task/python/colcon_distutils_commands:/home/lucas-pc/RoboticArm/install/hand_pack/lib/python3.10/site-packages:${PYTHONPATH} /usr/bin/python3 -W ignore:setup.py install is deprecated -W ignore:easy_install command is deprecated setup.py egg_info --egg-base ../../build/hand_pack build --build-base /home/lucas-pc/RoboticArm/build/hand_pack/build install --record /home/lucas-pc/RoboticArm/build/hand_pack/install.log --single-version-externally-managed install_data --force
[2.085s] running egg_info
[2.085s] writing ../../build/hand_pack/hand_pack.egg-info/PKG-INFO
[2.085s] writing dependency_links to ../../build/hand_pack/hand_pack.egg-info/dependency_links.txt
[2.085s] writing entry points to ../../build/hand_pack/hand_pack.egg-info/entry_points.txt
[2.085s] writing requirements to ../../build/hand_pack/hand_pack.egg-info/requires.txt
[2.086s] writing top-level names to ../../build/hand_pack/hand_pack.egg-info/top_level.txt
[2.087s] reading manifest file '../../build/hand_pack/hand_pack.egg-info/SOURCES.txt'
[2.087s] writing manifest file '../../build/hand_pack/hand_pack.egg-info/SOURCES.txt'
[2.088s] running build
[2.088s] running build_py
[2.088s] creating /home/lucas-pc/RoboticArm/build/hand_pack/build
[2.088s] creating /home/lucas-pc/RoboticArm/build/hand_pack/build/lib
[2.088s] creating /home/lucas-pc/RoboticArm/build/hand_pack/build/lib/hand_pack
[2.088s] copying hand_pack/hand_node.py -> /home/lucas-pc/RoboticArm/build/hand_pack/build/lib/hand_pack
[2.088s] copying hand_pack/__init__.py -> /home/lucas-pc/RoboticArm/build/hand_pack/build/lib/hand_pack
[2.088s] running install
[2.088s] running install_lib
[2.089s] creating /home/lucas-pc/RoboticArm/install/hand_pack/lib/python3.10/site-packages/hand_pack
[2.089s] copying /home/lucas-pc/RoboticArm/build/hand_pack/build/lib/hand_pack/hand_node.py -> /home/lucas-pc/RoboticArm/install/hand_pack/lib/python3.10/site-packages/hand_pack
[2.089s] copying /home/lucas-pc/RoboticArm/build/hand_pack/build/lib/hand_pack/__init__.py -> /home/lucas-pc/RoboticArm/install/hand_pack/lib/python3.10/site-packages/hand_pack
[2.091s] byte-compiling /home/lucas-pc/RoboticArm/install/hand_pack/lib/python3.10/site-packages/hand_pack/hand_node.py to hand_node.cpython-310.pyc
[2.091s] byte-compiling /home/lucas-pc/RoboticArm/install/hand_pack/lib/python3.10/site-packages/hand_pack/__init__.py to __init__.cpython-310.pyc
[2.091s] running install_data
[2.091s] copying resource/hand_pack -> /home/lucas-pc/RoboticArm/install/hand_pack/share/ament_index/resource_index/packages
[2.091s] copying package.xml -> /home/lucas-pc/RoboticArm/install/hand_pack/share/hand_pack
[2.091s] copying launch/display.launch.py -> /home/lucas-pc/RoboticArm/install/hand_pack/share/hand_pack/launch
[2.091s] copying urdf/hj_hand_transmission.xacro -> /home/lucas-pc/RoboticArm/install/hand_pack/share/hand_pack/urdf
[2.091s] copying urdf/hj_hand_world.urdf.xacro -> /home/lucas-pc/RoboticArm/install/hand_pack/share/hand_pack/urdf
[2.092s] copying urdf/combined_robot.urdf.xacro -> /home/lucas-pc/RoboticArm/install/hand_pack/share/hand_pack/urdf
[2.092s] copying urdf/hj_hand_gazebo.xacro -> /home/lucas-pc/RoboticArm/install/hand_pack/share/hand_pack/urdf
[2.092s] copying urdf/hand.xacro -> /home/lucas-pc/RoboticArm/install/hand_pack/share/hand_pack/urdf
[2.092s] copying urdf/mesh/F03_AL_link_DIP.stl -> /home/lucas-pc/RoboticArm/install/hand_pack/share/hand_pack/urdf/mesh
[2.092s] copying urdf/mesh/F03_AL_link_MCP.stl -> /home/lucas-pc/RoboticArm/install/hand_pack/share/hand_pack/urdf/mesh
[2.093s] copying urdf/mesh/F03_AL_link_PIP.stl -> /home/lucas-pc/RoboticArm/install/hand_pack/share/hand_pack/urdf/mesh
[2.093s] copying urdf/mesh/F03_AL_link_hand_wrist_part.stl -> /home/lucas-pc/RoboticArm/install/hand_pack/share/hand_pack/urdf/mesh
[2.093s] copying urdf/mesh/F01_AL_link_hand.stl -> /home/lucas-pc/RoboticArm/install/hand_pack/share/hand_pack/urdf/mesh
[2.097s] copying urdf/mesh/F01_AL_link_hand_down.stl -> /home/lucas-pc/RoboticArm/install/hand_pack/share/hand_pack/urdf/mesh
[2.099s] copying urdf/mesh/F03_Finger_base.stl -> /home/lucas-pc/RoboticArm/install/hand_pack/share/hand_pack/urdf/mesh
[2.099s] copying urdf/mesh/F03_AL_palm.stl -> /home/lucas-pc/RoboticArm/install/hand_pack/share/hand_pack/urdf/mesh
[2.099s] copying urdf/mesh/F03_Thumb_base.stl -> /home/lucas-pc/RoboticArm/install/hand_pack/share/hand_pack/urdf/mesh
[2.099s] copying urdf/mesh/F03_Thumb_joint.stl -> /home/lucas-pc/RoboticArm/install/hand_pack/share/hand_pack/urdf/mesh
[2.099s] running install_egg_info
[2.102s] Copying ../../build/hand_pack/hand_pack.egg-info to /home/lucas-pc/RoboticArm/install/hand_pack/lib/python3.10/site-packages/hand_pack-0.0.1-py3.10.egg-info
[2.103s] running install_scripts
[2.133s] Installing hand_node script to /home/lucas-pc/RoboticArm/install/hand_pack/lib/hand_pack
[2.135s] writing list of installed files to '/home/lucas-pc/RoboticArm/build/hand_pack/install.log'
[2.150s] Invoked command in '/home/lucas-pc/RoboticArm/src/hand_pack' returned '0': PYTHONPATH=/home/lucas-pc/RoboticArm/build/hand_pack/prefix_override:/usr/lib/python3/dist-packages/colcon_core/task/python/colcon_distutils_commands:/home/lucas-pc/RoboticArm/install/hand_pack/lib/python3.10/site-packages:${PYTHONPATH} /usr/bin/python3 -W ignore:setup.py install is deprecated -W ignore:easy_install command is deprecated setup.py egg_info --egg-base ../../build/hand_pack build --build-base /home/lucas-pc/RoboticArm/build/hand_pack/build install --record /home/lucas-pc/RoboticArm/build/hand_pack/install.log --single-version-externally-managed install_data --force
