[1.021s] Invoking command in '/home/lucas-pc/RoboticArm/src/hand_pack': PYTHONPATH=/home/lucas-pc/RoboticArm/build/hand_pack/prefix_override:/usr/lib/python3/dist-packages/colcon_core/task/python/colcon_distutils_commands:/home/lucas-pc/RoboticArm/install/hand_pack/lib/python3.10/site-packages:${PYTHONPATH} /usr/bin/python3 -W ignore:setup.py install is deprecated -W ignore:easy_install command is deprecated setup.py egg_info --egg-base ../../build/hand_pack build --build-base /home/lucas-pc/RoboticArm/build/hand_pack/build install --record /home/lucas-pc/RoboticArm/build/hand_pack/install.log --single-version-externally-managed install_data
[1.414s] running egg_info
[1.414s] creating ../../build/hand_pack/hand_pack.egg-info
[1.414s] writing ../../build/hand_pack/hand_pack.egg-info/PKG-INFO
[1.415s] writing dependency_links to ../../build/hand_pack/hand_pack.egg-info/dependency_links.txt
[1.415s] writing entry points to ../../build/hand_pack/hand_pack.egg-info/entry_points.txt
[1.415s] writing requirements to ../../build/hand_pack/hand_pack.egg-info/requires.txt
[1.415s] writing top-level names to ../../build/hand_pack/hand_pack.egg-info/top_level.txt
[1.415s] writing manifest file '../../build/hand_pack/hand_pack.egg-info/SOURCES.txt'
[1.416s] reading manifest file '../../build/hand_pack/hand_pack.egg-info/SOURCES.txt'
[1.417s] writing manifest file '../../build/hand_pack/hand_pack.egg-info/SOURCES.txt'
[1.417s] running build
[1.417s] running build_py
[1.417s] creating /home/lucas-pc/RoboticArm/build/hand_pack/build
[1.417s] creating /home/lucas-pc/RoboticArm/build/hand_pack/build/lib
[1.417s] creating /home/lucas-pc/RoboticArm/build/hand_pack/build/lib/hand_pack
[1.417s] copying hand_pack/hand_node.py -> /home/lucas-pc/RoboticArm/build/hand_pack/build/lib/hand_pack
[1.417s] copying hand_pack/__init__.py -> /home/lucas-pc/RoboticArm/build/hand_pack/build/lib/hand_pack
[1.417s] running install
[1.417s] running install_lib
[1.418s] creating /home/lucas-pc/RoboticArm/install/hand_pack/lib/python3.10/site-packages/hand_pack
[1.418s] copying /home/lucas-pc/RoboticArm/build/hand_pack/build/lib/hand_pack/hand_node.py -> /home/lucas-pc/RoboticArm/install/hand_pack/lib/python3.10/site-packages/hand_pack
[1.418s] copying /home/lucas-pc/RoboticArm/build/hand_pack/build/lib/hand_pack/__init__.py -> /home/lucas-pc/RoboticArm/install/hand_pack/lib/python3.10/site-packages/hand_pack
[1.420s] byte-compiling /home/lucas-pc/RoboticArm/install/hand_pack/lib/python3.10/site-packages/hand_pack/hand_node.py to hand_node.cpython-310.pyc
[1.420s] byte-compiling /home/lucas-pc/RoboticArm/install/hand_pack/lib/python3.10/site-packages/hand_pack/__init__.py to __init__.cpython-310.pyc
[1.420s] running install_data
[1.420s] creating /home/lucas-pc/RoboticArm/install/hand_pack/share/ament_index
[1.420s] creating /home/lucas-pc/RoboticArm/install/hand_pack/share/ament_index/resource_index
[1.420s] creating /home/lucas-pc/RoboticArm/install/hand_pack/share/ament_index/resource_index/packages
[1.420s] copying resource/hand_pack -> /home/lucas-pc/RoboticArm/install/hand_pack/share/ament_index/resource_index/packages
[1.420s] copying package.xml -> /home/lucas-pc/RoboticArm/install/hand_pack/share/hand_pack
[1.420s] creating /home/lucas-pc/RoboticArm/install/hand_pack/share/hand_pack/launch
[1.420s] copying launch/combined_launch.py -> /home/lucas-pc/RoboticArm/install/hand_pack/share/hand_pack/launch
[1.421s] creating /home/lucas-pc/RoboticArm/install/hand_pack/share/hand_pack/urdf
[1.421s] copying urdf/hj_hand_transmission.xacro -> /home/lucas-pc/RoboticArm/install/hand_pack/share/hand_pack/urdf
[1.421s] copying urdf/hj_hand_world.urdf.xacro -> /home/lucas-pc/RoboticArm/install/hand_pack/share/hand_pack/urdf
[1.421s] copying urdf/combined_robot.urdf.xacro -> /home/lucas-pc/RoboticArm/install/hand_pack/share/hand_pack/urdf
[1.421s] copying urdf/hj_hand_gazebo.xacro -> /home/lucas-pc/RoboticArm/install/hand_pack/share/hand_pack/urdf
[1.421s] copying urdf/hand.xacro -> /home/lucas-pc/RoboticArm/install/hand_pack/share/hand_pack/urdf
[1.421s] creating /home/lucas-pc/RoboticArm/install/hand_pack/share/hand_pack/urdf/mesh
[1.421s] copying urdf/mesh/F03_AL_link_DIP.stl -> /home/lucas-pc/RoboticArm/install/hand_pack/share/hand_pack/urdf/mesh
[1.421s] copying urdf/mesh/F03_AL_link_MCP.stl -> /home/lucas-pc/RoboticArm/install/hand_pack/share/hand_pack/urdf/mesh
[1.422s] copying urdf/mesh/F03_AL_link_PIP.stl -> /home/lucas-pc/RoboticArm/install/hand_pack/share/hand_pack/urdf/mesh
[1.422s] copying urdf/mesh/F03_AL_link_hand_wrist_part.stl -> /home/lucas-pc/RoboticArm/install/hand_pack/share/hand_pack/urdf/mesh
[1.422s] copying urdf/mesh/F01_AL_link_hand.stl -> /home/lucas-pc/RoboticArm/install/hand_pack/share/hand_pack/urdf/mesh
[1.426s] copying urdf/mesh/F01_AL_link_hand_down.stl -> /home/lucas-pc/RoboticArm/install/hand_pack/share/hand_pack/urdf/mesh
[1.428s] copying urdf/mesh/F03_Finger_base.stl -> /home/lucas-pc/RoboticArm/install/hand_pack/share/hand_pack/urdf/mesh
[1.428s] copying urdf/mesh/F03_AL_palm.stl -> /home/lucas-pc/RoboticArm/install/hand_pack/share/hand_pack/urdf/mesh
[1.428s] copying urdf/mesh/F03_Thumb_base.stl -> /home/lucas-pc/RoboticArm/install/hand_pack/share/hand_pack/urdf/mesh
[1.428s] copying urdf/mesh/F03_Thumb_joint.stl -> /home/lucas-pc/RoboticArm/install/hand_pack/share/hand_pack/urdf/mesh
[1.428s] running install_egg_info
[1.431s] Copying ../../build/hand_pack/hand_pack.egg-info to /home/lucas-pc/RoboticArm/install/hand_pack/lib/python3.10/site-packages/hand_pack-0.0.1-py3.10.egg-info
[1.432s] running install_scripts
[1.463s] Installing hand_node script to /home/lucas-pc/RoboticArm/install/hand_pack/lib/hand_pack
[1.463s] writing list of installed files to '/home/lucas-pc/RoboticArm/build/hand_pack/install.log'
[1.481s] Invoked command in '/home/lucas-pc/RoboticArm/src/hand_pack' returned '0': PYTHONPATH=/home/lucas-pc/RoboticArm/build/hand_pack/prefix_override:/usr/lib/python3/dist-packages/colcon_core/task/python/colcon_distutils_commands:/home/lucas-pc/RoboticArm/install/hand_pack/lib/python3.10/site-packages:${PYTHONPATH} /usr/bin/python3 -W ignore:setup.py install is deprecated -W ignore:easy_install command is deprecated setup.py egg_info --egg-base ../../build/hand_pack build --build-base /home/lucas-pc/RoboticArm/build/hand_pack/build install --record /home/lucas-pc/RoboticArm/build/hand_pack/install.log --single-version-externally-managed install_data
