[0.194s] Invoking command in '/home/biolab-linux/RoboticArm/build/ur_description': CMAKE_PREFIX_PATH=/opt/ros/humble /usr/bin/cmake --build /home/biolab-linux/RoboticArm/build/ur_description -- -j12 -l12
[0.264s] -- The C compiler identification is GNU 11.4.0
[0.329s] -- The CXX compiler identification is GNU 11.4.0
[0.336s] -- Detecting C compiler ABI info
[0.381s] -- Detecting C compiler ABI info - done
[0.386s] -- Check for working C compiler: /usr/bin/cc - skipped
[0.386s] -- Detecting C compile features
[0.387s] -- Detecting C compile features - done
[0.389s] -- Detecting CXX compiler ABI info
[0.442s] -- Detecting CXX compiler ABI info - done
[0.449s] -- Check for working CXX compiler: /usr/bin/c++ - skipped
[0.449s] -- Detecting CXX compile features
[0.449s] -- Detecting CXX compile features - done
[0.450s] -- Found ament_cmake: 1.3.11 (/opt/ros/humble/share/ament_cmake/cmake)
[0.517s] -- Override CMake install command with custom implementation using symlinks instead of copying resources
[0.529s] -- Found ament_cmake_pytest: 1.3.11 (/opt/ros/humble/share/ament_cmake_pytest/cmake)
[1.047s] -- Configuring done
[1.051s] -- Generating done
[1.052s] -- Build files have been written to: /home/biolab-linux/RoboticArm/build/ur_description
[1.063s] Invoked command in '/home/biolab-linux/RoboticArm/build/ur_description' returned '0': CMAKE_PREFIX_PATH=/opt/ros/humble /usr/bin/cmake --build /home/biolab-linux/RoboticArm/build/ur_description -- -j12 -l12
[1.067s] Invoking command in '/home/biolab-linux/RoboticArm/build/ur_description': CMAKE_PREFIX_PATH=/opt/ros/humble /usr/bin/cmake --install /home/biolab-linux/RoboticArm/build/ur_description
[1.068s] -- Install configuration: ""
[1.069s] -- Execute custom install script
[1.070s] -- Up-to-date symlink: /home/biolab-linux/RoboticArm/install/ur_description/share/ur_description/config/initial_positions.yaml
[1.070s] -- Up-to-date symlink: /home/biolab-linux/RoboticArm/install/ur_description/share/ur_description/config/ur10/default_kinematics.yaml
[1.070s] -- Up-to-date symlink: /home/biolab-linux/RoboticArm/install/ur_description/share/ur_description/config/ur10/joint_limits.yaml
[1.070s] -- Up-to-date symlink: /home/biolab-linux/RoboticArm/install/ur_description/share/ur_description/config/ur10/physical_parameters.yaml
[1.070s] -- Up-to-date symlink: /home/biolab-linux/RoboticArm/install/ur_description/share/ur_description/config/ur10/visual_parameters.yaml
[1.071s] -- Up-to-date symlink: /home/biolab-linux/RoboticArm/install/ur_description/share/ur_description/config/ur10e/default_kinematics.yaml
[1.071s] -- Up-to-date symlink: /home/biolab-linux/RoboticArm/install/ur_description/share/ur_description/config/ur10e/joint_limits.yaml
[1.071s] -- Up-to-date symlink: /home/biolab-linux/RoboticArm/install/ur_description/share/ur_description/config/ur10e/physical_parameters.yaml
[1.071s] -- Up-to-date symlink: /home/biolab-linux/RoboticArm/install/ur_description/share/ur_description/config/ur10e/visual_parameters.yaml
[1.071s] -- Up-to-date symlink: /home/biolab-linux/RoboticArm/install/ur_description/share/ur_description/config/ur16e/default_kinematics.yaml
[1.071s] -- Up-to-date symlink: /home/biolab-linux/RoboticArm/install/ur_description/share/ur_description/config/ur16e/joint_limits.yaml
[1.072s] -- Up-to-date symlink: /home/biolab-linux/RoboticArm/install/ur_description/share/ur_description/config/ur16e/physical_parameters.yaml
[1.072s] -- Up-to-date symlink: /home/biolab-linux/RoboticArm/install/ur_description/share/ur_description/config/ur16e/visual_parameters.yaml
[1.072s] -- Up-to-date symlink: /home/biolab-linux/RoboticArm/install/ur_description/share/ur_description/config/ur20/default_kinematics.yaml
[1.072s] -- Up-to-date symlink: /home/biolab-linux/RoboticArm/install/ur_description/share/ur_description/config/ur20/joint_limits.yaml
[1.072s] -- Up-to-date symlink: /home/biolab-linux/RoboticArm/install/ur_description/share/ur_description/config/ur20/physical_parameters.yaml
[1.073s] -- Up-to-date symlink: /home/biolab-linux/RoboticArm/install/ur_description/share/ur_description/config/ur20/visual_parameters.yaml
[1.073s] -- Up-to-date symlink: /home/biolab-linux/RoboticArm/install/ur_description/share/ur_description/config/ur3/default_kinematics.yaml
[1.073s] -- Up-to-date symlink: /home/biolab-linux/RoboticArm/install/ur_description/share/ur_description/config/ur3/joint_limits.yaml
[1.073s] -- Up-to-date symlink: /home/biolab-linux/RoboticArm/install/ur_description/share/ur_description/config/ur3/physical_parameters.yaml
[1.073s] -- Up-to-date symlink: /home/biolab-linux/RoboticArm/install/ur_description/share/ur_description/config/ur3/visual_parameters.yaml
[1.073s] -- Up-to-date symlink: /home/biolab-linux/RoboticArm/install/ur_description/share/ur_description/config/ur30/default_kinematics.yaml
[1.074s] -- Up-to-date symlink: /home/biolab-linux/RoboticArm/install/ur_description/share/ur_description/config/ur30/joint_limits.yaml
[1.074s] -- Up-to-date symlink: /home/biolab-linux/RoboticArm/install/ur_description/share/ur_description/config/ur30/physical_parameters.yaml
[1.074s] -- Up-to-date symlink: /home/biolab-linux/RoboticArm/install/ur_description/share/ur_description/config/ur30/visual_parameters.yaml
[1.074s] -- Up-to-date symlink: /home/biolab-linux/RoboticArm/install/ur_description/share/ur_description/config/ur3e/default_kinematics.yaml
[1.074s] -- Up-to-date symlink: /home/biolab-linux/RoboticArm/install/ur_description/share/ur_description/config/ur3e/joint_limits.yaml
[1.075s] -- Up-to-date symlink: /home/biolab-linux/RoboticArm/install/ur_description/share/ur_description/config/ur3e/physical_parameters.yaml
[1.075s] -- Up-to-date symlink: /home/biolab-linux/RoboticArm/install/ur_description/share/ur_description/config/ur3e/visual_parameters.yaml
[1.075s] -- Up-to-date symlink: /home/biolab-linux/RoboticArm/install/ur_description/share/ur_description/config/ur5/default_kinematics.yaml
[1.075s] -- Up-to-date symlink: /home/biolab-linux/RoboticArm/install/ur_description/share/ur_description/config/ur5/joint_limits.yaml
[1.076s] -- Up-to-date symlink: /home/biolab-linux/RoboticArm/install/ur_description/share/ur_description/config/ur5/physical_parameters.yaml
[1.076s] -- Up-to-date symlink: /home/biolab-linux/RoboticArm/install/ur_description/share/ur_description/config/ur5/visual_parameters.yaml
[1.076s] -- Up-to-date symlink: /home/biolab-linux/RoboticArm/install/ur_description/share/ur_description/config/ur5e/default_kinematics.yaml
[1.076s] -- Up-to-date symlink: /home/biolab-linux/RoboticArm/install/ur_description/share/ur_description/config/ur5e/joint_limits.yaml
[1.076s] -- Up-to-date symlink: /home/biolab-linux/RoboticArm/install/ur_description/share/ur_description/config/ur5e/physical_parameters.yaml
[1.076s] -- Up-to-date symlink: /home/biolab-linux/RoboticArm/install/ur_description/share/ur_description/config/ur5e/visual_parameters.yaml
[1.077s] -- Up-to-date symlink: /home/biolab-linux/RoboticArm/install/ur_description/share/ur_description/launch/view_ur.launch.py
[1.078s] -- Up-to-date symlink: /home/biolab-linux/RoboticArm/install/ur_description/share/ur_description/meshes/ur10/collision/base.stl
[1.078s] -- Up-to-date symlink: /home/biolab-linux/RoboticArm/install/ur_description/share/ur_description/meshes/ur10/collision/forearm.stl
[1.078s] -- Up-to-date symlink: /home/biolab-linux/RoboticArm/install/ur_description/share/ur_description/meshes/ur10/collision/shoulder.stl
[1.079s] -- Up-to-date symlink: /home/biolab-linux/RoboticArm/install/ur_description/share/ur_description/meshes/ur10/collision/upperarm.stl
[1.079s] -- Up-to-date symlink: /home/biolab-linux/RoboticArm/install/ur_description/share/ur_description/meshes/ur10/collision/wrist1.stl
[1.079s] -- Up-to-date symlink: /home/biolab-linux/RoboticArm/install/ur_description/share/ur_description/meshes/ur10/collision/wrist2.stl
[1.079s] -- Up-to-date symlink: /home/biolab-linux/RoboticArm/install/ur_description/share/ur_description/meshes/ur10/collision/wrist3.stl
[1.079s] -- Up-to-date symlink: /home/biolab-linux/RoboticArm/install/ur_description/share/ur_description/meshes/ur10/visual/base.dae
[1.079s] -- Up-to-date symlink: /home/biolab-linux/RoboticArm/install/ur_description/share/ur_description/meshes/ur10/visual/forearm.dae
[1.080s] -- Up-to-date symlink: /home/biolab-linux/RoboticArm/install/ur_description/share/ur_description/meshes/ur10/visual/shoulder.dae
[1.080s] -- Up-to-date symlink: /home/biolab-linux/RoboticArm/install/ur_description/share/ur_description/meshes/ur10/visual/upperarm.dae
[1.080s] -- Up-to-date symlink: /home/biolab-linux/RoboticArm/install/ur_description/share/ur_description/meshes/ur10/visual/wrist1.dae
[1.080s] -- Up-to-date symlink: /home/biolab-linux/RoboticArm/install/ur_description/share/ur_description/meshes/ur10/visual/wrist2.dae
[1.080s] -- Up-to-date symlink: /home/biolab-linux/RoboticArm/install/ur_description/share/ur_description/meshes/ur10/visual/wrist3.dae
[1.080s] -- Up-to-date symlink: /home/biolab-linux/RoboticArm/install/ur_description/share/ur_description/meshes/ur10e/collision/base.stl
[1.080s] -- Up-to-date symlink: /home/biolab-linux/RoboticArm/install/ur_description/share/ur_description/meshes/ur10e/collision/forearm.stl
[1.081s] -- Up-to-date symlink: /home/biolab-linux/RoboticArm/install/ur_description/share/ur_description/meshes/ur10e/collision/shoulder.stl
[1.081s] -- Up-to-date symlink: /home/biolab-linux/RoboticArm/install/ur_description/share/ur_description/meshes/ur10e/collision/upperarm.stl
[1.081s] -- Up-to-date symlink: /home/biolab-linux/RoboticArm/install/ur_description/share/ur_description/meshes/ur10e/collision/wrist1.stl
[1.081s] -- Up-to-date symlink: /home/biolab-linux/RoboticArm/install/ur_description/share/ur_description/meshes/ur10e/collision/wrist2.stl
[1.081s] -- Up-to-date symlink: /home/biolab-linux/RoboticArm/install/ur_description/share/ur_description/meshes/ur10e/collision/wrist3.stl
[1.081s] -- Up-to-date symlink: /home/biolab-linux/RoboticArm/install/ur_description/share/ur_description/meshes/ur10e/visual/base.dae
[1.082s] -- Up-to-date symlink: /home/biolab-linux/RoboticArm/install/ur_description/share/ur_description/meshes/ur10e/visual/forearm.dae
[1.082s] -- Up-to-date symlink: /home/biolab-linux/RoboticArm/install/ur_description/share/ur_description/meshes/ur10e/visual/shoulder.dae
[1.082s] -- Up-to-date symlink: /home/biolab-linux/RoboticArm/install/ur_description/share/ur_description/meshes/ur10e/visual/upperarm.dae
[1.082s] -- Up-to-date symlink: /home/biolab-linux/RoboticArm/install/ur_description/share/ur_description/meshes/ur10e/visual/wrist1.dae
[1.082s] -- Up-to-date symlink: /home/biolab-linux/RoboticArm/install/ur_description/share/ur_description/meshes/ur10e/visual/wrist2.dae
[1.082s] -- Up-to-date symlink: /home/biolab-linux/RoboticArm/install/ur_description/share/ur_description/meshes/ur10e/visual/wrist3.dae
[1.083s] -- Up-to-date symlink: /home/biolab-linux/RoboticArm/install/ur_description/share/ur_description/meshes/ur16e/collision/forearm.stl
[1.083s] -- Up-to-date symlink: /home/biolab-linux/RoboticArm/install/ur_description/share/ur_description/meshes/ur16e/collision/upperarm.stl
[1.083s] -- Up-to-date symlink: /home/biolab-linux/RoboticArm/install/ur_description/share/ur_description/meshes/ur16e/visual/forearm.dae
[1.083s] -- Up-to-date symlink: /home/biolab-linux/RoboticArm/install/ur_description/share/ur_description/meshes/ur16e/visual/upperarm.dae
[1.083s] -- Up-to-date symlink: /home/biolab-linux/RoboticArm/install/ur_description/share/ur_description/meshes/ur20/LICENSE.txt
[1.083s] -- Up-to-date symlink: /home/biolab-linux/RoboticArm/install/ur_description/share/ur_description/meshes/ur20/collision/base.stl
[1.084s] -- Up-to-date symlink: /home/biolab-linux/RoboticArm/install/ur_description/share/ur_description/meshes/ur20/collision/forearm.stl
[1.084s] -- Up-to-date symlink: /home/biolab-linux/RoboticArm/install/ur_description/share/ur_description/meshes/ur20/collision/shoulder.stl
[1.084s] -- Up-to-date symlink: /home/biolab-linux/RoboticArm/install/ur_description/share/ur_description/meshes/ur20/collision/upperarm.stl
[1.084s] -- Up-to-date symlink: /home/biolab-linux/RoboticArm/install/ur_description/share/ur_description/meshes/ur20/collision/wrist1.stl
[1.084s] -- Up-to-date symlink: /home/biolab-linux/RoboticArm/install/ur_description/share/ur_description/meshes/ur20/collision/wrist2.stl
[1.084s] -- Up-to-date symlink: /home/biolab-linux/RoboticArm/install/ur_description/share/ur_description/meshes/ur20/collision/wrist3.stl
[1.085s] -- Up-to-date symlink: /home/biolab-linux/RoboticArm/install/ur_description/share/ur_description/meshes/ur20/visual/UR20_DIFF_8bit_2K.png
[1.085s] -- Up-to-date symlink: /home/biolab-linux/RoboticArm/install/ur_description/share/ur_description/meshes/ur20/visual/base.dae
[1.085s] -- Up-to-date symlink: /home/biolab-linux/RoboticArm/install/ur_description/share/ur_description/meshes/ur20/visual/forearm.dae
[1.085s] -- Up-to-date symlink: /home/biolab-linux/RoboticArm/install/ur_description/share/ur_description/meshes/ur20/visual/shoulder.dae
[1.085s] -- Up-to-date symlink: /home/biolab-linux/RoboticArm/install/ur_description/share/ur_description/meshes/ur20/visual/upperarm.dae
[1.085s] -- Up-to-date symlink: /home/biolab-linux/RoboticArm/install/ur_description/share/ur_description/meshes/ur20/visual/wrist1.dae
[1.085s] -- Up-to-date symlink: /home/biolab-linux/RoboticArm/install/ur_description/share/ur_description/meshes/ur20/visual/wrist2.dae
[1.086s] -- Up-to-date symlink: /home/biolab-linux/RoboticArm/install/ur_description/share/ur_description/meshes/ur20/visual/wrist3.dae
[1.086s] -- Up-to-date symlink: /home/biolab-linux/RoboticArm/install/ur_description/share/ur_description/meshes/ur3/collision/base.stl
[1.086s] -- Up-to-date symlink: /home/biolab-linux/RoboticArm/install/ur_description/share/ur_description/meshes/ur3/collision/forearm.stl
[1.086s] -- Up-to-date symlink: /home/biolab-linux/RoboticArm/install/ur_description/share/ur_description/meshes/ur3/collision/shoulder.stl
[1.086s] -- Up-to-date symlink: /home/biolab-linux/RoboticArm/install/ur_description/share/ur_description/meshes/ur3/collision/upperarm.stl
[1.087s] -- Up-to-date symlink: /home/biolab-linux/RoboticArm/install/ur_description/share/ur_description/meshes/ur3/collision/wrist1.stl
[1.088s] -- Up-to-date symlink: /home/biolab-linux/RoboticArm/install/ur_description/share/ur_description/meshes/ur3/collision/wrist2.stl
[1.089s] -- Up-to-date symlink: /home/biolab-linux/RoboticArm/install/ur_description/share/ur_description/meshes/ur3/collision/wrist3.stl
[1.090s] -- Up-to-date symlink: /home/biolab-linux/RoboticArm/install/ur_description/share/ur_description/meshes/ur3/visual/base.dae
[1.091s] -- Up-to-date symlink: /home/biolab-linux/RoboticArm/install/ur_description/share/ur_description/meshes/ur3/visual/forearm.dae
[1.091s] -- Up-to-date symlink: /home/biolab-linux/RoboticArm/install/ur_description/share/ur_description/meshes/ur3/visual/shoulder.dae
[1.091s] -- Up-to-date symlink: /home/biolab-linux/RoboticArm/install/ur_description/share/ur_description/meshes/ur3/visual/upperarm.dae
[1.091s] -- Up-to-date symlink: /home/biolab-linux/RoboticArm/install/ur_description/share/ur_description/meshes/ur3/visual/wrist1.dae
[1.092s] -- Up-to-date symlink: /home/biolab-linux/RoboticArm/install/ur_description/share/ur_description/meshes/ur3/visual/wrist2.dae
[1.092s] -- Up-to-date symlink: /home/biolab-linux/RoboticArm/install/ur_description/share/ur_description/meshes/ur3/visual/wrist3.dae
[1.092s] -- Up-to-date symlink: /home/biolab-linux/RoboticArm/install/ur_description/share/ur_description/meshes/ur30/LICENSE.txt
[1.092s] -- Up-to-date symlink: /home/biolab-linux/RoboticArm/install/ur_description/share/ur_description/meshes/ur30/collision/forearm.stl
[1.092s] -- Up-to-date symlink: /home/biolab-linux/RoboticArm/install/ur_description/share/ur_description/meshes/ur30/collision/upperarm.stl
[1.093s] -- Up-to-date symlink: /home/biolab-linux/RoboticArm/install/ur_description/share/ur_description/meshes/ur30/visual/UR30_DIFF_8bit_2K.png
[1.093s] -- Up-to-date symlink: /home/biolab-linux/RoboticArm/install/ur_description/share/ur_description/meshes/ur30/visual/forearm.dae
[1.093s] -- Up-to-date symlink: /home/biolab-linux/RoboticArm/install/ur_description/share/ur_description/meshes/ur30/visual/upperarm.dae
[1.093s] -- Up-to-date symlink: /home/biolab-linux/RoboticArm/install/ur_description/share/ur_description/meshes/ur3e/collision/base.stl
[1.093s] -- Up-to-date symlink: /home/biolab-linux/RoboticArm/install/ur_description/share/ur_description/meshes/ur3e/collision/forearm.stl
[1.094s] -- Up-to-date symlink: /home/biolab-linux/RoboticArm/install/ur_description/share/ur_description/meshes/ur3e/collision/shoulder.stl
[1.094s] -- Up-to-date symlink: /home/biolab-linux/RoboticArm/install/ur_description/share/ur_description/meshes/ur3e/collision/upperarm.stl
[1.094s] -- Up-to-date symlink: /home/biolab-linux/RoboticArm/install/ur_description/share/ur_description/meshes/ur3e/collision/wrist1.stl
[1.094s] -- Up-to-date symlink: /home/biolab-linux/RoboticArm/install/ur_description/share/ur_description/meshes/ur3e/collision/wrist2.stl
[1.094s] -- Up-to-date symlink: /home/biolab-linux/RoboticArm/install/ur_description/share/ur_description/meshes/ur3e/collision/wrist3.stl
[1.094s] -- Up-to-date symlink: /home/biolab-linux/RoboticArm/install/ur_description/share/ur_description/meshes/ur3e/visual/base.dae
[1.094s] -- Up-to-date symlink: /home/biolab-linux/RoboticArm/install/ur_description/share/ur_description/meshes/ur3e/visual/forearm.dae
[1.095s] -- Up-to-date symlink: /home/biolab-linux/RoboticArm/install/ur_description/share/ur_description/meshes/ur3e/visual/shoulder.dae
[1.095s] -- Up-to-date symlink: /home/biolab-linux/RoboticArm/install/ur_description/share/ur_description/meshes/ur3e/visual/upperarm.dae
[1.095s] -- Up-to-date symlink: /home/biolab-linux/RoboticArm/install/ur_description/share/ur_description/meshes/ur3e/visual/wrist1.dae
[1.095s] -- Up-to-date symlink: /home/biolab-linux/RoboticArm/install/ur_description/share/ur_description/meshes/ur3e/visual/wrist2.dae
[1.095s] -- Up-to-date symlink: /home/biolab-linux/RoboticArm/install/ur_description/share/ur_description/meshes/ur3e/visual/wrist3.dae
[1.095s] -- Up-to-date symlink: /home/biolab-linux/RoboticArm/install/ur_description/share/ur_description/meshes/ur5/collision/base.stl
[1.095s] -- Up-to-date symlink: /home/biolab-linux/RoboticArm/install/ur_description/share/ur_description/meshes/ur5/collision/forearm.stl
[1.096s] -- Up-to-date symlink: /home/biolab-linux/RoboticArm/install/ur_description/share/ur_description/meshes/ur5/collision/shoulder.stl
[1.096s] -- Up-to-date symlink: /home/biolab-linux/RoboticArm/install/ur_description/share/ur_description/meshes/ur5/collision/upperarm.stl
[1.096s] -- Up-to-date symlink: /home/biolab-linux/RoboticArm/install/ur_description/share/ur_description/meshes/ur5/collision/wrist1.stl
[1.096s] -- Up-to-date symlink: /home/biolab-linux/RoboticArm/install/ur_description/share/ur_description/meshes/ur5/collision/wrist2.stl
[1.096s] -- Up-to-date symlink: /home/biolab-linux/RoboticArm/install/ur_description/share/ur_description/meshes/ur5/collision/wrist3.stl
[1.096s] -- Up-to-date symlink: /home/biolab-linux/RoboticArm/install/ur_description/share/ur_description/meshes/ur5/visual/base.dae
[1.097s] -- Up-to-date symlink: /home/biolab-linux/RoboticArm/install/ur_description/share/ur_description/meshes/ur5/visual/forearm.dae
[1.097s] -- Up-to-date symlink: /home/biolab-linux/RoboticArm/install/ur_description/share/ur_description/meshes/ur5/visual/shoulder.dae
[1.097s] -- Up-to-date symlink: /home/biolab-linux/RoboticArm/install/ur_description/share/ur_description/meshes/ur5/visual/upperarm.dae
[1.097s] -- Up-to-date symlink: /home/biolab-linux/RoboticArm/install/ur_description/share/ur_description/meshes/ur5/visual/wrist1.dae
[1.097s] -- Up-to-date symlink: /home/biolab-linux/RoboticArm/install/ur_description/share/ur_description/meshes/ur5/visual/wrist2.dae
[1.097s] -- Up-to-date symlink: /home/biolab-linux/RoboticArm/install/ur_description/share/ur_description/meshes/ur5/visual/wrist3.dae
[1.097s] -- Up-to-date symlink: /home/biolab-linux/RoboticArm/install/ur_description/share/ur_description/meshes/ur5e/collision/base.stl
[1.098s] -- Up-to-date symlink: /home/biolab-linux/RoboticArm/install/ur_description/share/ur_description/meshes/ur5e/collision/forearm.stl
[1.098s] -- Up-to-date symlink: /home/biolab-linux/RoboticArm/install/ur_description/share/ur_description/meshes/ur5e/collision/shoulder.stl
[1.098s] -- Up-to-date symlink: /home/biolab-linux/RoboticArm/install/ur_description/share/ur_description/meshes/ur5e/collision/upperarm.stl
[1.098s] -- Up-to-date symlink: /home/biolab-linux/RoboticArm/install/ur_description/share/ur_description/meshes/ur5e/collision/wrist1.stl
[1.098s] -- Up-to-date symlink: /home/biolab-linux/RoboticArm/install/ur_description/share/ur_description/meshes/ur5e/collision/wrist2.stl
[1.098s] -- Up-to-date symlink: /home/biolab-linux/RoboticArm/install/ur_description/share/ur_description/meshes/ur5e/collision/wrist3.stl
[1.099s] -- Up-to-date symlink: /home/biolab-linux/RoboticArm/install/ur_description/share/ur_description/meshes/ur5e/visual/base.dae
[1.099s] -- Up-to-date symlink: /home/biolab-linux/RoboticArm/install/ur_description/share/ur_description/meshes/ur5e/visual/forearm.dae
[1.099s] -- Up-to-date symlink: /home/biolab-linux/RoboticArm/install/ur_description/share/ur_description/meshes/ur5e/visual/shoulder.dae
[1.099s] -- Up-to-date symlink: /home/biolab-linux/RoboticArm/install/ur_description/share/ur_description/meshes/ur5e/visual/upperarm.dae
[1.099s] -- Up-to-date symlink: /home/biolab-linux/RoboticArm/install/ur_description/share/ur_description/meshes/ur5e/visual/wrist1.dae
[1.099s] -- Up-to-date symlink: /home/biolab-linux/RoboticArm/install/ur_description/share/ur_description/meshes/ur5e/visual/wrist2.dae
[1.100s] -- Up-to-date symlink: /home/biolab-linux/RoboticArm/install/ur_description/share/ur_description/meshes/ur5e/visual/wrist3.dae
[1.100s] -- Up-to-date symlink: /home/biolab-linux/RoboticArm/install/ur_description/share/ur_description/rviz/view_robot.rviz
[1.100s] -- Up-to-date symlink: /home/biolab-linux/RoboticArm/install/ur_description/share/ur_description/urdf/inc/ur_common.xacro
[1.100s] -- Up-to-date symlink: /home/biolab-linux/RoboticArm/install/ur_description/share/ur_description/urdf/inc/ur_joint_control.xacro
[1.101s] -- Up-to-date symlink: /home/biolab-linux/RoboticArm/install/ur_description/share/ur_description/urdf/inc/ur_sensors.xacro
[1.101s] -- Up-to-date symlink: /home/biolab-linux/RoboticArm/install/ur_description/share/ur_description/urdf/inc/ur_transmissions.xacro
[1.101s] -- Up-to-date symlink: /home/biolab-linux/RoboticArm/install/ur_description/share/ur_description/urdf/ros2_control_mock_hardware.xacro
[1.101s] -- Up-to-date symlink: /home/biolab-linux/RoboticArm/install/ur_description/share/ur_description/urdf/ur.urdf.xacro
[1.101s] -- Up-to-date symlink: /home/biolab-linux/RoboticArm/install/ur_description/share/ur_description/urdf/ur_macro.xacro
[1.101s] -- Up-to-date symlink: /home/biolab-linux/RoboticArm/install/ur_description/share/ur_description/urdf/ur_mocked.urdf.xacro
[1.102s] -- Up-to-date symlink: /home/biolab-linux/RoboticArm/install/ur_description/share/ur_description/test/test_ur_urdf_xacro.py
[1.102s] -- Up-to-date symlink: /home/biolab-linux/RoboticArm/install/ur_description/share/ur_description/test/test_view_ur_launch.py
[1.102s] -- Up-to-date symlink: /home/biolab-linux/RoboticArm/install/ur_description/share/ament_index/resource_index/package_run_dependencies/ur_description
[1.103s] -- Up-to-date symlink: /home/biolab-linux/RoboticArm/install/ur_description/share/ament_index/resource_index/parent_prefix_path/ur_description
[1.103s] -- Up-to-date symlink: /home/biolab-linux/RoboticArm/install/ur_description/share/ur_description/environment/ament_prefix_path.sh
[1.103s] -- Up-to-date symlink: /home/biolab-linux/RoboticArm/install/ur_description/share/ur_description/environment/ament_prefix_path.dsv
[1.103s] -- Up-to-date symlink: /home/biolab-linux/RoboticArm/install/ur_description/share/ur_description/environment/path.sh
[1.104s] -- Up-to-date symlink: /home/biolab-linux/RoboticArm/install/ur_description/share/ur_description/environment/path.dsv
[1.104s] -- Up-to-date symlink: /home/biolab-linux/RoboticArm/install/ur_description/share/ur_description/local_setup.bash
[1.104s] -- Up-to-date symlink: /home/biolab-linux/RoboticArm/install/ur_description/share/ur_description/local_setup.sh
[1.104s] -- Up-to-date symlink: /home/biolab-linux/RoboticArm/install/ur_description/share/ur_description/local_setup.zsh
[1.104s] -- Up-to-date symlink: /home/biolab-linux/RoboticArm/install/ur_description/share/ur_description/local_setup.dsv
[1.105s] -- Symlinking: /home/biolab-linux/RoboticArm/install/ur_description/share/ur_description/package.dsv
[1.108s] -- Up-to-date symlink: /home/biolab-linux/RoboticArm/install/ur_description/share/ament_index/resource_index/packages/ur_description
[1.108s] -- Up-to-date symlink: /home/biolab-linux/RoboticArm/install/ur_description/share/ur_description/cmake/ur_descriptionConfig.cmake
[1.108s] -- Up-to-date symlink: /home/biolab-linux/RoboticArm/install/ur_description/share/ur_description/cmake/ur_descriptionConfig-version.cmake
[1.108s] -- Up-to-date symlink: /home/biolab-linux/RoboticArm/install/ur_description/share/ur_description/package.xml
[1.109s] Invoked command in '/home/biolab-linux/RoboticArm/build/ur_description' returned '0': CMAKE_PREFIX_PATH=/opt/ros/humble /usr/bin/cmake --install /home/biolab-linux/RoboticArm/build/ur_description
