[0.993s] Invoking command in '/home/lucas-pc/RoboticArm/build/hand_pack': PS1=\[\033[01;32m\]\u@\h\[\033[00m\]:\[\033[01;34m\]\w\[\033[01;91m\]$(parse_git_branch)\[\033[00m\]$ PYTHONPATH=/home/lucas-pc/RoboticArm/build/hand_pack/prefix_override:/usr/lib/python3/dist-packages/colcon_core/task/python/colcon_distutils_commands:/home/lucas-pc/RoboticArm/install/hand_pack/lib/python3.10/site-packages:${PYTHONPATH} /usr/bin/python3 -W ignore:setup.py install is deprecated -W ignore:easy_install command is deprecated setup.py develop --editable --build-directory /home/lucas-pc/RoboticArm/build/hand_pack/build --no-deps symlink_data
[1.418s] running develop
[1.652s] running egg_info
[1.652s] creating hand_pack.egg-info
[1.652s] writing hand_pack.egg-info/PKG-INFO
[1.653s] writing dependency_links to hand_pack.egg-info/dependency_links.txt
[1.653s] writing entry points to hand_pack.egg-info/entry_points.txt
[1.653s] writing requirements to hand_pack.egg-info/requires.txt
[1.653s] writing top-level names to hand_pack.egg-info/top_level.txt
[1.653s] writing manifest file 'hand_pack.egg-info/SOURCES.txt'
[1.654s] reading manifest file 'hand_pack.egg-info/SOURCES.txt'
[1.654s] writing manifest file 'hand_pack.egg-info/SOURCES.txt'
[1.658s] running build_ext
[1.658s] Creating /home/lucas-pc/RoboticArm/install/hand_pack/lib/python3.10/site-packages/hand-pack.egg-link (link to .)
[1.659s] Installing hand_node script to /home/lucas-pc/RoboticArm/install/hand_pack/lib/hand_pack
[1.659s] 
[1.659s] Installed /home/lucas-pc/RoboticArm/build/hand_pack
[1.659s] running symlink_data
[1.659s] creating /home/lucas-pc/RoboticArm/install/hand_pack/share/ament_index
[1.659s] creating /home/lucas-pc/RoboticArm/install/hand_pack/share/ament_index/resource_index
[1.659s] creating /home/lucas-pc/RoboticArm/install/hand_pack/share/ament_index/resource_index/packages
[1.659s] symbolically linking /home/lucas-pc/RoboticArm/build/hand_pack/resource/hand_pack -> /home/lucas-pc/RoboticArm/install/hand_pack/share/ament_index/resource_index/packages
[1.659s] symbolically linking /home/lucas-pc/RoboticArm/build/hand_pack/package.xml -> /home/lucas-pc/RoboticArm/install/hand_pack/share/hand_pack
[1.659s] creating /home/lucas-pc/RoboticArm/install/hand_pack/share/hand_pack/launch
[1.659s] symbolically linking /home/lucas-pc/RoboticArm/build/hand_pack/launch/display.launch.py -> /home/lucas-pc/RoboticArm/install/hand_pack/share/hand_pack/launch
[1.659s] creating /home/lucas-pc/RoboticArm/install/hand_pack/share/hand_pack/urdf
[1.659s] symbolically linking /home/lucas-pc/RoboticArm/build/hand_pack/urdf/hj_hand_transmission.xacro -> /home/lucas-pc/RoboticArm/install/hand_pack/share/hand_pack/urdf
[1.660s] symbolically linking /home/lucas-pc/RoboticArm/build/hand_pack/urdf/hj_hand_gazebo.xacro -> /home/lucas-pc/RoboticArm/install/hand_pack/share/hand_pack/urdf
[1.660s] symbolically linking /home/lucas-pc/RoboticArm/build/hand_pack/urdf/hand.xacro -> /home/lucas-pc/RoboticArm/install/hand_pack/share/hand_pack/urdf
[1.674s] Invoked command in '/home/lucas-pc/RoboticArm/build/hand_pack' returned '0': PS1=\[\033[01;32m\]\u@\h\[\033[00m\]:\[\033[01;34m\]\w\[\033[01;91m\]$(parse_git_branch)\[\033[00m\]$ PYTHONPATH=/home/lucas-pc/RoboticArm/build/hand_pack/prefix_override:/usr/lib/python3/dist-packages/colcon_core/task/python/colcon_distutils_commands:/home/lucas-pc/RoboticArm/install/hand_pack/lib/python3.10/site-packages:${PYTHONPATH} /usr/bin/python3 -W ignore:setup.py install is deprecated -W ignore:easy_install command is deprecated setup.py develop --editable --build-directory /home/lucas-pc/RoboticArm/build/hand_pack/build --no-deps symlink_data
