[0.911s] Invoking command in '/home/lucas-pc/RoboticArm/roboticarm': PYTHONPATH=/home/lucas-pc/RoboticArm/build/roboticarm/prefix_override:/usr/lib/python3/dist-packages/colcon_core/task/python/colcon_distutils_commands:/home/lucas-pc/RoboticArm/install/roboticarm/lib/python3.10/site-packages:${PYTHONPATH} /usr/bin/python3 -W ignore:setup.py install is deprecated -W ignore:easy_install command is deprecated setup.py egg_info --egg-base ../build/roboticarm build --build-base /home/lucas-pc/RoboticArm/build/roboticarm/build install --record /home/lucas-pc/RoboticArm/build/roboticarm/install.log --single-version-externally-managed install_data
[1.270s] running egg_info
[1.270s] creating ../build/roboticarm/roboticarm.egg-info
[1.270s] writing ../build/roboticarm/roboticarm.egg-info/PKG-INFO
[1.270s] writing dependency_links to ../build/roboticarm/roboticarm.egg-info/dependency_links.txt
[1.270s] writing entry points to ../build/roboticarm/roboticarm.egg-info/entry_points.txt
[1.271s] writing requirements to ../build/roboticarm/roboticarm.egg-info/requires.txt
[1.271s] writing top-level names to ../build/roboticarm/roboticarm.egg-info/top_level.txt
[1.271s] writing manifest file '../build/roboticarm/roboticarm.egg-info/SOURCES.txt'
[1.272s] reading manifest file '../build/roboticarm/roboticarm.egg-info/SOURCES.txt'
[1.272s] writing manifest file '../build/roboticarm/roboticarm.egg-info/SOURCES.txt'
[1.272s] running build
[1.272s] running build_py
[1.272s] creating /home/lucas-pc/RoboticArm/build/roboticarm/build
[1.272s] creating /home/lucas-pc/RoboticArm/build/roboticarm/build/lib
[1.273s] creating /home/lucas-pc/RoboticArm/build/roboticarm/build/lib/roboticarm
[1.273s] copying roboticarm/__init__.py -> /home/lucas-pc/RoboticArm/build/roboticarm/build/lib/roboticarm
[1.273s] running install
[1.273s] running install_lib
[1.274s] creating /home/lucas-pc/RoboticArm/install/roboticarm/lib/python3.10/site-packages/roboticarm
[1.274s] copying /home/lucas-pc/RoboticArm/build/roboticarm/build/lib/roboticarm/__init__.py -> /home/lucas-pc/RoboticArm/install/roboticarm/lib/python3.10/site-packages/roboticarm
[1.276s] byte-compiling /home/lucas-pc/RoboticArm/install/roboticarm/lib/python3.10/site-packages/roboticarm/__init__.py to __init__.cpython-310.pyc
[1.276s] running install_data
[1.276s] creating /home/lucas-pc/RoboticArm/install/roboticarm/share/ament_index
[1.276s] creating /home/lucas-pc/RoboticArm/install/roboticarm/share/ament_index/resource_index
[1.276s] creating /home/lucas-pc/RoboticArm/install/roboticarm/share/ament_index/resource_index/packages
[1.276s] copying resource/roboticarm -> /home/lucas-pc/RoboticArm/install/roboticarm/share/ament_index/resource_index/packages
[1.276s] copying package.xml -> /home/lucas-pc/RoboticArm/install/roboticarm/share/roboticarm
[1.276s] running install_egg_info
[1.278s] Copying ../build/roboticarm/roboticarm.egg-info to /home/lucas-pc/RoboticArm/install/roboticarm/lib/python3.10/site-packages/roboticarm-0.0.0-py3.10.egg-info
[1.279s] running install_scripts
[1.308s] writing list of installed files to '/home/lucas-pc/RoboticArm/build/roboticarm/install.log'
[1.322s] Invoked command in '/home/lucas-pc/RoboticArm/roboticarm' returned '0': PYTHONPATH=/home/lucas-pc/RoboticArm/build/roboticarm/prefix_override:/usr/lib/python3/dist-packages/colcon_core/task/python/colcon_distutils_commands:/home/lucas-pc/RoboticArm/install/roboticarm/lib/python3.10/site-packages:${PYTHONPATH} /usr/bin/python3 -W ignore:setup.py install is deprecated -W ignore:easy_install command is deprecated setup.py egg_info --egg-base ../build/roboticarm build --build-base /home/lucas-pc/RoboticArm/build/roboticarm/build install --record /home/lucas-pc/RoboticArm/build/roboticarm/install.log --single-version-externally-managed install_data
