[0.456s] Invoking command in '/home/lucas-pc/RoboticArm/build/ur_description': CMAKE_PREFIX_PATH=${CMAKE_PREFIX_PATH}:/home/lucas-pc/RoboticArm/install/hand_pack:/home/lucas-pc/ros2_humble/install/rqt_bag_plugins:/home/lucas-pc/ros2_humble/install/rqt_bag:/home/lucas-pc/ros2_humble/install/launch_testing_examples:/home/lucas-pc/ros2_humble/install/ros2bag:/home/lucas-pc/ros2_humble/install/tracetools_test:/home/lucas-pc/ros2_humble/install/tracetools_launch:/home/lucas-pc/ros2_humble/install/topic_monitor:/home/lucas-pc/ros2_humble/install/tf2_tools:/home/lucas-pc/ros2_humble/install/examples_tf2_py:/home/lucas-pc/ros2_humble/install/tf2_ros_py:/home/lucas-pc/ros2_humble/install/sros2:/home/lucas-pc/ros2_humble/install/rqt_topic:/home/lucas-pc/ros2_humble/install/rqt_srv:/home/lucas-pc/ros2_humble/install/rqt_shell:/home/lucas-pc/ros2_humble/install/rqt_service_caller:/home/lucas-pc/ros2_humble/install/rqt_reconfigure:/home/lucas-pc/ros2_humble/install/rqt_py_console:/home/lucas-pc/ros2_humble/install/rqt_publisher:/home/lucas-pc/ros2_humble/install/rqt_plot:/home/lucas-pc/ros2_humble/install/rqt_action:/home/lucas-pc/ros2_humble/install/rqt_msg:/home/lucas-pc/ros2_humble/install/rqt_console:/home/lucas-pc/ros2_humble/install/rqt:/home/lucas-pc/ros2_humble/install/rqt_graph:/home/lucas-pc/ros2_humble/install/rqt_gui_py:/home/lucas-pc/ros2_humble/install/rqt_gui:/home/lucas-pc/ros2_humble/install/ros2trace:/home/lucas-pc/ros2_humble/install/ros2topic:/home/lucas-pc/ros2_humble/install/ros2test:/home/lucas-pc/ros2_humble/install/ros2component:/home/lucas-pc/ros2_humble/install/ros2param:/home/lucas-pc/ros2_humble/install/ros2lifecycle:/home/lucas-pc/ros2_humble/install/ros2service:/home/lucas-pc/ros2_humble/install/ros2run:/home/lucas-pc/ros2_humble/install/ros2launch:/home/lucas-pc/ros2_humble/install/ros2pkg:/home/lucas-pc/ros2_humble/install/ros2node:/home/lucas-pc/ros2_humble/install/ros2multicast:/home/lucas-pc/ros2_humble/install/ros2interface:/home/lucas-pc/ros2_humble/install/ros2doctor:/home/lucas-pc/ros2_humble/install/ros2action:/home/lucas-pc/ros2_humble/install/ros2cli:/home/lucas-pc/ros2_humble/install/quality_of_service_demo_py:/home/lucas-pc/ros2_humble/install/lifecycle_py:/home/lucas-pc/ros2_humble/install/launch_testing_ros:/home/lucas-pc/ros2_humble/install/launch_ros:/home/lucas-pc/ros2_humble/install/examples_rclpy_pointcloud_publisher:/home/lucas-pc/ros2_humble/install/examples_rclpy_minimal_subscriber:/home/lucas-pc/ros2_humble/install/examples_rclpy_minimal_service:/home/lucas-pc/ros2_humble/install/examples_rclpy_minimal_publisher:/home/lucas-pc/ros2_humble/install/examples_rclpy_minimal_client:/home/lucas-pc/ros2_humble/install/examples_rclpy_minimal_action_server:/home/lucas-pc/ros2_humble/install/examples_rclpy_minimal_action_client:/home/lucas-pc/ros2_humble/install/examples_rclpy_guard_conditions:/home/lucas-pc/ros2_humble/install/examples_rclpy_executors:/home/lucas-pc/ros2_humble/install/demo_nodes_py:/home/lucas-pc/ros2_humble/install/camera_info_manager_py:/home/lucas-pc/ros2_humble/install/action_tutorials_py:/home/lucas-pc/ros2_humble/install/ament_uncrustify:/home/lucas-pc/ros2_humble/install/tracetools_trace:/home/lucas-pc/ros2_humble/install/tracetools_read:/home/lucas-pc/ros2_humble/install/test_tracetools_launch:/home/lucas-pc/ros2_humble/install/test_launch_ros:/home/lucas-pc/ros2_humble/install/sensor_msgs_py:/home/lucas-pc/ros2_humble/install/rpyutils:/home/lucas-pc/ros2_humble/install/rosidl_runtime_py:/home/lucas-pc/ros2_humble/install/rosidl_cli:/home/lucas-pc/ros2_humble/install/launch_pytest:/home/lucas-pc/ros2_humble/install/launch_testing:/home/lucas-pc/ros2_humble/install/launch_yaml:/home/lucas-pc/ros2_humble/install/launch_xml:/home/lucas-pc/ros2_humble/install/launch:/home/lucas-pc/ros2_humble/install/osrf_pycommon:/home/lucas-pc/ros2_humble/install/domain_coordinator:/home/lucas-pc/ros2_humble/install/ament_xmllint:/home/lucas-pc/ros2_humble/install/ament_pyflakes:/home/lucas-pc/ros2_humble/install/ament_pycodestyle:/home/lucas-pc/ros2_humble/install/ament_pep257:/home/lucas-pc/ros2_humble/install/ament_pclint:/home/lucas-pc/ros2_humble/install/ament_package:/home/lucas-pc/ros2_humble/install/ament_mypy:/home/lucas-pc/ros2_humble/install/ament_lint_cmake:/home/lucas-pc/ros2_humble/install/ament_flake8:/home/lucas-pc/ros2_humble/install/ament_copyright:/home/lucas-pc/ros2_humble/install/ament_lint:/home/lucas-pc/ros2_humble/install/ament_index_python:/home/lucas-pc/ros2_humble/install/ament_cpplint:/home/lucas-pc/ros2_humble/install/ament_cppcheck:/home/lucas-pc/ros2_humble/install/ament_clang_tidy:/home/lucas-pc/ros2_humble/install/ament_clang_format:/opt/ros/humble PS1=\[\033[01;32m\]\u@\h\[\033[00m\]:\[\033[01;34m\]\w\[\033[01;91m\]$(parse_git_branch)\[\033[00m\]$ /usr/bin/cmake --build /home/lucas-pc/RoboticArm/build/ur_description -- -j24 -l24
[0.537s] Invoked command in '/home/lucas-pc/RoboticArm/build/ur_description' returned '0': CMAKE_PREFIX_PATH=${CMAKE_PREFIX_PATH}:/home/lucas-pc/RoboticArm/install/hand_pack:/home/lucas-pc/ros2_humble/install/rqt_bag_plugins:/home/lucas-pc/ros2_humble/install/rqt_bag:/home/lucas-pc/ros2_humble/install/launch_testing_examples:/home/lucas-pc/ros2_humble/install/ros2bag:/home/lucas-pc/ros2_humble/install/tracetools_test:/home/lucas-pc/ros2_humble/install/tracetools_launch:/home/lucas-pc/ros2_humble/install/topic_monitor:/home/lucas-pc/ros2_humble/install/tf2_tools:/home/lucas-pc/ros2_humble/install/examples_tf2_py:/home/lucas-pc/ros2_humble/install/tf2_ros_py:/home/lucas-pc/ros2_humble/install/sros2:/home/lucas-pc/ros2_humble/install/rqt_topic:/home/lucas-pc/ros2_humble/install/rqt_srv:/home/lucas-pc/ros2_humble/install/rqt_shell:/home/lucas-pc/ros2_humble/install/rqt_service_caller:/home/lucas-pc/ros2_humble/install/rqt_reconfigure:/home/lucas-pc/ros2_humble/install/rqt_py_console:/home/lucas-pc/ros2_humble/install/rqt_publisher:/home/lucas-pc/ros2_humble/install/rqt_plot:/home/lucas-pc/ros2_humble/install/rqt_action:/home/lucas-pc/ros2_humble/install/rqt_msg:/home/lucas-pc/ros2_humble/install/rqt_console:/home/lucas-pc/ros2_humble/install/rqt:/home/lucas-pc/ros2_humble/install/rqt_graph:/home/lucas-pc/ros2_humble/install/rqt_gui_py:/home/lucas-pc/ros2_humble/install/rqt_gui:/home/lucas-pc/ros2_humble/install/ros2trace:/home/lucas-pc/ros2_humble/install/ros2topic:/home/lucas-pc/ros2_humble/install/ros2test:/home/lucas-pc/ros2_humble/install/ros2component:/home/lucas-pc/ros2_humble/install/ros2param:/home/lucas-pc/ros2_humble/install/ros2lifecycle:/home/lucas-pc/ros2_humble/install/ros2service:/home/lucas-pc/ros2_humble/install/ros2run:/home/lucas-pc/ros2_humble/install/ros2launch:/home/lucas-pc/ros2_humble/install/ros2pkg:/home/lucas-pc/ros2_humble/install/ros2node:/home/lucas-pc/ros2_humble/install/ros2multicast:/home/lucas-pc/ros2_humble/install/ros2interface:/home/lucas-pc/ros2_humble/install/ros2doctor:/home/lucas-pc/ros2_humble/install/ros2action:/home/lucas-pc/ros2_humble/install/ros2cli:/home/lucas-pc/ros2_humble/install/quality_of_service_demo_py:/home/lucas-pc/ros2_humble/install/lifecycle_py:/home/lucas-pc/ros2_humble/install/launch_testing_ros:/home/lucas-pc/ros2_humble/install/launch_ros:/home/lucas-pc/ros2_humble/install/examples_rclpy_pointcloud_publisher:/home/lucas-pc/ros2_humble/install/examples_rclpy_minimal_subscriber:/home/lucas-pc/ros2_humble/install/examples_rclpy_minimal_service:/home/lucas-pc/ros2_humble/install/examples_rclpy_minimal_publisher:/home/lucas-pc/ros2_humble/install/examples_rclpy_minimal_client:/home/lucas-pc/ros2_humble/install/examples_rclpy_minimal_action_server:/home/lucas-pc/ros2_humble/install/examples_rclpy_minimal_action_client:/home/lucas-pc/ros2_humble/install/examples_rclpy_guard_conditions:/home/lucas-pc/ros2_humble/install/examples_rclpy_executors:/home/lucas-pc/ros2_humble/install/demo_nodes_py:/home/lucas-pc/ros2_humble/install/camera_info_manager_py:/home/lucas-pc/ros2_humble/install/action_tutorials_py:/home/lucas-pc/ros2_humble/install/ament_uncrustify:/home/lucas-pc/ros2_humble/install/tracetools_trace:/home/lucas-pc/ros2_humble/install/tracetools_read:/home/lucas-pc/ros2_humble/install/test_tracetools_launch:/home/lucas-pc/ros2_humble/install/test_launch_ros:/home/lucas-pc/ros2_humble/install/sensor_msgs_py:/home/lucas-pc/ros2_humble/install/rpyutils:/home/lucas-pc/ros2_humble/install/rosidl_runtime_py:/home/lucas-pc/ros2_humble/install/rosidl_cli:/home/lucas-pc/ros2_humble/install/launch_pytest:/home/lucas-pc/ros2_humble/install/launch_testing:/home/lucas-pc/ros2_humble/install/launch_yaml:/home/lucas-pc/ros2_humble/install/launch_xml:/home/lucas-pc/ros2_humble/install/launch:/home/lucas-pc/ros2_humble/install/osrf_pycommon:/home/lucas-pc/ros2_humble/install/domain_coordinator:/home/lucas-pc/ros2_humble/install/ament_xmllint:/home/lucas-pc/ros2_humble/install/ament_pyflakes:/home/lucas-pc/ros2_humble/install/ament_pycodestyle:/home/lucas-pc/ros2_humble/install/ament_pep257:/home/lucas-pc/ros2_humble/install/ament_pclint:/home/lucas-pc/ros2_humble/install/ament_package:/home/lucas-pc/ros2_humble/install/ament_mypy:/home/lucas-pc/ros2_humble/install/ament_lint_cmake:/home/lucas-pc/ros2_humble/install/ament_flake8:/home/lucas-pc/ros2_humble/install/ament_copyright:/home/lucas-pc/ros2_humble/install/ament_lint:/home/lucas-pc/ros2_humble/install/ament_index_python:/home/lucas-pc/ros2_humble/install/ament_cpplint:/home/lucas-pc/ros2_humble/install/ament_cppcheck:/home/lucas-pc/ros2_humble/install/ament_clang_tidy:/home/lucas-pc/ros2_humble/install/ament_clang_format:/opt/ros/humble PS1=\[\033[01;32m\]\u@\h\[\033[00m\]:\[\033[01;34m\]\w\[\033[01;91m\]$(parse_git_branch)\[\033[00m\]$ /usr/bin/cmake --build /home/lucas-pc/RoboticArm/build/ur_description -- -j24 -l24
[0.555s] Invoking command in '/home/lucas-pc/RoboticArm/build/ur_description': CMAKE_PREFIX_PATH=${CMAKE_PREFIX_PATH}:/home/lucas-pc/RoboticArm/install/hand_pack:/home/lucas-pc/ros2_humble/install/rqt_bag_plugins:/home/lucas-pc/ros2_humble/install/rqt_bag:/home/lucas-pc/ros2_humble/install/launch_testing_examples:/home/lucas-pc/ros2_humble/install/ros2bag:/home/lucas-pc/ros2_humble/install/tracetools_test:/home/lucas-pc/ros2_humble/install/tracetools_launch:/home/lucas-pc/ros2_humble/install/topic_monitor:/home/lucas-pc/ros2_humble/install/tf2_tools:/home/lucas-pc/ros2_humble/install/examples_tf2_py:/home/lucas-pc/ros2_humble/install/tf2_ros_py:/home/lucas-pc/ros2_humble/install/sros2:/home/lucas-pc/ros2_humble/install/rqt_topic:/home/lucas-pc/ros2_humble/install/rqt_srv:/home/lucas-pc/ros2_humble/install/rqt_shell:/home/lucas-pc/ros2_humble/install/rqt_service_caller:/home/lucas-pc/ros2_humble/install/rqt_reconfigure:/home/lucas-pc/ros2_humble/install/rqt_py_console:/home/lucas-pc/ros2_humble/install/rqt_publisher:/home/lucas-pc/ros2_humble/install/rqt_plot:/home/lucas-pc/ros2_humble/install/rqt_action:/home/lucas-pc/ros2_humble/install/rqt_msg:/home/lucas-pc/ros2_humble/install/rqt_console:/home/lucas-pc/ros2_humble/install/rqt:/home/lucas-pc/ros2_humble/install/rqt_graph:/home/lucas-pc/ros2_humble/install/rqt_gui_py:/home/lucas-pc/ros2_humble/install/rqt_gui:/home/lucas-pc/ros2_humble/install/ros2trace:/home/lucas-pc/ros2_humble/install/ros2topic:/home/lucas-pc/ros2_humble/install/ros2test:/home/lucas-pc/ros2_humble/install/ros2component:/home/lucas-pc/ros2_humble/install/ros2param:/home/lucas-pc/ros2_humble/install/ros2lifecycle:/home/lucas-pc/ros2_humble/install/ros2service:/home/lucas-pc/ros2_humble/install/ros2run:/home/lucas-pc/ros2_humble/install/ros2launch:/home/lucas-pc/ros2_humble/install/ros2pkg:/home/lucas-pc/ros2_humble/install/ros2node:/home/lucas-pc/ros2_humble/install/ros2multicast:/home/lucas-pc/ros2_humble/install/ros2interface:/home/lucas-pc/ros2_humble/install/ros2doctor:/home/lucas-pc/ros2_humble/install/ros2action:/home/lucas-pc/ros2_humble/install/ros2cli:/home/lucas-pc/ros2_humble/install/quality_of_service_demo_py:/home/lucas-pc/ros2_humble/install/lifecycle_py:/home/lucas-pc/ros2_humble/install/launch_testing_ros:/home/lucas-pc/ros2_humble/install/launch_ros:/home/lucas-pc/ros2_humble/install/examples_rclpy_pointcloud_publisher:/home/lucas-pc/ros2_humble/install/examples_rclpy_minimal_subscriber:/home/lucas-pc/ros2_humble/install/examples_rclpy_minimal_service:/home/lucas-pc/ros2_humble/install/examples_rclpy_minimal_publisher:/home/lucas-pc/ros2_humble/install/examples_rclpy_minimal_client:/home/lucas-pc/ros2_humble/install/examples_rclpy_minimal_action_server:/home/lucas-pc/ros2_humble/install/examples_rclpy_minimal_action_client:/home/lucas-pc/ros2_humble/install/examples_rclpy_guard_conditions:/home/lucas-pc/ros2_humble/install/examples_rclpy_executors:/home/lucas-pc/ros2_humble/install/demo_nodes_py:/home/lucas-pc/ros2_humble/install/camera_info_manager_py:/home/lucas-pc/ros2_humble/install/action_tutorials_py:/home/lucas-pc/ros2_humble/install/ament_uncrustify:/home/lucas-pc/ros2_humble/install/tracetools_trace:/home/lucas-pc/ros2_humble/install/tracetools_read:/home/lucas-pc/ros2_humble/install/test_tracetools_launch:/home/lucas-pc/ros2_humble/install/test_launch_ros:/home/lucas-pc/ros2_humble/install/sensor_msgs_py:/home/lucas-pc/ros2_humble/install/rpyutils:/home/lucas-pc/ros2_humble/install/rosidl_runtime_py:/home/lucas-pc/ros2_humble/install/rosidl_cli:/home/lucas-pc/ros2_humble/install/launch_pytest:/home/lucas-pc/ros2_humble/install/launch_testing:/home/lucas-pc/ros2_humble/install/launch_yaml:/home/lucas-pc/ros2_humble/install/launch_xml:/home/lucas-pc/ros2_humble/install/launch:/home/lucas-pc/ros2_humble/install/osrf_pycommon:/home/lucas-pc/ros2_humble/install/domain_coordinator:/home/lucas-pc/ros2_humble/install/ament_xmllint:/home/lucas-pc/ros2_humble/install/ament_pyflakes:/home/lucas-pc/ros2_humble/install/ament_pycodestyle:/home/lucas-pc/ros2_humble/install/ament_pep257:/home/lucas-pc/ros2_humble/install/ament_pclint:/home/lucas-pc/ros2_humble/install/ament_package:/home/lucas-pc/ros2_humble/install/ament_mypy:/home/lucas-pc/ros2_humble/install/ament_lint_cmake:/home/lucas-pc/ros2_humble/install/ament_flake8:/home/lucas-pc/ros2_humble/install/ament_copyright:/home/lucas-pc/ros2_humble/install/ament_lint:/home/lucas-pc/ros2_humble/install/ament_index_python:/home/lucas-pc/ros2_humble/install/ament_cpplint:/home/lucas-pc/ros2_humble/install/ament_cppcheck:/home/lucas-pc/ros2_humble/install/ament_clang_tidy:/home/lucas-pc/ros2_humble/install/ament_clang_format:/opt/ros/humble PS1=\[\033[01;32m\]\u@\h\[\033[00m\]:\[\033[01;34m\]\w\[\033[01;91m\]$(parse_git_branch)\[\033[00m\]$ /usr/bin/cmake --install /home/lucas-pc/RoboticArm/build/ur_description
[0.571s] -- Install configuration: ""
[0.571s] -- Execute custom install script
[0.572s] -- Up-to-date symlink: /home/lucas-pc/RoboticArm/install/ur_description/share/ur_description/config/initial_positions.yaml
[0.572s] -- Up-to-date symlink: /home/lucas-pc/RoboticArm/install/ur_description/share/ur_description/config/ur10/default_kinematics.yaml
[0.572s] -- Up-to-date symlink: /home/lucas-pc/RoboticArm/install/ur_description/share/ur_description/config/ur10/joint_limits.yaml
[0.572s] -- Up-to-date symlink: /home/lucas-pc/RoboticArm/install/ur_description/share/ur_description/config/ur10/physical_parameters.yaml
[0.572s] -- Up-to-date symlink: /home/lucas-pc/RoboticArm/install/ur_description/share/ur_description/config/ur10/visual_parameters.yaml
[0.572s] -- Up-to-date symlink: /home/lucas-pc/RoboticArm/install/ur_description/share/ur_description/config/ur10e/default_kinematics.yaml
[0.572s] -- Up-to-date symlink: /home/lucas-pc/RoboticArm/install/ur_description/share/ur_description/config/ur10e/joint_limits.yaml
[0.572s] -- Up-to-date symlink: /home/lucas-pc/RoboticArm/install/ur_description/share/ur_description/config/ur10e/physical_parameters.yaml
[0.573s] -- Up-to-date symlink: /home/lucas-pc/RoboticArm/install/ur_description/share/ur_description/config/ur10e/visual_parameters.yaml
[0.573s] -- Up-to-date symlink: /home/lucas-pc/RoboticArm/install/ur_description/share/ur_description/config/ur16e/default_kinematics.yaml
[0.573s] -- Up-to-date symlink: /home/lucas-pc/RoboticArm/install/ur_description/share/ur_description/config/ur16e/joint_limits.yaml
[0.573s] -- Up-to-date symlink: /home/lucas-pc/RoboticArm/install/ur_description/share/ur_description/config/ur16e/physical_parameters.yaml
[0.573s] -- Up-to-date symlink: /home/lucas-pc/RoboticArm/install/ur_description/share/ur_description/config/ur16e/visual_parameters.yaml
[0.573s] -- Up-to-date symlink: /home/lucas-pc/RoboticArm/install/ur_description/share/ur_description/config/ur20/default_kinematics.yaml
[0.573s] -- Up-to-date symlink: /home/lucas-pc/RoboticArm/install/ur_description/share/ur_description/config/ur20/joint_limits.yaml
[0.573s] -- Up-to-date symlink: /home/lucas-pc/RoboticArm/install/ur_description/share/ur_description/config/ur20/physical_parameters.yaml
[0.573s] -- Up-to-date symlink: /home/lucas-pc/RoboticArm/install/ur_description/share/ur_description/config/ur20/visual_parameters.yaml
[0.573s] -- Up-to-date symlink: /home/lucas-pc/RoboticArm/install/ur_description/share/ur_description/config/ur3/default_kinematics.yaml
[0.573s] -- Up-to-date symlink: /home/lucas-pc/RoboticArm/install/ur_description/share/ur_description/config/ur3/joint_limits.yaml
[0.573s] -- Up-to-date symlink: /home/lucas-pc/RoboticArm/install/ur_description/share/ur_description/config/ur3/physical_parameters.yaml
[0.574s] -- Up-to-date symlink: /home/lucas-pc/RoboticArm/install/ur_description/share/ur_description/config/ur3/visual_parameters.yaml
[0.574s] -- Up-to-date symlink: /home/lucas-pc/RoboticArm/install/ur_description/share/ur_description/config/ur30/default_kinematics.yaml
[0.574s] -- Up-to-date symlink: /home/lucas-pc/RoboticArm/install/ur_description/share/ur_description/config/ur30/joint_limits.yaml
[0.574s] -- Up-to-date symlink: /home/lucas-pc/RoboticArm/install/ur_description/share/ur_description/config/ur30/physical_parameters.yaml
[0.574s] -- Up-to-date symlink: /home/lucas-pc/RoboticArm/install/ur_description/share/ur_description/config/ur30/visual_parameters.yaml
[0.574s] -- Up-to-date symlink: /home/lucas-pc/RoboticArm/install/ur_description/share/ur_description/config/ur3e/default_kinematics.yaml
[0.574s] -- Up-to-date symlink: /home/lucas-pc/RoboticArm/install/ur_description/share/ur_description/config/ur3e/joint_limits.yaml
[0.574s] -- Up-to-date symlink: /home/lucas-pc/RoboticArm/install/ur_description/share/ur_description/config/ur3e/physical_parameters.yaml
[0.574s] -- Up-to-date symlink: /home/lucas-pc/RoboticArm/install/ur_description/share/ur_description/config/ur3e/visual_parameters.yaml
[0.574s] -- Up-to-date symlink: /home/lucas-pc/RoboticArm/install/ur_description/share/ur_description/config/ur5/default_kinematics.yaml
[0.574s] -- Up-to-date symlink: /home/lucas-pc/RoboticArm/install/ur_description/share/ur_description/config/ur5/joint_limits.yaml
[0.574s] -- Up-to-date symlink: /home/lucas-pc/RoboticArm/install/ur_description/share/ur_description/config/ur5/physical_parameters.yaml
[0.575s] -- Up-to-date symlink: /home/lucas-pc/RoboticArm/install/ur_description/share/ur_description/config/ur5/visual_parameters.yaml
[0.575s] -- Up-to-date symlink: /home/lucas-pc/RoboticArm/install/ur_description/share/ur_description/config/ur5e/default_kinematics.yaml
[0.575s] -- Up-to-date symlink: /home/lucas-pc/RoboticArm/install/ur_description/share/ur_description/config/ur5e/joint_limits.yaml
[0.575s] -- Up-to-date symlink: /home/lucas-pc/RoboticArm/install/ur_description/share/ur_description/config/ur5e/physical_parameters.yaml
[0.575s] -- Up-to-date symlink: /home/lucas-pc/RoboticArm/install/ur_description/share/ur_description/config/ur5e/visual_parameters.yaml
[0.575s] -- Up-to-date symlink: /home/lucas-pc/RoboticArm/install/ur_description/share/ur_description/launch/gazebo.world
[0.575s] -- Up-to-date symlink: /home/lucas-pc/RoboticArm/install/ur_description/share/ur_description/launch/gazebo_view.launch.py
[0.575s] -- Up-to-date symlink: /home/lucas-pc/RoboticArm/install/ur_description/share/ur_description/launch/view_ur.launch.py
[0.576s] -- Up-to-date symlink: /home/lucas-pc/RoboticArm/install/ur_description/share/ur_description/meshes/ur10/collision/base.stl
[0.576s] -- Up-to-date symlink: /home/lucas-pc/RoboticArm/install/ur_description/share/ur_description/meshes/ur10/collision/forearm.stl
[0.576s] -- Up-to-date symlink: /home/lucas-pc/RoboticArm/install/ur_description/share/ur_description/meshes/ur10/collision/shoulder.stl
[0.577s] -- Up-to-date symlink: /home/lucas-pc/RoboticArm/install/ur_description/share/ur_description/meshes/ur10/collision/upperarm.stl
[0.577s] -- Up-to-date symlink: /home/lucas-pc/RoboticArm/install/ur_description/share/ur_description/meshes/ur10/collision/wrist1.stl
[0.577s] -- Up-to-date symlink: /home/lucas-pc/RoboticArm/install/ur_description/share/ur_description/meshes/ur10/collision/wrist2.stl
[0.577s] -- Up-to-date symlink: /home/lucas-pc/RoboticArm/install/ur_description/share/ur_description/meshes/ur10/collision/wrist3.stl
[0.577s] -- Up-to-date symlink: /home/lucas-pc/RoboticArm/install/ur_description/share/ur_description/meshes/ur10/visual/base.dae
[0.577s] -- Up-to-date symlink: /home/lucas-pc/RoboticArm/install/ur_description/share/ur_description/meshes/ur10/visual/forearm.dae
[0.577s] -- Up-to-date symlink: /home/lucas-pc/RoboticArm/install/ur_description/share/ur_description/meshes/ur10/visual/shoulder.dae
[0.577s] -- Up-to-date symlink: /home/lucas-pc/RoboticArm/install/ur_description/share/ur_description/meshes/ur10/visual/upperarm.dae
[0.577s] -- Up-to-date symlink: /home/lucas-pc/RoboticArm/install/ur_description/share/ur_description/meshes/ur10/visual/wrist1.dae
[0.577s] -- Up-to-date symlink: /home/lucas-pc/RoboticArm/install/ur_description/share/ur_description/meshes/ur10/visual/wrist2.dae
[0.577s] -- Up-to-date symlink: /home/lucas-pc/RoboticArm/install/ur_description/share/ur_description/meshes/ur10/visual/wrist3.dae
[0.577s] -- Up-to-date symlink: /home/lucas-pc/RoboticArm/install/ur_description/share/ur_description/meshes/ur10e/collision/base.stl
[0.578s] -- Up-to-date symlink: /home/lucas-pc/RoboticArm/install/ur_description/share/ur_description/meshes/ur10e/collision/forearm.stl
[0.578s] -- Up-to-date symlink: /home/lucas-pc/RoboticArm/install/ur_description/share/ur_description/meshes/ur10e/collision/shoulder.stl
[0.578s] -- Up-to-date symlink: /home/lucas-pc/RoboticArm/install/ur_description/share/ur_description/meshes/ur10e/collision/upperarm.stl
[0.578s] -- Up-to-date symlink: /home/lucas-pc/RoboticArm/install/ur_description/share/ur_description/meshes/ur10e/collision/wrist1.stl
[0.578s] -- Up-to-date symlink: /home/lucas-pc/RoboticArm/install/ur_description/share/ur_description/meshes/ur10e/collision/wrist2.stl
[0.578s] -- Up-to-date symlink: /home/lucas-pc/RoboticArm/install/ur_description/share/ur_description/meshes/ur10e/collision/wrist3.stl
[0.578s] -- Up-to-date symlink: /home/lucas-pc/RoboticArm/install/ur_description/share/ur_description/meshes/ur10e/visual/base.dae
[0.578s] -- Up-to-date symlink: /home/lucas-pc/RoboticArm/install/ur_description/share/ur_description/meshes/ur10e/visual/forearm.dae
[0.578s] -- Up-to-date symlink: /home/lucas-pc/RoboticArm/install/ur_description/share/ur_description/meshes/ur10e/visual/shoulder.dae
[0.578s] -- Up-to-date symlink: /home/lucas-pc/RoboticArm/install/ur_description/share/ur_description/meshes/ur10e/visual/upperarm.dae
[0.579s] -- Up-to-date symlink: /home/lucas-pc/RoboticArm/install/ur_description/share/ur_description/meshes/ur10e/visual/wrist1.dae
[0.579s] -- Up-to-date symlink: /home/lucas-pc/RoboticArm/install/ur_description/share/ur_description/meshes/ur10e/visual/wrist2.dae
[0.579s] -- Up-to-date symlink: /home/lucas-pc/RoboticArm/install/ur_description/share/ur_description/meshes/ur10e/visual/wrist3.dae
[0.579s] -- Up-to-date symlink: /home/lucas-pc/RoboticArm/install/ur_description/share/ur_description/meshes/ur16e/collision/forearm.stl
[0.579s] -- Up-to-date symlink: /home/lucas-pc/RoboticArm/install/ur_description/share/ur_description/meshes/ur16e/collision/upperarm.stl
[0.579s] -- Up-to-date symlink: /home/lucas-pc/RoboticArm/install/ur_description/share/ur_description/meshes/ur16e/visual/forearm.dae
[0.579s] -- Up-to-date symlink: /home/lucas-pc/RoboticArm/install/ur_description/share/ur_description/meshes/ur16e/visual/upperarm.dae
[0.579s] -- Up-to-date symlink: /home/lucas-pc/RoboticArm/install/ur_description/share/ur_description/meshes/ur20/LICENSE.txt
[0.579s] -- Up-to-date symlink: /home/lucas-pc/RoboticArm/install/ur_description/share/ur_description/meshes/ur20/collision/base.stl
[0.579s] -- Up-to-date symlink: /home/lucas-pc/RoboticArm/install/ur_description/share/ur_description/meshes/ur20/collision/forearm.stl
[0.579s] -- Up-to-date symlink: /home/lucas-pc/RoboticArm/install/ur_description/share/ur_description/meshes/ur20/collision/shoulder.stl
[0.579s] -- Up-to-date symlink: /home/lucas-pc/RoboticArm/install/ur_description/share/ur_description/meshes/ur20/collision/upperarm.stl
[0.580s] -- Up-to-date symlink: /home/lucas-pc/RoboticArm/install/ur_description/share/ur_description/meshes/ur20/collision/wrist1.stl
[0.580s] -- Up-to-date symlink: /home/lucas-pc/RoboticArm/install/ur_description/share/ur_description/meshes/ur20/collision/wrist2.stl
[0.580s] -- Up-to-date symlink: /home/lucas-pc/RoboticArm/install/ur_description/share/ur_description/meshes/ur20/collision/wrist3.stl
[0.580s] -- Up-to-date symlink: /home/lucas-pc/RoboticArm/install/ur_description/share/ur_description/meshes/ur20/visual/UR20_DIFF_8bit_2K.png
[0.580s] -- Up-to-date symlink: /home/lucas-pc/RoboticArm/install/ur_description/share/ur_description/meshes/ur20/visual/base.dae
[0.580s] -- Up-to-date symlink: /home/lucas-pc/RoboticArm/install/ur_description/share/ur_description/meshes/ur20/visual/forearm.dae
[0.580s] -- Up-to-date symlink: /home/lucas-pc/RoboticArm/install/ur_description/share/ur_description/meshes/ur20/visual/shoulder.dae
[0.580s] -- Up-to-date symlink: /home/lucas-pc/RoboticArm/install/ur_description/share/ur_description/meshes/ur20/visual/upperarm.dae
[0.580s] -- Up-to-date symlink: /home/lucas-pc/RoboticArm/install/ur_description/share/ur_description/meshes/ur20/visual/wrist1.dae
[0.580s] -- Up-to-date symlink: /home/lucas-pc/RoboticArm/install/ur_description/share/ur_description/meshes/ur20/visual/wrist2.dae
[0.580s] -- Up-to-date symlink: /home/lucas-pc/RoboticArm/install/ur_description/share/ur_description/meshes/ur20/visual/wrist3.dae
[0.580s] -- Up-to-date symlink: /home/lucas-pc/RoboticArm/install/ur_description/share/ur_description/meshes/ur3/collision/base.stl
[0.581s] -- Up-to-date symlink: /home/lucas-pc/RoboticArm/install/ur_description/share/ur_description/meshes/ur3/collision/forearm.stl
[0.581s] -- Up-to-date symlink: /home/lucas-pc/RoboticArm/install/ur_description/share/ur_description/meshes/ur3/collision/shoulder.stl
[0.581s] -- Up-to-date symlink: /home/lucas-pc/RoboticArm/install/ur_description/share/ur_description/meshes/ur3/collision/upperarm.stl
[0.581s] -- Up-to-date symlink: /home/lucas-pc/RoboticArm/install/ur_description/share/ur_description/meshes/ur3/collision/wrist1.stl
[0.581s] -- Up-to-date symlink: /home/lucas-pc/RoboticArm/install/ur_description/share/ur_description/meshes/ur3/collision/wrist2.stl
[0.581s] -- Up-to-date symlink: /home/lucas-pc/RoboticArm/install/ur_description/share/ur_description/meshes/ur3/collision/wrist3.stl
[0.581s] -- Up-to-date symlink: /home/lucas-pc/RoboticArm/install/ur_description/share/ur_description/meshes/ur3/visual/base.dae
[0.581s] -- Up-to-date symlink: /home/lucas-pc/RoboticArm/install/ur_description/share/ur_description/meshes/ur3/visual/forearm.dae
[0.581s] -- Up-to-date symlink: /home/lucas-pc/RoboticArm/install/ur_description/share/ur_description/meshes/ur3/visual/shoulder.dae
[0.581s] -- Up-to-date symlink: /home/lucas-pc/RoboticArm/install/ur_description/share/ur_description/meshes/ur3/visual/upperarm.dae
[0.581s] -- Up-to-date symlink: /home/lucas-pc/RoboticArm/install/ur_description/share/ur_description/meshes/ur3/visual/wrist1.dae
[0.581s] -- Up-to-date symlink: /home/lucas-pc/RoboticArm/install/ur_description/share/ur_description/meshes/ur3/visual/wrist2.dae
[0.582s] -- Up-to-date symlink: /home/lucas-pc/RoboticArm/install/ur_description/share/ur_description/meshes/ur3/visual/wrist3.dae
[0.582s] -- Up-to-date symlink: /home/lucas-pc/RoboticArm/install/ur_description/share/ur_description/meshes/ur30/LICENSE.txt
[0.582s] -- Up-to-date symlink: /home/lucas-pc/RoboticArm/install/ur_description/share/ur_description/meshes/ur30/collision/forearm.stl
[0.582s] -- Up-to-date symlink: /home/lucas-pc/RoboticArm/install/ur_description/share/ur_description/meshes/ur30/collision/upperarm.stl
[0.582s] -- Up-to-date symlink: /home/lucas-pc/RoboticArm/install/ur_description/share/ur_description/meshes/ur30/visual/UR30_DIFF_8bit_2K.png
[0.582s] -- Up-to-date symlink: /home/lucas-pc/RoboticArm/install/ur_description/share/ur_description/meshes/ur30/visual/forearm.dae
[0.582s] -- Up-to-date symlink: /home/lucas-pc/RoboticArm/install/ur_description/share/ur_description/meshes/ur30/visual/upperarm.dae
[0.582s] -- Up-to-date symlink: /home/lucas-pc/RoboticArm/install/ur_description/share/ur_description/meshes/ur3e/collision/base.stl
[0.582s] -- Up-to-date symlink: /home/lucas-pc/RoboticArm/install/ur_description/share/ur_description/meshes/ur3e/collision/forearm.stl
[0.582s] -- Up-to-date symlink: /home/lucas-pc/RoboticArm/install/ur_description/share/ur_description/meshes/ur3e/collision/shoulder.stl
[0.582s] -- Up-to-date symlink: /home/lucas-pc/RoboticArm/install/ur_description/share/ur_description/meshes/ur3e/collision/upperarm.stl
[0.582s] -- Up-to-date symlink: /home/lucas-pc/RoboticArm/install/ur_description/share/ur_description/meshes/ur3e/collision/wrist1.stl
[0.583s] -- Up-to-date symlink: /home/lucas-pc/RoboticArm/install/ur_description/share/ur_description/meshes/ur3e/collision/wrist2.stl
[0.583s] -- Up-to-date symlink: /home/lucas-pc/RoboticArm/install/ur_description/share/ur_description/meshes/ur3e/collision/wrist3.stl
[0.583s] -- Up-to-date symlink: /home/lucas-pc/RoboticArm/install/ur_description/share/ur_description/meshes/ur3e/visual/base.dae
[0.583s] -- Up-to-date symlink: /home/lucas-pc/RoboticArm/install/ur_description/share/ur_description/meshes/ur3e/visual/forearm.dae
[0.583s] -- Up-to-date symlink: /home/lucas-pc/RoboticArm/install/ur_description/share/ur_description/meshes/ur3e/visual/shoulder.dae
[0.583s] -- Up-to-date symlink: /home/lucas-pc/RoboticArm/install/ur_description/share/ur_description/meshes/ur3e/visual/upperarm.dae
[0.583s] -- Up-to-date symlink: /home/lucas-pc/RoboticArm/install/ur_description/share/ur_description/meshes/ur3e/visual/wrist1.dae
[0.583s] -- Up-to-date symlink: /home/lucas-pc/RoboticArm/install/ur_description/share/ur_description/meshes/ur3e/visual/wrist2.dae
[0.583s] -- Up-to-date symlink: /home/lucas-pc/RoboticArm/install/ur_description/share/ur_description/meshes/ur3e/visual/wrist3.dae
[0.583s] -- Up-to-date symlink: /home/lucas-pc/RoboticArm/install/ur_description/share/ur_description/meshes/ur5/collision/base.stl
[0.583s] -- Up-to-date symlink: /home/lucas-pc/RoboticArm/install/ur_description/share/ur_description/meshes/ur5/collision/forearm.stl
[0.583s] -- Up-to-date symlink: /home/lucas-pc/RoboticArm/install/ur_description/share/ur_description/meshes/ur5/collision/shoulder.stl
[0.584s] -- Up-to-date symlink: /home/lucas-pc/RoboticArm/install/ur_description/share/ur_description/meshes/ur5/collision/upperarm.stl
[0.584s] -- Up-to-date symlink: /home/lucas-pc/RoboticArm/install/ur_description/share/ur_description/meshes/ur5/collision/wrist1.stl
[0.584s] -- Up-to-date symlink: /home/lucas-pc/RoboticArm/install/ur_description/share/ur_description/meshes/ur5/collision/wrist2.stl
[0.584s] -- Up-to-date symlink: /home/lucas-pc/RoboticArm/install/ur_description/share/ur_description/meshes/ur5/collision/wrist3.stl
[0.584s] -- Up-to-date symlink: /home/lucas-pc/RoboticArm/install/ur_description/share/ur_description/meshes/ur5/visual/base.dae
[0.584s] -- Up-to-date symlink: /home/lucas-pc/RoboticArm/install/ur_description/share/ur_description/meshes/ur5/visual/forearm.dae
[0.584s] -- Up-to-date symlink: /home/lucas-pc/RoboticArm/install/ur_description/share/ur_description/meshes/ur5/visual/shoulder.dae
[0.584s] -- Up-to-date symlink: /home/lucas-pc/RoboticArm/install/ur_description/share/ur_description/meshes/ur5/visual/upperarm.dae
[0.584s] -- Up-to-date symlink: /home/lucas-pc/RoboticArm/install/ur_description/share/ur_description/meshes/ur5/visual/wrist1.dae
[0.584s] -- Up-to-date symlink: /home/lucas-pc/RoboticArm/install/ur_description/share/ur_description/meshes/ur5/visual/wrist2.dae
[0.584s] -- Up-to-date symlink: /home/lucas-pc/RoboticArm/install/ur_description/share/ur_description/meshes/ur5/visual/wrist3.dae
[0.584s] -- Up-to-date symlink: /home/lucas-pc/RoboticArm/install/ur_description/share/ur_description/meshes/ur5e/collision/base.stl
[0.585s] -- Up-to-date symlink: /home/lucas-pc/RoboticArm/install/ur_description/share/ur_description/meshes/ur5e/collision/forearm.stl
[0.585s] -- Up-to-date symlink: /home/lucas-pc/RoboticArm/install/ur_description/share/ur_description/meshes/ur5e/collision/shoulder.stl
[0.585s] -- Up-to-date symlink: /home/lucas-pc/RoboticArm/install/ur_description/share/ur_description/meshes/ur5e/collision/upperarm.stl
[0.585s] -- Up-to-date symlink: /home/lucas-pc/RoboticArm/install/ur_description/share/ur_description/meshes/ur5e/collision/wrist1.stl
[0.585s] -- Up-to-date symlink: /home/lucas-pc/RoboticArm/install/ur_description/share/ur_description/meshes/ur5e/collision/wrist2.stl
[0.585s] -- Up-to-date symlink: /home/lucas-pc/RoboticArm/install/ur_description/share/ur_description/meshes/ur5e/collision/wrist3.stl
[0.585s] -- Up-to-date symlink: /home/lucas-pc/RoboticArm/install/ur_description/share/ur_description/meshes/ur5e/visual/base.dae
[0.585s] -- Up-to-date symlink: /home/lucas-pc/RoboticArm/install/ur_description/share/ur_description/meshes/ur5e/visual/forearm.dae
[0.585s] -- Up-to-date symlink: /home/lucas-pc/RoboticArm/install/ur_description/share/ur_description/meshes/ur5e/visual/shoulder.dae
[0.585s] -- Up-to-date symlink: /home/lucas-pc/RoboticArm/install/ur_description/share/ur_description/meshes/ur5e/visual/upperarm.dae
[0.585s] -- Up-to-date symlink: /home/lucas-pc/RoboticArm/install/ur_description/share/ur_description/meshes/ur5e/visual/wrist1.dae
[0.586s] -- Up-to-date symlink: /home/lucas-pc/RoboticArm/install/ur_description/share/ur_description/meshes/ur5e/visual/wrist2.dae
[0.586s] -- Up-to-date symlink: /home/lucas-pc/RoboticArm/install/ur_description/share/ur_description/meshes/ur5e/visual/wrist3.dae
[0.586s] -- Up-to-date symlink: /home/lucas-pc/RoboticArm/install/ur_description/share/ur_description/rviz/view_robot.rviz
[0.586s] -- Up-to-date symlink: /home/lucas-pc/RoboticArm/install/ur_description/share/ur_description/urdf/inc/ur_common.xacro
[0.586s] -- Up-to-date symlink: /home/lucas-pc/RoboticArm/install/ur_description/share/ur_description/urdf/inc/ur_joint_control.xacro
[0.586s] -- Up-to-date symlink: /home/lucas-pc/RoboticArm/install/ur_description/share/ur_description/urdf/inc/ur_sensors.xacro
[0.586s] -- Up-to-date symlink: /home/lucas-pc/RoboticArm/install/ur_description/share/ur_description/urdf/inc/ur_transmissions.xacro
[0.586s] -- Up-to-date symlink: /home/lucas-pc/RoboticArm/install/ur_description/share/ur_description/urdf/ros2_control_mock_hardware.xacro
[0.586s] -- Up-to-date symlink: /home/lucas-pc/RoboticArm/install/ur_description/share/ur_description/urdf/ur.urdf.xacro
[0.586s] -- Up-to-date symlink: /home/lucas-pc/RoboticArm/install/ur_description/share/ur_description/urdf/ur_macro.xacro
[0.587s] -- Up-to-date symlink: /home/lucas-pc/RoboticArm/install/ur_description/share/ur_description/urdf/ur_mocked.urdf.xacro
[0.587s] -- Up-to-date symlink: /home/lucas-pc/RoboticArm/install/ur_description/share/ur_description/test/test_ur_urdf_xacro.py
[0.587s] -- Up-to-date symlink: /home/lucas-pc/RoboticArm/install/ur_description/share/ur_description/test/test_view_ur_launch.py
[0.587s] -- Up-to-date symlink: /home/lucas-pc/RoboticArm/install/ur_description/share/ament_index/resource_index/package_run_dependencies/ur_description
[0.587s] -- Up-to-date symlink: /home/lucas-pc/RoboticArm/install/ur_description/share/ament_index/resource_index/parent_prefix_path/ur_description
[0.587s] -- Up-to-date symlink: /home/lucas-pc/RoboticArm/install/ur_description/share/ur_description/environment/ament_prefix_path.sh
[0.587s] -- Up-to-date symlink: /home/lucas-pc/RoboticArm/install/ur_description/share/ur_description/environment/ament_prefix_path.dsv
[0.588s] -- Up-to-date symlink: /home/lucas-pc/RoboticArm/install/ur_description/share/ur_description/environment/path.sh
[0.588s] -- Up-to-date symlink: /home/lucas-pc/RoboticArm/install/ur_description/share/ur_description/environment/path.dsv
[0.588s] -- Up-to-date symlink: /home/lucas-pc/RoboticArm/install/ur_description/share/ur_description/local_setup.bash
[0.588s] -- Up-to-date symlink: /home/lucas-pc/RoboticArm/install/ur_description/share/ur_description/local_setup.sh
[0.588s] -- Up-to-date symlink: /home/lucas-pc/RoboticArm/install/ur_description/share/ur_description/local_setup.zsh
[0.588s] -- Up-to-date symlink: /home/lucas-pc/RoboticArm/install/ur_description/share/ur_description/local_setup.dsv
[0.588s] -- Symlinking: /home/lucas-pc/RoboticArm/install/ur_description/share/ur_description/package.dsv
[0.605s] -- Up-to-date symlink: /home/lucas-pc/RoboticArm/install/ur_description/share/ament_index/resource_index/packages/ur_description
[0.606s] -- Up-to-date symlink: /home/lucas-pc/RoboticArm/install/ur_description/share/ur_description/cmake/ur_descriptionConfig.cmake
[0.606s] -- Up-to-date symlink: /home/lucas-pc/RoboticArm/install/ur_description/share/ur_description/cmake/ur_descriptionConfig-version.cmake
[0.606s] -- Up-to-date symlink: /home/lucas-pc/RoboticArm/install/ur_description/share/ur_description/package.xml
[0.609s] Invoked command in '/home/lucas-pc/RoboticArm/build/ur_description' returned '0': CMAKE_PREFIX_PATH=${CMAKE_PREFIX_PATH}:/home/lucas-pc/RoboticArm/install/hand_pack:/home/lucas-pc/ros2_humble/install/rqt_bag_plugins:/home/lucas-pc/ros2_humble/install/rqt_bag:/home/lucas-pc/ros2_humble/install/launch_testing_examples:/home/lucas-pc/ros2_humble/install/ros2bag:/home/lucas-pc/ros2_humble/install/tracetools_test:/home/lucas-pc/ros2_humble/install/tracetools_launch:/home/lucas-pc/ros2_humble/install/topic_monitor:/home/lucas-pc/ros2_humble/install/tf2_tools:/home/lucas-pc/ros2_humble/install/examples_tf2_py:/home/lucas-pc/ros2_humble/install/tf2_ros_py:/home/lucas-pc/ros2_humble/install/sros2:/home/lucas-pc/ros2_humble/install/rqt_topic:/home/lucas-pc/ros2_humble/install/rqt_srv:/home/lucas-pc/ros2_humble/install/rqt_shell:/home/lucas-pc/ros2_humble/install/rqt_service_caller:/home/lucas-pc/ros2_humble/install/rqt_reconfigure:/home/lucas-pc/ros2_humble/install/rqt_py_console:/home/lucas-pc/ros2_humble/install/rqt_publisher:/home/lucas-pc/ros2_humble/install/rqt_plot:/home/lucas-pc/ros2_humble/install/rqt_action:/home/lucas-pc/ros2_humble/install/rqt_msg:/home/lucas-pc/ros2_humble/install/rqt_console:/home/lucas-pc/ros2_humble/install/rqt:/home/lucas-pc/ros2_humble/install/rqt_graph:/home/lucas-pc/ros2_humble/install/rqt_gui_py:/home/lucas-pc/ros2_humble/install/rqt_gui:/home/lucas-pc/ros2_humble/install/ros2trace:/home/lucas-pc/ros2_humble/install/ros2topic:/home/lucas-pc/ros2_humble/install/ros2test:/home/lucas-pc/ros2_humble/install/ros2component:/home/lucas-pc/ros2_humble/install/ros2param:/home/lucas-pc/ros2_humble/install/ros2lifecycle:/home/lucas-pc/ros2_humble/install/ros2service:/home/lucas-pc/ros2_humble/install/ros2run:/home/lucas-pc/ros2_humble/install/ros2launch:/home/lucas-pc/ros2_humble/install/ros2pkg:/home/lucas-pc/ros2_humble/install/ros2node:/home/lucas-pc/ros2_humble/install/ros2multicast:/home/lucas-pc/ros2_humble/install/ros2interface:/home/lucas-pc/ros2_humble/install/ros2doctor:/home/lucas-pc/ros2_humble/install/ros2action:/home/lucas-pc/ros2_humble/install/ros2cli:/home/lucas-pc/ros2_humble/install/quality_of_service_demo_py:/home/lucas-pc/ros2_humble/install/lifecycle_py:/home/lucas-pc/ros2_humble/install/launch_testing_ros:/home/lucas-pc/ros2_humble/install/launch_ros:/home/lucas-pc/ros2_humble/install/examples_rclpy_pointcloud_publisher:/home/lucas-pc/ros2_humble/install/examples_rclpy_minimal_subscriber:/home/lucas-pc/ros2_humble/install/examples_rclpy_minimal_service:/home/lucas-pc/ros2_humble/install/examples_rclpy_minimal_publisher:/home/lucas-pc/ros2_humble/install/examples_rclpy_minimal_client:/home/lucas-pc/ros2_humble/install/examples_rclpy_minimal_action_server:/home/lucas-pc/ros2_humble/install/examples_rclpy_minimal_action_client:/home/lucas-pc/ros2_humble/install/examples_rclpy_guard_conditions:/home/lucas-pc/ros2_humble/install/examples_rclpy_executors:/home/lucas-pc/ros2_humble/install/demo_nodes_py:/home/lucas-pc/ros2_humble/install/camera_info_manager_py:/home/lucas-pc/ros2_humble/install/action_tutorials_py:/home/lucas-pc/ros2_humble/install/ament_uncrustify:/home/lucas-pc/ros2_humble/install/tracetools_trace:/home/lucas-pc/ros2_humble/install/tracetools_read:/home/lucas-pc/ros2_humble/install/test_tracetools_launch:/home/lucas-pc/ros2_humble/install/test_launch_ros:/home/lucas-pc/ros2_humble/install/sensor_msgs_py:/home/lucas-pc/ros2_humble/install/rpyutils:/home/lucas-pc/ros2_humble/install/rosidl_runtime_py:/home/lucas-pc/ros2_humble/install/rosidl_cli:/home/lucas-pc/ros2_humble/install/launch_pytest:/home/lucas-pc/ros2_humble/install/launch_testing:/home/lucas-pc/ros2_humble/install/launch_yaml:/home/lucas-pc/ros2_humble/install/launch_xml:/home/lucas-pc/ros2_humble/install/launch:/home/lucas-pc/ros2_humble/install/osrf_pycommon:/home/lucas-pc/ros2_humble/install/domain_coordinator:/home/lucas-pc/ros2_humble/install/ament_xmllint:/home/lucas-pc/ros2_humble/install/ament_pyflakes:/home/lucas-pc/ros2_humble/install/ament_pycodestyle:/home/lucas-pc/ros2_humble/install/ament_pep257:/home/lucas-pc/ros2_humble/install/ament_pclint:/home/lucas-pc/ros2_humble/install/ament_package:/home/lucas-pc/ros2_humble/install/ament_mypy:/home/lucas-pc/ros2_humble/install/ament_lint_cmake:/home/lucas-pc/ros2_humble/install/ament_flake8:/home/lucas-pc/ros2_humble/install/ament_copyright:/home/lucas-pc/ros2_humble/install/ament_lint:/home/lucas-pc/ros2_humble/install/ament_index_python:/home/lucas-pc/ros2_humble/install/ament_cpplint:/home/lucas-pc/ros2_humble/install/ament_cppcheck:/home/lucas-pc/ros2_humble/install/ament_clang_tidy:/home/lucas-pc/ros2_humble/install/ament_clang_format:/opt/ros/humble PS1=\[\033[01;32m\]\u@\h\[\033[00m\]:\[\033[01;34m\]\w\[\033[01;91m\]$(parse_git_branch)\[\033[00m\]$ /usr/bin/cmake --install /home/lucas-pc/RoboticArm/build/ur_description
