[0.184s] DEBUG:colcon:Command line arguments: ['/usr/bin/colcon', 'build', '--packages-select', 'ur_description']
[0.184s] DEBUG:colcon:Parsed command line arguments: Namespace(log_base=None, log_level=None, verb_name='build', build_base='build', install_base='install', merge_install=False, symlink_install=False, test_result_base=None, continue_on_error=False, executor='parallel', parallel_workers=24, event_handlers=None, ignore_user_meta=False, metas=['./colcon.meta'], base_paths=['.'], packages_ignore=None, packages_ignore_regex=None, paths=None, packages_up_to=None, packages_up_to_regex=None, packages_above=None, packages_above_and_dependencies=None, packages_above_depth=None, packages_select_by_dep=None, packages_skip_by_dep=None, packages_skip_up_to=None, packages_select_build_failed=False, packages_skip_build_finished=False, packages_select_test_failures=False, packages_skip_test_passed=False, packages_select=['ur_description'], packages_skip=None, packages_select_regex=None, packages_skip_regex=None, packages_start=None, packages_end=None, allow_overriding=[], cmake_args=None, cmake_target=None, cmake_target_skip_unavailable=False, cmake_clean_cache=False, cmake_clean_first=False, cmake_force_configure=False, ament_cmake_args=None, catkin_cmake_args=None, catkin_skip_building_tests=False, mixin_files=None, mixin=None, verb_parser=<colcon_mixin.mixin.mixin_argument.MixinArgumentDecorator object at 0x774648b68250>, verb_extension=<colcon_core.verb.build.BuildVerb object at 0x774648b3bb80>, main=<bound method BuildVerb.main of <colcon_core.verb.build.BuildVerb object at 0x774648b3bb80>>, mixin_verb=('build',))
[0.405s] Level 1:colcon.colcon_core.package_discovery:discover_packages(colcon_meta) check parameters
[0.405s] Level 1:colcon.colcon_core.package_discovery:discover_packages(recursive) check parameters
[0.405s] Level 1:colcon.colcon_core.package_discovery:discover_packages(ignore) check parameters
[0.405s] Level 1:colcon.colcon_core.package_discovery:discover_packages(path) check parameters
[0.405s] Level 1:colcon.colcon_core.package_discovery:discover_packages(colcon_meta) discover
[0.405s] Level 1:colcon.colcon_core.package_discovery:discover_packages(recursive) discover
[0.406s] INFO:colcon.colcon_core.package_discovery:Crawling recursively for packages in '/home/lucas-pc/RoboticArm'
[0.406s] Level 1:colcon.colcon_core.package_identification:_identify(.) by extensions ['ignore', 'ignore_ament_install']
[0.406s] Level 1:colcon.colcon_core.package_identification:_identify(.) by extension 'ignore'
[0.406s] Level 1:colcon.colcon_core.package_identification:_identify(.) by extension 'ignore_ament_install'
[0.406s] Level 1:colcon.colcon_core.package_identification:_identify(.) by extensions ['colcon_pkg']
[0.406s] Level 1:colcon.colcon_core.package_identification:_identify(.) by extension 'colcon_pkg'
[0.406s] Level 1:colcon.colcon_core.package_identification:_identify(.) by extensions ['colcon_meta']
[0.406s] Level 1:colcon.colcon_core.package_identification:_identify(.) by extension 'colcon_meta'
[0.406s] Level 1:colcon.colcon_core.package_identification:_identify(.) by extensions ['ros']
[0.406s] Level 1:colcon.colcon_core.package_identification:_identify(.) by extension 'ros'
[0.415s] Level 1:colcon.colcon_core.package_identification:_identify(.) by extensions ['cmake', 'python']
[0.415s] Level 1:colcon.colcon_core.package_identification:_identify(.) by extension 'cmake'
[0.415s] Level 1:colcon.colcon_core.package_identification:_identify(.) by extension 'python'
[0.415s] Level 1:colcon.colcon_core.package_identification:_identify(.) by extensions ['python_setup_py']
[0.415s] Level 1:colcon.colcon_core.package_identification:_identify(.) by extension 'python_setup_py'
[0.415s] Level 1:colcon.colcon_core.package_identification:_identify(TCC) by extensions ['ignore', 'ignore_ament_install']
[0.415s] Level 1:colcon.colcon_core.package_identification:_identify(TCC) by extension 'ignore'
[0.415s] Level 1:colcon.colcon_core.package_identification:_identify(TCC) by extension 'ignore_ament_install'
[0.415s] Level 1:colcon.colcon_core.package_identification:_identify(TCC) by extensions ['colcon_pkg']
[0.416s] Level 1:colcon.colcon_core.package_identification:_identify(TCC) by extension 'colcon_pkg'
[0.416s] Level 1:colcon.colcon_core.package_identification:_identify(TCC) by extensions ['colcon_meta']
[0.416s] Level 1:colcon.colcon_core.package_identification:_identify(TCC) by extension 'colcon_meta'
[0.416s] Level 1:colcon.colcon_core.package_identification:_identify(TCC) by extensions ['ros']
[0.416s] Level 1:colcon.colcon_core.package_identification:_identify(TCC) by extension 'ros'
[0.416s] Level 1:colcon.colcon_core.package_identification:_identify(TCC) by extensions ['cmake', 'python']
[0.416s] Level 1:colcon.colcon_core.package_identification:_identify(TCC) by extension 'cmake'
[0.416s] Level 1:colcon.colcon_core.package_identification:_identify(TCC) by extension 'python'
[0.416s] Level 1:colcon.colcon_core.package_identification:_identify(TCC) by extensions ['python_setup_py']
[0.416s] Level 1:colcon.colcon_core.package_identification:_identify(TCC) by extension 'python_setup_py'
[0.416s] Level 1:colcon.colcon_core.package_identification:_identify(TCC/Referências) by extensions ['ignore', 'ignore_ament_install']
[0.416s] Level 1:colcon.colcon_core.package_identification:_identify(TCC/Referências) by extension 'ignore'
[0.416s] Level 1:colcon.colcon_core.package_identification:_identify(TCC/Referências) by extension 'ignore_ament_install'
[0.416s] Level 1:colcon.colcon_core.package_identification:_identify(TCC/Referências) by extensions ['colcon_pkg']
[0.416s] Level 1:colcon.colcon_core.package_identification:_identify(TCC/Referências) by extension 'colcon_pkg'
[0.416s] Level 1:colcon.colcon_core.package_identification:_identify(TCC/Referências) by extensions ['colcon_meta']
[0.416s] Level 1:colcon.colcon_core.package_identification:_identify(TCC/Referências) by extension 'colcon_meta'
[0.416s] Level 1:colcon.colcon_core.package_identification:_identify(TCC/Referências) by extensions ['ros']
[0.416s] Level 1:colcon.colcon_core.package_identification:_identify(TCC/Referências) by extension 'ros'
[0.416s] Level 1:colcon.colcon_core.package_identification:_identify(TCC/Referências) by extensions ['cmake', 'python']
[0.416s] Level 1:colcon.colcon_core.package_identification:_identify(TCC/Referências) by extension 'cmake'
[0.416s] Level 1:colcon.colcon_core.package_identification:_identify(TCC/Referências) by extension 'python'
[0.416s] Level 1:colcon.colcon_core.package_identification:_identify(TCC/Referências) by extensions ['python_setup_py']
[0.416s] Level 1:colcon.colcon_core.package_identification:_identify(TCC/Referências) by extension 'python_setup_py'
[0.416s] Level 1:colcon.colcon_core.package_identification:_identify(TCC/matlab) by extensions ['ignore', 'ignore_ament_install']
[0.416s] Level 1:colcon.colcon_core.package_identification:_identify(TCC/matlab) by extension 'ignore'
[0.417s] Level 1:colcon.colcon_core.package_identification:_identify(TCC/matlab) by extension 'ignore_ament_install'
[0.417s] Level 1:colcon.colcon_core.package_identification:_identify(TCC/matlab) by extensions ['colcon_pkg']
[0.417s] Level 1:colcon.colcon_core.package_identification:_identify(TCC/matlab) by extension 'colcon_pkg'
[0.417s] Level 1:colcon.colcon_core.package_identification:_identify(TCC/matlab) by extensions ['colcon_meta']
[0.417s] Level 1:colcon.colcon_core.package_identification:_identify(TCC/matlab) by extension 'colcon_meta'
[0.417s] Level 1:colcon.colcon_core.package_identification:_identify(TCC/matlab) by extensions ['ros']
[0.417s] Level 1:colcon.colcon_core.package_identification:_identify(TCC/matlab) by extension 'ros'
[0.417s] Level 1:colcon.colcon_core.package_identification:_identify(TCC/matlab) by extensions ['cmake', 'python']
[0.417s] Level 1:colcon.colcon_core.package_identification:_identify(TCC/matlab) by extension 'cmake'
[0.417s] Level 1:colcon.colcon_core.package_identification:_identify(TCC/matlab) by extension 'python'
[0.417s] Level 1:colcon.colcon_core.package_identification:_identify(TCC/matlab) by extensions ['python_setup_py']
[0.417s] Level 1:colcon.colcon_core.package_identification:_identify(TCC/matlab) by extension 'python_setup_py'
[0.417s] Level 1:colcon.colcon_core.package_identification:_identify(TCC/matlab/covvi_urdf) by extensions ['ignore', 'ignore_ament_install']
[0.417s] Level 1:colcon.colcon_core.package_identification:_identify(TCC/matlab/covvi_urdf) by extension 'ignore'
[0.417s] Level 1:colcon.colcon_core.package_identification:_identify(TCC/matlab/covvi_urdf) by extension 'ignore_ament_install'
[0.417s] Level 1:colcon.colcon_core.package_identification:_identify(TCC/matlab/covvi_urdf) by extensions ['colcon_pkg']
[0.417s] Level 1:colcon.colcon_core.package_identification:_identify(TCC/matlab/covvi_urdf) by extension 'colcon_pkg'
[0.417s] Level 1:colcon.colcon_core.package_identification:_identify(TCC/matlab/covvi_urdf) by extensions ['colcon_meta']
[0.417s] Level 1:colcon.colcon_core.package_identification:_identify(TCC/matlab/covvi_urdf) by extension 'colcon_meta'
[0.417s] Level 1:colcon.colcon_core.package_identification:_identify(TCC/matlab/covvi_urdf) by extensions ['ros']
[0.417s] Level 1:colcon.colcon_core.package_identification:_identify(TCC/matlab/covvi_urdf) by extension 'ros'
[0.417s] Level 1:colcon.colcon_core.package_identification:_identify(TCC/matlab/covvi_urdf) by extensions ['cmake', 'python']
[0.417s] Level 1:colcon.colcon_core.package_identification:_identify(TCC/matlab/covvi_urdf) by extension 'cmake'
[0.417s] Level 1:colcon.colcon_core.package_identification:_identify(TCC/matlab/covvi_urdf) by extension 'python'
[0.417s] Level 1:colcon.colcon_core.package_identification:_identify(TCC/matlab/covvi_urdf) by extensions ['python_setup_py']
[0.417s] Level 1:colcon.colcon_core.package_identification:_identify(TCC/matlab/covvi_urdf) by extension 'python_setup_py'
[0.418s] Level 1:colcon.colcon_core.package_identification:_identify(TCC/matlab/covvi_urdf/linear_meshes) by extensions ['ignore', 'ignore_ament_install']
[0.418s] Level 1:colcon.colcon_core.package_identification:_identify(TCC/matlab/covvi_urdf/linear_meshes) by extension 'ignore'
[0.418s] Level 1:colcon.colcon_core.package_identification:_identify(TCC/matlab/covvi_urdf/linear_meshes) by extension 'ignore_ament_install'
[0.418s] Level 1:colcon.colcon_core.package_identification:_identify(TCC/matlab/covvi_urdf/linear_meshes) by extensions ['colcon_pkg']
[0.418s] Level 1:colcon.colcon_core.package_identification:_identify(TCC/matlab/covvi_urdf/linear_meshes) by extension 'colcon_pkg'
[0.418s] Level 1:colcon.colcon_core.package_identification:_identify(TCC/matlab/covvi_urdf/linear_meshes) by extensions ['colcon_meta']
[0.418s] Level 1:colcon.colcon_core.package_identification:_identify(TCC/matlab/covvi_urdf/linear_meshes) by extension 'colcon_meta'
[0.418s] Level 1:colcon.colcon_core.package_identification:_identify(TCC/matlab/covvi_urdf/linear_meshes) by extensions ['ros']
[0.418s] Level 1:colcon.colcon_core.package_identification:_identify(TCC/matlab/covvi_urdf/linear_meshes) by extension 'ros'
[0.418s] Level 1:colcon.colcon_core.package_identification:_identify(TCC/matlab/covvi_urdf/linear_meshes) by extensions ['cmake', 'python']
[0.418s] Level 1:colcon.colcon_core.package_identification:_identify(TCC/matlab/covvi_urdf/linear_meshes) by extension 'cmake'
[0.418s] Level 1:colcon.colcon_core.package_identification:_identify(TCC/matlab/covvi_urdf/linear_meshes) by extension 'python'
[0.418s] Level 1:colcon.colcon_core.package_identification:_identify(TCC/matlab/covvi_urdf/linear_meshes) by extensions ['python_setup_py']
[0.418s] Level 1:colcon.colcon_core.package_identification:_identify(TCC/matlab/covvi_urdf/linear_meshes) by extension 'python_setup_py'
[0.418s] Level 1:colcon.colcon_core.package_identification:_identify(TCC/matlab/covvi_urdf/urdf) by extensions ['ignore', 'ignore_ament_install']
[0.418s] Level 1:colcon.colcon_core.package_identification:_identify(TCC/matlab/covvi_urdf/urdf) by extension 'ignore'
[0.418s] Level 1:colcon.colcon_core.package_identification:_identify(TCC/matlab/covvi_urdf/urdf) by extension 'ignore_ament_install'
[0.418s] Level 1:colcon.colcon_core.package_identification:_identify(TCC/matlab/covvi_urdf/urdf) by extensions ['colcon_pkg']
[0.418s] Level 1:colcon.colcon_core.package_identification:_identify(TCC/matlab/covvi_urdf/urdf) by extension 'colcon_pkg'
[0.418s] Level 1:colcon.colcon_core.package_identification:_identify(TCC/matlab/covvi_urdf/urdf) by extensions ['colcon_meta']
[0.418s] Level 1:colcon.colcon_core.package_identification:_identify(TCC/matlab/covvi_urdf/urdf) by extension 'colcon_meta'
[0.418s] Level 1:colcon.colcon_core.package_identification:_identify(TCC/matlab/covvi_urdf/urdf) by extensions ['ros']
[0.418s] Level 1:colcon.colcon_core.package_identification:_identify(TCC/matlab/covvi_urdf/urdf) by extension 'ros'
[0.418s] Level 1:colcon.colcon_core.package_identification:_identify(TCC/matlab/covvi_urdf/urdf) by extensions ['cmake', 'python']
[0.418s] Level 1:colcon.colcon_core.package_identification:_identify(TCC/matlab/covvi_urdf/urdf) by extension 'cmake'
[0.418s] Level 1:colcon.colcon_core.package_identification:_identify(TCC/matlab/covvi_urdf/urdf) by extension 'python'
[0.418s] Level 1:colcon.colcon_core.package_identification:_identify(TCC/matlab/covvi_urdf/urdf) by extensions ['python_setup_py']
[0.419s] Level 1:colcon.colcon_core.package_identification:_identify(TCC/matlab/covvi_urdf/urdf) by extension 'python_setup_py'
[0.419s] Level 1:colcon.colcon_core.package_identification:_identify(TCC/matlab/ur_e_description) by extensions ['ignore', 'ignore_ament_install']
[0.419s] Level 1:colcon.colcon_core.package_identification:_identify(TCC/matlab/ur_e_description) by extension 'ignore'
[0.419s] Level 1:colcon.colcon_core.package_identification:_identify(TCC/matlab/ur_e_description) by extension 'ignore_ament_install'
[0.419s] Level 1:colcon.colcon_core.package_identification:_identify(TCC/matlab/ur_e_description) by extensions ['colcon_pkg']
[0.419s] Level 1:colcon.colcon_core.package_identification:_identify(TCC/matlab/ur_e_description) by extension 'colcon_pkg'
[0.419s] Level 1:colcon.colcon_core.package_identification:_identify(TCC/matlab/ur_e_description) by extensions ['colcon_meta']
[0.419s] Level 1:colcon.colcon_core.package_identification:_identify(TCC/matlab/ur_e_description) by extension 'colcon_meta'
[0.419s] Level 1:colcon.colcon_core.package_identification:_identify(TCC/matlab/ur_e_description) by extensions ['ros']
[0.419s] Level 1:colcon.colcon_core.package_identification:_identify(TCC/matlab/ur_e_description) by extension 'ros'
[0.419s] Level 1:colcon.colcon_core.package_identification:_identify(TCC/matlab/ur_e_description) by extensions ['cmake', 'python']
[0.419s] Level 1:colcon.colcon_core.package_identification:_identify(TCC/matlab/ur_e_description) by extension 'cmake'
[0.419s] Level 1:colcon.colcon_core.package_identification:_identify(TCC/matlab/ur_e_description) by extension 'python'
[0.419s] Level 1:colcon.colcon_core.package_identification:_identify(TCC/matlab/ur_e_description) by extensions ['python_setup_py']
[0.419s] Level 1:colcon.colcon_core.package_identification:_identify(TCC/matlab/ur_e_description) by extension 'python_setup_py'
[0.419s] Level 1:colcon.colcon_core.package_identification:_identify(TCC/matlab/ur_e_description/meshes) by extensions ['ignore', 'ignore_ament_install']
[0.419s] Level 1:colcon.colcon_core.package_identification:_identify(TCC/matlab/ur_e_description/meshes) by extension 'ignore'
[0.419s] Level 1:colcon.colcon_core.package_identification:_identify(TCC/matlab/ur_e_description/meshes) by extension 'ignore_ament_install'
[0.419s] Level 1:colcon.colcon_core.package_identification:_identify(TCC/matlab/ur_e_description/meshes) by extensions ['colcon_pkg']
[0.419s] Level 1:colcon.colcon_core.package_identification:_identify(TCC/matlab/ur_e_description/meshes) by extension 'colcon_pkg'
[0.419s] Level 1:colcon.colcon_core.package_identification:_identify(TCC/matlab/ur_e_description/meshes) by extensions ['colcon_meta']
[0.419s] Level 1:colcon.colcon_core.package_identification:_identify(TCC/matlab/ur_e_description/meshes) by extension 'colcon_meta'
[0.419s] Level 1:colcon.colcon_core.package_identification:_identify(TCC/matlab/ur_e_description/meshes) by extensions ['ros']
[0.419s] Level 1:colcon.colcon_core.package_identification:_identify(TCC/matlab/ur_e_description/meshes) by extension 'ros'
[0.419s] Level 1:colcon.colcon_core.package_identification:_identify(TCC/matlab/ur_e_description/meshes) by extensions ['cmake', 'python']
[0.419s] Level 1:colcon.colcon_core.package_identification:_identify(TCC/matlab/ur_e_description/meshes) by extension 'cmake'
[0.419s] Level 1:colcon.colcon_core.package_identification:_identify(TCC/matlab/ur_e_description/meshes) by extension 'python'
[0.420s] Level 1:colcon.colcon_core.package_identification:_identify(TCC/matlab/ur_e_description/meshes) by extensions ['python_setup_py']
[0.420s] Level 1:colcon.colcon_core.package_identification:_identify(TCC/matlab/ur_e_description/meshes) by extension 'python_setup_py'
[0.420s] Level 1:colcon.colcon_core.package_identification:_identify(TCC/matlab/ur_e_description/meshes/ur10e) by extensions ['ignore', 'ignore_ament_install']
[0.420s] Level 1:colcon.colcon_core.package_identification:_identify(TCC/matlab/ur_e_description/meshes/ur10e) by extension 'ignore'
[0.420s] Level 1:colcon.colcon_core.package_identification:_identify(TCC/matlab/ur_e_description/meshes/ur10e) by extension 'ignore_ament_install'
[0.420s] Level 1:colcon.colcon_core.package_identification:_identify(TCC/matlab/ur_e_description/meshes/ur10e) by extensions ['colcon_pkg']
[0.420s] Level 1:colcon.colcon_core.package_identification:_identify(TCC/matlab/ur_e_description/meshes/ur10e) by extension 'colcon_pkg'
[0.420s] Level 1:colcon.colcon_core.package_identification:_identify(TCC/matlab/ur_e_description/meshes/ur10e) by extensions ['colcon_meta']
[0.420s] Level 1:colcon.colcon_core.package_identification:_identify(TCC/matlab/ur_e_description/meshes/ur10e) by extension 'colcon_meta'
[0.420s] Level 1:colcon.colcon_core.package_identification:_identify(TCC/matlab/ur_e_description/meshes/ur10e) by extensions ['ros']
[0.420s] Level 1:colcon.colcon_core.package_identification:_identify(TCC/matlab/ur_e_description/meshes/ur10e) by extension 'ros'
[0.420s] Level 1:colcon.colcon_core.package_identification:_identify(TCC/matlab/ur_e_description/meshes/ur10e) by extensions ['cmake', 'python']
[0.420s] Level 1:colcon.colcon_core.package_identification:_identify(TCC/matlab/ur_e_description/meshes/ur10e) by extension 'cmake'
[0.420s] Level 1:colcon.colcon_core.package_identification:_identify(TCC/matlab/ur_e_description/meshes/ur10e) by extension 'python'
[0.420s] Level 1:colcon.colcon_core.package_identification:_identify(TCC/matlab/ur_e_description/meshes/ur10e) by extensions ['python_setup_py']
[0.420s] Level 1:colcon.colcon_core.package_identification:_identify(TCC/matlab/ur_e_description/meshes/ur10e) by extension 'python_setup_py'
[0.420s] Level 1:colcon.colcon_core.package_identification:_identify(TCC/matlab/ur_e_description/meshes/ur10e/collision) by extensions ['ignore', 'ignore_ament_install']
[0.420s] Level 1:colcon.colcon_core.package_identification:_identify(TCC/matlab/ur_e_description/meshes/ur10e/collision) by extension 'ignore'
[0.420s] Level 1:colcon.colcon_core.package_identification:_identify(TCC/matlab/ur_e_description/meshes/ur10e/collision) by extension 'ignore_ament_install'
[0.420s] Level 1:colcon.colcon_core.package_identification:_identify(TCC/matlab/ur_e_description/meshes/ur10e/collision) by extensions ['colcon_pkg']
[0.420s] Level 1:colcon.colcon_core.package_identification:_identify(TCC/matlab/ur_e_description/meshes/ur10e/collision) by extension 'colcon_pkg'
[0.420s] Level 1:colcon.colcon_core.package_identification:_identify(TCC/matlab/ur_e_description/meshes/ur10e/collision) by extensions ['colcon_meta']
[0.420s] Level 1:colcon.colcon_core.package_identification:_identify(TCC/matlab/ur_e_description/meshes/ur10e/collision) by extension 'colcon_meta'
[0.420s] Level 1:colcon.colcon_core.package_identification:_identify(TCC/matlab/ur_e_description/meshes/ur10e/collision) by extensions ['ros']
[0.420s] Level 1:colcon.colcon_core.package_identification:_identify(TCC/matlab/ur_e_description/meshes/ur10e/collision) by extension 'ros'
[0.421s] Level 1:colcon.colcon_core.package_identification:_identify(TCC/matlab/ur_e_description/meshes/ur10e/collision) by extensions ['cmake', 'python']
[0.421s] Level 1:colcon.colcon_core.package_identification:_identify(TCC/matlab/ur_e_description/meshes/ur10e/collision) by extension 'cmake'
[0.421s] Level 1:colcon.colcon_core.package_identification:_identify(TCC/matlab/ur_e_description/meshes/ur10e/collision) by extension 'python'
[0.421s] Level 1:colcon.colcon_core.package_identification:_identify(TCC/matlab/ur_e_description/meshes/ur10e/collision) by extensions ['python_setup_py']
[0.421s] Level 1:colcon.colcon_core.package_identification:_identify(TCC/matlab/ur_e_description/meshes/ur10e/collision) by extension 'python_setup_py'
[0.421s] Level 1:colcon.colcon_core.package_identification:_identify(TCC/matlab/ur_e_description/meshes/ur10e/visual) by extensions ['ignore', 'ignore_ament_install']
[0.421s] Level 1:colcon.colcon_core.package_identification:_identify(TCC/matlab/ur_e_description/meshes/ur10e/visual) by extension 'ignore'
[0.421s] Level 1:colcon.colcon_core.package_identification:_identify(TCC/matlab/ur_e_description/meshes/ur10e/visual) by extension 'ignore_ament_install'
[0.421s] Level 1:colcon.colcon_core.package_identification:_identify(TCC/matlab/ur_e_description/meshes/ur10e/visual) by extensions ['colcon_pkg']
[0.421s] Level 1:colcon.colcon_core.package_identification:_identify(TCC/matlab/ur_e_description/meshes/ur10e/visual) by extension 'colcon_pkg'
[0.421s] Level 1:colcon.colcon_core.package_identification:_identify(TCC/matlab/ur_e_description/meshes/ur10e/visual) by extensions ['colcon_meta']
[0.421s] Level 1:colcon.colcon_core.package_identification:_identify(TCC/matlab/ur_e_description/meshes/ur10e/visual) by extension 'colcon_meta'
[0.421s] Level 1:colcon.colcon_core.package_identification:_identify(TCC/matlab/ur_e_description/meshes/ur10e/visual) by extensions ['ros']
[0.421s] Level 1:colcon.colcon_core.package_identification:_identify(TCC/matlab/ur_e_description/meshes/ur10e/visual) by extension 'ros'
[0.421s] Level 1:colcon.colcon_core.package_identification:_identify(TCC/matlab/ur_e_description/meshes/ur10e/visual) by extensions ['cmake', 'python']
[0.421s] Level 1:colcon.colcon_core.package_identification:_identify(TCC/matlab/ur_e_description/meshes/ur10e/visual) by extension 'cmake'
[0.421s] Level 1:colcon.colcon_core.package_identification:_identify(TCC/matlab/ur_e_description/meshes/ur10e/visual) by extension 'python'
[0.421s] Level 1:colcon.colcon_core.package_identification:_identify(TCC/matlab/ur_e_description/meshes/ur10e/visual) by extensions ['python_setup_py']
[0.421s] Level 1:colcon.colcon_core.package_identification:_identify(TCC/matlab/ur_e_description/meshes/ur10e/visual) by extension 'python_setup_py'
[0.421s] Level 1:colcon.colcon_core.package_identification:_identify(TCC/matlab/ur_e_description/meshes/ur16e) by extensions ['ignore', 'ignore_ament_install']
[0.421s] Level 1:colcon.colcon_core.package_identification:_identify(TCC/matlab/ur_e_description/meshes/ur16e) by extension 'ignore'
[0.421s] Level 1:colcon.colcon_core.package_identification:_identify(TCC/matlab/ur_e_description/meshes/ur16e) by extension 'ignore_ament_install'
[0.421s] Level 1:colcon.colcon_core.package_identification:_identify(TCC/matlab/ur_e_description/meshes/ur16e) by extensions ['colcon_pkg']
[0.421s] Level 1:colcon.colcon_core.package_identification:_identify(TCC/matlab/ur_e_description/meshes/ur16e) by extension 'colcon_pkg'
[0.421s] Level 1:colcon.colcon_core.package_identification:_identify(TCC/matlab/ur_e_description/meshes/ur16e) by extensions ['colcon_meta']
[0.421s] Level 1:colcon.colcon_core.package_identification:_identify(TCC/matlab/ur_e_description/meshes/ur16e) by extension 'colcon_meta'
[0.422s] Level 1:colcon.colcon_core.package_identification:_identify(TCC/matlab/ur_e_description/meshes/ur16e) by extensions ['ros']
[0.422s] Level 1:colcon.colcon_core.package_identification:_identify(TCC/matlab/ur_e_description/meshes/ur16e) by extension 'ros'
[0.422s] Level 1:colcon.colcon_core.package_identification:_identify(TCC/matlab/ur_e_description/meshes/ur16e) by extensions ['cmake', 'python']
[0.422s] Level 1:colcon.colcon_core.package_identification:_identify(TCC/matlab/ur_e_description/meshes/ur16e) by extension 'cmake'
[0.422s] Level 1:colcon.colcon_core.package_identification:_identify(TCC/matlab/ur_e_description/meshes/ur16e) by extension 'python'
[0.422s] Level 1:colcon.colcon_core.package_identification:_identify(TCC/matlab/ur_e_description/meshes/ur16e) by extensions ['python_setup_py']
[0.422s] Level 1:colcon.colcon_core.package_identification:_identify(TCC/matlab/ur_e_description/meshes/ur16e) by extension 'python_setup_py'
[0.422s] Level 1:colcon.colcon_core.package_identification:_identify(TCC/matlab/ur_e_description/meshes/ur16e/collision) by extensions ['ignore', 'ignore_ament_install']
[0.422s] Level 1:colcon.colcon_core.package_identification:_identify(TCC/matlab/ur_e_description/meshes/ur16e/collision) by extension 'ignore'
[0.422s] Level 1:colcon.colcon_core.package_identification:_identify(TCC/matlab/ur_e_description/meshes/ur16e/collision) by extension 'ignore_ament_install'
[0.422s] Level 1:colcon.colcon_core.package_identification:_identify(TCC/matlab/ur_e_description/meshes/ur16e/collision) by extensions ['colcon_pkg']
[0.422s] Level 1:colcon.colcon_core.package_identification:_identify(TCC/matlab/ur_e_description/meshes/ur16e/collision) by extension 'colcon_pkg'
[0.422s] Level 1:colcon.colcon_core.package_identification:_identify(TCC/matlab/ur_e_description/meshes/ur16e/collision) by extensions ['colcon_meta']
[0.422s] Level 1:colcon.colcon_core.package_identification:_identify(TCC/matlab/ur_e_description/meshes/ur16e/collision) by extension 'colcon_meta'
[0.422s] Level 1:colcon.colcon_core.package_identification:_identify(TCC/matlab/ur_e_description/meshes/ur16e/collision) by extensions ['ros']
[0.422s] Level 1:colcon.colcon_core.package_identification:_identify(TCC/matlab/ur_e_description/meshes/ur16e/collision) by extension 'ros'
[0.422s] Level 1:colcon.colcon_core.package_identification:_identify(TCC/matlab/ur_e_description/meshes/ur16e/collision) by extensions ['cmake', 'python']
[0.422s] Level 1:colcon.colcon_core.package_identification:_identify(TCC/matlab/ur_e_description/meshes/ur16e/collision) by extension 'cmake'
[0.422s] Level 1:colcon.colcon_core.package_identification:_identify(TCC/matlab/ur_e_description/meshes/ur16e/collision) by extension 'python'
[0.422s] Level 1:colcon.colcon_core.package_identification:_identify(TCC/matlab/ur_e_description/meshes/ur16e/collision) by extensions ['python_setup_py']
[0.422s] Level 1:colcon.colcon_core.package_identification:_identify(TCC/matlab/ur_e_description/meshes/ur16e/collision) by extension 'python_setup_py'
[0.422s] Level 1:colcon.colcon_core.package_identification:_identify(TCC/matlab/ur_e_description/meshes/ur16e/visual) by extensions ['ignore', 'ignore_ament_install']
[0.422s] Level 1:colcon.colcon_core.package_identification:_identify(TCC/matlab/ur_e_description/meshes/ur16e/visual) by extension 'ignore'
[0.422s] Level 1:colcon.colcon_core.package_identification:_identify(TCC/matlab/ur_e_description/meshes/ur16e/visual) by extension 'ignore_ament_install'
[0.423s] Level 1:colcon.colcon_core.package_identification:_identify(TCC/matlab/ur_e_description/meshes/ur16e/visual) by extensions ['colcon_pkg']
[0.423s] Level 1:colcon.colcon_core.package_identification:_identify(TCC/matlab/ur_e_description/meshes/ur16e/visual) by extension 'colcon_pkg'
[0.423s] Level 1:colcon.colcon_core.package_identification:_identify(TCC/matlab/ur_e_description/meshes/ur16e/visual) by extensions ['colcon_meta']
[0.423s] Level 1:colcon.colcon_core.package_identification:_identify(TCC/matlab/ur_e_description/meshes/ur16e/visual) by extension 'colcon_meta'
[0.423s] Level 1:colcon.colcon_core.package_identification:_identify(TCC/matlab/ur_e_description/meshes/ur16e/visual) by extensions ['ros']
[0.423s] Level 1:colcon.colcon_core.package_identification:_identify(TCC/matlab/ur_e_description/meshes/ur16e/visual) by extension 'ros'
[0.423s] Level 1:colcon.colcon_core.package_identification:_identify(TCC/matlab/ur_e_description/meshes/ur16e/visual) by extensions ['cmake', 'python']
[0.423s] Level 1:colcon.colcon_core.package_identification:_identify(TCC/matlab/ur_e_description/meshes/ur16e/visual) by extension 'cmake'
[0.423s] Level 1:colcon.colcon_core.package_identification:_identify(TCC/matlab/ur_e_description/meshes/ur16e/visual) by extension 'python'
[0.423s] Level 1:colcon.colcon_core.package_identification:_identify(TCC/matlab/ur_e_description/meshes/ur16e/visual) by extensions ['python_setup_py']
[0.423s] Level 1:colcon.colcon_core.package_identification:_identify(TCC/matlab/ur_e_description/meshes/ur16e/visual) by extension 'python_setup_py'
[0.423s] Level 1:colcon.colcon_core.package_identification:_identify(TCC/matlab/ur_e_description/meshes/ur3e) by extensions ['ignore', 'ignore_ament_install']
[0.423s] Level 1:colcon.colcon_core.package_identification:_identify(TCC/matlab/ur_e_description/meshes/ur3e) by extension 'ignore'
[0.423s] Level 1:colcon.colcon_core.package_identification:_identify(TCC/matlab/ur_e_description/meshes/ur3e) by extension 'ignore_ament_install'
[0.423s] Level 1:colcon.colcon_core.package_identification:_identify(TCC/matlab/ur_e_description/meshes/ur3e) by extensions ['colcon_pkg']
[0.423s] Level 1:colcon.colcon_core.package_identification:_identify(TCC/matlab/ur_e_description/meshes/ur3e) by extension 'colcon_pkg'
[0.423s] Level 1:colcon.colcon_core.package_identification:_identify(TCC/matlab/ur_e_description/meshes/ur3e) by extensions ['colcon_meta']
[0.423s] Level 1:colcon.colcon_core.package_identification:_identify(TCC/matlab/ur_e_description/meshes/ur3e) by extension 'colcon_meta'
[0.423s] Level 1:colcon.colcon_core.package_identification:_identify(TCC/matlab/ur_e_description/meshes/ur3e) by extensions ['ros']
[0.423s] Level 1:colcon.colcon_core.package_identification:_identify(TCC/matlab/ur_e_description/meshes/ur3e) by extension 'ros'
[0.423s] Level 1:colcon.colcon_core.package_identification:_identify(TCC/matlab/ur_e_description/meshes/ur3e) by extensions ['cmake', 'python']
[0.423s] Level 1:colcon.colcon_core.package_identification:_identify(TCC/matlab/ur_e_description/meshes/ur3e) by extension 'cmake'
[0.423s] Level 1:colcon.colcon_core.package_identification:_identify(TCC/matlab/ur_e_description/meshes/ur3e) by extension 'python'
[0.423s] Level 1:colcon.colcon_core.package_identification:_identify(TCC/matlab/ur_e_description/meshes/ur3e) by extensions ['python_setup_py']
[0.423s] Level 1:colcon.colcon_core.package_identification:_identify(TCC/matlab/ur_e_description/meshes/ur3e) by extension 'python_setup_py'
[0.423s] Level 1:colcon.colcon_core.package_identification:_identify(TCC/matlab/ur_e_description/meshes/ur3e/collision) by extensions ['ignore', 'ignore_ament_install']
[0.423s] Level 1:colcon.colcon_core.package_identification:_identify(TCC/matlab/ur_e_description/meshes/ur3e/collision) by extension 'ignore'
[0.424s] Level 1:colcon.colcon_core.package_identification:_identify(TCC/matlab/ur_e_description/meshes/ur3e/collision) by extension 'ignore_ament_install'
[0.424s] Level 1:colcon.colcon_core.package_identification:_identify(TCC/matlab/ur_e_description/meshes/ur3e/collision) by extensions ['colcon_pkg']
[0.424s] Level 1:colcon.colcon_core.package_identification:_identify(TCC/matlab/ur_e_description/meshes/ur3e/collision) by extension 'colcon_pkg'
[0.424s] Level 1:colcon.colcon_core.package_identification:_identify(TCC/matlab/ur_e_description/meshes/ur3e/collision) by extensions ['colcon_meta']
[0.424s] Level 1:colcon.colcon_core.package_identification:_identify(TCC/matlab/ur_e_description/meshes/ur3e/collision) by extension 'colcon_meta'
[0.424s] Level 1:colcon.colcon_core.package_identification:_identify(TCC/matlab/ur_e_description/meshes/ur3e/collision) by extensions ['ros']
[0.424s] Level 1:colcon.colcon_core.package_identification:_identify(TCC/matlab/ur_e_description/meshes/ur3e/collision) by extension 'ros'
[0.424s] Level 1:colcon.colcon_core.package_identification:_identify(TCC/matlab/ur_e_description/meshes/ur3e/collision) by extensions ['cmake', 'python']
[0.424s] Level 1:colcon.colcon_core.package_identification:_identify(TCC/matlab/ur_e_description/meshes/ur3e/collision) by extension 'cmake'
[0.424s] Level 1:colcon.colcon_core.package_identification:_identify(TCC/matlab/ur_e_description/meshes/ur3e/collision) by extension 'python'
[0.424s] Level 1:colcon.colcon_core.package_identification:_identify(TCC/matlab/ur_e_description/meshes/ur3e/collision) by extensions ['python_setup_py']
[0.424s] Level 1:colcon.colcon_core.package_identification:_identify(TCC/matlab/ur_e_description/meshes/ur3e/collision) by extension 'python_setup_py'
[0.424s] Level 1:colcon.colcon_core.package_identification:_identify(TCC/matlab/ur_e_description/meshes/ur3e/visual) by extensions ['ignore', 'ignore_ament_install']
[0.424s] Level 1:colcon.colcon_core.package_identification:_identify(TCC/matlab/ur_e_description/meshes/ur3e/visual) by extension 'ignore'
[0.424s] Level 1:colcon.colcon_core.package_identification:_identify(TCC/matlab/ur_e_description/meshes/ur3e/visual) by extension 'ignore_ament_install'
[0.424s] Level 1:colcon.colcon_core.package_identification:_identify(TCC/matlab/ur_e_description/meshes/ur3e/visual) by extensions ['colcon_pkg']
[0.424s] Level 1:colcon.colcon_core.package_identification:_identify(TCC/matlab/ur_e_description/meshes/ur3e/visual) by extension 'colcon_pkg'
[0.424s] Level 1:colcon.colcon_core.package_identification:_identify(TCC/matlab/ur_e_description/meshes/ur3e/visual) by extensions ['colcon_meta']
[0.424s] Level 1:colcon.colcon_core.package_identification:_identify(TCC/matlab/ur_e_description/meshes/ur3e/visual) by extension 'colcon_meta'
[0.424s] Level 1:colcon.colcon_core.package_identification:_identify(TCC/matlab/ur_e_description/meshes/ur3e/visual) by extensions ['ros']
[0.424s] Level 1:colcon.colcon_core.package_identification:_identify(TCC/matlab/ur_e_description/meshes/ur3e/visual) by extension 'ros'
[0.424s] Level 1:colcon.colcon_core.package_identification:_identify(TCC/matlab/ur_e_description/meshes/ur3e/visual) by extensions ['cmake', 'python']
[0.424s] Level 1:colcon.colcon_core.package_identification:_identify(TCC/matlab/ur_e_description/meshes/ur3e/visual) by extension 'cmake'
[0.424s] Level 1:colcon.colcon_core.package_identification:_identify(TCC/matlab/ur_e_description/meshes/ur3e/visual) by extension 'python'
[0.424s] Level 1:colcon.colcon_core.package_identification:_identify(TCC/matlab/ur_e_description/meshes/ur3e/visual) by extensions ['python_setup_py']
[0.424s] Level 1:colcon.colcon_core.package_identification:_identify(TCC/matlab/ur_e_description/meshes/ur3e/visual) by extension 'python_setup_py'
[0.425s] Level 1:colcon.colcon_core.package_identification:_identify(TCC/matlab/ur_e_description/meshes/ur5e) by extensions ['ignore', 'ignore_ament_install']
[0.425s] Level 1:colcon.colcon_core.package_identification:_identify(TCC/matlab/ur_e_description/meshes/ur5e) by extension 'ignore'
[0.425s] Level 1:colcon.colcon_core.package_identification:_identify(TCC/matlab/ur_e_description/meshes/ur5e) by extension 'ignore_ament_install'
[0.425s] Level 1:colcon.colcon_core.package_identification:_identify(TCC/matlab/ur_e_description/meshes/ur5e) by extensions ['colcon_pkg']
[0.425s] Level 1:colcon.colcon_core.package_identification:_identify(TCC/matlab/ur_e_description/meshes/ur5e) by extension 'colcon_pkg'
[0.425s] Level 1:colcon.colcon_core.package_identification:_identify(TCC/matlab/ur_e_description/meshes/ur5e) by extensions ['colcon_meta']
[0.425s] Level 1:colcon.colcon_core.package_identification:_identify(TCC/matlab/ur_e_description/meshes/ur5e) by extension 'colcon_meta'
[0.425s] Level 1:colcon.colcon_core.package_identification:_identify(TCC/matlab/ur_e_description/meshes/ur5e) by extensions ['ros']
[0.425s] Level 1:colcon.colcon_core.package_identification:_identify(TCC/matlab/ur_e_description/meshes/ur5e) by extension 'ros'
[0.425s] Level 1:colcon.colcon_core.package_identification:_identify(TCC/matlab/ur_e_description/meshes/ur5e) by extensions ['cmake', 'python']
[0.425s] Level 1:colcon.colcon_core.package_identification:_identify(TCC/matlab/ur_e_description/meshes/ur5e) by extension 'cmake'
[0.425s] Level 1:colcon.colcon_core.package_identification:_identify(TCC/matlab/ur_e_description/meshes/ur5e) by extension 'python'
[0.425s] Level 1:colcon.colcon_core.package_identification:_identify(TCC/matlab/ur_e_description/meshes/ur5e) by extensions ['python_setup_py']
[0.425s] Level 1:colcon.colcon_core.package_identification:_identify(TCC/matlab/ur_e_description/meshes/ur5e) by extension 'python_setup_py'
[0.425s] Level 1:colcon.colcon_core.package_identification:_identify(TCC/matlab/ur_e_description/meshes/ur5e/collision) by extensions ['ignore', 'ignore_ament_install']
[0.425s] Level 1:colcon.colcon_core.package_identification:_identify(TCC/matlab/ur_e_description/meshes/ur5e/collision) by extension 'ignore'
[0.425s] Level 1:colcon.colcon_core.package_identification:_identify(TCC/matlab/ur_e_description/meshes/ur5e/collision) by extension 'ignore_ament_install'
[0.425s] Level 1:colcon.colcon_core.package_identification:_identify(TCC/matlab/ur_e_description/meshes/ur5e/collision) by extensions ['colcon_pkg']
[0.425s] Level 1:colcon.colcon_core.package_identification:_identify(TCC/matlab/ur_e_description/meshes/ur5e/collision) by extension 'colcon_pkg'
[0.425s] Level 1:colcon.colcon_core.package_identification:_identify(TCC/matlab/ur_e_description/meshes/ur5e/collision) by extensions ['colcon_meta']
[0.425s] Level 1:colcon.colcon_core.package_identification:_identify(TCC/matlab/ur_e_description/meshes/ur5e/collision) by extension 'colcon_meta'
[0.425s] Level 1:colcon.colcon_core.package_identification:_identify(TCC/matlab/ur_e_description/meshes/ur5e/collision) by extensions ['ros']
[0.425s] Level 1:colcon.colcon_core.package_identification:_identify(TCC/matlab/ur_e_description/meshes/ur5e/collision) by extension 'ros'
[0.425s] Level 1:colcon.colcon_core.package_identification:_identify(TCC/matlab/ur_e_description/meshes/ur5e/collision) by extensions ['cmake', 'python']
[0.425s] Level 1:colcon.colcon_core.package_identification:_identify(TCC/matlab/ur_e_description/meshes/ur5e/collision) by extension 'cmake'
[0.426s] Level 1:colcon.colcon_core.package_identification:_identify(TCC/matlab/ur_e_description/meshes/ur5e/collision) by extension 'python'
[0.426s] Level 1:colcon.colcon_core.package_identification:_identify(TCC/matlab/ur_e_description/meshes/ur5e/collision) by extensions ['python_setup_py']
[0.426s] Level 1:colcon.colcon_core.package_identification:_identify(TCC/matlab/ur_e_description/meshes/ur5e/collision) by extension 'python_setup_py'
[0.426s] Level 1:colcon.colcon_core.package_identification:_identify(TCC/matlab/ur_e_description/meshes/ur5e/visual) by extensions ['ignore', 'ignore_ament_install']
[0.426s] Level 1:colcon.colcon_core.package_identification:_identify(TCC/matlab/ur_e_description/meshes/ur5e/visual) by extension 'ignore'
[0.426s] Level 1:colcon.colcon_core.package_identification:_identify(TCC/matlab/ur_e_description/meshes/ur5e/visual) by extension 'ignore_ament_install'
[0.426s] Level 1:colcon.colcon_core.package_identification:_identify(TCC/matlab/ur_e_description/meshes/ur5e/visual) by extensions ['colcon_pkg']
[0.426s] Level 1:colcon.colcon_core.package_identification:_identify(TCC/matlab/ur_e_description/meshes/ur5e/visual) by extension 'colcon_pkg'
[0.426s] Level 1:colcon.colcon_core.package_identification:_identify(TCC/matlab/ur_e_description/meshes/ur5e/visual) by extensions ['colcon_meta']
[0.426s] Level 1:colcon.colcon_core.package_identification:_identify(TCC/matlab/ur_e_description/meshes/ur5e/visual) by extension 'colcon_meta'
[0.426s] Level 1:colcon.colcon_core.package_identification:_identify(TCC/matlab/ur_e_description/meshes/ur5e/visual) by extensions ['ros']
[0.426s] Level 1:colcon.colcon_core.package_identification:_identify(TCC/matlab/ur_e_description/meshes/ur5e/visual) by extension 'ros'
[0.426s] Level 1:colcon.colcon_core.package_identification:_identify(TCC/matlab/ur_e_description/meshes/ur5e/visual) by extensions ['cmake', 'python']
[0.426s] Level 1:colcon.colcon_core.package_identification:_identify(TCC/matlab/ur_e_description/meshes/ur5e/visual) by extension 'cmake'
[0.426s] Level 1:colcon.colcon_core.package_identification:_identify(TCC/matlab/ur_e_description/meshes/ur5e/visual) by extension 'python'
[0.426s] Level 1:colcon.colcon_core.package_identification:_identify(TCC/matlab/ur_e_description/meshes/ur5e/visual) by extensions ['python_setup_py']
[0.426s] Level 1:colcon.colcon_core.package_identification:_identify(TCC/matlab/ur_e_description/meshes/ur5e/visual) by extension 'python_setup_py'
[0.426s] Level 1:colcon.colcon_core.package_identification:_identify(TCC/matlab/ur_e_description/urdf) by extensions ['ignore', 'ignore_ament_install']
[0.426s] Level 1:colcon.colcon_core.package_identification:_identify(TCC/matlab/ur_e_description/urdf) by extension 'ignore'
[0.426s] Level 1:colcon.colcon_core.package_identification:_identify(TCC/matlab/ur_e_description/urdf) by extension 'ignore_ament_install'
[0.426s] Level 1:colcon.colcon_core.package_identification:_identify(TCC/matlab/ur_e_description/urdf) by extensions ['colcon_pkg']
[0.426s] Level 1:colcon.colcon_core.package_identification:_identify(TCC/matlab/ur_e_description/urdf) by extension 'colcon_pkg'
[0.426s] Level 1:colcon.colcon_core.package_identification:_identify(TCC/matlab/ur_e_description/urdf) by extensions ['colcon_meta']
[0.426s] Level 1:colcon.colcon_core.package_identification:_identify(TCC/matlab/ur_e_description/urdf) by extension 'colcon_meta'
[0.426s] Level 1:colcon.colcon_core.package_identification:_identify(TCC/matlab/ur_e_description/urdf) by extensions ['ros']
[0.426s] Level 1:colcon.colcon_core.package_identification:_identify(TCC/matlab/ur_e_description/urdf) by extension 'ros'
[0.427s] Level 1:colcon.colcon_core.package_identification:_identify(TCC/matlab/ur_e_description/urdf) by extensions ['cmake', 'python']
[0.427s] Level 1:colcon.colcon_core.package_identification:_identify(TCC/matlab/ur_e_description/urdf) by extension 'cmake'
[0.427s] Level 1:colcon.colcon_core.package_identification:_identify(TCC/matlab/ur_e_description/urdf) by extension 'python'
[0.427s] Level 1:colcon.colcon_core.package_identification:_identify(TCC/matlab/ur_e_description/urdf) by extensions ['python_setup_py']
[0.427s] Level 1:colcon.colcon_core.package_identification:_identify(TCC/matlab/ur_e_description/urdf) by extension 'python_setup_py'
[0.427s] Level 1:colcon.colcon_core.package_identification:_identify(build) by extensions ['ignore', 'ignore_ament_install']
[0.427s] Level 1:colcon.colcon_core.package_identification:_identify(build) by extension 'ignore'
[0.427s] Level 1:colcon.colcon_core.package_identification:_identify(build) ignored
[0.427s] Level 1:colcon.colcon_core.package_identification:_identify(install) by extensions ['ignore', 'ignore_ament_install']
[0.427s] Level 1:colcon.colcon_core.package_identification:_identify(install) by extension 'ignore'
[0.427s] Level 1:colcon.colcon_core.package_identification:_identify(install) ignored
[0.427s] Level 1:colcon.colcon_core.package_identification:_identify(log) by extensions ['ignore', 'ignore_ament_install']
[0.427s] Level 1:colcon.colcon_core.package_identification:_identify(log) by extension 'ignore'
[0.427s] Level 1:colcon.colcon_core.package_identification:_identify(log) ignored
[0.427s] Level 1:colcon.colcon_core.package_identification:_identify(src) by extensions ['ignore', 'ignore_ament_install']
[0.427s] Level 1:colcon.colcon_core.package_identification:_identify(src) by extension 'ignore'
[0.427s] Level 1:colcon.colcon_core.package_identification:_identify(src) by extension 'ignore_ament_install'
[0.427s] Level 1:colcon.colcon_core.package_identification:_identify(src) by extensions ['colcon_pkg']
[0.427s] Level 1:colcon.colcon_core.package_identification:_identify(src) by extension 'colcon_pkg'
[0.427s] Level 1:colcon.colcon_core.package_identification:_identify(src) by extensions ['colcon_meta']
[0.427s] Level 1:colcon.colcon_core.package_identification:_identify(src) by extension 'colcon_meta'
[0.427s] Level 1:colcon.colcon_core.package_identification:_identify(src) by extensions ['ros']
[0.427s] Level 1:colcon.colcon_core.package_identification:_identify(src) by extension 'ros'
[0.428s] Level 1:colcon.colcon_core.package_identification:_identify(src) by extensions ['cmake', 'python']
[0.428s] Level 1:colcon.colcon_core.package_identification:_identify(src) by extension 'cmake'
[0.428s] Level 1:colcon.colcon_core.package_identification:_identify(src) by extension 'python'
[0.428s] Level 1:colcon.colcon_core.package_identification:_identify(src) by extensions ['python_setup_py']
[0.428s] Level 1:colcon.colcon_core.package_identification:_identify(src) by extension 'python_setup_py'
[0.428s] Level 1:colcon.colcon_core.package_identification:_identify(src/hand_pack) by extensions ['ignore', 'ignore_ament_install']
[0.428s] Level 1:colcon.colcon_core.package_identification:_identify(src/hand_pack) by extension 'ignore'
[0.428s] Level 1:colcon.colcon_core.package_identification:_identify(src/hand_pack) by extension 'ignore_ament_install'
[0.428s] Level 1:colcon.colcon_core.package_identification:_identify(src/hand_pack) by extensions ['colcon_pkg']
[0.428s] Level 1:colcon.colcon_core.package_identification:_identify(src/hand_pack) by extension 'colcon_pkg'
[0.428s] Level 1:colcon.colcon_core.package_identification:_identify(src/hand_pack) by extensions ['colcon_meta']
[0.428s] Level 1:colcon.colcon_core.package_identification:_identify(src/hand_pack) by extension 'colcon_meta'
[0.428s] Level 1:colcon.colcon_core.package_identification:_identify(src/hand_pack) by extensions ['ros']
[0.428s] Level 1:colcon.colcon_core.package_identification:_identify(src/hand_pack) by extension 'ros'
[0.430s] DEBUG:colcon.colcon_core.package_identification:Package 'src/hand_pack' with type 'ros.ament_python' and name 'hand_pack'
[0.430s] Level 1:colcon.colcon_core.package_identification:_identify(src/ur_description) by extensions ['ignore', 'ignore_ament_install']
[0.430s] Level 1:colcon.colcon_core.package_identification:_identify(src/ur_description) by extension 'ignore'
[0.430s] Level 1:colcon.colcon_core.package_identification:_identify(src/ur_description) by extension 'ignore_ament_install'
[0.430s] Level 1:colcon.colcon_core.package_identification:_identify(src/ur_description) by extensions ['colcon_pkg']
[0.430s] Level 1:colcon.colcon_core.package_identification:_identify(src/ur_description) by extension 'colcon_pkg'
[0.430s] Level 1:colcon.colcon_core.package_identification:_identify(src/ur_description) by extensions ['colcon_meta']
[0.430s] Level 1:colcon.colcon_core.package_identification:_identify(src/ur_description) by extension 'colcon_meta'
[0.430s] Level 1:colcon.colcon_core.package_identification:_identify(src/ur_description) by extensions ['ros']
[0.430s] Level 1:colcon.colcon_core.package_identification:_identify(src/ur_description) by extension 'ros'
[0.431s] DEBUG:colcon.colcon_core.package_identification:Package 'src/ur_description' with type 'ros.ament_cmake' and name 'ur_description'
[0.431s] Level 1:colcon.colcon_core.package_discovery:discover_packages(recursive) using defaults
[0.431s] Level 1:colcon.colcon_core.package_discovery:discover_packages(ignore) discover
[0.431s] Level 1:colcon.colcon_core.package_discovery:discover_packages(ignore) using defaults
[0.431s] Level 1:colcon.colcon_core.package_discovery:discover_packages(path) discover
[0.431s] Level 1:colcon.colcon_core.package_discovery:discover_packages(path) using defaults
[0.464s] INFO:colcon.colcon_core.package_selection:Skipping not selected package 'hand_pack' in 'src/hand_pack'
[0.464s] Level 1:colcon.colcon_core.package_discovery:discover_packages(prefix_path) check parameters
[0.464s] Level 1:colcon.colcon_core.package_discovery:discover_packages(prefix_path) discover
[0.475s] DEBUG:colcon.colcon_installed_package_information.package_discovery:Found 2 installed packages in /home/lucas-pc/RoboticArm/install
[0.476s] DEBUG:colcon.colcon_installed_package_information.package_discovery:Found 0 installed packages in /home/lucas-pc/ros2_ws/install
[0.483s] DEBUG:colcon.colcon_installed_package_information.package_discovery:Found 346 installed packages in /home/lucas-pc/ros2_humble/install
[0.485s] DEBUG:colcon.colcon_installed_package_information.package_discovery:Found 216 installed packages in /opt/ros/humble
[0.491s] Level 1:colcon.colcon_core.package_discovery:discover_packages(prefix_path) using defaults
[0.530s] Level 5:colcon.colcon_core.verb:set package 'ur_description' build argument 'cmake_args' from command line to 'None'
[0.530s] Level 5:colcon.colcon_core.verb:set package 'ur_description' build argument 'cmake_target' from command line to 'None'
[0.530s] Level 5:colcon.colcon_core.verb:set package 'ur_description' build argument 'cmake_target_skip_unavailable' from command line to 'False'
[0.530s] Level 5:colcon.colcon_core.verb:set package 'ur_description' build argument 'cmake_clean_cache' from command line to 'False'
[0.530s] Level 5:colcon.colcon_core.verb:set package 'ur_description' build argument 'cmake_clean_first' from command line to 'False'
[0.530s] Level 5:colcon.colcon_core.verb:set package 'ur_description' build argument 'cmake_force_configure' from command line to 'False'
[0.530s] Level 5:colcon.colcon_core.verb:set package 'ur_description' build argument 'ament_cmake_args' from command line to 'None'
[0.530s] Level 5:colcon.colcon_core.verb:set package 'ur_description' build argument 'catkin_cmake_args' from command line to 'None'
[0.530s] Level 5:colcon.colcon_core.verb:set package 'ur_description' build argument 'catkin_skip_building_tests' from command line to 'False'
[0.530s] DEBUG:colcon.colcon_core.verb:Building package 'ur_description' with the following arguments: {'ament_cmake_args': None, 'build_base': '/home/lucas-pc/RoboticArm/build/ur_description', 'catkin_cmake_args': None, 'catkin_skip_building_tests': False, 'cmake_args': None, 'cmake_clean_cache': False, 'cmake_clean_first': False, 'cmake_force_configure': False, 'cmake_target': None, 'cmake_target_skip_unavailable': False, 'install_base': '/home/lucas-pc/RoboticArm/install/ur_description', 'merge_install': False, 'path': '/home/lucas-pc/RoboticArm/src/ur_description', 'symlink_install': False, 'test_result_base': None}
[0.531s] INFO:colcon.colcon_core.executor:Executing jobs using 'parallel' executor
[0.531s] DEBUG:colcon.colcon_parallel_executor.executor.parallel:run_until_complete
[0.531s] INFO:colcon.colcon_ros.task.ament_cmake.build:Building ROS package in '/home/lucas-pc/RoboticArm/src/ur_description' with build type 'ament_cmake'
[0.532s] INFO:colcon.colcon_cmake.task.cmake.build:Building CMake package in '/home/lucas-pc/RoboticArm/src/ur_description'
[0.536s] INFO:colcon.colcon_core.plugin_system:Skipping extension 'colcon_core.shell.bat': Not used on non-Windows systems
[0.536s] INFO:colcon.colcon_core.shell:Skip shell extension 'powershell' for command environment: Not usable outside of PowerShell
[0.536s] DEBUG:colcon.colcon_core.shell:Skip shell extension 'dsv' for command environment
[0.571s] DEBUG:colcon.colcon_core.event_handler.log_command:Invoking command in '/home/lucas-pc/RoboticArm/build/ur_description': CMAKE_PREFIX_PATH=${CMAKE_PREFIX_PATH}:/home/lucas-pc/RoboticArm/install/hand_pack:/home/lucas-pc/ros2_humble/install/rqt_bag_plugins:/home/lucas-pc/ros2_humble/install/rqt_bag:/home/lucas-pc/ros2_humble/install/launch_testing_examples:/home/lucas-pc/ros2_humble/install/ros2bag:/home/lucas-pc/ros2_humble/install/tracetools_test:/home/lucas-pc/ros2_humble/install/tracetools_launch:/home/lucas-pc/ros2_humble/install/topic_monitor:/home/lucas-pc/ros2_humble/install/tf2_tools:/home/lucas-pc/ros2_humble/install/examples_tf2_py:/home/lucas-pc/ros2_humble/install/tf2_ros_py:/home/lucas-pc/ros2_humble/install/sros2:/home/lucas-pc/ros2_humble/install/rqt_topic:/home/lucas-pc/ros2_humble/install/rqt_srv:/home/lucas-pc/ros2_humble/install/rqt_shell:/home/lucas-pc/ros2_humble/install/rqt_service_caller:/home/lucas-pc/ros2_humble/install/rqt_reconfigure:/home/lucas-pc/ros2_humble/install/rqt_py_console:/home/lucas-pc/ros2_humble/install/rqt_publisher:/home/lucas-pc/ros2_humble/install/rqt_plot:/home/lucas-pc/ros2_humble/install/rqt_action:/home/lucas-pc/ros2_humble/install/rqt_msg:/home/lucas-pc/ros2_humble/install/rqt_console:/home/lucas-pc/ros2_humble/install/rqt:/home/lucas-pc/ros2_humble/install/rqt_graph:/home/lucas-pc/ros2_humble/install/rqt_gui_py:/home/lucas-pc/ros2_humble/install/rqt_gui:/home/lucas-pc/ros2_humble/install/ros2trace:/home/lucas-pc/ros2_humble/install/ros2topic:/home/lucas-pc/ros2_humble/install/ros2test:/home/lucas-pc/ros2_humble/install/ros2component:/home/lucas-pc/ros2_humble/install/ros2param:/home/lucas-pc/ros2_humble/install/ros2lifecycle:/home/lucas-pc/ros2_humble/install/ros2service:/home/lucas-pc/ros2_humble/install/ros2run:/home/lucas-pc/ros2_humble/install/ros2launch:/home/lucas-pc/ros2_humble/install/ros2pkg:/home/lucas-pc/ros2_humble/install/ros2node:/home/lucas-pc/ros2_humble/install/ros2multicast:/home/lucas-pc/ros2_humble/install/ros2interface:/home/lucas-pc/ros2_humble/install/ros2doctor:/home/lucas-pc/ros2_humble/install/ros2action:/home/lucas-pc/ros2_humble/install/ros2cli:/home/lucas-pc/ros2_humble/install/quality_of_service_demo_py:/home/lucas-pc/ros2_humble/install/lifecycle_py:/home/lucas-pc/ros2_humble/install/launch_testing_ros:/home/lucas-pc/ros2_humble/install/launch_ros:/home/lucas-pc/ros2_humble/install/examples_rclpy_pointcloud_publisher:/home/lucas-pc/ros2_humble/install/examples_rclpy_minimal_subscriber:/home/lucas-pc/ros2_humble/install/examples_rclpy_minimal_service:/home/lucas-pc/ros2_humble/install/examples_rclpy_minimal_publisher:/home/lucas-pc/ros2_humble/install/examples_rclpy_minimal_client:/home/lucas-pc/ros2_humble/install/examples_rclpy_minimal_action_server:/home/lucas-pc/ros2_humble/install/examples_rclpy_minimal_action_client:/home/lucas-pc/ros2_humble/install/examples_rclpy_guard_conditions:/home/lucas-pc/ros2_humble/install/examples_rclpy_executors:/home/lucas-pc/ros2_humble/install/demo_nodes_py:/home/lucas-pc/ros2_humble/install/camera_info_manager_py:/home/lucas-pc/ros2_humble/install/action_tutorials_py:/home/lucas-pc/ros2_humble/install/ament_uncrustify:/home/lucas-pc/ros2_humble/install/tracetools_trace:/home/lucas-pc/ros2_humble/install/tracetools_read:/home/lucas-pc/ros2_humble/install/test_tracetools_launch:/home/lucas-pc/ros2_humble/install/test_launch_ros:/home/lucas-pc/ros2_humble/install/sensor_msgs_py:/home/lucas-pc/ros2_humble/install/rpyutils:/home/lucas-pc/ros2_humble/install/rosidl_runtime_py:/home/lucas-pc/ros2_humble/install/rosidl_cli:/home/lucas-pc/ros2_humble/install/launch_pytest:/home/lucas-pc/ros2_humble/install/launch_testing:/home/lucas-pc/ros2_humble/install/launch_yaml:/home/lucas-pc/ros2_humble/install/launch_xml:/home/lucas-pc/ros2_humble/install/launch:/home/lucas-pc/ros2_humble/install/osrf_pycommon:/home/lucas-pc/ros2_humble/install/domain_coordinator:/home/lucas-pc/ros2_humble/install/ament_xmllint:/home/lucas-pc/ros2_humble/install/ament_pyflakes:/home/lucas-pc/ros2_humble/install/ament_pycodestyle:/home/lucas-pc/ros2_humble/install/ament_pep257:/home/lucas-pc/ros2_humble/install/ament_pclint:/home/lucas-pc/ros2_humble/install/ament_package:/home/lucas-pc/ros2_humble/install/ament_mypy:/home/lucas-pc/ros2_humble/install/ament_lint_cmake:/home/lucas-pc/ros2_humble/install/ament_flake8:/home/lucas-pc/ros2_humble/install/ament_copyright:/home/lucas-pc/ros2_humble/install/ament_lint:/home/lucas-pc/ros2_humble/install/ament_index_python:/home/lucas-pc/ros2_humble/install/ament_cpplint:/home/lucas-pc/ros2_humble/install/ament_cppcheck:/home/lucas-pc/ros2_humble/install/ament_clang_tidy:/home/lucas-pc/ros2_humble/install/ament_clang_format:/opt/ros/humble PS1=\[\033[01;32m\]\u@\h\[\033[00m\]:\[\033[01;34m\]\w\[\033[01;91m\]$(parse_git_branch)\[\033[00m\]$ /usr/bin/cmake --build /home/lucas-pc/RoboticArm/build/ur_description -- -j24 -l24
[0.651s] DEBUG:colcon.colcon_core.event_handler.log_command:Invoked command in '/home/lucas-pc/RoboticArm/build/ur_description' returned '0': CMAKE_PREFIX_PATH=${CMAKE_PREFIX_PATH}:/home/lucas-pc/RoboticArm/install/hand_pack:/home/lucas-pc/ros2_humble/install/rqt_bag_plugins:/home/lucas-pc/ros2_humble/install/rqt_bag:/home/lucas-pc/ros2_humble/install/launch_testing_examples:/home/lucas-pc/ros2_humble/install/ros2bag:/home/lucas-pc/ros2_humble/install/tracetools_test:/home/lucas-pc/ros2_humble/install/tracetools_launch:/home/lucas-pc/ros2_humble/install/topic_monitor:/home/lucas-pc/ros2_humble/install/tf2_tools:/home/lucas-pc/ros2_humble/install/examples_tf2_py:/home/lucas-pc/ros2_humble/install/tf2_ros_py:/home/lucas-pc/ros2_humble/install/sros2:/home/lucas-pc/ros2_humble/install/rqt_topic:/home/lucas-pc/ros2_humble/install/rqt_srv:/home/lucas-pc/ros2_humble/install/rqt_shell:/home/lucas-pc/ros2_humble/install/rqt_service_caller:/home/lucas-pc/ros2_humble/install/rqt_reconfigure:/home/lucas-pc/ros2_humble/install/rqt_py_console:/home/lucas-pc/ros2_humble/install/rqt_publisher:/home/lucas-pc/ros2_humble/install/rqt_plot:/home/lucas-pc/ros2_humble/install/rqt_action:/home/lucas-pc/ros2_humble/install/rqt_msg:/home/lucas-pc/ros2_humble/install/rqt_console:/home/lucas-pc/ros2_humble/install/rqt:/home/lucas-pc/ros2_humble/install/rqt_graph:/home/lucas-pc/ros2_humble/install/rqt_gui_py:/home/lucas-pc/ros2_humble/install/rqt_gui:/home/lucas-pc/ros2_humble/install/ros2trace:/home/lucas-pc/ros2_humble/install/ros2topic:/home/lucas-pc/ros2_humble/install/ros2test:/home/lucas-pc/ros2_humble/install/ros2component:/home/lucas-pc/ros2_humble/install/ros2param:/home/lucas-pc/ros2_humble/install/ros2lifecycle:/home/lucas-pc/ros2_humble/install/ros2service:/home/lucas-pc/ros2_humble/install/ros2run:/home/lucas-pc/ros2_humble/install/ros2launch:/home/lucas-pc/ros2_humble/install/ros2pkg:/home/lucas-pc/ros2_humble/install/ros2node:/home/lucas-pc/ros2_humble/install/ros2multicast:/home/lucas-pc/ros2_humble/install/ros2interface:/home/lucas-pc/ros2_humble/install/ros2doctor:/home/lucas-pc/ros2_humble/install/ros2action:/home/lucas-pc/ros2_humble/install/ros2cli:/home/lucas-pc/ros2_humble/install/quality_of_service_demo_py:/home/lucas-pc/ros2_humble/install/lifecycle_py:/home/lucas-pc/ros2_humble/install/launch_testing_ros:/home/lucas-pc/ros2_humble/install/launch_ros:/home/lucas-pc/ros2_humble/install/examples_rclpy_pointcloud_publisher:/home/lucas-pc/ros2_humble/install/examples_rclpy_minimal_subscriber:/home/lucas-pc/ros2_humble/install/examples_rclpy_minimal_service:/home/lucas-pc/ros2_humble/install/examples_rclpy_minimal_publisher:/home/lucas-pc/ros2_humble/install/examples_rclpy_minimal_client:/home/lucas-pc/ros2_humble/install/examples_rclpy_minimal_action_server:/home/lucas-pc/ros2_humble/install/examples_rclpy_minimal_action_client:/home/lucas-pc/ros2_humble/install/examples_rclpy_guard_conditions:/home/lucas-pc/ros2_humble/install/examples_rclpy_executors:/home/lucas-pc/ros2_humble/install/demo_nodes_py:/home/lucas-pc/ros2_humble/install/camera_info_manager_py:/home/lucas-pc/ros2_humble/install/action_tutorials_py:/home/lucas-pc/ros2_humble/install/ament_uncrustify:/home/lucas-pc/ros2_humble/install/tracetools_trace:/home/lucas-pc/ros2_humble/install/tracetools_read:/home/lucas-pc/ros2_humble/install/test_tracetools_launch:/home/lucas-pc/ros2_humble/install/test_launch_ros:/home/lucas-pc/ros2_humble/install/sensor_msgs_py:/home/lucas-pc/ros2_humble/install/rpyutils:/home/lucas-pc/ros2_humble/install/rosidl_runtime_py:/home/lucas-pc/ros2_humble/install/rosidl_cli:/home/lucas-pc/ros2_humble/install/launch_pytest:/home/lucas-pc/ros2_humble/install/launch_testing:/home/lucas-pc/ros2_humble/install/launch_yaml:/home/lucas-pc/ros2_humble/install/launch_xml:/home/lucas-pc/ros2_humble/install/launch:/home/lucas-pc/ros2_humble/install/osrf_pycommon:/home/lucas-pc/ros2_humble/install/domain_coordinator:/home/lucas-pc/ros2_humble/install/ament_xmllint:/home/lucas-pc/ros2_humble/install/ament_pyflakes:/home/lucas-pc/ros2_humble/install/ament_pycodestyle:/home/lucas-pc/ros2_humble/install/ament_pep257:/home/lucas-pc/ros2_humble/install/ament_pclint:/home/lucas-pc/ros2_humble/install/ament_package:/home/lucas-pc/ros2_humble/install/ament_mypy:/home/lucas-pc/ros2_humble/install/ament_lint_cmake:/home/lucas-pc/ros2_humble/install/ament_flake8:/home/lucas-pc/ros2_humble/install/ament_copyright:/home/lucas-pc/ros2_humble/install/ament_lint:/home/lucas-pc/ros2_humble/install/ament_index_python:/home/lucas-pc/ros2_humble/install/ament_cpplint:/home/lucas-pc/ros2_humble/install/ament_cppcheck:/home/lucas-pc/ros2_humble/install/ament_clang_tidy:/home/lucas-pc/ros2_humble/install/ament_clang_format:/opt/ros/humble PS1=\[\033[01;32m\]\u@\h\[\033[00m\]:\[\033[01;34m\]\w\[\033[01;91m\]$(parse_git_branch)\[\033[00m\]$ /usr/bin/cmake --build /home/lucas-pc/RoboticArm/build/ur_description -- -j24 -l24
[0.670s] DEBUG:colcon.colcon_core.event_handler.log_command:Invoking command in '/home/lucas-pc/RoboticArm/build/ur_description': CMAKE_PREFIX_PATH=${CMAKE_PREFIX_PATH}:/home/lucas-pc/RoboticArm/install/hand_pack:/home/lucas-pc/ros2_humble/install/rqt_bag_plugins:/home/lucas-pc/ros2_humble/install/rqt_bag:/home/lucas-pc/ros2_humble/install/launch_testing_examples:/home/lucas-pc/ros2_humble/install/ros2bag:/home/lucas-pc/ros2_humble/install/tracetools_test:/home/lucas-pc/ros2_humble/install/tracetools_launch:/home/lucas-pc/ros2_humble/install/topic_monitor:/home/lucas-pc/ros2_humble/install/tf2_tools:/home/lucas-pc/ros2_humble/install/examples_tf2_py:/home/lucas-pc/ros2_humble/install/tf2_ros_py:/home/lucas-pc/ros2_humble/install/sros2:/home/lucas-pc/ros2_humble/install/rqt_topic:/home/lucas-pc/ros2_humble/install/rqt_srv:/home/lucas-pc/ros2_humble/install/rqt_shell:/home/lucas-pc/ros2_humble/install/rqt_service_caller:/home/lucas-pc/ros2_humble/install/rqt_reconfigure:/home/lucas-pc/ros2_humble/install/rqt_py_console:/home/lucas-pc/ros2_humble/install/rqt_publisher:/home/lucas-pc/ros2_humble/install/rqt_plot:/home/lucas-pc/ros2_humble/install/rqt_action:/home/lucas-pc/ros2_humble/install/rqt_msg:/home/lucas-pc/ros2_humble/install/rqt_console:/home/lucas-pc/ros2_humble/install/rqt:/home/lucas-pc/ros2_humble/install/rqt_graph:/home/lucas-pc/ros2_humble/install/rqt_gui_py:/home/lucas-pc/ros2_humble/install/rqt_gui:/home/lucas-pc/ros2_humble/install/ros2trace:/home/lucas-pc/ros2_humble/install/ros2topic:/home/lucas-pc/ros2_humble/install/ros2test:/home/lucas-pc/ros2_humble/install/ros2component:/home/lucas-pc/ros2_humble/install/ros2param:/home/lucas-pc/ros2_humble/install/ros2lifecycle:/home/lucas-pc/ros2_humble/install/ros2service:/home/lucas-pc/ros2_humble/install/ros2run:/home/lucas-pc/ros2_humble/install/ros2launch:/home/lucas-pc/ros2_humble/install/ros2pkg:/home/lucas-pc/ros2_humble/install/ros2node:/home/lucas-pc/ros2_humble/install/ros2multicast:/home/lucas-pc/ros2_humble/install/ros2interface:/home/lucas-pc/ros2_humble/install/ros2doctor:/home/lucas-pc/ros2_humble/install/ros2action:/home/lucas-pc/ros2_humble/install/ros2cli:/home/lucas-pc/ros2_humble/install/quality_of_service_demo_py:/home/lucas-pc/ros2_humble/install/lifecycle_py:/home/lucas-pc/ros2_humble/install/launch_testing_ros:/home/lucas-pc/ros2_humble/install/launch_ros:/home/lucas-pc/ros2_humble/install/examples_rclpy_pointcloud_publisher:/home/lucas-pc/ros2_humble/install/examples_rclpy_minimal_subscriber:/home/lucas-pc/ros2_humble/install/examples_rclpy_minimal_service:/home/lucas-pc/ros2_humble/install/examples_rclpy_minimal_publisher:/home/lucas-pc/ros2_humble/install/examples_rclpy_minimal_client:/home/lucas-pc/ros2_humble/install/examples_rclpy_minimal_action_server:/home/lucas-pc/ros2_humble/install/examples_rclpy_minimal_action_client:/home/lucas-pc/ros2_humble/install/examples_rclpy_guard_conditions:/home/lucas-pc/ros2_humble/install/examples_rclpy_executors:/home/lucas-pc/ros2_humble/install/demo_nodes_py:/home/lucas-pc/ros2_humble/install/camera_info_manager_py:/home/lucas-pc/ros2_humble/install/action_tutorials_py:/home/lucas-pc/ros2_humble/install/ament_uncrustify:/home/lucas-pc/ros2_humble/install/tracetools_trace:/home/lucas-pc/ros2_humble/install/tracetools_read:/home/lucas-pc/ros2_humble/install/test_tracetools_launch:/home/lucas-pc/ros2_humble/install/test_launch_ros:/home/lucas-pc/ros2_humble/install/sensor_msgs_py:/home/lucas-pc/ros2_humble/install/rpyutils:/home/lucas-pc/ros2_humble/install/rosidl_runtime_py:/home/lucas-pc/ros2_humble/install/rosidl_cli:/home/lucas-pc/ros2_humble/install/launch_pytest:/home/lucas-pc/ros2_humble/install/launch_testing:/home/lucas-pc/ros2_humble/install/launch_yaml:/home/lucas-pc/ros2_humble/install/launch_xml:/home/lucas-pc/ros2_humble/install/launch:/home/lucas-pc/ros2_humble/install/osrf_pycommon:/home/lucas-pc/ros2_humble/install/domain_coordinator:/home/lucas-pc/ros2_humble/install/ament_xmllint:/home/lucas-pc/ros2_humble/install/ament_pyflakes:/home/lucas-pc/ros2_humble/install/ament_pycodestyle:/home/lucas-pc/ros2_humble/install/ament_pep257:/home/lucas-pc/ros2_humble/install/ament_pclint:/home/lucas-pc/ros2_humble/install/ament_package:/home/lucas-pc/ros2_humble/install/ament_mypy:/home/lucas-pc/ros2_humble/install/ament_lint_cmake:/home/lucas-pc/ros2_humble/install/ament_flake8:/home/lucas-pc/ros2_humble/install/ament_copyright:/home/lucas-pc/ros2_humble/install/ament_lint:/home/lucas-pc/ros2_humble/install/ament_index_python:/home/lucas-pc/ros2_humble/install/ament_cpplint:/home/lucas-pc/ros2_humble/install/ament_cppcheck:/home/lucas-pc/ros2_humble/install/ament_clang_tidy:/home/lucas-pc/ros2_humble/install/ament_clang_format:/opt/ros/humble PS1=\[\033[01;32m\]\u@\h\[\033[00m\]:\[\033[01;34m\]\w\[\033[01;91m\]$(parse_git_branch)\[\033[00m\]$ /usr/bin/cmake --install /home/lucas-pc/RoboticArm/build/ur_description
[0.725s] Level 1:colcon.colcon_core.environment:create_environment_scripts_only(ur_description)
[0.728s] DEBUG:colcon.colcon_core.event_handler.log_command:Invoked command in '/home/lucas-pc/RoboticArm/build/ur_description' returned '0': CMAKE_PREFIX_PATH=${CMAKE_PREFIX_PATH}:/home/lucas-pc/RoboticArm/install/hand_pack:/home/lucas-pc/ros2_humble/install/rqt_bag_plugins:/home/lucas-pc/ros2_humble/install/rqt_bag:/home/lucas-pc/ros2_humble/install/launch_testing_examples:/home/lucas-pc/ros2_humble/install/ros2bag:/home/lucas-pc/ros2_humble/install/tracetools_test:/home/lucas-pc/ros2_humble/install/tracetools_launch:/home/lucas-pc/ros2_humble/install/topic_monitor:/home/lucas-pc/ros2_humble/install/tf2_tools:/home/lucas-pc/ros2_humble/install/examples_tf2_py:/home/lucas-pc/ros2_humble/install/tf2_ros_py:/home/lucas-pc/ros2_humble/install/sros2:/home/lucas-pc/ros2_humble/install/rqt_topic:/home/lucas-pc/ros2_humble/install/rqt_srv:/home/lucas-pc/ros2_humble/install/rqt_shell:/home/lucas-pc/ros2_humble/install/rqt_service_caller:/home/lucas-pc/ros2_humble/install/rqt_reconfigure:/home/lucas-pc/ros2_humble/install/rqt_py_console:/home/lucas-pc/ros2_humble/install/rqt_publisher:/home/lucas-pc/ros2_humble/install/rqt_plot:/home/lucas-pc/ros2_humble/install/rqt_action:/home/lucas-pc/ros2_humble/install/rqt_msg:/home/lucas-pc/ros2_humble/install/rqt_console:/home/lucas-pc/ros2_humble/install/rqt:/home/lucas-pc/ros2_humble/install/rqt_graph:/home/lucas-pc/ros2_humble/install/rqt_gui_py:/home/lucas-pc/ros2_humble/install/rqt_gui:/home/lucas-pc/ros2_humble/install/ros2trace:/home/lucas-pc/ros2_humble/install/ros2topic:/home/lucas-pc/ros2_humble/install/ros2test:/home/lucas-pc/ros2_humble/install/ros2component:/home/lucas-pc/ros2_humble/install/ros2param:/home/lucas-pc/ros2_humble/install/ros2lifecycle:/home/lucas-pc/ros2_humble/install/ros2service:/home/lucas-pc/ros2_humble/install/ros2run:/home/lucas-pc/ros2_humble/install/ros2launch:/home/lucas-pc/ros2_humble/install/ros2pkg:/home/lucas-pc/ros2_humble/install/ros2node:/home/lucas-pc/ros2_humble/install/ros2multicast:/home/lucas-pc/ros2_humble/install/ros2interface:/home/lucas-pc/ros2_humble/install/ros2doctor:/home/lucas-pc/ros2_humble/install/ros2action:/home/lucas-pc/ros2_humble/install/ros2cli:/home/lucas-pc/ros2_humble/install/quality_of_service_demo_py:/home/lucas-pc/ros2_humble/install/lifecycle_py:/home/lucas-pc/ros2_humble/install/launch_testing_ros:/home/lucas-pc/ros2_humble/install/launch_ros:/home/lucas-pc/ros2_humble/install/examples_rclpy_pointcloud_publisher:/home/lucas-pc/ros2_humble/install/examples_rclpy_minimal_subscriber:/home/lucas-pc/ros2_humble/install/examples_rclpy_minimal_service:/home/lucas-pc/ros2_humble/install/examples_rclpy_minimal_publisher:/home/lucas-pc/ros2_humble/install/examples_rclpy_minimal_client:/home/lucas-pc/ros2_humble/install/examples_rclpy_minimal_action_server:/home/lucas-pc/ros2_humble/install/examples_rclpy_minimal_action_client:/home/lucas-pc/ros2_humble/install/examples_rclpy_guard_conditions:/home/lucas-pc/ros2_humble/install/examples_rclpy_executors:/home/lucas-pc/ros2_humble/install/demo_nodes_py:/home/lucas-pc/ros2_humble/install/camera_info_manager_py:/home/lucas-pc/ros2_humble/install/action_tutorials_py:/home/lucas-pc/ros2_humble/install/ament_uncrustify:/home/lucas-pc/ros2_humble/install/tracetools_trace:/home/lucas-pc/ros2_humble/install/tracetools_read:/home/lucas-pc/ros2_humble/install/test_tracetools_launch:/home/lucas-pc/ros2_humble/install/test_launch_ros:/home/lucas-pc/ros2_humble/install/sensor_msgs_py:/home/lucas-pc/ros2_humble/install/rpyutils:/home/lucas-pc/ros2_humble/install/rosidl_runtime_py:/home/lucas-pc/ros2_humble/install/rosidl_cli:/home/lucas-pc/ros2_humble/install/launch_pytest:/home/lucas-pc/ros2_humble/install/launch_testing:/home/lucas-pc/ros2_humble/install/launch_yaml:/home/lucas-pc/ros2_humble/install/launch_xml:/home/lucas-pc/ros2_humble/install/launch:/home/lucas-pc/ros2_humble/install/osrf_pycommon:/home/lucas-pc/ros2_humble/install/domain_coordinator:/home/lucas-pc/ros2_humble/install/ament_xmllint:/home/lucas-pc/ros2_humble/install/ament_pyflakes:/home/lucas-pc/ros2_humble/install/ament_pycodestyle:/home/lucas-pc/ros2_humble/install/ament_pep257:/home/lucas-pc/ros2_humble/install/ament_pclint:/home/lucas-pc/ros2_humble/install/ament_package:/home/lucas-pc/ros2_humble/install/ament_mypy:/home/lucas-pc/ros2_humble/install/ament_lint_cmake:/home/lucas-pc/ros2_humble/install/ament_flake8:/home/lucas-pc/ros2_humble/install/ament_copyright:/home/lucas-pc/ros2_humble/install/ament_lint:/home/lucas-pc/ros2_humble/install/ament_index_python:/home/lucas-pc/ros2_humble/install/ament_cpplint:/home/lucas-pc/ros2_humble/install/ament_cppcheck:/home/lucas-pc/ros2_humble/install/ament_clang_tidy:/home/lucas-pc/ros2_humble/install/ament_clang_format:/opt/ros/humble PS1=\[\033[01;32m\]\u@\h\[\033[00m\]:\[\033[01;34m\]\w\[\033[01;91m\]$(parse_git_branch)\[\033[00m\]$ /usr/bin/cmake --install /home/lucas-pc/RoboticArm/build/ur_description
[0.731s] Level 1:colcon.colcon_core.environment:checking '/home/lucas-pc/RoboticArm/install/ur_description' for CMake module files
[0.732s] Level 1:colcon.colcon_core.environment:checking '/home/lucas-pc/RoboticArm/install/ur_description' for CMake config files
[0.733s] Level 1:colcon.colcon_core.shell:create_environment_hook('ur_description', 'cmake_prefix_path')
[0.733s] INFO:colcon.colcon_core.shell:Creating environment hook '/home/lucas-pc/RoboticArm/install/ur_description/share/ur_description/hook/cmake_prefix_path.ps1'
[0.734s] INFO:colcon.colcon_core.shell:Creating environment descriptor '/home/lucas-pc/RoboticArm/install/ur_description/share/ur_description/hook/cmake_prefix_path.dsv'
[0.734s] INFO:colcon.colcon_core.shell:Creating environment hook '/home/lucas-pc/RoboticArm/install/ur_description/share/ur_description/hook/cmake_prefix_path.sh'
[0.735s] Level 1:colcon.colcon_core.environment:checking '/home/lucas-pc/RoboticArm/install/ur_description/bin'
[0.735s] Level 1:colcon.colcon_core.environment:checking '/home/lucas-pc/RoboticArm/install/ur_description/lib/pkgconfig/ur_description.pc'
[0.735s] Level 1:colcon.colcon_core.environment:checking '/home/lucas-pc/RoboticArm/install/ur_description/lib/python3.10/site-packages'
[0.735s] Level 1:colcon.colcon_core.environment:checking '/home/lucas-pc/RoboticArm/install/ur_description/bin'
[0.735s] INFO:colcon.colcon_core.shell:Creating package script '/home/lucas-pc/RoboticArm/install/ur_description/share/ur_description/package.ps1'
[0.736s] INFO:colcon.colcon_core.shell:Creating package descriptor '/home/lucas-pc/RoboticArm/install/ur_description/share/ur_description/package.dsv'
[0.736s] INFO:colcon.colcon_core.shell:Creating package script '/home/lucas-pc/RoboticArm/install/ur_description/share/ur_description/package.sh'
[0.737s] INFO:colcon.colcon_core.shell:Creating package script '/home/lucas-pc/RoboticArm/install/ur_description/share/ur_description/package.bash'
[0.737s] INFO:colcon.colcon_core.shell:Creating package script '/home/lucas-pc/RoboticArm/install/ur_description/share/ur_description/package.zsh'
[0.738s] Level 1:colcon.colcon_core.environment:create_file_with_runtime_dependencies(/home/lucas-pc/RoboticArm/install/ur_description/share/colcon-core/packages/ur_description)
[0.738s] Level 1:colcon.colcon_core.environment:create_environment_scripts_only(ur_description)
[0.738s] Level 1:colcon.colcon_core.environment:checking '/home/lucas-pc/RoboticArm/install/ur_description' for CMake module files
[0.739s] Level 1:colcon.colcon_core.environment:checking '/home/lucas-pc/RoboticArm/install/ur_description' for CMake config files
[0.740s] Level 1:colcon.colcon_core.shell:create_environment_hook('ur_description', 'cmake_prefix_path')
[0.740s] INFO:colcon.colcon_core.shell:Creating environment hook '/home/lucas-pc/RoboticArm/install/ur_description/share/ur_description/hook/cmake_prefix_path.ps1'
[0.741s] INFO:colcon.colcon_core.shell:Creating environment descriptor '/home/lucas-pc/RoboticArm/install/ur_description/share/ur_description/hook/cmake_prefix_path.dsv'
[0.741s] INFO:colcon.colcon_core.shell:Creating environment hook '/home/lucas-pc/RoboticArm/install/ur_description/share/ur_description/hook/cmake_prefix_path.sh'
[0.741s] Level 1:colcon.colcon_core.environment:checking '/home/lucas-pc/RoboticArm/install/ur_description/bin'
[0.741s] Level 1:colcon.colcon_core.environment:checking '/home/lucas-pc/RoboticArm/install/ur_description/lib/pkgconfig/ur_description.pc'
[0.741s] Level 1:colcon.colcon_core.environment:checking '/home/lucas-pc/RoboticArm/install/ur_description/lib/python3.10/site-packages'
[0.741s] Level 1:colcon.colcon_core.environment:checking '/home/lucas-pc/RoboticArm/install/ur_description/bin'
[0.742s] INFO:colcon.colcon_core.shell:Creating package script '/home/lucas-pc/RoboticArm/install/ur_description/share/ur_description/package.ps1'
[0.742s] INFO:colcon.colcon_core.shell:Creating package descriptor '/home/lucas-pc/RoboticArm/install/ur_description/share/ur_description/package.dsv'
[0.742s] INFO:colcon.colcon_core.shell:Creating package script '/home/lucas-pc/RoboticArm/install/ur_description/share/ur_description/package.sh'
[0.743s] INFO:colcon.colcon_core.shell:Creating package script '/home/lucas-pc/RoboticArm/install/ur_description/share/ur_description/package.bash'
[0.743s] INFO:colcon.colcon_core.shell:Creating package script '/home/lucas-pc/RoboticArm/install/ur_description/share/ur_description/package.zsh'
[0.743s] Level 1:colcon.colcon_core.environment:create_file_with_runtime_dependencies(/home/lucas-pc/RoboticArm/install/ur_description/share/colcon-core/packages/ur_description)
[0.743s] DEBUG:colcon.colcon_parallel_executor.executor.parallel:closing loop
[0.744s] DEBUG:colcon.colcon_parallel_executor.executor.parallel:loop closed
[0.744s] DEBUG:colcon.colcon_parallel_executor.executor.parallel:run_until_complete finished with '0'
[0.744s] DEBUG:colcon.colcon_core.event_reactor:joining thread
[0.753s] INFO:colcon.colcon_core.plugin_system:Skipping extension 'colcon_notification.desktop_notification.terminal_notifier': Not used on non-Darwin systems
[0.753s] INFO:colcon.colcon_core.plugin_system:Skipping extension 'colcon_notification.desktop_notification.win32': Not used on non-Windows systems
[0.753s] INFO:colcon.colcon_notification.desktop_notification:Sending desktop notification using 'notify2'
[0.761s] DEBUG:colcon.colcon_core.event_reactor:joined thread
[0.761s] INFO:colcon.colcon_core.shell:Creating prefix script '/home/lucas-pc/RoboticArm/install/local_setup.ps1'
[0.762s] INFO:colcon.colcon_core.shell:Creating prefix util module '/home/lucas-pc/RoboticArm/install/_local_setup_util_ps1.py'
[0.763s] INFO:colcon.colcon_core.shell:Creating prefix chain script '/home/lucas-pc/RoboticArm/install/setup.ps1'
[0.783s] INFO:colcon.colcon_core.shell:Creating prefix script '/home/lucas-pc/RoboticArm/install/local_setup.sh'
[0.783s] INFO:colcon.colcon_core.shell:Creating prefix util module '/home/lucas-pc/RoboticArm/install/_local_setup_util_sh.py'
[0.783s] INFO:colcon.colcon_core.shell:Creating prefix chain script '/home/lucas-pc/RoboticArm/install/setup.sh'
[0.796s] INFO:colcon.colcon_core.shell:Creating prefix script '/home/lucas-pc/RoboticArm/install/local_setup.bash'
[0.796s] INFO:colcon.colcon_core.shell:Creating prefix chain script '/home/lucas-pc/RoboticArm/install/setup.bash'
[0.806s] INFO:colcon.colcon_core.shell:Creating prefix script '/home/lucas-pc/RoboticArm/install/local_setup.zsh'
[0.807s] INFO:colcon.colcon_core.shell:Creating prefix chain script '/home/lucas-pc/RoboticArm/install/setup.zsh'
