running egg_info
creating ../../build/hand_pack/hand_pack.egg-info
writing ../../build/hand_pack/hand_pack.egg-info/PKG-INFO
writing dependency_links to ../../build/hand_pack/hand_pack.egg-info/dependency_links.txt
writing entry points to ../../build/hand_pack/hand_pack.egg-info/entry_points.txt
writing requirements to ../../build/hand_pack/hand_pack.egg-info/requires.txt
writing top-level names to ../../build/hand_pack/hand_pack.egg-info/top_level.txt
writing manifest file '../../build/hand_pack/hand_pack.egg-info/SOURCES.txt'
reading manifest file '../../build/hand_pack/hand_pack.egg-info/SOURCES.txt'
writing manifest file '../../build/hand_pack/hand_pack.egg-info/SOURCES.txt'
running build
running build_py
creating /home/lucas-lpc/RoboticArm/build/hand_pack/build
creating /home/lucas-lpc/RoboticArm/build/hand_pack/build/lib
creating /home/lucas-lpc/RoboticArm/build/hand_pack/build/lib/hand_pack
copying hand_pack/hand_node.py -> /home/lucas-lpc/RoboticArm/build/hand_pack/build/lib/hand_pack
copying hand_pack/__init__.py -> /home/lucas-lpc/RoboticArm/build/hand_pack/build/lib/hand_pack
running install
running install_lib
creating /home/lucas-lpc/RoboticArm/install/hand_pack/lib/python3.10/site-packages/hand_pack
copying /home/lucas-lpc/RoboticArm/build/hand_pack/build/lib/hand_pack/hand_node.py -> /home/lucas-lpc/RoboticArm/install/hand_pack/lib/python3.10/site-packages/hand_pack
copying /home/lucas-lpc/RoboticArm/build/hand_pack/build/lib/hand_pack/__init__.py -> /home/lucas-lpc/RoboticArm/install/hand_pack/lib/python3.10/site-packages/hand_pack
byte-compiling /home/lucas-lpc/RoboticArm/install/hand_pack/lib/python3.10/site-packages/hand_pack/hand_node.py to hand_node.cpython-310.pyc
byte-compiling /home/lucas-lpc/RoboticArm/install/hand_pack/lib/python3.10/site-packages/hand_pack/__init__.py to __init__.cpython-310.pyc
running install_data
creating /home/lucas-lpc/RoboticArm/install/hand_pack/share/ament_index
creating /home/lucas-lpc/RoboticArm/install/hand_pack/share/ament_index/resource_index
creating /home/lucas-lpc/RoboticArm/install/hand_pack/share/ament_index/resource_index/packages
copying resource/hand_pack -> /home/lucas-lpc/RoboticArm/install/hand_pack/share/ament_index/resource_index/packages
copying package.xml -> /home/lucas-lpc/RoboticArm/install/hand_pack/share/hand_pack
creating /home/lucas-lpc/RoboticArm/install/hand_pack/share/hand_pack/launch
copying launch/gazebo.launch.py -> /home/lucas-lpc/RoboticArm/install/hand_pack/share/hand_pack/launch
copying launch/display.launch.py -> /home/lucas-lpc/RoboticArm/install/hand_pack/share/hand_pack/launch
creating /home/lucas-lpc/RoboticArm/install/hand_pack/share/hand_pack/urdf
copying urdf/linear_covvi_hand_right.urdf -> /home/lucas-lpc/RoboticArm/install/hand_pack/share/hand_pack/urdf
copying urdf/linear_covvi_hand_gazebo.urdf -> /home/lucas-lpc/RoboticArm/install/hand_pack/share/hand_pack/urdf
creating /home/lucas-lpc/RoboticArm/install/hand_pack/share/hand_pack/urdf/mesh
creating /home/lucas-lpc/RoboticArm/install/hand_pack/share/hand_pack/urdf/linear_meshes
copying urdf/linear_meshes/right_thumb_link.STL -> /home/lucas-lpc/RoboticArm/install/hand_pack/share/hand_pack/urdf/linear_meshes
copying urdf/linear_meshes/right_thumb_distal.STL -> /home/lucas-lpc/RoboticArm/install/hand_pack/share/hand_pack/urdf/linear_meshes
copying urdf/linear_meshes/right_little_proximal.STL -> /home/lucas-lpc/RoboticArm/install/hand_pack/share/hand_pack/urdf/linear_meshes
copying urdf/linear_meshes/right_little_distal.STL -> /home/lucas-lpc/RoboticArm/install/hand_pack/share/hand_pack/urdf/linear_meshes
copying urdf/linear_meshes/right_ring_knuckle.STL -> /home/lucas-lpc/RoboticArm/install/hand_pack/share/hand_pack/urdf/linear_meshes
copying urdf/linear_meshes/right_ring_follower.STL -> /home/lucas-lpc/RoboticArm/install/hand_pack/share/hand_pack/urdf/linear_meshes
copying urdf/linear_meshes/right_thumb_proximal.STL -> /home/lucas-lpc/RoboticArm/install/hand_pack/share/hand_pack/urdf/linear_meshes
copying urdf/linear_meshes/right_middle_link.STL -> /home/lucas-lpc/RoboticArm/install/hand_pack/share/hand_pack/urdf/linear_meshes
copying urdf/linear_meshes/right_little_follower.STL -> /home/lucas-lpc/RoboticArm/install/hand_pack/share/hand_pack/urdf/linear_meshes
copying urdf/linear_meshes/right_thumb_follower.STL -> /home/lucas-lpc/RoboticArm/install/hand_pack/share/hand_pack/urdf/linear_meshes
copying urdf/linear_meshes/right_index_link.STL -> /home/lucas-lpc/RoboticArm/install/hand_pack/share/hand_pack/urdf/linear_meshes
copying urdf/linear_meshes/right_middle_knuckle.STL -> /home/lucas-lpc/RoboticArm/install/hand_pack/share/hand_pack/urdf/linear_meshes
copying urdf/linear_meshes/right_ring_proximal.STL -> /home/lucas-lpc/RoboticArm/install/hand_pack/share/hand_pack/urdf/linear_meshes
copying urdf/linear_meshes/right_thumb_chassis.STL -> /home/lucas-lpc/RoboticArm/install/hand_pack/share/hand_pack/urdf/linear_meshes
copying urdf/linear_meshes/right_middle_proximal.STL -> /home/lucas-lpc/RoboticArm/install/hand_pack/share/hand_pack/urdf/linear_meshes
copying urdf/linear_meshes/right_base_link.STL -> /home/lucas-lpc/RoboticArm/install/hand_pack/share/hand_pack/urdf/linear_meshes
copying urdf/linear_meshes/right_index_follower.STL -> /home/lucas-lpc/RoboticArm/install/hand_pack/share/hand_pack/urdf/linear_meshes
copying urdf/linear_meshes/right_little_knuckle.STL -> /home/lucas-lpc/RoboticArm/install/hand_pack/share/hand_pack/urdf/linear_meshes
copying urdf/linear_meshes/right_lisa.STL -> /home/lucas-lpc/RoboticArm/install/hand_pack/share/hand_pack/urdf/linear_meshes
copying urdf/linear_meshes/right_index_distal.STL -> /home/lucas-lpc/RoboticArm/install/hand_pack/share/hand_pack/urdf/linear_meshes
copying urdf/linear_meshes/right_little_link.STL -> /home/lucas-lpc/RoboticArm/install/hand_pack/share/hand_pack/urdf/linear_meshes
copying urdf/linear_meshes/right_index_proximal.STL -> /home/lucas-lpc/RoboticArm/install/hand_pack/share/hand_pack/urdf/linear_meshes
copying urdf/linear_meshes/right_middle_follower.STL -> /home/lucas-lpc/RoboticArm/install/hand_pack/share/hand_pack/urdf/linear_meshes
copying urdf/linear_meshes/right_ring_distal.STL -> /home/lucas-lpc/RoboticArm/install/hand_pack/share/hand_pack/urdf/linear_meshes
copying urdf/linear_meshes/right_index_knuckle.STL -> /home/lucas-lpc/RoboticArm/install/hand_pack/share/hand_pack/urdf/linear_meshes
copying urdf/linear_meshes/right_middle_distal.STL -> /home/lucas-lpc/RoboticArm/install/hand_pack/share/hand_pack/urdf/linear_meshes
copying urdf/linear_meshes/right_ring_link.STL -> /home/lucas-lpc/RoboticArm/install/hand_pack/share/hand_pack/urdf/linear_meshes
creating /home/lucas-lpc/RoboticArm/install/hand_pack/share/hand_pack/rviz
copying rviz/display_config.rviz -> /home/lucas-lpc/RoboticArm/install/hand_pack/share/hand_pack/rviz
creating /home/lucas-lpc/RoboticArm/install/hand_pack/share/hand_pack/config
copying config/hand_controller.yaml -> /home/lucas-lpc/RoboticArm/install/hand_pack/share/hand_pack/config
running install_egg_info
Copying ../../build/hand_pack/hand_pack.egg-info to /home/lucas-lpc/RoboticArm/install/hand_pack/lib/python3.10/site-packages/hand_pack-0.0.1-py3.10.egg-info
running install_scripts
Installing hand_node script to /home/lucas-lpc/RoboticArm/install/hand_pack/lib/hand_pack
writing list of installed files to '/home/lucas-lpc/RoboticArm/build/hand_pack/install.log'
