[0.179s] DEBUG:colcon:Command line arguments: ['/usr/bin/colcon', 'build']
[0.179s] DEBUG:colcon:Parsed command line arguments: Namespace(log_base=None, log_level=None, verb_name='build', build_base='build', install_base='install', merge_install=False, symlink_install=False, test_result_base=None, continue_on_error=False, executor='parallel', parallel_workers=24, event_handlers=None, ignore_user_meta=False, metas=['./colcon.meta'], base_paths=['.'], packages_ignore=None, packages_ignore_regex=None, paths=None, packages_up_to=None, packages_up_to_regex=None, packages_above=None, packages_above_and_dependencies=None, packages_above_depth=None, packages_select_by_dep=None, packages_skip_by_dep=None, packages_skip_up_to=None, packages_select_build_failed=False, packages_skip_build_finished=False, packages_select_test_failures=False, packages_skip_test_passed=False, packages_select=None, packages_skip=None, packages_select_regex=None, packages_skip_regex=None, packages_start=None, packages_end=None, allow_overriding=[], cmake_args=None, cmake_target=None, cmake_target_skip_unavailable=False, cmake_clean_cache=False, cmake_clean_first=False, cmake_force_configure=False, ament_cmake_args=None, catkin_cmake_args=None, catkin_skip_building_tests=False, mixin_files=None, mixin=None, verb_parser=<colcon_mixin.mixin.mixin_argument.MixinArgumentDecorator object at 0x7cef655d4220>, verb_extension=<colcon_core.verb.build.BuildVerb object at 0x7cef655a7b50>, main=<bound method BuildVerb.main of <colcon_core.verb.build.BuildVerb object at 0x7cef655a7b50>>, mixin_verb=('build',))
[0.393s] Level 1:colcon.colcon_core.package_discovery:discover_packages(colcon_meta) check parameters
[0.393s] Level 1:colcon.colcon_core.package_discovery:discover_packages(recursive) check parameters
[0.393s] Level 1:colcon.colcon_core.package_discovery:discover_packages(ignore) check parameters
[0.393s] Level 1:colcon.colcon_core.package_discovery:discover_packages(path) check parameters
[0.393s] Level 1:colcon.colcon_core.package_discovery:discover_packages(colcon_meta) discover
[0.393s] Level 1:colcon.colcon_core.package_discovery:discover_packages(recursive) discover
[0.393s] INFO:colcon.colcon_core.package_discovery:Crawling recursively for packages in '/home/lucas-pc/RoboticArm'
[0.393s] Level 1:colcon.colcon_core.package_identification:_identify(.) by extensions ['ignore', 'ignore_ament_install']
[0.393s] Level 1:colcon.colcon_core.package_identification:_identify(.) by extension 'ignore'
[0.393s] Level 1:colcon.colcon_core.package_identification:_identify(.) by extension 'ignore_ament_install'
[0.393s] Level 1:colcon.colcon_core.package_identification:_identify(.) by extensions ['colcon_pkg']
[0.393s] Level 1:colcon.colcon_core.package_identification:_identify(.) by extension 'colcon_pkg'
[0.393s] Level 1:colcon.colcon_core.package_identification:_identify(.) by extensions ['colcon_meta']
[0.393s] Level 1:colcon.colcon_core.package_identification:_identify(.) by extension 'colcon_meta'
[0.393s] Level 1:colcon.colcon_core.package_identification:_identify(.) by extensions ['ros']
[0.393s] Level 1:colcon.colcon_core.package_identification:_identify(.) by extension 'ros'
[0.402s] Level 1:colcon.colcon_core.package_identification:_identify(.) by extensions ['cmake', 'python']
[0.402s] Level 1:colcon.colcon_core.package_identification:_identify(.) by extension 'cmake'
[0.402s] Level 1:colcon.colcon_core.package_identification:_identify(.) by extension 'python'
[0.402s] Level 1:colcon.colcon_core.package_identification:_identify(.) by extensions ['python_setup_py']
[0.402s] Level 1:colcon.colcon_core.package_identification:_identify(.) by extension 'python_setup_py'
[0.402s] Level 1:colcon.colcon_core.package_identification:_identify(TCC) by extensions ['ignore', 'ignore_ament_install']
[0.402s] Level 1:colcon.colcon_core.package_identification:_identify(TCC) by extension 'ignore'
[0.403s] Level 1:colcon.colcon_core.package_identification:_identify(TCC) by extension 'ignore_ament_install'
[0.403s] Level 1:colcon.colcon_core.package_identification:_identify(TCC) by extensions ['colcon_pkg']
[0.403s] Level 1:colcon.colcon_core.package_identification:_identify(TCC) by extension 'colcon_pkg'
[0.403s] Level 1:colcon.colcon_core.package_identification:_identify(TCC) by extensions ['colcon_meta']
[0.403s] Level 1:colcon.colcon_core.package_identification:_identify(TCC) by extension 'colcon_meta'
[0.403s] Level 1:colcon.colcon_core.package_identification:_identify(TCC) by extensions ['ros']
[0.403s] Level 1:colcon.colcon_core.package_identification:_identify(TCC) by extension 'ros'
[0.403s] Level 1:colcon.colcon_core.package_identification:_identify(TCC) by extensions ['cmake', 'python']
[0.403s] Level 1:colcon.colcon_core.package_identification:_identify(TCC) by extension 'cmake'
[0.403s] Level 1:colcon.colcon_core.package_identification:_identify(TCC) by extension 'python'
[0.403s] Level 1:colcon.colcon_core.package_identification:_identify(TCC) by extensions ['python_setup_py']
[0.403s] Level 1:colcon.colcon_core.package_identification:_identify(TCC) by extension 'python_setup_py'
[0.403s] Level 1:colcon.colcon_core.package_identification:_identify(TCC/Referências) by extensions ['ignore', 'ignore_ament_install']
[0.403s] Level 1:colcon.colcon_core.package_identification:_identify(TCC/Referências) by extension 'ignore'
[0.403s] Level 1:colcon.colcon_core.package_identification:_identify(TCC/Referências) by extension 'ignore_ament_install'
[0.403s] Level 1:colcon.colcon_core.package_identification:_identify(TCC/Referências) by extensions ['colcon_pkg']
[0.403s] Level 1:colcon.colcon_core.package_identification:_identify(TCC/Referências) by extension 'colcon_pkg'
[0.403s] Level 1:colcon.colcon_core.package_identification:_identify(TCC/Referências) by extensions ['colcon_meta']
[0.403s] Level 1:colcon.colcon_core.package_identification:_identify(TCC/Referências) by extension 'colcon_meta'
[0.403s] Level 1:colcon.colcon_core.package_identification:_identify(TCC/Referências) by extensions ['ros']
[0.403s] Level 1:colcon.colcon_core.package_identification:_identify(TCC/Referências) by extension 'ros'
[0.403s] Level 1:colcon.colcon_core.package_identification:_identify(TCC/Referências) by extensions ['cmake', 'python']
[0.403s] Level 1:colcon.colcon_core.package_identification:_identify(TCC/Referências) by extension 'cmake'
[0.403s] Level 1:colcon.colcon_core.package_identification:_identify(TCC/Referências) by extension 'python'
[0.403s] Level 1:colcon.colcon_core.package_identification:_identify(TCC/Referências) by extensions ['python_setup_py']
[0.403s] Level 1:colcon.colcon_core.package_identification:_identify(TCC/Referências) by extension 'python_setup_py'
[0.403s] Level 1:colcon.colcon_core.package_identification:_identify(TCC/matlab) by extensions ['ignore', 'ignore_ament_install']
[0.404s] Level 1:colcon.colcon_core.package_identification:_identify(TCC/matlab) by extension 'ignore'
[0.404s] Level 1:colcon.colcon_core.package_identification:_identify(TCC/matlab) by extension 'ignore_ament_install'
[0.404s] Level 1:colcon.colcon_core.package_identification:_identify(TCC/matlab) by extensions ['colcon_pkg']
[0.404s] Level 1:colcon.colcon_core.package_identification:_identify(TCC/matlab) by extension 'colcon_pkg'
[0.404s] Level 1:colcon.colcon_core.package_identification:_identify(TCC/matlab) by extensions ['colcon_meta']
[0.404s] Level 1:colcon.colcon_core.package_identification:_identify(TCC/matlab) by extension 'colcon_meta'
[0.404s] Level 1:colcon.colcon_core.package_identification:_identify(TCC/matlab) by extensions ['ros']
[0.404s] Level 1:colcon.colcon_core.package_identification:_identify(TCC/matlab) by extension 'ros'
[0.404s] Level 1:colcon.colcon_core.package_identification:_identify(TCC/matlab) by extensions ['cmake', 'python']
[0.404s] Level 1:colcon.colcon_core.package_identification:_identify(TCC/matlab) by extension 'cmake'
[0.404s] Level 1:colcon.colcon_core.package_identification:_identify(TCC/matlab) by extension 'python'
[0.404s] Level 1:colcon.colcon_core.package_identification:_identify(TCC/matlab) by extensions ['python_setup_py']
[0.404s] Level 1:colcon.colcon_core.package_identification:_identify(TCC/matlab) by extension 'python_setup_py'
[0.404s] Level 1:colcon.colcon_core.package_identification:_identify(TCC/matlab/covvi_urdf) by extensions ['ignore', 'ignore_ament_install']
[0.404s] Level 1:colcon.colcon_core.package_identification:_identify(TCC/matlab/covvi_urdf) by extension 'ignore'
[0.404s] Level 1:colcon.colcon_core.package_identification:_identify(TCC/matlab/covvi_urdf) by extension 'ignore_ament_install'
[0.404s] Level 1:colcon.colcon_core.package_identification:_identify(TCC/matlab/covvi_urdf) by extensions ['colcon_pkg']
[0.404s] Level 1:colcon.colcon_core.package_identification:_identify(TCC/matlab/covvi_urdf) by extension 'colcon_pkg'
[0.404s] Level 1:colcon.colcon_core.package_identification:_identify(TCC/matlab/covvi_urdf) by extensions ['colcon_meta']
[0.404s] Level 1:colcon.colcon_core.package_identification:_identify(TCC/matlab/covvi_urdf) by extension 'colcon_meta'
[0.404s] Level 1:colcon.colcon_core.package_identification:_identify(TCC/matlab/covvi_urdf) by extensions ['ros']
[0.404s] Level 1:colcon.colcon_core.package_identification:_identify(TCC/matlab/covvi_urdf) by extension 'ros'
[0.404s] Level 1:colcon.colcon_core.package_identification:_identify(TCC/matlab/covvi_urdf) by extensions ['cmake', 'python']
[0.404s] Level 1:colcon.colcon_core.package_identification:_identify(TCC/matlab/covvi_urdf) by extension 'cmake'
[0.404s] Level 1:colcon.colcon_core.package_identification:_identify(TCC/matlab/covvi_urdf) by extension 'python'
[0.404s] Level 1:colcon.colcon_core.package_identification:_identify(TCC/matlab/covvi_urdf) by extensions ['python_setup_py']
[0.404s] Level 1:colcon.colcon_core.package_identification:_identify(TCC/matlab/covvi_urdf) by extension 'python_setup_py'
[0.405s] Level 1:colcon.colcon_core.package_identification:_identify(TCC/matlab/covvi_urdf/linear_meshes) by extensions ['ignore', 'ignore_ament_install']
[0.405s] Level 1:colcon.colcon_core.package_identification:_identify(TCC/matlab/covvi_urdf/linear_meshes) by extension 'ignore'
[0.405s] Level 1:colcon.colcon_core.package_identification:_identify(TCC/matlab/covvi_urdf/linear_meshes) by extension 'ignore_ament_install'
[0.405s] Level 1:colcon.colcon_core.package_identification:_identify(TCC/matlab/covvi_urdf/linear_meshes) by extensions ['colcon_pkg']
[0.405s] Level 1:colcon.colcon_core.package_identification:_identify(TCC/matlab/covvi_urdf/linear_meshes) by extension 'colcon_pkg'
[0.405s] Level 1:colcon.colcon_core.package_identification:_identify(TCC/matlab/covvi_urdf/linear_meshes) by extensions ['colcon_meta']
[0.405s] Level 1:colcon.colcon_core.package_identification:_identify(TCC/matlab/covvi_urdf/linear_meshes) by extension 'colcon_meta'
[0.405s] Level 1:colcon.colcon_core.package_identification:_identify(TCC/matlab/covvi_urdf/linear_meshes) by extensions ['ros']
[0.405s] Level 1:colcon.colcon_core.package_identification:_identify(TCC/matlab/covvi_urdf/linear_meshes) by extension 'ros'
[0.405s] Level 1:colcon.colcon_core.package_identification:_identify(TCC/matlab/covvi_urdf/linear_meshes) by extensions ['cmake', 'python']
[0.405s] Level 1:colcon.colcon_core.package_identification:_identify(TCC/matlab/covvi_urdf/linear_meshes) by extension 'cmake'
[0.405s] Level 1:colcon.colcon_core.package_identification:_identify(TCC/matlab/covvi_urdf/linear_meshes) by extension 'python'
[0.405s] Level 1:colcon.colcon_core.package_identification:_identify(TCC/matlab/covvi_urdf/linear_meshes) by extensions ['python_setup_py']
[0.405s] Level 1:colcon.colcon_core.package_identification:_identify(TCC/matlab/covvi_urdf/linear_meshes) by extension 'python_setup_py'
[0.405s] Level 1:colcon.colcon_core.package_identification:_identify(TCC/matlab/covvi_urdf/urdf) by extensions ['ignore', 'ignore_ament_install']
[0.405s] Level 1:colcon.colcon_core.package_identification:_identify(TCC/matlab/covvi_urdf/urdf) by extension 'ignore'
[0.405s] Level 1:colcon.colcon_core.package_identification:_identify(TCC/matlab/covvi_urdf/urdf) by extension 'ignore_ament_install'
[0.405s] Level 1:colcon.colcon_core.package_identification:_identify(TCC/matlab/covvi_urdf/urdf) by extensions ['colcon_pkg']
[0.405s] Level 1:colcon.colcon_core.package_identification:_identify(TCC/matlab/covvi_urdf/urdf) by extension 'colcon_pkg'
[0.405s] Level 1:colcon.colcon_core.package_identification:_identify(TCC/matlab/covvi_urdf/urdf) by extensions ['colcon_meta']
[0.405s] Level 1:colcon.colcon_core.package_identification:_identify(TCC/matlab/covvi_urdf/urdf) by extension 'colcon_meta'
[0.405s] Level 1:colcon.colcon_core.package_identification:_identify(TCC/matlab/covvi_urdf/urdf) by extensions ['ros']
[0.405s] Level 1:colcon.colcon_core.package_identification:_identify(TCC/matlab/covvi_urdf/urdf) by extension 'ros'
[0.405s] Level 1:colcon.colcon_core.package_identification:_identify(TCC/matlab/covvi_urdf/urdf) by extensions ['cmake', 'python']
[0.405s] Level 1:colcon.colcon_core.package_identification:_identify(TCC/matlab/covvi_urdf/urdf) by extension 'cmake'
[0.405s] Level 1:colcon.colcon_core.package_identification:_identify(TCC/matlab/covvi_urdf/urdf) by extension 'python'
[0.405s] Level 1:colcon.colcon_core.package_identification:_identify(TCC/matlab/covvi_urdf/urdf) by extensions ['python_setup_py']
[0.406s] Level 1:colcon.colcon_core.package_identification:_identify(TCC/matlab/covvi_urdf/urdf) by extension 'python_setup_py'
[0.406s] Level 1:colcon.colcon_core.package_identification:_identify(TCC/matlab/ur_e_description) by extensions ['ignore', 'ignore_ament_install']
[0.406s] Level 1:colcon.colcon_core.package_identification:_identify(TCC/matlab/ur_e_description) by extension 'ignore'
[0.406s] Level 1:colcon.colcon_core.package_identification:_identify(TCC/matlab/ur_e_description) by extension 'ignore_ament_install'
[0.406s] Level 1:colcon.colcon_core.package_identification:_identify(TCC/matlab/ur_e_description) by extensions ['colcon_pkg']
[0.406s] Level 1:colcon.colcon_core.package_identification:_identify(TCC/matlab/ur_e_description) by extension 'colcon_pkg'
[0.406s] Level 1:colcon.colcon_core.package_identification:_identify(TCC/matlab/ur_e_description) by extensions ['colcon_meta']
[0.406s] Level 1:colcon.colcon_core.package_identification:_identify(TCC/matlab/ur_e_description) by extension 'colcon_meta'
[0.406s] Level 1:colcon.colcon_core.package_identification:_identify(TCC/matlab/ur_e_description) by extensions ['ros']
[0.406s] Level 1:colcon.colcon_core.package_identification:_identify(TCC/matlab/ur_e_description) by extension 'ros'
[0.406s] Level 1:colcon.colcon_core.package_identification:_identify(TCC/matlab/ur_e_description) by extensions ['cmake', 'python']
[0.406s] Level 1:colcon.colcon_core.package_identification:_identify(TCC/matlab/ur_e_description) by extension 'cmake'
[0.406s] Level 1:colcon.colcon_core.package_identification:_identify(TCC/matlab/ur_e_description) by extension 'python'
[0.406s] Level 1:colcon.colcon_core.package_identification:_identify(TCC/matlab/ur_e_description) by extensions ['python_setup_py']
[0.406s] Level 1:colcon.colcon_core.package_identification:_identify(TCC/matlab/ur_e_description) by extension 'python_setup_py'
[0.406s] Level 1:colcon.colcon_core.package_identification:_identify(TCC/matlab/ur_e_description/meshes) by extensions ['ignore', 'ignore_ament_install']
[0.406s] Level 1:colcon.colcon_core.package_identification:_identify(TCC/matlab/ur_e_description/meshes) by extension 'ignore'
[0.406s] Level 1:colcon.colcon_core.package_identification:_identify(TCC/matlab/ur_e_description/meshes) by extension 'ignore_ament_install'
[0.406s] Level 1:colcon.colcon_core.package_identification:_identify(TCC/matlab/ur_e_description/meshes) by extensions ['colcon_pkg']
[0.406s] Level 1:colcon.colcon_core.package_identification:_identify(TCC/matlab/ur_e_description/meshes) by extension 'colcon_pkg'
[0.406s] Level 1:colcon.colcon_core.package_identification:_identify(TCC/matlab/ur_e_description/meshes) by extensions ['colcon_meta']
[0.406s] Level 1:colcon.colcon_core.package_identification:_identify(TCC/matlab/ur_e_description/meshes) by extension 'colcon_meta'
[0.406s] Level 1:colcon.colcon_core.package_identification:_identify(TCC/matlab/ur_e_description/meshes) by extensions ['ros']
[0.406s] Level 1:colcon.colcon_core.package_identification:_identify(TCC/matlab/ur_e_description/meshes) by extension 'ros'
[0.406s] Level 1:colcon.colcon_core.package_identification:_identify(TCC/matlab/ur_e_description/meshes) by extensions ['cmake', 'python']
[0.406s] Level 1:colcon.colcon_core.package_identification:_identify(TCC/matlab/ur_e_description/meshes) by extension 'cmake'
[0.407s] Level 1:colcon.colcon_core.package_identification:_identify(TCC/matlab/ur_e_description/meshes) by extension 'python'
[0.407s] Level 1:colcon.colcon_core.package_identification:_identify(TCC/matlab/ur_e_description/meshes) by extensions ['python_setup_py']
[0.407s] Level 1:colcon.colcon_core.package_identification:_identify(TCC/matlab/ur_e_description/meshes) by extension 'python_setup_py'
[0.407s] Level 1:colcon.colcon_core.package_identification:_identify(TCC/matlab/ur_e_description/meshes/ur10e) by extensions ['ignore', 'ignore_ament_install']
[0.407s] Level 1:colcon.colcon_core.package_identification:_identify(TCC/matlab/ur_e_description/meshes/ur10e) by extension 'ignore'
[0.407s] Level 1:colcon.colcon_core.package_identification:_identify(TCC/matlab/ur_e_description/meshes/ur10e) by extension 'ignore_ament_install'
[0.407s] Level 1:colcon.colcon_core.package_identification:_identify(TCC/matlab/ur_e_description/meshes/ur10e) by extensions ['colcon_pkg']
[0.407s] Level 1:colcon.colcon_core.package_identification:_identify(TCC/matlab/ur_e_description/meshes/ur10e) by extension 'colcon_pkg'
[0.407s] Level 1:colcon.colcon_core.package_identification:_identify(TCC/matlab/ur_e_description/meshes/ur10e) by extensions ['colcon_meta']
[0.407s] Level 1:colcon.colcon_core.package_identification:_identify(TCC/matlab/ur_e_description/meshes/ur10e) by extension 'colcon_meta'
[0.407s] Level 1:colcon.colcon_core.package_identification:_identify(TCC/matlab/ur_e_description/meshes/ur10e) by extensions ['ros']
[0.407s] Level 1:colcon.colcon_core.package_identification:_identify(TCC/matlab/ur_e_description/meshes/ur10e) by extension 'ros'
[0.407s] Level 1:colcon.colcon_core.package_identification:_identify(TCC/matlab/ur_e_description/meshes/ur10e) by extensions ['cmake', 'python']
[0.407s] Level 1:colcon.colcon_core.package_identification:_identify(TCC/matlab/ur_e_description/meshes/ur10e) by extension 'cmake'
[0.407s] Level 1:colcon.colcon_core.package_identification:_identify(TCC/matlab/ur_e_description/meshes/ur10e) by extension 'python'
[0.407s] Level 1:colcon.colcon_core.package_identification:_identify(TCC/matlab/ur_e_description/meshes/ur10e) by extensions ['python_setup_py']
[0.407s] Level 1:colcon.colcon_core.package_identification:_identify(TCC/matlab/ur_e_description/meshes/ur10e) by extension 'python_setup_py'
[0.407s] Level 1:colcon.colcon_core.package_identification:_identify(TCC/matlab/ur_e_description/meshes/ur10e/collision) by extensions ['ignore', 'ignore_ament_install']
[0.407s] Level 1:colcon.colcon_core.package_identification:_identify(TCC/matlab/ur_e_description/meshes/ur10e/collision) by extension 'ignore'
[0.407s] Level 1:colcon.colcon_core.package_identification:_identify(TCC/matlab/ur_e_description/meshes/ur10e/collision) by extension 'ignore_ament_install'
[0.407s] Level 1:colcon.colcon_core.package_identification:_identify(TCC/matlab/ur_e_description/meshes/ur10e/collision) by extensions ['colcon_pkg']
[0.407s] Level 1:colcon.colcon_core.package_identification:_identify(TCC/matlab/ur_e_description/meshes/ur10e/collision) by extension 'colcon_pkg'
[0.407s] Level 1:colcon.colcon_core.package_identification:_identify(TCC/matlab/ur_e_description/meshes/ur10e/collision) by extensions ['colcon_meta']
[0.407s] Level 1:colcon.colcon_core.package_identification:_identify(TCC/matlab/ur_e_description/meshes/ur10e/collision) by extension 'colcon_meta'
[0.407s] Level 1:colcon.colcon_core.package_identification:_identify(TCC/matlab/ur_e_description/meshes/ur10e/collision) by extensions ['ros']
[0.407s] Level 1:colcon.colcon_core.package_identification:_identify(TCC/matlab/ur_e_description/meshes/ur10e/collision) by extension 'ros'
[0.408s] Level 1:colcon.colcon_core.package_identification:_identify(TCC/matlab/ur_e_description/meshes/ur10e/collision) by extensions ['cmake', 'python']
[0.408s] Level 1:colcon.colcon_core.package_identification:_identify(TCC/matlab/ur_e_description/meshes/ur10e/collision) by extension 'cmake'
[0.408s] Level 1:colcon.colcon_core.package_identification:_identify(TCC/matlab/ur_e_description/meshes/ur10e/collision) by extension 'python'
[0.408s] Level 1:colcon.colcon_core.package_identification:_identify(TCC/matlab/ur_e_description/meshes/ur10e/collision) by extensions ['python_setup_py']
[0.408s] Level 1:colcon.colcon_core.package_identification:_identify(TCC/matlab/ur_e_description/meshes/ur10e/collision) by extension 'python_setup_py'
[0.408s] Level 1:colcon.colcon_core.package_identification:_identify(TCC/matlab/ur_e_description/meshes/ur10e/visual) by extensions ['ignore', 'ignore_ament_install']
[0.408s] Level 1:colcon.colcon_core.package_identification:_identify(TCC/matlab/ur_e_description/meshes/ur10e/visual) by extension 'ignore'
[0.408s] Level 1:colcon.colcon_core.package_identification:_identify(TCC/matlab/ur_e_description/meshes/ur10e/visual) by extension 'ignore_ament_install'
[0.408s] Level 1:colcon.colcon_core.package_identification:_identify(TCC/matlab/ur_e_description/meshes/ur10e/visual) by extensions ['colcon_pkg']
[0.408s] Level 1:colcon.colcon_core.package_identification:_identify(TCC/matlab/ur_e_description/meshes/ur10e/visual) by extension 'colcon_pkg'
[0.408s] Level 1:colcon.colcon_core.package_identification:_identify(TCC/matlab/ur_e_description/meshes/ur10e/visual) by extensions ['colcon_meta']
[0.408s] Level 1:colcon.colcon_core.package_identification:_identify(TCC/matlab/ur_e_description/meshes/ur10e/visual) by extension 'colcon_meta'
[0.408s] Level 1:colcon.colcon_core.package_identification:_identify(TCC/matlab/ur_e_description/meshes/ur10e/visual) by extensions ['ros']
[0.408s] Level 1:colcon.colcon_core.package_identification:_identify(TCC/matlab/ur_e_description/meshes/ur10e/visual) by extension 'ros'
[0.408s] Level 1:colcon.colcon_core.package_identification:_identify(TCC/matlab/ur_e_description/meshes/ur10e/visual) by extensions ['cmake', 'python']
[0.408s] Level 1:colcon.colcon_core.package_identification:_identify(TCC/matlab/ur_e_description/meshes/ur10e/visual) by extension 'cmake'
[0.408s] Level 1:colcon.colcon_core.package_identification:_identify(TCC/matlab/ur_e_description/meshes/ur10e/visual) by extension 'python'
[0.408s] Level 1:colcon.colcon_core.package_identification:_identify(TCC/matlab/ur_e_description/meshes/ur10e/visual) by extensions ['python_setup_py']
[0.408s] Level 1:colcon.colcon_core.package_identification:_identify(TCC/matlab/ur_e_description/meshes/ur10e/visual) by extension 'python_setup_py'
[0.408s] Level 1:colcon.colcon_core.package_identification:_identify(TCC/matlab/ur_e_description/meshes/ur16e) by extensions ['ignore', 'ignore_ament_install']
[0.408s] Level 1:colcon.colcon_core.package_identification:_identify(TCC/matlab/ur_e_description/meshes/ur16e) by extension 'ignore'
[0.408s] Level 1:colcon.colcon_core.package_identification:_identify(TCC/matlab/ur_e_description/meshes/ur16e) by extension 'ignore_ament_install'
[0.408s] Level 1:colcon.colcon_core.package_identification:_identify(TCC/matlab/ur_e_description/meshes/ur16e) by extensions ['colcon_pkg']
[0.408s] Level 1:colcon.colcon_core.package_identification:_identify(TCC/matlab/ur_e_description/meshes/ur16e) by extension 'colcon_pkg'
[0.408s] Level 1:colcon.colcon_core.package_identification:_identify(TCC/matlab/ur_e_description/meshes/ur16e) by extensions ['colcon_meta']
[0.408s] Level 1:colcon.colcon_core.package_identification:_identify(TCC/matlab/ur_e_description/meshes/ur16e) by extension 'colcon_meta'
[0.408s] Level 1:colcon.colcon_core.package_identification:_identify(TCC/matlab/ur_e_description/meshes/ur16e) by extensions ['ros']
[0.408s] Level 1:colcon.colcon_core.package_identification:_identify(TCC/matlab/ur_e_description/meshes/ur16e) by extension 'ros'
[0.409s] Level 1:colcon.colcon_core.package_identification:_identify(TCC/matlab/ur_e_description/meshes/ur16e) by extensions ['cmake', 'python']
[0.409s] Level 1:colcon.colcon_core.package_identification:_identify(TCC/matlab/ur_e_description/meshes/ur16e) by extension 'cmake'
[0.409s] Level 1:colcon.colcon_core.package_identification:_identify(TCC/matlab/ur_e_description/meshes/ur16e) by extension 'python'
[0.409s] Level 1:colcon.colcon_core.package_identification:_identify(TCC/matlab/ur_e_description/meshes/ur16e) by extensions ['python_setup_py']
[0.409s] Level 1:colcon.colcon_core.package_identification:_identify(TCC/matlab/ur_e_description/meshes/ur16e) by extension 'python_setup_py'
[0.409s] Level 1:colcon.colcon_core.package_identification:_identify(TCC/matlab/ur_e_description/meshes/ur16e/collision) by extensions ['ignore', 'ignore_ament_install']
[0.409s] Level 1:colcon.colcon_core.package_identification:_identify(TCC/matlab/ur_e_description/meshes/ur16e/collision) by extension 'ignore'
[0.409s] Level 1:colcon.colcon_core.package_identification:_identify(TCC/matlab/ur_e_description/meshes/ur16e/collision) by extension 'ignore_ament_install'
[0.409s] Level 1:colcon.colcon_core.package_identification:_identify(TCC/matlab/ur_e_description/meshes/ur16e/collision) by extensions ['colcon_pkg']
[0.409s] Level 1:colcon.colcon_core.package_identification:_identify(TCC/matlab/ur_e_description/meshes/ur16e/collision) by extension 'colcon_pkg'
[0.409s] Level 1:colcon.colcon_core.package_identification:_identify(TCC/matlab/ur_e_description/meshes/ur16e/collision) by extensions ['colcon_meta']
[0.409s] Level 1:colcon.colcon_core.package_identification:_identify(TCC/matlab/ur_e_description/meshes/ur16e/collision) by extension 'colcon_meta'
[0.409s] Level 1:colcon.colcon_core.package_identification:_identify(TCC/matlab/ur_e_description/meshes/ur16e/collision) by extensions ['ros']
[0.409s] Level 1:colcon.colcon_core.package_identification:_identify(TCC/matlab/ur_e_description/meshes/ur16e/collision) by extension 'ros'
[0.409s] Level 1:colcon.colcon_core.package_identification:_identify(TCC/matlab/ur_e_description/meshes/ur16e/collision) by extensions ['cmake', 'python']
[0.409s] Level 1:colcon.colcon_core.package_identification:_identify(TCC/matlab/ur_e_description/meshes/ur16e/collision) by extension 'cmake'
[0.409s] Level 1:colcon.colcon_core.package_identification:_identify(TCC/matlab/ur_e_description/meshes/ur16e/collision) by extension 'python'
[0.409s] Level 1:colcon.colcon_core.package_identification:_identify(TCC/matlab/ur_e_description/meshes/ur16e/collision) by extensions ['python_setup_py']
[0.409s] Level 1:colcon.colcon_core.package_identification:_identify(TCC/matlab/ur_e_description/meshes/ur16e/collision) by extension 'python_setup_py'
[0.409s] Level 1:colcon.colcon_core.package_identification:_identify(TCC/matlab/ur_e_description/meshes/ur16e/visual) by extensions ['ignore', 'ignore_ament_install']
[0.409s] Level 1:colcon.colcon_core.package_identification:_identify(TCC/matlab/ur_e_description/meshes/ur16e/visual) by extension 'ignore'
[0.409s] Level 1:colcon.colcon_core.package_identification:_identify(TCC/matlab/ur_e_description/meshes/ur16e/visual) by extension 'ignore_ament_install'
[0.409s] Level 1:colcon.colcon_core.package_identification:_identify(TCC/matlab/ur_e_description/meshes/ur16e/visual) by extensions ['colcon_pkg']
[0.409s] Level 1:colcon.colcon_core.package_identification:_identify(TCC/matlab/ur_e_description/meshes/ur16e/visual) by extension 'colcon_pkg'
[0.409s] Level 1:colcon.colcon_core.package_identification:_identify(TCC/matlab/ur_e_description/meshes/ur16e/visual) by extensions ['colcon_meta']
[0.409s] Level 1:colcon.colcon_core.package_identification:_identify(TCC/matlab/ur_e_description/meshes/ur16e/visual) by extension 'colcon_meta'
[0.410s] Level 1:colcon.colcon_core.package_identification:_identify(TCC/matlab/ur_e_description/meshes/ur16e/visual) by extensions ['ros']
[0.410s] Level 1:colcon.colcon_core.package_identification:_identify(TCC/matlab/ur_e_description/meshes/ur16e/visual) by extension 'ros'
[0.410s] Level 1:colcon.colcon_core.package_identification:_identify(TCC/matlab/ur_e_description/meshes/ur16e/visual) by extensions ['cmake', 'python']
[0.410s] Level 1:colcon.colcon_core.package_identification:_identify(TCC/matlab/ur_e_description/meshes/ur16e/visual) by extension 'cmake'
[0.410s] Level 1:colcon.colcon_core.package_identification:_identify(TCC/matlab/ur_e_description/meshes/ur16e/visual) by extension 'python'
[0.410s] Level 1:colcon.colcon_core.package_identification:_identify(TCC/matlab/ur_e_description/meshes/ur16e/visual) by extensions ['python_setup_py']
[0.410s] Level 1:colcon.colcon_core.package_identification:_identify(TCC/matlab/ur_e_description/meshes/ur16e/visual) by extension 'python_setup_py'
[0.410s] Level 1:colcon.colcon_core.package_identification:_identify(TCC/matlab/ur_e_description/meshes/ur3e) by extensions ['ignore', 'ignore_ament_install']
[0.410s] Level 1:colcon.colcon_core.package_identification:_identify(TCC/matlab/ur_e_description/meshes/ur3e) by extension 'ignore'
[0.410s] Level 1:colcon.colcon_core.package_identification:_identify(TCC/matlab/ur_e_description/meshes/ur3e) by extension 'ignore_ament_install'
[0.410s] Level 1:colcon.colcon_core.package_identification:_identify(TCC/matlab/ur_e_description/meshes/ur3e) by extensions ['colcon_pkg']
[0.410s] Level 1:colcon.colcon_core.package_identification:_identify(TCC/matlab/ur_e_description/meshes/ur3e) by extension 'colcon_pkg'
[0.410s] Level 1:colcon.colcon_core.package_identification:_identify(TCC/matlab/ur_e_description/meshes/ur3e) by extensions ['colcon_meta']
[0.410s] Level 1:colcon.colcon_core.package_identification:_identify(TCC/matlab/ur_e_description/meshes/ur3e) by extension 'colcon_meta'
[0.410s] Level 1:colcon.colcon_core.package_identification:_identify(TCC/matlab/ur_e_description/meshes/ur3e) by extensions ['ros']
[0.410s] Level 1:colcon.colcon_core.package_identification:_identify(TCC/matlab/ur_e_description/meshes/ur3e) by extension 'ros'
[0.410s] Level 1:colcon.colcon_core.package_identification:_identify(TCC/matlab/ur_e_description/meshes/ur3e) by extensions ['cmake', 'python']
[0.410s] Level 1:colcon.colcon_core.package_identification:_identify(TCC/matlab/ur_e_description/meshes/ur3e) by extension 'cmake'
[0.410s] Level 1:colcon.colcon_core.package_identification:_identify(TCC/matlab/ur_e_description/meshes/ur3e) by extension 'python'
[0.410s] Level 1:colcon.colcon_core.package_identification:_identify(TCC/matlab/ur_e_description/meshes/ur3e) by extensions ['python_setup_py']
[0.410s] Level 1:colcon.colcon_core.package_identification:_identify(TCC/matlab/ur_e_description/meshes/ur3e) by extension 'python_setup_py'
[0.410s] Level 1:colcon.colcon_core.package_identification:_identify(TCC/matlab/ur_e_description/meshes/ur3e/collision) by extensions ['ignore', 'ignore_ament_install']
[0.410s] Level 1:colcon.colcon_core.package_identification:_identify(TCC/matlab/ur_e_description/meshes/ur3e/collision) by extension 'ignore'
[0.410s] Level 1:colcon.colcon_core.package_identification:_identify(TCC/matlab/ur_e_description/meshes/ur3e/collision) by extension 'ignore_ament_install'
[0.410s] Level 1:colcon.colcon_core.package_identification:_identify(TCC/matlab/ur_e_description/meshes/ur3e/collision) by extensions ['colcon_pkg']
[0.410s] Level 1:colcon.colcon_core.package_identification:_identify(TCC/matlab/ur_e_description/meshes/ur3e/collision) by extension 'colcon_pkg'
[0.410s] Level 1:colcon.colcon_core.package_identification:_identify(TCC/matlab/ur_e_description/meshes/ur3e/collision) by extensions ['colcon_meta']
[0.410s] Level 1:colcon.colcon_core.package_identification:_identify(TCC/matlab/ur_e_description/meshes/ur3e/collision) by extension 'colcon_meta'
[0.411s] Level 1:colcon.colcon_core.package_identification:_identify(TCC/matlab/ur_e_description/meshes/ur3e/collision) by extensions ['ros']
[0.411s] Level 1:colcon.colcon_core.package_identification:_identify(TCC/matlab/ur_e_description/meshes/ur3e/collision) by extension 'ros'
[0.411s] Level 1:colcon.colcon_core.package_identification:_identify(TCC/matlab/ur_e_description/meshes/ur3e/collision) by extensions ['cmake', 'python']
[0.411s] Level 1:colcon.colcon_core.package_identification:_identify(TCC/matlab/ur_e_description/meshes/ur3e/collision) by extension 'cmake'
[0.411s] Level 1:colcon.colcon_core.package_identification:_identify(TCC/matlab/ur_e_description/meshes/ur3e/collision) by extension 'python'
[0.411s] Level 1:colcon.colcon_core.package_identification:_identify(TCC/matlab/ur_e_description/meshes/ur3e/collision) by extensions ['python_setup_py']
[0.411s] Level 1:colcon.colcon_core.package_identification:_identify(TCC/matlab/ur_e_description/meshes/ur3e/collision) by extension 'python_setup_py'
[0.411s] Level 1:colcon.colcon_core.package_identification:_identify(TCC/matlab/ur_e_description/meshes/ur3e/visual) by extensions ['ignore', 'ignore_ament_install']
[0.411s] Level 1:colcon.colcon_core.package_identification:_identify(TCC/matlab/ur_e_description/meshes/ur3e/visual) by extension 'ignore'
[0.411s] Level 1:colcon.colcon_core.package_identification:_identify(TCC/matlab/ur_e_description/meshes/ur3e/visual) by extension 'ignore_ament_install'
[0.411s] Level 1:colcon.colcon_core.package_identification:_identify(TCC/matlab/ur_e_description/meshes/ur3e/visual) by extensions ['colcon_pkg']
[0.411s] Level 1:colcon.colcon_core.package_identification:_identify(TCC/matlab/ur_e_description/meshes/ur3e/visual) by extension 'colcon_pkg'
[0.411s] Level 1:colcon.colcon_core.package_identification:_identify(TCC/matlab/ur_e_description/meshes/ur3e/visual) by extensions ['colcon_meta']
[0.411s] Level 1:colcon.colcon_core.package_identification:_identify(TCC/matlab/ur_e_description/meshes/ur3e/visual) by extension 'colcon_meta'
[0.411s] Level 1:colcon.colcon_core.package_identification:_identify(TCC/matlab/ur_e_description/meshes/ur3e/visual) by extensions ['ros']
[0.411s] Level 1:colcon.colcon_core.package_identification:_identify(TCC/matlab/ur_e_description/meshes/ur3e/visual) by extension 'ros'
[0.411s] Level 1:colcon.colcon_core.package_identification:_identify(TCC/matlab/ur_e_description/meshes/ur3e/visual) by extensions ['cmake', 'python']
[0.411s] Level 1:colcon.colcon_core.package_identification:_identify(TCC/matlab/ur_e_description/meshes/ur3e/visual) by extension 'cmake'
[0.411s] Level 1:colcon.colcon_core.package_identification:_identify(TCC/matlab/ur_e_description/meshes/ur3e/visual) by extension 'python'
[0.411s] Level 1:colcon.colcon_core.package_identification:_identify(TCC/matlab/ur_e_description/meshes/ur3e/visual) by extensions ['python_setup_py']
[0.411s] Level 1:colcon.colcon_core.package_identification:_identify(TCC/matlab/ur_e_description/meshes/ur3e/visual) by extension 'python_setup_py'
[0.411s] Level 1:colcon.colcon_core.package_identification:_identify(TCC/matlab/ur_e_description/meshes/ur5e) by extensions ['ignore', 'ignore_ament_install']
[0.411s] Level 1:colcon.colcon_core.package_identification:_identify(TCC/matlab/ur_e_description/meshes/ur5e) by extension 'ignore'
[0.411s] Level 1:colcon.colcon_core.package_identification:_identify(TCC/matlab/ur_e_description/meshes/ur5e) by extension 'ignore_ament_install'
[0.411s] Level 1:colcon.colcon_core.package_identification:_identify(TCC/matlab/ur_e_description/meshes/ur5e) by extensions ['colcon_pkg']
[0.411s] Level 1:colcon.colcon_core.package_identification:_identify(TCC/matlab/ur_e_description/meshes/ur5e) by extension 'colcon_pkg'
[0.412s] Level 1:colcon.colcon_core.package_identification:_identify(TCC/matlab/ur_e_description/meshes/ur5e) by extensions ['colcon_meta']
[0.412s] Level 1:colcon.colcon_core.package_identification:_identify(TCC/matlab/ur_e_description/meshes/ur5e) by extension 'colcon_meta'
[0.412s] Level 1:colcon.colcon_core.package_identification:_identify(TCC/matlab/ur_e_description/meshes/ur5e) by extensions ['ros']
[0.412s] Level 1:colcon.colcon_core.package_identification:_identify(TCC/matlab/ur_e_description/meshes/ur5e) by extension 'ros'
[0.412s] Level 1:colcon.colcon_core.package_identification:_identify(TCC/matlab/ur_e_description/meshes/ur5e) by extensions ['cmake', 'python']
[0.412s] Level 1:colcon.colcon_core.package_identification:_identify(TCC/matlab/ur_e_description/meshes/ur5e) by extension 'cmake'
[0.412s] Level 1:colcon.colcon_core.package_identification:_identify(TCC/matlab/ur_e_description/meshes/ur5e) by extension 'python'
[0.412s] Level 1:colcon.colcon_core.package_identification:_identify(TCC/matlab/ur_e_description/meshes/ur5e) by extensions ['python_setup_py']
[0.412s] Level 1:colcon.colcon_core.package_identification:_identify(TCC/matlab/ur_e_description/meshes/ur5e) by extension 'python_setup_py'
[0.412s] Level 1:colcon.colcon_core.package_identification:_identify(TCC/matlab/ur_e_description/meshes/ur5e/collision) by extensions ['ignore', 'ignore_ament_install']
[0.412s] Level 1:colcon.colcon_core.package_identification:_identify(TCC/matlab/ur_e_description/meshes/ur5e/collision) by extension 'ignore'
[0.412s] Level 1:colcon.colcon_core.package_identification:_identify(TCC/matlab/ur_e_description/meshes/ur5e/collision) by extension 'ignore_ament_install'
[0.412s] Level 1:colcon.colcon_core.package_identification:_identify(TCC/matlab/ur_e_description/meshes/ur5e/collision) by extensions ['colcon_pkg']
[0.412s] Level 1:colcon.colcon_core.package_identification:_identify(TCC/matlab/ur_e_description/meshes/ur5e/collision) by extension 'colcon_pkg'
[0.412s] Level 1:colcon.colcon_core.package_identification:_identify(TCC/matlab/ur_e_description/meshes/ur5e/collision) by extensions ['colcon_meta']
[0.412s] Level 1:colcon.colcon_core.package_identification:_identify(TCC/matlab/ur_e_description/meshes/ur5e/collision) by extension 'colcon_meta'
[0.412s] Level 1:colcon.colcon_core.package_identification:_identify(TCC/matlab/ur_e_description/meshes/ur5e/collision) by extensions ['ros']
[0.412s] Level 1:colcon.colcon_core.package_identification:_identify(TCC/matlab/ur_e_description/meshes/ur5e/collision) by extension 'ros'
[0.412s] Level 1:colcon.colcon_core.package_identification:_identify(TCC/matlab/ur_e_description/meshes/ur5e/collision) by extensions ['cmake', 'python']
[0.412s] Level 1:colcon.colcon_core.package_identification:_identify(TCC/matlab/ur_e_description/meshes/ur5e/collision) by extension 'cmake'
[0.412s] Level 1:colcon.colcon_core.package_identification:_identify(TCC/matlab/ur_e_description/meshes/ur5e/collision) by extension 'python'
[0.412s] Level 1:colcon.colcon_core.package_identification:_identify(TCC/matlab/ur_e_description/meshes/ur5e/collision) by extensions ['python_setup_py']
[0.412s] Level 1:colcon.colcon_core.package_identification:_identify(TCC/matlab/ur_e_description/meshes/ur5e/collision) by extension 'python_setup_py'
[0.412s] Level 1:colcon.colcon_core.package_identification:_identify(TCC/matlab/ur_e_description/meshes/ur5e/visual) by extensions ['ignore', 'ignore_ament_install']
[0.412s] Level 1:colcon.colcon_core.package_identification:_identify(TCC/matlab/ur_e_description/meshes/ur5e/visual) by extension 'ignore'
[0.413s] Level 1:colcon.colcon_core.package_identification:_identify(TCC/matlab/ur_e_description/meshes/ur5e/visual) by extension 'ignore_ament_install'
[0.413s] Level 1:colcon.colcon_core.package_identification:_identify(TCC/matlab/ur_e_description/meshes/ur5e/visual) by extensions ['colcon_pkg']
[0.413s] Level 1:colcon.colcon_core.package_identification:_identify(TCC/matlab/ur_e_description/meshes/ur5e/visual) by extension 'colcon_pkg'
[0.413s] Level 1:colcon.colcon_core.package_identification:_identify(TCC/matlab/ur_e_description/meshes/ur5e/visual) by extensions ['colcon_meta']
[0.413s] Level 1:colcon.colcon_core.package_identification:_identify(TCC/matlab/ur_e_description/meshes/ur5e/visual) by extension 'colcon_meta'
[0.413s] Level 1:colcon.colcon_core.package_identification:_identify(TCC/matlab/ur_e_description/meshes/ur5e/visual) by extensions ['ros']
[0.413s] Level 1:colcon.colcon_core.package_identification:_identify(TCC/matlab/ur_e_description/meshes/ur5e/visual) by extension 'ros'
[0.413s] Level 1:colcon.colcon_core.package_identification:_identify(TCC/matlab/ur_e_description/meshes/ur5e/visual) by extensions ['cmake', 'python']
[0.413s] Level 1:colcon.colcon_core.package_identification:_identify(TCC/matlab/ur_e_description/meshes/ur5e/visual) by extension 'cmake'
[0.413s] Level 1:colcon.colcon_core.package_identification:_identify(TCC/matlab/ur_e_description/meshes/ur5e/visual) by extension 'python'
[0.413s] Level 1:colcon.colcon_core.package_identification:_identify(TCC/matlab/ur_e_description/meshes/ur5e/visual) by extensions ['python_setup_py']
[0.413s] Level 1:colcon.colcon_core.package_identification:_identify(TCC/matlab/ur_e_description/meshes/ur5e/visual) by extension 'python_setup_py'
[0.413s] Level 1:colcon.colcon_core.package_identification:_identify(TCC/matlab/ur_e_description/urdf) by extensions ['ignore', 'ignore_ament_install']
[0.413s] Level 1:colcon.colcon_core.package_identification:_identify(TCC/matlab/ur_e_description/urdf) by extension 'ignore'
[0.413s] Level 1:colcon.colcon_core.package_identification:_identify(TCC/matlab/ur_e_description/urdf) by extension 'ignore_ament_install'
[0.413s] Level 1:colcon.colcon_core.package_identification:_identify(TCC/matlab/ur_e_description/urdf) by extensions ['colcon_pkg']
[0.413s] Level 1:colcon.colcon_core.package_identification:_identify(TCC/matlab/ur_e_description/urdf) by extension 'colcon_pkg'
[0.413s] Level 1:colcon.colcon_core.package_identification:_identify(TCC/matlab/ur_e_description/urdf) by extensions ['colcon_meta']
[0.413s] Level 1:colcon.colcon_core.package_identification:_identify(TCC/matlab/ur_e_description/urdf) by extension 'colcon_meta'
[0.413s] Level 1:colcon.colcon_core.package_identification:_identify(TCC/matlab/ur_e_description/urdf) by extensions ['ros']
[0.413s] Level 1:colcon.colcon_core.package_identification:_identify(TCC/matlab/ur_e_description/urdf) by extension 'ros'
[0.413s] Level 1:colcon.colcon_core.package_identification:_identify(TCC/matlab/ur_e_description/urdf) by extensions ['cmake', 'python']
[0.413s] Level 1:colcon.colcon_core.package_identification:_identify(TCC/matlab/ur_e_description/urdf) by extension 'cmake'
[0.413s] Level 1:colcon.colcon_core.package_identification:_identify(TCC/matlab/ur_e_description/urdf) by extension 'python'
[0.413s] Level 1:colcon.colcon_core.package_identification:_identify(TCC/matlab/ur_e_description/urdf) by extensions ['python_setup_py']
[0.413s] Level 1:colcon.colcon_core.package_identification:_identify(TCC/matlab/ur_e_description/urdf) by extension 'python_setup_py'
[0.413s] Level 1:colcon.colcon_core.package_identification:_identify(build) by extensions ['ignore', 'ignore_ament_install']
[0.414s] Level 1:colcon.colcon_core.package_identification:_identify(build) by extension 'ignore'
[0.414s] Level 1:colcon.colcon_core.package_identification:_identify(build) ignored
[0.414s] Level 1:colcon.colcon_core.package_identification:_identify(install) by extensions ['ignore', 'ignore_ament_install']
[0.414s] Level 1:colcon.colcon_core.package_identification:_identify(install) by extension 'ignore'
[0.414s] Level 1:colcon.colcon_core.package_identification:_identify(install) ignored
[0.414s] Level 1:colcon.colcon_core.package_identification:_identify(log) by extensions ['ignore', 'ignore_ament_install']
[0.414s] Level 1:colcon.colcon_core.package_identification:_identify(log) by extension 'ignore'
[0.414s] Level 1:colcon.colcon_core.package_identification:_identify(log) ignored
[0.414s] Level 1:colcon.colcon_core.package_identification:_identify(src) by extensions ['ignore', 'ignore_ament_install']
[0.414s] Level 1:colcon.colcon_core.package_identification:_identify(src) by extension 'ignore'
[0.414s] Level 1:colcon.colcon_core.package_identification:_identify(src) by extension 'ignore_ament_install'
[0.414s] Level 1:colcon.colcon_core.package_identification:_identify(src) by extensions ['colcon_pkg']
[0.414s] Level 1:colcon.colcon_core.package_identification:_identify(src) by extension 'colcon_pkg'
[0.414s] Level 1:colcon.colcon_core.package_identification:_identify(src) by extensions ['colcon_meta']
[0.414s] Level 1:colcon.colcon_core.package_identification:_identify(src) by extension 'colcon_meta'
[0.414s] Level 1:colcon.colcon_core.package_identification:_identify(src) by extensions ['ros']
[0.414s] Level 1:colcon.colcon_core.package_identification:_identify(src) by extension 'ros'
[0.414s] Level 1:colcon.colcon_core.package_identification:_identify(src) by extensions ['cmake', 'python']
[0.414s] Level 1:colcon.colcon_core.package_identification:_identify(src) by extension 'cmake'
[0.414s] Level 1:colcon.colcon_core.package_identification:_identify(src) by extension 'python'
[0.414s] Level 1:colcon.colcon_core.package_identification:_identify(src) by extensions ['python_setup_py']
[0.414s] Level 1:colcon.colcon_core.package_identification:_identify(src) by extension 'python_setup_py'
[0.414s] Level 1:colcon.colcon_core.package_identification:_identify(src/hand_pack) by extensions ['ignore', 'ignore_ament_install']
[0.415s] Level 1:colcon.colcon_core.package_identification:_identify(src/hand_pack) by extension 'ignore'
[0.415s] Level 1:colcon.colcon_core.package_identification:_identify(src/hand_pack) by extension 'ignore_ament_install'
[0.415s] Level 1:colcon.colcon_core.package_identification:_identify(src/hand_pack) by extensions ['colcon_pkg']
[0.415s] Level 1:colcon.colcon_core.package_identification:_identify(src/hand_pack) by extension 'colcon_pkg'
[0.415s] Level 1:colcon.colcon_core.package_identification:_identify(src/hand_pack) by extensions ['colcon_meta']
[0.415s] Level 1:colcon.colcon_core.package_identification:_identify(src/hand_pack) by extension 'colcon_meta'
[0.415s] Level 1:colcon.colcon_core.package_identification:_identify(src/hand_pack) by extensions ['ros']
[0.415s] Level 1:colcon.colcon_core.package_identification:_identify(src/hand_pack) by extension 'ros'
[0.416s] DEBUG:colcon.colcon_core.package_identification:Package 'src/hand_pack' with type 'ros.ament_python' and name 'hand_pack'
[0.416s] Level 1:colcon.colcon_core.package_identification:_identify(src/ur_description) by extensions ['ignore', 'ignore_ament_install']
[0.417s] Level 1:colcon.colcon_core.package_identification:_identify(src/ur_description) by extension 'ignore'
[0.417s] Level 1:colcon.colcon_core.package_identification:_identify(src/ur_description) by extension 'ignore_ament_install'
[0.417s] Level 1:colcon.colcon_core.package_identification:_identify(src/ur_description) by extensions ['colcon_pkg']
[0.417s] Level 1:colcon.colcon_core.package_identification:_identify(src/ur_description) by extension 'colcon_pkg'
[0.417s] Level 1:colcon.colcon_core.package_identification:_identify(src/ur_description) by extensions ['colcon_meta']
[0.417s] Level 1:colcon.colcon_core.package_identification:_identify(src/ur_description) by extension 'colcon_meta'
[0.417s] Level 1:colcon.colcon_core.package_identification:_identify(src/ur_description) by extensions ['ros']
[0.417s] Level 1:colcon.colcon_core.package_identification:_identify(src/ur_description) by extension 'ros'
[0.417s] DEBUG:colcon.colcon_core.package_identification:Package 'src/ur_description' with type 'ros.ament_cmake' and name 'ur_description'
[0.417s] Level 1:colcon.colcon_core.package_discovery:discover_packages(recursive) using defaults
[0.417s] Level 1:colcon.colcon_core.package_discovery:discover_packages(ignore) discover
[0.418s] Level 1:colcon.colcon_core.package_discovery:discover_packages(ignore) using defaults
[0.418s] Level 1:colcon.colcon_core.package_discovery:discover_packages(path) discover
[0.418s] Level 1:colcon.colcon_core.package_discovery:discover_packages(path) using defaults
[0.451s] Level 1:colcon.colcon_core.package_discovery:discover_packages(prefix_path) check parameters
[0.451s] Level 1:colcon.colcon_core.package_discovery:discover_packages(prefix_path) discover
[0.461s] DEBUG:colcon.colcon_installed_package_information.package_discovery:Found 2 installed packages in /home/lucas-pc/RoboticArm/install
[0.462s] DEBUG:colcon.colcon_installed_package_information.package_discovery:Found 0 installed packages in /home/lucas-pc/ros2_ws/install
[0.469s] DEBUG:colcon.colcon_installed_package_information.package_discovery:Found 346 installed packages in /home/lucas-pc/ros2_humble/install
[0.471s] DEBUG:colcon.colcon_installed_package_information.package_discovery:Found 216 installed packages in /opt/ros/humble
[0.477s] Level 1:colcon.colcon_core.package_discovery:discover_packages(prefix_path) using defaults
[0.515s] Level 5:colcon.colcon_core.verb:set package 'hand_pack' build argument 'cmake_args' from command line to 'None'
[0.515s] Level 5:colcon.colcon_core.verb:set package 'hand_pack' build argument 'cmake_target' from command line to 'None'
[0.515s] Level 5:colcon.colcon_core.verb:set package 'hand_pack' build argument 'cmake_target_skip_unavailable' from command line to 'False'
[0.515s] Level 5:colcon.colcon_core.verb:set package 'hand_pack' build argument 'cmake_clean_cache' from command line to 'False'
[0.515s] Level 5:colcon.colcon_core.verb:set package 'hand_pack' build argument 'cmake_clean_first' from command line to 'False'
[0.516s] Level 5:colcon.colcon_core.verb:set package 'hand_pack' build argument 'cmake_force_configure' from command line to 'False'
[0.516s] Level 5:colcon.colcon_core.verb:set package 'hand_pack' build argument 'ament_cmake_args' from command line to 'None'
[0.516s] Level 5:colcon.colcon_core.verb:set package 'hand_pack' build argument 'catkin_cmake_args' from command line to 'None'
[0.516s] Level 5:colcon.colcon_core.verb:set package 'hand_pack' build argument 'catkin_skip_building_tests' from command line to 'False'
[0.516s] DEBUG:colcon.colcon_core.verb:Building package 'hand_pack' with the following arguments: {'ament_cmake_args': None, 'build_base': '/home/lucas-pc/RoboticArm/build/hand_pack', 'catkin_cmake_args': None, 'catkin_skip_building_tests': False, 'cmake_args': None, 'cmake_clean_cache': False, 'cmake_clean_first': False, 'cmake_force_configure': False, 'cmake_target': None, 'cmake_target_skip_unavailable': False, 'install_base': '/home/lucas-pc/RoboticArm/install/hand_pack', 'merge_install': False, 'path': '/home/lucas-pc/RoboticArm/src/hand_pack', 'symlink_install': False, 'test_result_base': None}
[0.516s] Level 5:colcon.colcon_core.verb:set package 'ur_description' build argument 'cmake_args' from command line to 'None'
[0.516s] Level 5:colcon.colcon_core.verb:set package 'ur_description' build argument 'cmake_target' from command line to 'None'
[0.516s] Level 5:colcon.colcon_core.verb:set package 'ur_description' build argument 'cmake_target_skip_unavailable' from command line to 'False'
[0.516s] Level 5:colcon.colcon_core.verb:set package 'ur_description' build argument 'cmake_clean_cache' from command line to 'False'
[0.516s] Level 5:colcon.colcon_core.verb:set package 'ur_description' build argument 'cmake_clean_first' from command line to 'False'
[0.516s] Level 5:colcon.colcon_core.verb:set package 'ur_description' build argument 'cmake_force_configure' from command line to 'False'
[0.516s] Level 5:colcon.colcon_core.verb:set package 'ur_description' build argument 'ament_cmake_args' from command line to 'None'
[0.516s] Level 5:colcon.colcon_core.verb:set package 'ur_description' build argument 'catkin_cmake_args' from command line to 'None'
[0.516s] Level 5:colcon.colcon_core.verb:set package 'ur_description' build argument 'catkin_skip_building_tests' from command line to 'False'
[0.516s] DEBUG:colcon.colcon_core.verb:Building package 'ur_description' with the following arguments: {'ament_cmake_args': None, 'build_base': '/home/lucas-pc/RoboticArm/build/ur_description', 'catkin_cmake_args': None, 'catkin_skip_building_tests': False, 'cmake_args': None, 'cmake_clean_cache': False, 'cmake_clean_first': False, 'cmake_force_configure': False, 'cmake_target': None, 'cmake_target_skip_unavailable': False, 'install_base': '/home/lucas-pc/RoboticArm/install/ur_description', 'merge_install': False, 'path': '/home/lucas-pc/RoboticArm/src/ur_description', 'symlink_install': False, 'test_result_base': None}
[0.516s] INFO:colcon.colcon_core.executor:Executing jobs using 'parallel' executor
[0.517s] DEBUG:colcon.colcon_parallel_executor.executor.parallel:run_until_complete
[0.517s] INFO:colcon.colcon_ros.task.ament_python.build:Building ROS package in '/home/lucas-pc/RoboticArm/src/hand_pack' with build type 'ament_python'
[0.517s] Level 1:colcon.colcon_core.shell:create_environment_hook('hand_pack', 'ament_prefix_path')
[0.522s] INFO:colcon.colcon_core.plugin_system:Skipping extension 'colcon_core.shell.bat': Not used on non-Windows systems
[0.522s] INFO:colcon.colcon_core.shell:Creating environment hook '/home/lucas-pc/RoboticArm/install/hand_pack/share/hand_pack/hook/ament_prefix_path.ps1'
[0.522s] INFO:colcon.colcon_core.shell:Creating environment descriptor '/home/lucas-pc/RoboticArm/install/hand_pack/share/hand_pack/hook/ament_prefix_path.dsv'
[0.523s] INFO:colcon.colcon_core.shell:Creating environment hook '/home/lucas-pc/RoboticArm/install/hand_pack/share/hand_pack/hook/ament_prefix_path.sh'
[0.523s] INFO:colcon.colcon_core.shell:Skip shell extension 'powershell' for command environment: Not usable outside of PowerShell
[0.523s] DEBUG:colcon.colcon_core.shell:Skip shell extension 'dsv' for command environment
[0.541s] INFO:colcon.colcon_ros.task.ament_cmake.build:Building ROS package in '/home/lucas-pc/RoboticArm/src/ur_description' with build type 'ament_cmake'
[0.541s] INFO:colcon.colcon_cmake.task.cmake.build:Building CMake package in '/home/lucas-pc/RoboticArm/src/ur_description'
[0.542s] INFO:colcon.colcon_core.shell:Skip shell extension 'powershell' for command environment: Not usable outside of PowerShell
[0.542s] DEBUG:colcon.colcon_core.shell:Skip shell extension 'dsv' for command environment
[0.974s] INFO:colcon.colcon_core.task.python.build:Building Python package in '/home/lucas-pc/RoboticArm/src/hand_pack'
[0.974s] INFO:colcon.colcon_core.shell:Skip shell extension 'powershell' for command environment: Not usable outside of PowerShell
[0.974s] DEBUG:colcon.colcon_core.shell:Skip shell extension 'dsv' for command environment
[1.002s] DEBUG:colcon.colcon_core.event_handler.log_command:Invoking command in '/home/lucas-pc/RoboticArm/build/ur_description': CMAKE_PREFIX_PATH=${CMAKE_PREFIX_PATH}:/home/lucas-pc/RoboticArm/install/hand_pack:/home/lucas-pc/ros2_humble/install/rqt_bag_plugins:/home/lucas-pc/ros2_humble/install/rqt_bag:/home/lucas-pc/ros2_humble/install/launch_testing_examples:/home/lucas-pc/ros2_humble/install/ros2bag:/home/lucas-pc/ros2_humble/install/tracetools_test:/home/lucas-pc/ros2_humble/install/tracetools_launch:/home/lucas-pc/ros2_humble/install/topic_monitor:/home/lucas-pc/ros2_humble/install/tf2_tools:/home/lucas-pc/ros2_humble/install/examples_tf2_py:/home/lucas-pc/ros2_humble/install/tf2_ros_py:/home/lucas-pc/ros2_humble/install/sros2:/home/lucas-pc/ros2_humble/install/rqt_topic:/home/lucas-pc/ros2_humble/install/rqt_srv:/home/lucas-pc/ros2_humble/install/rqt_shell:/home/lucas-pc/ros2_humble/install/rqt_service_caller:/home/lucas-pc/ros2_humble/install/rqt_reconfigure:/home/lucas-pc/ros2_humble/install/rqt_py_console:/home/lucas-pc/ros2_humble/install/rqt_publisher:/home/lucas-pc/ros2_humble/install/rqt_plot:/home/lucas-pc/ros2_humble/install/rqt_action:/home/lucas-pc/ros2_humble/install/rqt_msg:/home/lucas-pc/ros2_humble/install/rqt_console:/home/lucas-pc/ros2_humble/install/rqt:/home/lucas-pc/ros2_humble/install/rqt_graph:/home/lucas-pc/ros2_humble/install/rqt_gui_py:/home/lucas-pc/ros2_humble/install/rqt_gui:/home/lucas-pc/ros2_humble/install/ros2trace:/home/lucas-pc/ros2_humble/install/ros2topic:/home/lucas-pc/ros2_humble/install/ros2test:/home/lucas-pc/ros2_humble/install/ros2component:/home/lucas-pc/ros2_humble/install/ros2param:/home/lucas-pc/ros2_humble/install/ros2lifecycle:/home/lucas-pc/ros2_humble/install/ros2service:/home/lucas-pc/ros2_humble/install/ros2run:/home/lucas-pc/ros2_humble/install/ros2launch:/home/lucas-pc/ros2_humble/install/ros2pkg:/home/lucas-pc/ros2_humble/install/ros2node:/home/lucas-pc/ros2_humble/install/ros2multicast:/home/lucas-pc/ros2_humble/install/ros2interface:/home/lucas-pc/ros2_humble/install/ros2doctor:/home/lucas-pc/ros2_humble/install/ros2action:/home/lucas-pc/ros2_humble/install/ros2cli:/home/lucas-pc/ros2_humble/install/quality_of_service_demo_py:/home/lucas-pc/ros2_humble/install/lifecycle_py:/home/lucas-pc/ros2_humble/install/launch_testing_ros:/home/lucas-pc/ros2_humble/install/launch_ros:/home/lucas-pc/ros2_humble/install/examples_rclpy_pointcloud_publisher:/home/lucas-pc/ros2_humble/install/examples_rclpy_minimal_subscriber:/home/lucas-pc/ros2_humble/install/examples_rclpy_minimal_service:/home/lucas-pc/ros2_humble/install/examples_rclpy_minimal_publisher:/home/lucas-pc/ros2_humble/install/examples_rclpy_minimal_client:/home/lucas-pc/ros2_humble/install/examples_rclpy_minimal_action_server:/home/lucas-pc/ros2_humble/install/examples_rclpy_minimal_action_client:/home/lucas-pc/ros2_humble/install/examples_rclpy_guard_conditions:/home/lucas-pc/ros2_humble/install/examples_rclpy_executors:/home/lucas-pc/ros2_humble/install/demo_nodes_py:/home/lucas-pc/ros2_humble/install/camera_info_manager_py:/home/lucas-pc/ros2_humble/install/action_tutorials_py:/home/lucas-pc/ros2_humble/install/ament_uncrustify:/home/lucas-pc/ros2_humble/install/tracetools_trace:/home/lucas-pc/ros2_humble/install/tracetools_read:/home/lucas-pc/ros2_humble/install/test_tracetools_launch:/home/lucas-pc/ros2_humble/install/test_launch_ros:/home/lucas-pc/ros2_humble/install/sensor_msgs_py:/home/lucas-pc/ros2_humble/install/rpyutils:/home/lucas-pc/ros2_humble/install/rosidl_runtime_py:/home/lucas-pc/ros2_humble/install/rosidl_cli:/home/lucas-pc/ros2_humble/install/launch_pytest:/home/lucas-pc/ros2_humble/install/launch_testing:/home/lucas-pc/ros2_humble/install/launch_yaml:/home/lucas-pc/ros2_humble/install/launch_xml:/home/lucas-pc/ros2_humble/install/launch:/home/lucas-pc/ros2_humble/install/osrf_pycommon:/home/lucas-pc/ros2_humble/install/domain_coordinator:/home/lucas-pc/ros2_humble/install/ament_xmllint:/home/lucas-pc/ros2_humble/install/ament_pyflakes:/home/lucas-pc/ros2_humble/install/ament_pycodestyle:/home/lucas-pc/ros2_humble/install/ament_pep257:/home/lucas-pc/ros2_humble/install/ament_pclint:/home/lucas-pc/ros2_humble/install/ament_package:/home/lucas-pc/ros2_humble/install/ament_mypy:/home/lucas-pc/ros2_humble/install/ament_lint_cmake:/home/lucas-pc/ros2_humble/install/ament_flake8:/home/lucas-pc/ros2_humble/install/ament_copyright:/home/lucas-pc/ros2_humble/install/ament_lint:/home/lucas-pc/ros2_humble/install/ament_index_python:/home/lucas-pc/ros2_humble/install/ament_cpplint:/home/lucas-pc/ros2_humble/install/ament_cppcheck:/home/lucas-pc/ros2_humble/install/ament_clang_tidy:/home/lucas-pc/ros2_humble/install/ament_clang_format:/opt/ros/humble PS1=\[\033[01;32m\]\u@\h\[\033[00m\]:\[\033[01;34m\]\w\[\033[01;91m\]$(parse_git_branch)\[\033[00m\]$ /usr/bin/cmake /home/lucas-pc/RoboticArm/src/ur_description -DCMAKE_INSTALL_PREFIX=/home/lucas-pc/RoboticArm/install/ur_description
[1.561s] DEBUG:colcon.colcon_core.event_handler.log_command:Invoking command in '/home/lucas-pc/RoboticArm/src/hand_pack': PS1=\[\033[01;32m\]\u@\h\[\033[00m\]:\[\033[01;34m\]\w\[\033[01;91m\]$(parse_git_branch)\[\033[00m\]$ PYTHONPATH=/home/lucas-pc/RoboticArm/build/hand_pack/prefix_override:/usr/lib/python3/dist-packages/colcon_core/task/python/colcon_distutils_commands:/home/lucas-pc/RoboticArm/install/hand_pack/lib/python3.10/site-packages:${PYTHONPATH} /usr/bin/python3 -W ignore:setup.py install is deprecated -W ignore:easy_install command is deprecated setup.py egg_info --egg-base ../../build/hand_pack build --build-base /home/lucas-pc/RoboticArm/build/hand_pack/build install --record /home/lucas-pc/RoboticArm/build/hand_pack/install.log --single-version-externally-managed install_data
[2.014s] DEBUG:colcon.colcon_core.event_handler.log_command:Invoked command in '/home/lucas-pc/RoboticArm/src/hand_pack' returned '0': PS1=\[\033[01;32m\]\u@\h\[\033[00m\]:\[\033[01;34m\]\w\[\033[01;91m\]$(parse_git_branch)\[\033[00m\]$ PYTHONPATH=/home/lucas-pc/RoboticArm/build/hand_pack/prefix_override:/usr/lib/python3/dist-packages/colcon_core/task/python/colcon_distutils_commands:/home/lucas-pc/RoboticArm/install/hand_pack/lib/python3.10/site-packages:${PYTHONPATH} /usr/bin/python3 -W ignore:setup.py install is deprecated -W ignore:easy_install command is deprecated setup.py egg_info --egg-base ../../build/hand_pack build --build-base /home/lucas-pc/RoboticArm/build/hand_pack/build install --record /home/lucas-pc/RoboticArm/build/hand_pack/install.log --single-version-externally-managed install_data
[2.019s] Level 1:colcon.colcon_core.environment:checking '/home/lucas-pc/RoboticArm/install/hand_pack' for CMake module files
[2.019s] Level 1:colcon.colcon_core.environment:checking '/home/lucas-pc/RoboticArm/install/hand_pack' for CMake config files
[2.020s] Level 1:colcon.colcon_core.environment:checking '/home/lucas-pc/RoboticArm/install/hand_pack/lib'
[2.020s] Level 1:colcon.colcon_core.environment:checking '/home/lucas-pc/RoboticArm/install/hand_pack/bin'
[2.020s] Level 1:colcon.colcon_core.environment:checking '/home/lucas-pc/RoboticArm/install/hand_pack/lib/pkgconfig/hand_pack.pc'
[2.020s] Level 1:colcon.colcon_core.environment:checking '/home/lucas-pc/RoboticArm/install/hand_pack/lib/python3.10/site-packages'
[2.020s] Level 1:colcon.colcon_core.shell:create_environment_hook('hand_pack', 'pythonpath')
[2.020s] INFO:colcon.colcon_core.shell:Creating environment hook '/home/lucas-pc/RoboticArm/install/hand_pack/share/hand_pack/hook/pythonpath.ps1'
[2.021s] INFO:colcon.colcon_core.shell:Creating environment descriptor '/home/lucas-pc/RoboticArm/install/hand_pack/share/hand_pack/hook/pythonpath.dsv'
[2.021s] INFO:colcon.colcon_core.shell:Creating environment hook '/home/lucas-pc/RoboticArm/install/hand_pack/share/hand_pack/hook/pythonpath.sh'
[2.021s] Level 1:colcon.colcon_core.environment:checking '/home/lucas-pc/RoboticArm/install/hand_pack/bin'
[2.022s] Level 1:colcon.colcon_core.environment:create_environment_scripts_only(hand_pack)
[2.022s] INFO:colcon.colcon_core.shell:Creating package script '/home/lucas-pc/RoboticArm/install/hand_pack/share/hand_pack/package.ps1'
[2.022s] INFO:colcon.colcon_core.shell:Creating package descriptor '/home/lucas-pc/RoboticArm/install/hand_pack/share/hand_pack/package.dsv'
[2.023s] INFO:colcon.colcon_core.shell:Creating package script '/home/lucas-pc/RoboticArm/install/hand_pack/share/hand_pack/package.sh'
[2.023s] INFO:colcon.colcon_core.shell:Creating package script '/home/lucas-pc/RoboticArm/install/hand_pack/share/hand_pack/package.bash'
[2.024s] INFO:colcon.colcon_core.shell:Creating package script '/home/lucas-pc/RoboticArm/install/hand_pack/share/hand_pack/package.zsh'
[2.024s] Level 1:colcon.colcon_core.environment:create_file_with_runtime_dependencies(/home/lucas-pc/RoboticArm/install/hand_pack/share/colcon-core/packages/hand_pack)
[2.827s] DEBUG:colcon.colcon_core.event_handler.log_command:Invoked command in '/home/lucas-pc/RoboticArm/build/ur_description' returned '0': CMAKE_PREFIX_PATH=${CMAKE_PREFIX_PATH}:/home/lucas-pc/RoboticArm/install/hand_pack:/home/lucas-pc/ros2_humble/install/rqt_bag_plugins:/home/lucas-pc/ros2_humble/install/rqt_bag:/home/lucas-pc/ros2_humble/install/launch_testing_examples:/home/lucas-pc/ros2_humble/install/ros2bag:/home/lucas-pc/ros2_humble/install/tracetools_test:/home/lucas-pc/ros2_humble/install/tracetools_launch:/home/lucas-pc/ros2_humble/install/topic_monitor:/home/lucas-pc/ros2_humble/install/tf2_tools:/home/lucas-pc/ros2_humble/install/examples_tf2_py:/home/lucas-pc/ros2_humble/install/tf2_ros_py:/home/lucas-pc/ros2_humble/install/sros2:/home/lucas-pc/ros2_humble/install/rqt_topic:/home/lucas-pc/ros2_humble/install/rqt_srv:/home/lucas-pc/ros2_humble/install/rqt_shell:/home/lucas-pc/ros2_humble/install/rqt_service_caller:/home/lucas-pc/ros2_humble/install/rqt_reconfigure:/home/lucas-pc/ros2_humble/install/rqt_py_console:/home/lucas-pc/ros2_humble/install/rqt_publisher:/home/lucas-pc/ros2_humble/install/rqt_plot:/home/lucas-pc/ros2_humble/install/rqt_action:/home/lucas-pc/ros2_humble/install/rqt_msg:/home/lucas-pc/ros2_humble/install/rqt_console:/home/lucas-pc/ros2_humble/install/rqt:/home/lucas-pc/ros2_humble/install/rqt_graph:/home/lucas-pc/ros2_humble/install/rqt_gui_py:/home/lucas-pc/ros2_humble/install/rqt_gui:/home/lucas-pc/ros2_humble/install/ros2trace:/home/lucas-pc/ros2_humble/install/ros2topic:/home/lucas-pc/ros2_humble/install/ros2test:/home/lucas-pc/ros2_humble/install/ros2component:/home/lucas-pc/ros2_humble/install/ros2param:/home/lucas-pc/ros2_humble/install/ros2lifecycle:/home/lucas-pc/ros2_humble/install/ros2service:/home/lucas-pc/ros2_humble/install/ros2run:/home/lucas-pc/ros2_humble/install/ros2launch:/home/lucas-pc/ros2_humble/install/ros2pkg:/home/lucas-pc/ros2_humble/install/ros2node:/home/lucas-pc/ros2_humble/install/ros2multicast:/home/lucas-pc/ros2_humble/install/ros2interface:/home/lucas-pc/ros2_humble/install/ros2doctor:/home/lucas-pc/ros2_humble/install/ros2action:/home/lucas-pc/ros2_humble/install/ros2cli:/home/lucas-pc/ros2_humble/install/quality_of_service_demo_py:/home/lucas-pc/ros2_humble/install/lifecycle_py:/home/lucas-pc/ros2_humble/install/launch_testing_ros:/home/lucas-pc/ros2_humble/install/launch_ros:/home/lucas-pc/ros2_humble/install/examples_rclpy_pointcloud_publisher:/home/lucas-pc/ros2_humble/install/examples_rclpy_minimal_subscriber:/home/lucas-pc/ros2_humble/install/examples_rclpy_minimal_service:/home/lucas-pc/ros2_humble/install/examples_rclpy_minimal_publisher:/home/lucas-pc/ros2_humble/install/examples_rclpy_minimal_client:/home/lucas-pc/ros2_humble/install/examples_rclpy_minimal_action_server:/home/lucas-pc/ros2_humble/install/examples_rclpy_minimal_action_client:/home/lucas-pc/ros2_humble/install/examples_rclpy_guard_conditions:/home/lucas-pc/ros2_humble/install/examples_rclpy_executors:/home/lucas-pc/ros2_humble/install/demo_nodes_py:/home/lucas-pc/ros2_humble/install/camera_info_manager_py:/home/lucas-pc/ros2_humble/install/action_tutorials_py:/home/lucas-pc/ros2_humble/install/ament_uncrustify:/home/lucas-pc/ros2_humble/install/tracetools_trace:/home/lucas-pc/ros2_humble/install/tracetools_read:/home/lucas-pc/ros2_humble/install/test_tracetools_launch:/home/lucas-pc/ros2_humble/install/test_launch_ros:/home/lucas-pc/ros2_humble/install/sensor_msgs_py:/home/lucas-pc/ros2_humble/install/rpyutils:/home/lucas-pc/ros2_humble/install/rosidl_runtime_py:/home/lucas-pc/ros2_humble/install/rosidl_cli:/home/lucas-pc/ros2_humble/install/launch_pytest:/home/lucas-pc/ros2_humble/install/launch_testing:/home/lucas-pc/ros2_humble/install/launch_yaml:/home/lucas-pc/ros2_humble/install/launch_xml:/home/lucas-pc/ros2_humble/install/launch:/home/lucas-pc/ros2_humble/install/osrf_pycommon:/home/lucas-pc/ros2_humble/install/domain_coordinator:/home/lucas-pc/ros2_humble/install/ament_xmllint:/home/lucas-pc/ros2_humble/install/ament_pyflakes:/home/lucas-pc/ros2_humble/install/ament_pycodestyle:/home/lucas-pc/ros2_humble/install/ament_pep257:/home/lucas-pc/ros2_humble/install/ament_pclint:/home/lucas-pc/ros2_humble/install/ament_package:/home/lucas-pc/ros2_humble/install/ament_mypy:/home/lucas-pc/ros2_humble/install/ament_lint_cmake:/home/lucas-pc/ros2_humble/install/ament_flake8:/home/lucas-pc/ros2_humble/install/ament_copyright:/home/lucas-pc/ros2_humble/install/ament_lint:/home/lucas-pc/ros2_humble/install/ament_index_python:/home/lucas-pc/ros2_humble/install/ament_cpplint:/home/lucas-pc/ros2_humble/install/ament_cppcheck:/home/lucas-pc/ros2_humble/install/ament_clang_tidy:/home/lucas-pc/ros2_humble/install/ament_clang_format:/opt/ros/humble PS1=\[\033[01;32m\]\u@\h\[\033[00m\]:\[\033[01;34m\]\w\[\033[01;91m\]$(parse_git_branch)\[\033[00m\]$ /usr/bin/cmake /home/lucas-pc/RoboticArm/src/ur_description -DCMAKE_INSTALL_PREFIX=/home/lucas-pc/RoboticArm/install/ur_description
[2.829s] DEBUG:colcon.colcon_core.event_handler.log_command:Invoking command in '/home/lucas-pc/RoboticArm/build/ur_description': CMAKE_PREFIX_PATH=${CMAKE_PREFIX_PATH}:/home/lucas-pc/RoboticArm/install/hand_pack:/home/lucas-pc/ros2_humble/install/rqt_bag_plugins:/home/lucas-pc/ros2_humble/install/rqt_bag:/home/lucas-pc/ros2_humble/install/launch_testing_examples:/home/lucas-pc/ros2_humble/install/ros2bag:/home/lucas-pc/ros2_humble/install/tracetools_test:/home/lucas-pc/ros2_humble/install/tracetools_launch:/home/lucas-pc/ros2_humble/install/topic_monitor:/home/lucas-pc/ros2_humble/install/tf2_tools:/home/lucas-pc/ros2_humble/install/examples_tf2_py:/home/lucas-pc/ros2_humble/install/tf2_ros_py:/home/lucas-pc/ros2_humble/install/sros2:/home/lucas-pc/ros2_humble/install/rqt_topic:/home/lucas-pc/ros2_humble/install/rqt_srv:/home/lucas-pc/ros2_humble/install/rqt_shell:/home/lucas-pc/ros2_humble/install/rqt_service_caller:/home/lucas-pc/ros2_humble/install/rqt_reconfigure:/home/lucas-pc/ros2_humble/install/rqt_py_console:/home/lucas-pc/ros2_humble/install/rqt_publisher:/home/lucas-pc/ros2_humble/install/rqt_plot:/home/lucas-pc/ros2_humble/install/rqt_action:/home/lucas-pc/ros2_humble/install/rqt_msg:/home/lucas-pc/ros2_humble/install/rqt_console:/home/lucas-pc/ros2_humble/install/rqt:/home/lucas-pc/ros2_humble/install/rqt_graph:/home/lucas-pc/ros2_humble/install/rqt_gui_py:/home/lucas-pc/ros2_humble/install/rqt_gui:/home/lucas-pc/ros2_humble/install/ros2trace:/home/lucas-pc/ros2_humble/install/ros2topic:/home/lucas-pc/ros2_humble/install/ros2test:/home/lucas-pc/ros2_humble/install/ros2component:/home/lucas-pc/ros2_humble/install/ros2param:/home/lucas-pc/ros2_humble/install/ros2lifecycle:/home/lucas-pc/ros2_humble/install/ros2service:/home/lucas-pc/ros2_humble/install/ros2run:/home/lucas-pc/ros2_humble/install/ros2launch:/home/lucas-pc/ros2_humble/install/ros2pkg:/home/lucas-pc/ros2_humble/install/ros2node:/home/lucas-pc/ros2_humble/install/ros2multicast:/home/lucas-pc/ros2_humble/install/ros2interface:/home/lucas-pc/ros2_humble/install/ros2doctor:/home/lucas-pc/ros2_humble/install/ros2action:/home/lucas-pc/ros2_humble/install/ros2cli:/home/lucas-pc/ros2_humble/install/quality_of_service_demo_py:/home/lucas-pc/ros2_humble/install/lifecycle_py:/home/lucas-pc/ros2_humble/install/launch_testing_ros:/home/lucas-pc/ros2_humble/install/launch_ros:/home/lucas-pc/ros2_humble/install/examples_rclpy_pointcloud_publisher:/home/lucas-pc/ros2_humble/install/examples_rclpy_minimal_subscriber:/home/lucas-pc/ros2_humble/install/examples_rclpy_minimal_service:/home/lucas-pc/ros2_humble/install/examples_rclpy_minimal_publisher:/home/lucas-pc/ros2_humble/install/examples_rclpy_minimal_client:/home/lucas-pc/ros2_humble/install/examples_rclpy_minimal_action_server:/home/lucas-pc/ros2_humble/install/examples_rclpy_minimal_action_client:/home/lucas-pc/ros2_humble/install/examples_rclpy_guard_conditions:/home/lucas-pc/ros2_humble/install/examples_rclpy_executors:/home/lucas-pc/ros2_humble/install/demo_nodes_py:/home/lucas-pc/ros2_humble/install/camera_info_manager_py:/home/lucas-pc/ros2_humble/install/action_tutorials_py:/home/lucas-pc/ros2_humble/install/ament_uncrustify:/home/lucas-pc/ros2_humble/install/tracetools_trace:/home/lucas-pc/ros2_humble/install/tracetools_read:/home/lucas-pc/ros2_humble/install/test_tracetools_launch:/home/lucas-pc/ros2_humble/install/test_launch_ros:/home/lucas-pc/ros2_humble/install/sensor_msgs_py:/home/lucas-pc/ros2_humble/install/rpyutils:/home/lucas-pc/ros2_humble/install/rosidl_runtime_py:/home/lucas-pc/ros2_humble/install/rosidl_cli:/home/lucas-pc/ros2_humble/install/launch_pytest:/home/lucas-pc/ros2_humble/install/launch_testing:/home/lucas-pc/ros2_humble/install/launch_yaml:/home/lucas-pc/ros2_humble/install/launch_xml:/home/lucas-pc/ros2_humble/install/launch:/home/lucas-pc/ros2_humble/install/osrf_pycommon:/home/lucas-pc/ros2_humble/install/domain_coordinator:/home/lucas-pc/ros2_humble/install/ament_xmllint:/home/lucas-pc/ros2_humble/install/ament_pyflakes:/home/lucas-pc/ros2_humble/install/ament_pycodestyle:/home/lucas-pc/ros2_humble/install/ament_pep257:/home/lucas-pc/ros2_humble/install/ament_pclint:/home/lucas-pc/ros2_humble/install/ament_package:/home/lucas-pc/ros2_humble/install/ament_mypy:/home/lucas-pc/ros2_humble/install/ament_lint_cmake:/home/lucas-pc/ros2_humble/install/ament_flake8:/home/lucas-pc/ros2_humble/install/ament_copyright:/home/lucas-pc/ros2_humble/install/ament_lint:/home/lucas-pc/ros2_humble/install/ament_index_python:/home/lucas-pc/ros2_humble/install/ament_cpplint:/home/lucas-pc/ros2_humble/install/ament_cppcheck:/home/lucas-pc/ros2_humble/install/ament_clang_tidy:/home/lucas-pc/ros2_humble/install/ament_clang_format:/opt/ros/humble PS1=\[\033[01;32m\]\u@\h\[\033[00m\]:\[\033[01;34m\]\w\[\033[01;91m\]$(parse_git_branch)\[\033[00m\]$ /usr/bin/cmake --build /home/lucas-pc/RoboticArm/build/ur_description -- -j24 -l24
[2.910s] DEBUG:colcon.colcon_core.event_handler.log_command:Invoked command in '/home/lucas-pc/RoboticArm/build/ur_description' returned '0': CMAKE_PREFIX_PATH=${CMAKE_PREFIX_PATH}:/home/lucas-pc/RoboticArm/install/hand_pack:/home/lucas-pc/ros2_humble/install/rqt_bag_plugins:/home/lucas-pc/ros2_humble/install/rqt_bag:/home/lucas-pc/ros2_humble/install/launch_testing_examples:/home/lucas-pc/ros2_humble/install/ros2bag:/home/lucas-pc/ros2_humble/install/tracetools_test:/home/lucas-pc/ros2_humble/install/tracetools_launch:/home/lucas-pc/ros2_humble/install/topic_monitor:/home/lucas-pc/ros2_humble/install/tf2_tools:/home/lucas-pc/ros2_humble/install/examples_tf2_py:/home/lucas-pc/ros2_humble/install/tf2_ros_py:/home/lucas-pc/ros2_humble/install/sros2:/home/lucas-pc/ros2_humble/install/rqt_topic:/home/lucas-pc/ros2_humble/install/rqt_srv:/home/lucas-pc/ros2_humble/install/rqt_shell:/home/lucas-pc/ros2_humble/install/rqt_service_caller:/home/lucas-pc/ros2_humble/install/rqt_reconfigure:/home/lucas-pc/ros2_humble/install/rqt_py_console:/home/lucas-pc/ros2_humble/install/rqt_publisher:/home/lucas-pc/ros2_humble/install/rqt_plot:/home/lucas-pc/ros2_humble/install/rqt_action:/home/lucas-pc/ros2_humble/install/rqt_msg:/home/lucas-pc/ros2_humble/install/rqt_console:/home/lucas-pc/ros2_humble/install/rqt:/home/lucas-pc/ros2_humble/install/rqt_graph:/home/lucas-pc/ros2_humble/install/rqt_gui_py:/home/lucas-pc/ros2_humble/install/rqt_gui:/home/lucas-pc/ros2_humble/install/ros2trace:/home/lucas-pc/ros2_humble/install/ros2topic:/home/lucas-pc/ros2_humble/install/ros2test:/home/lucas-pc/ros2_humble/install/ros2component:/home/lucas-pc/ros2_humble/install/ros2param:/home/lucas-pc/ros2_humble/install/ros2lifecycle:/home/lucas-pc/ros2_humble/install/ros2service:/home/lucas-pc/ros2_humble/install/ros2run:/home/lucas-pc/ros2_humble/install/ros2launch:/home/lucas-pc/ros2_humble/install/ros2pkg:/home/lucas-pc/ros2_humble/install/ros2node:/home/lucas-pc/ros2_humble/install/ros2multicast:/home/lucas-pc/ros2_humble/install/ros2interface:/home/lucas-pc/ros2_humble/install/ros2doctor:/home/lucas-pc/ros2_humble/install/ros2action:/home/lucas-pc/ros2_humble/install/ros2cli:/home/lucas-pc/ros2_humble/install/quality_of_service_demo_py:/home/lucas-pc/ros2_humble/install/lifecycle_py:/home/lucas-pc/ros2_humble/install/launch_testing_ros:/home/lucas-pc/ros2_humble/install/launch_ros:/home/lucas-pc/ros2_humble/install/examples_rclpy_pointcloud_publisher:/home/lucas-pc/ros2_humble/install/examples_rclpy_minimal_subscriber:/home/lucas-pc/ros2_humble/install/examples_rclpy_minimal_service:/home/lucas-pc/ros2_humble/install/examples_rclpy_minimal_publisher:/home/lucas-pc/ros2_humble/install/examples_rclpy_minimal_client:/home/lucas-pc/ros2_humble/install/examples_rclpy_minimal_action_server:/home/lucas-pc/ros2_humble/install/examples_rclpy_minimal_action_client:/home/lucas-pc/ros2_humble/install/examples_rclpy_guard_conditions:/home/lucas-pc/ros2_humble/install/examples_rclpy_executors:/home/lucas-pc/ros2_humble/install/demo_nodes_py:/home/lucas-pc/ros2_humble/install/camera_info_manager_py:/home/lucas-pc/ros2_humble/install/action_tutorials_py:/home/lucas-pc/ros2_humble/install/ament_uncrustify:/home/lucas-pc/ros2_humble/install/tracetools_trace:/home/lucas-pc/ros2_humble/install/tracetools_read:/home/lucas-pc/ros2_humble/install/test_tracetools_launch:/home/lucas-pc/ros2_humble/install/test_launch_ros:/home/lucas-pc/ros2_humble/install/sensor_msgs_py:/home/lucas-pc/ros2_humble/install/rpyutils:/home/lucas-pc/ros2_humble/install/rosidl_runtime_py:/home/lucas-pc/ros2_humble/install/rosidl_cli:/home/lucas-pc/ros2_humble/install/launch_pytest:/home/lucas-pc/ros2_humble/install/launch_testing:/home/lucas-pc/ros2_humble/install/launch_yaml:/home/lucas-pc/ros2_humble/install/launch_xml:/home/lucas-pc/ros2_humble/install/launch:/home/lucas-pc/ros2_humble/install/osrf_pycommon:/home/lucas-pc/ros2_humble/install/domain_coordinator:/home/lucas-pc/ros2_humble/install/ament_xmllint:/home/lucas-pc/ros2_humble/install/ament_pyflakes:/home/lucas-pc/ros2_humble/install/ament_pycodestyle:/home/lucas-pc/ros2_humble/install/ament_pep257:/home/lucas-pc/ros2_humble/install/ament_pclint:/home/lucas-pc/ros2_humble/install/ament_package:/home/lucas-pc/ros2_humble/install/ament_mypy:/home/lucas-pc/ros2_humble/install/ament_lint_cmake:/home/lucas-pc/ros2_humble/install/ament_flake8:/home/lucas-pc/ros2_humble/install/ament_copyright:/home/lucas-pc/ros2_humble/install/ament_lint:/home/lucas-pc/ros2_humble/install/ament_index_python:/home/lucas-pc/ros2_humble/install/ament_cpplint:/home/lucas-pc/ros2_humble/install/ament_cppcheck:/home/lucas-pc/ros2_humble/install/ament_clang_tidy:/home/lucas-pc/ros2_humble/install/ament_clang_format:/opt/ros/humble PS1=\[\033[01;32m\]\u@\h\[\033[00m\]:\[\033[01;34m\]\w\[\033[01;91m\]$(parse_git_branch)\[\033[00m\]$ /usr/bin/cmake --build /home/lucas-pc/RoboticArm/build/ur_description -- -j24 -l24
[2.929s] DEBUG:colcon.colcon_core.event_handler.log_command:Invoking command in '/home/lucas-pc/RoboticArm/build/ur_description': CMAKE_PREFIX_PATH=${CMAKE_PREFIX_PATH}:/home/lucas-pc/RoboticArm/install/hand_pack:/home/lucas-pc/ros2_humble/install/rqt_bag_plugins:/home/lucas-pc/ros2_humble/install/rqt_bag:/home/lucas-pc/ros2_humble/install/launch_testing_examples:/home/lucas-pc/ros2_humble/install/ros2bag:/home/lucas-pc/ros2_humble/install/tracetools_test:/home/lucas-pc/ros2_humble/install/tracetools_launch:/home/lucas-pc/ros2_humble/install/topic_monitor:/home/lucas-pc/ros2_humble/install/tf2_tools:/home/lucas-pc/ros2_humble/install/examples_tf2_py:/home/lucas-pc/ros2_humble/install/tf2_ros_py:/home/lucas-pc/ros2_humble/install/sros2:/home/lucas-pc/ros2_humble/install/rqt_topic:/home/lucas-pc/ros2_humble/install/rqt_srv:/home/lucas-pc/ros2_humble/install/rqt_shell:/home/lucas-pc/ros2_humble/install/rqt_service_caller:/home/lucas-pc/ros2_humble/install/rqt_reconfigure:/home/lucas-pc/ros2_humble/install/rqt_py_console:/home/lucas-pc/ros2_humble/install/rqt_publisher:/home/lucas-pc/ros2_humble/install/rqt_plot:/home/lucas-pc/ros2_humble/install/rqt_action:/home/lucas-pc/ros2_humble/install/rqt_msg:/home/lucas-pc/ros2_humble/install/rqt_console:/home/lucas-pc/ros2_humble/install/rqt:/home/lucas-pc/ros2_humble/install/rqt_graph:/home/lucas-pc/ros2_humble/install/rqt_gui_py:/home/lucas-pc/ros2_humble/install/rqt_gui:/home/lucas-pc/ros2_humble/install/ros2trace:/home/lucas-pc/ros2_humble/install/ros2topic:/home/lucas-pc/ros2_humble/install/ros2test:/home/lucas-pc/ros2_humble/install/ros2component:/home/lucas-pc/ros2_humble/install/ros2param:/home/lucas-pc/ros2_humble/install/ros2lifecycle:/home/lucas-pc/ros2_humble/install/ros2service:/home/lucas-pc/ros2_humble/install/ros2run:/home/lucas-pc/ros2_humble/install/ros2launch:/home/lucas-pc/ros2_humble/install/ros2pkg:/home/lucas-pc/ros2_humble/install/ros2node:/home/lucas-pc/ros2_humble/install/ros2multicast:/home/lucas-pc/ros2_humble/install/ros2interface:/home/lucas-pc/ros2_humble/install/ros2doctor:/home/lucas-pc/ros2_humble/install/ros2action:/home/lucas-pc/ros2_humble/install/ros2cli:/home/lucas-pc/ros2_humble/install/quality_of_service_demo_py:/home/lucas-pc/ros2_humble/install/lifecycle_py:/home/lucas-pc/ros2_humble/install/launch_testing_ros:/home/lucas-pc/ros2_humble/install/launch_ros:/home/lucas-pc/ros2_humble/install/examples_rclpy_pointcloud_publisher:/home/lucas-pc/ros2_humble/install/examples_rclpy_minimal_subscriber:/home/lucas-pc/ros2_humble/install/examples_rclpy_minimal_service:/home/lucas-pc/ros2_humble/install/examples_rclpy_minimal_publisher:/home/lucas-pc/ros2_humble/install/examples_rclpy_minimal_client:/home/lucas-pc/ros2_humble/install/examples_rclpy_minimal_action_server:/home/lucas-pc/ros2_humble/install/examples_rclpy_minimal_action_client:/home/lucas-pc/ros2_humble/install/examples_rclpy_guard_conditions:/home/lucas-pc/ros2_humble/install/examples_rclpy_executors:/home/lucas-pc/ros2_humble/install/demo_nodes_py:/home/lucas-pc/ros2_humble/install/camera_info_manager_py:/home/lucas-pc/ros2_humble/install/action_tutorials_py:/home/lucas-pc/ros2_humble/install/ament_uncrustify:/home/lucas-pc/ros2_humble/install/tracetools_trace:/home/lucas-pc/ros2_humble/install/tracetools_read:/home/lucas-pc/ros2_humble/install/test_tracetools_launch:/home/lucas-pc/ros2_humble/install/test_launch_ros:/home/lucas-pc/ros2_humble/install/sensor_msgs_py:/home/lucas-pc/ros2_humble/install/rpyutils:/home/lucas-pc/ros2_humble/install/rosidl_runtime_py:/home/lucas-pc/ros2_humble/install/rosidl_cli:/home/lucas-pc/ros2_humble/install/launch_pytest:/home/lucas-pc/ros2_humble/install/launch_testing:/home/lucas-pc/ros2_humble/install/launch_yaml:/home/lucas-pc/ros2_humble/install/launch_xml:/home/lucas-pc/ros2_humble/install/launch:/home/lucas-pc/ros2_humble/install/osrf_pycommon:/home/lucas-pc/ros2_humble/install/domain_coordinator:/home/lucas-pc/ros2_humble/install/ament_xmllint:/home/lucas-pc/ros2_humble/install/ament_pyflakes:/home/lucas-pc/ros2_humble/install/ament_pycodestyle:/home/lucas-pc/ros2_humble/install/ament_pep257:/home/lucas-pc/ros2_humble/install/ament_pclint:/home/lucas-pc/ros2_humble/install/ament_package:/home/lucas-pc/ros2_humble/install/ament_mypy:/home/lucas-pc/ros2_humble/install/ament_lint_cmake:/home/lucas-pc/ros2_humble/install/ament_flake8:/home/lucas-pc/ros2_humble/install/ament_copyright:/home/lucas-pc/ros2_humble/install/ament_lint:/home/lucas-pc/ros2_humble/install/ament_index_python:/home/lucas-pc/ros2_humble/install/ament_cpplint:/home/lucas-pc/ros2_humble/install/ament_cppcheck:/home/lucas-pc/ros2_humble/install/ament_clang_tidy:/home/lucas-pc/ros2_humble/install/ament_clang_format:/opt/ros/humble PS1=\[\033[01;32m\]\u@\h\[\033[00m\]:\[\033[01;34m\]\w\[\033[01;91m\]$(parse_git_branch)\[\033[00m\]$ /usr/bin/cmake --install /home/lucas-pc/RoboticArm/build/ur_description
[2.984s] Level 1:colcon.colcon_core.environment:create_environment_scripts_only(ur_description)
[2.984s] Level 1:colcon.colcon_core.environment:checking '/home/lucas-pc/RoboticArm/install/ur_description' for CMake module files
[2.985s] DEBUG:colcon.colcon_core.event_handler.log_command:Invoked command in '/home/lucas-pc/RoboticArm/build/ur_description' returned '0': CMAKE_PREFIX_PATH=${CMAKE_PREFIX_PATH}:/home/lucas-pc/RoboticArm/install/hand_pack:/home/lucas-pc/ros2_humble/install/rqt_bag_plugins:/home/lucas-pc/ros2_humble/install/rqt_bag:/home/lucas-pc/ros2_humble/install/launch_testing_examples:/home/lucas-pc/ros2_humble/install/ros2bag:/home/lucas-pc/ros2_humble/install/tracetools_test:/home/lucas-pc/ros2_humble/install/tracetools_launch:/home/lucas-pc/ros2_humble/install/topic_monitor:/home/lucas-pc/ros2_humble/install/tf2_tools:/home/lucas-pc/ros2_humble/install/examples_tf2_py:/home/lucas-pc/ros2_humble/install/tf2_ros_py:/home/lucas-pc/ros2_humble/install/sros2:/home/lucas-pc/ros2_humble/install/rqt_topic:/home/lucas-pc/ros2_humble/install/rqt_srv:/home/lucas-pc/ros2_humble/install/rqt_shell:/home/lucas-pc/ros2_humble/install/rqt_service_caller:/home/lucas-pc/ros2_humble/install/rqt_reconfigure:/home/lucas-pc/ros2_humble/install/rqt_py_console:/home/lucas-pc/ros2_humble/install/rqt_publisher:/home/lucas-pc/ros2_humble/install/rqt_plot:/home/lucas-pc/ros2_humble/install/rqt_action:/home/lucas-pc/ros2_humble/install/rqt_msg:/home/lucas-pc/ros2_humble/install/rqt_console:/home/lucas-pc/ros2_humble/install/rqt:/home/lucas-pc/ros2_humble/install/rqt_graph:/home/lucas-pc/ros2_humble/install/rqt_gui_py:/home/lucas-pc/ros2_humble/install/rqt_gui:/home/lucas-pc/ros2_humble/install/ros2trace:/home/lucas-pc/ros2_humble/install/ros2topic:/home/lucas-pc/ros2_humble/install/ros2test:/home/lucas-pc/ros2_humble/install/ros2component:/home/lucas-pc/ros2_humble/install/ros2param:/home/lucas-pc/ros2_humble/install/ros2lifecycle:/home/lucas-pc/ros2_humble/install/ros2service:/home/lucas-pc/ros2_humble/install/ros2run:/home/lucas-pc/ros2_humble/install/ros2launch:/home/lucas-pc/ros2_humble/install/ros2pkg:/home/lucas-pc/ros2_humble/install/ros2node:/home/lucas-pc/ros2_humble/install/ros2multicast:/home/lucas-pc/ros2_humble/install/ros2interface:/home/lucas-pc/ros2_humble/install/ros2doctor:/home/lucas-pc/ros2_humble/install/ros2action:/home/lucas-pc/ros2_humble/install/ros2cli:/home/lucas-pc/ros2_humble/install/quality_of_service_demo_py:/home/lucas-pc/ros2_humble/install/lifecycle_py:/home/lucas-pc/ros2_humble/install/launch_testing_ros:/home/lucas-pc/ros2_humble/install/launch_ros:/home/lucas-pc/ros2_humble/install/examples_rclpy_pointcloud_publisher:/home/lucas-pc/ros2_humble/install/examples_rclpy_minimal_subscriber:/home/lucas-pc/ros2_humble/install/examples_rclpy_minimal_service:/home/lucas-pc/ros2_humble/install/examples_rclpy_minimal_publisher:/home/lucas-pc/ros2_humble/install/examples_rclpy_minimal_client:/home/lucas-pc/ros2_humble/install/examples_rclpy_minimal_action_server:/home/lucas-pc/ros2_humble/install/examples_rclpy_minimal_action_client:/home/lucas-pc/ros2_humble/install/examples_rclpy_guard_conditions:/home/lucas-pc/ros2_humble/install/examples_rclpy_executors:/home/lucas-pc/ros2_humble/install/demo_nodes_py:/home/lucas-pc/ros2_humble/install/camera_info_manager_py:/home/lucas-pc/ros2_humble/install/action_tutorials_py:/home/lucas-pc/ros2_humble/install/ament_uncrustify:/home/lucas-pc/ros2_humble/install/tracetools_trace:/home/lucas-pc/ros2_humble/install/tracetools_read:/home/lucas-pc/ros2_humble/install/test_tracetools_launch:/home/lucas-pc/ros2_humble/install/test_launch_ros:/home/lucas-pc/ros2_humble/install/sensor_msgs_py:/home/lucas-pc/ros2_humble/install/rpyutils:/home/lucas-pc/ros2_humble/install/rosidl_runtime_py:/home/lucas-pc/ros2_humble/install/rosidl_cli:/home/lucas-pc/ros2_humble/install/launch_pytest:/home/lucas-pc/ros2_humble/install/launch_testing:/home/lucas-pc/ros2_humble/install/launch_yaml:/home/lucas-pc/ros2_humble/install/launch_xml:/home/lucas-pc/ros2_humble/install/launch:/home/lucas-pc/ros2_humble/install/osrf_pycommon:/home/lucas-pc/ros2_humble/install/domain_coordinator:/home/lucas-pc/ros2_humble/install/ament_xmllint:/home/lucas-pc/ros2_humble/install/ament_pyflakes:/home/lucas-pc/ros2_humble/install/ament_pycodestyle:/home/lucas-pc/ros2_humble/install/ament_pep257:/home/lucas-pc/ros2_humble/install/ament_pclint:/home/lucas-pc/ros2_humble/install/ament_package:/home/lucas-pc/ros2_humble/install/ament_mypy:/home/lucas-pc/ros2_humble/install/ament_lint_cmake:/home/lucas-pc/ros2_humble/install/ament_flake8:/home/lucas-pc/ros2_humble/install/ament_copyright:/home/lucas-pc/ros2_humble/install/ament_lint:/home/lucas-pc/ros2_humble/install/ament_index_python:/home/lucas-pc/ros2_humble/install/ament_cpplint:/home/lucas-pc/ros2_humble/install/ament_cppcheck:/home/lucas-pc/ros2_humble/install/ament_clang_tidy:/home/lucas-pc/ros2_humble/install/ament_clang_format:/opt/ros/humble PS1=\[\033[01;32m\]\u@\h\[\033[00m\]:\[\033[01;34m\]\w\[\033[01;91m\]$(parse_git_branch)\[\033[00m\]$ /usr/bin/cmake --install /home/lucas-pc/RoboticArm/build/ur_description
[2.985s] Level 1:colcon.colcon_core.environment:checking '/home/lucas-pc/RoboticArm/install/ur_description' for CMake config files
[2.986s] Level 1:colcon.colcon_core.shell:create_environment_hook('ur_description', 'cmake_prefix_path')
[2.987s] INFO:colcon.colcon_core.shell:Creating environment hook '/home/lucas-pc/RoboticArm/install/ur_description/share/ur_description/hook/cmake_prefix_path.ps1'
[2.987s] INFO:colcon.colcon_core.shell:Creating environment descriptor '/home/lucas-pc/RoboticArm/install/ur_description/share/ur_description/hook/cmake_prefix_path.dsv'
[2.987s] INFO:colcon.colcon_core.shell:Creating environment hook '/home/lucas-pc/RoboticArm/install/ur_description/share/ur_description/hook/cmake_prefix_path.sh'
[2.988s] Level 1:colcon.colcon_core.environment:checking '/home/lucas-pc/RoboticArm/install/ur_description/bin'
[2.988s] Level 1:colcon.colcon_core.environment:checking '/home/lucas-pc/RoboticArm/install/ur_description/lib/pkgconfig/ur_description.pc'
[2.988s] Level 1:colcon.colcon_core.environment:checking '/home/lucas-pc/RoboticArm/install/ur_description/lib/python3.10/site-packages'
[2.988s] Level 1:colcon.colcon_core.environment:checking '/home/lucas-pc/RoboticArm/install/ur_description/bin'
[2.988s] INFO:colcon.colcon_core.shell:Creating package script '/home/lucas-pc/RoboticArm/install/ur_description/share/ur_description/package.ps1'
[2.988s] INFO:colcon.colcon_core.shell:Creating package descriptor '/home/lucas-pc/RoboticArm/install/ur_description/share/ur_description/package.dsv'
[2.989s] INFO:colcon.colcon_core.shell:Creating package script '/home/lucas-pc/RoboticArm/install/ur_description/share/ur_description/package.sh'
[2.989s] INFO:colcon.colcon_core.shell:Creating package script '/home/lucas-pc/RoboticArm/install/ur_description/share/ur_description/package.bash'
[2.989s] INFO:colcon.colcon_core.shell:Creating package script '/home/lucas-pc/RoboticArm/install/ur_description/share/ur_description/package.zsh'
[2.990s] Level 1:colcon.colcon_core.environment:create_file_with_runtime_dependencies(/home/lucas-pc/RoboticArm/install/ur_description/share/colcon-core/packages/ur_description)
[2.990s] Level 1:colcon.colcon_core.environment:create_environment_scripts_only(ur_description)
[2.990s] Level 1:colcon.colcon_core.environment:checking '/home/lucas-pc/RoboticArm/install/ur_description' for CMake module files
[2.990s] Level 1:colcon.colcon_core.environment:checking '/home/lucas-pc/RoboticArm/install/ur_description' for CMake config files
[2.992s] Level 1:colcon.colcon_core.shell:create_environment_hook('ur_description', 'cmake_prefix_path')
[2.992s] INFO:colcon.colcon_core.shell:Creating environment hook '/home/lucas-pc/RoboticArm/install/ur_description/share/ur_description/hook/cmake_prefix_path.ps1'
[2.992s] INFO:colcon.colcon_core.shell:Creating environment descriptor '/home/lucas-pc/RoboticArm/install/ur_description/share/ur_description/hook/cmake_prefix_path.dsv'
[2.993s] INFO:colcon.colcon_core.shell:Creating environment hook '/home/lucas-pc/RoboticArm/install/ur_description/share/ur_description/hook/cmake_prefix_path.sh'
[2.993s] Level 1:colcon.colcon_core.environment:checking '/home/lucas-pc/RoboticArm/install/ur_description/bin'
[2.993s] Level 1:colcon.colcon_core.environment:checking '/home/lucas-pc/RoboticArm/install/ur_description/lib/pkgconfig/ur_description.pc'
[2.993s] Level 1:colcon.colcon_core.environment:checking '/home/lucas-pc/RoboticArm/install/ur_description/lib/python3.10/site-packages'
[2.993s] Level 1:colcon.colcon_core.environment:checking '/home/lucas-pc/RoboticArm/install/ur_description/bin'
[2.993s] INFO:colcon.colcon_core.shell:Creating package script '/home/lucas-pc/RoboticArm/install/ur_description/share/ur_description/package.ps1'
[2.994s] INFO:colcon.colcon_core.shell:Creating package descriptor '/home/lucas-pc/RoboticArm/install/ur_description/share/ur_description/package.dsv'
[2.994s] INFO:colcon.colcon_core.shell:Creating package script '/home/lucas-pc/RoboticArm/install/ur_description/share/ur_description/package.sh'
[2.995s] INFO:colcon.colcon_core.shell:Creating package script '/home/lucas-pc/RoboticArm/install/ur_description/share/ur_description/package.bash'
[2.995s] INFO:colcon.colcon_core.shell:Creating package script '/home/lucas-pc/RoboticArm/install/ur_description/share/ur_description/package.zsh'
[2.995s] Level 1:colcon.colcon_core.environment:create_file_with_runtime_dependencies(/home/lucas-pc/RoboticArm/install/ur_description/share/colcon-core/packages/ur_description)
[2.995s] DEBUG:colcon.colcon_parallel_executor.executor.parallel:closing loop
[2.996s] DEBUG:colcon.colcon_parallel_executor.executor.parallel:loop closed
[2.996s] DEBUG:colcon.colcon_parallel_executor.executor.parallel:run_until_complete finished with '0'
[2.996s] DEBUG:colcon.colcon_core.event_reactor:joining thread
[3.006s] INFO:colcon.colcon_core.plugin_system:Skipping extension 'colcon_notification.desktop_notification.terminal_notifier': Not used on non-Darwin systems
[3.006s] INFO:colcon.colcon_core.plugin_system:Skipping extension 'colcon_notification.desktop_notification.win32': Not used on non-Windows systems
[3.006s] INFO:colcon.colcon_notification.desktop_notification:Sending desktop notification using 'notify2'
[3.013s] DEBUG:colcon.colcon_core.event_reactor:joined thread
[3.014s] INFO:colcon.colcon_core.shell:Creating prefix script '/home/lucas-pc/RoboticArm/install/local_setup.ps1'
[3.014s] INFO:colcon.colcon_core.shell:Creating prefix util module '/home/lucas-pc/RoboticArm/install/_local_setup_util_ps1.py'
[3.016s] INFO:colcon.colcon_core.shell:Creating prefix chain script '/home/lucas-pc/RoboticArm/install/setup.ps1'
[3.027s] INFO:colcon.colcon_core.shell:Creating prefix script '/home/lucas-pc/RoboticArm/install/local_setup.sh'
[3.027s] INFO:colcon.colcon_core.shell:Creating prefix util module '/home/lucas-pc/RoboticArm/install/_local_setup_util_sh.py'
[3.028s] INFO:colcon.colcon_core.shell:Creating prefix chain script '/home/lucas-pc/RoboticArm/install/setup.sh'
[3.040s] INFO:colcon.colcon_core.shell:Creating prefix script '/home/lucas-pc/RoboticArm/install/local_setup.bash'
[3.040s] INFO:colcon.colcon_core.shell:Creating prefix chain script '/home/lucas-pc/RoboticArm/install/setup.bash'
[3.050s] INFO:colcon.colcon_core.shell:Creating prefix script '/home/lucas-pc/RoboticArm/install/local_setup.zsh'
[3.051s] INFO:colcon.colcon_core.shell:Creating prefix chain script '/home/lucas-pc/RoboticArm/install/setup.zsh'
